[0.466s] Invoking command in '/home/ollie/ros2_ws/src/robot_vacuum_auto_recovery': PYTHONPATH=/home/ollie/ros2_ws/build/robot_vacuum_auto_recovery/prefix_override:/home/ollie/ros2_ws/install/robot_vacuum_auto_recovery/lib/python3.10/site-packages:${PYTHONPATH} /usr/bin/python3 -W ignore:setup.py install is deprecated setup.py egg_info --egg-base ../../build/robot_vacuum_auto_recovery build --build-base /home/ollie/ros2_ws/build/robot_vacuum_auto_recovery/build install --record /home/ollie/ros2_ws/build/robot_vacuum_auto_recovery/install.log --single-version-externally-managed install_data
[0.616s] running egg_info
[0.616s] creating ../../build/robot_vacuum_auto_recovery/robot_vacuum_auto_recovery.egg-info
[0.617s] writing ../../build/robot_vacuum_auto_recovery/robot_vacuum_auto_recovery.egg-info/PKG-INFO
[0.617s] writing dependency_links to ../../build/robot_vacuum_auto_recovery/robot_vacuum_auto_recovery.egg-info/dependency_links.txt
[0.617s] writing entry points to ../../build/robot_vacuum_auto_recovery/robot_vacuum_auto_recovery.egg-info/entry_points.txt
[0.617s] writing requirements to ../../build/robot_vacuum_auto_recovery/robot_vacuum_auto_recovery.egg-info/requires.txt
[0.617s] writing top-level names to ../../build/robot_vacuum_auto_recovery/robot_vacuum_auto_recovery.egg-info/top_level.txt
[0.617s] writing manifest file '../../build/robot_vacuum_auto_recovery/robot_vacuum_auto_recovery.egg-info/SOURCES.txt'
[0.618s] reading manifest file '../../build/robot_vacuum_auto_recovery/robot_vacuum_auto_recovery.egg-info/SOURCES.txt'
[0.618s] writing manifest file '../../build/robot_vacuum_auto_recovery/robot_vacuum_auto_recovery.egg-info/SOURCES.txt'
[0.618s] running build
[0.618s] running build_py
[0.619s] creating /home/ollie/ros2_ws/build/robot_vacuum_auto_recovery/build
[0.619s] creating /home/ollie/ros2_ws/build/robot_vacuum_auto_recovery/build/lib
[0.619s] creating /home/ollie/ros2_ws/build/robot_vacuum_auto_recovery/build/lib/robot_vacuum_auto_recovery
[0.619s] copying robot_vacuum_auto_recovery/__init__.py -> /home/ollie/ros2_ws/build/robot_vacuum_auto_recovery/build/lib/robot_vacuum_auto_recovery
[0.619s] running install
[0.619s] running install_lib
[0.619s] creating /home/ollie/ros2_ws/install/robot_vacuum_auto_recovery/lib/python3.10/site-packages/robot_vacuum_auto_recovery
[0.619s] copying /home/ollie/ros2_ws/build/robot_vacuum_auto_recovery/build/lib/robot_vacuum_auto_recovery/__init__.py -> /home/ollie/ros2_ws/install/robot_vacuum_auto_recovery/lib/python3.10/site-packages/robot_vacuum_auto_recovery
[0.620s] byte-compiling /home/ollie/ros2_ws/install/robot_vacuum_auto_recovery/lib/python3.10/site-packages/robot_vacuum_auto_recovery/__init__.py to __init__.cpython-310.pyc
[0.620s] running install_data
[0.620s] creating /home/ollie/ros2_ws/install/robot_vacuum_auto_recovery/share/ament_index
[0.620s] creating /home/ollie/ros2_ws/install/robot_vacuum_auto_recovery/share/ament_index/resource_index
[0.620s] creating /home/ollie/ros2_ws/install/robot_vacuum_auto_recovery/share/ament_index/resource_index/packages
[0.620s] copying resource/robot_vacuum_auto_recovery -> /home/ollie/ros2_ws/install/robot_vacuum_auto_recovery/share/ament_index/resource_index/packages
[0.620s] copying package.xml -> /home/ollie/ros2_ws/install/robot_vacuum_auto_recovery/share/robot_vacuum_auto_recovery
[0.620s] running install_egg_info
[0.621s] Copying ../../build/robot_vacuum_auto_recovery/robot_vacuum_auto_recovery.egg-info to /home/ollie/ros2_ws/install/robot_vacuum_auto_recovery/lib/python3.10/site-packages/robot_vacuum_auto_recovery-0.0.0-py3.10.egg-info
[0.622s] running install_scripts
[0.634s] writing list of installed files to '/home/ollie/ros2_ws/build/robot_vacuum_auto_recovery/install.log'
[0.646s] Invoked command in '/home/ollie/ros2_ws/src/robot_vacuum_auto_recovery' returned '0': PYTHONPATH=/home/ollie/ros2_ws/build/robot_vacuum_auto_recovery/prefix_override:/home/ollie/ros2_ws/install/robot_vacuum_auto_recovery/lib/python3.10/site-packages:${PYTHONPATH} /usr/bin/python3 -W ignore:setup.py install is deprecated setup.py egg_info --egg-base ../../build/robot_vacuum_auto_recovery build --build-base /home/ollie/ros2_ws/build/robot_vacuum_auto_recovery/build install --record /home/ollie/ros2_ws/build/robot_vacuum_auto_recovery/install.log --single-version-externally-managed install_data
