[0.069s] DEBUG:colcon:Command line arguments: ['/usr/bin/colcon', 'build']
[0.069s] DEBUG:colcon:Parsed command line arguments: Namespace(log_base=None, log_level=None, verb_name='build', build_base='build', install_base='install', merge_install=False, symlink_install=False, test_result_base=None, continue_on_error=False, executor='parallel', parallel_workers=16, event_handlers=None, ignore_user_meta=False, metas=['./colcon.meta'], base_paths=['.'], packages_ignore=None, packages_ignore_regex=None, paths=None, packages_up_to=None, packages_up_to_regex=None, packages_above=None, packages_above_and_dependencies=None, packages_above_depth=None, packages_select_by_dep=None, packages_skip_by_dep=None, packages_skip_up_to=None, packages_select_build_failed=False, packages_skip_build_finished=False, packages_select_test_failures=False, packages_skip_test_passed=False, packages_select=None, packages_skip=None, packages_select_regex=None, packages_skip_regex=None, packages_start=None, packages_end=None, allow_overriding=[], cmake_args=None, cmake_target=None, cmake_target_skip_unavailable=False, cmake_clean_cache=False, cmake_clean_first=False, cmake_force_configure=False, ament_cmake_args=None, catkin_cmake_args=None, catkin_skip_building_tests=False, mixin_files=None, mixin=None, verb_parser=<colcon_mixin.mixin.mixin_argument.MixinArgumentDecorator object at 0x729582c0ce20>, verb_extension=<colcon_core.verb.build.BuildVerb object at 0x729582c0c880>, main=<bound method BuildVerb.main of <colcon_core.verb.build.BuildVerb object at 0x729582c0c880>>, mixin_verb=('build',))
[0.156s] Level 1:colcon.colcon_core.package_discovery:discover_packages(colcon_meta) check parameters
[0.156s] Level 1:colcon.colcon_core.package_discovery:discover_packages(recursive) check parameters
[0.156s] Level 1:colcon.colcon_core.package_discovery:discover_packages(ignore) check parameters
[0.156s] Level 1:colcon.colcon_core.package_discovery:discover_packages(path) check parameters
[0.156s] Level 1:colcon.colcon_core.package_discovery:discover_packages(colcon_meta) discover
[0.156s] Level 1:colcon.colcon_core.package_discovery:discover_packages(recursive) discover
[0.156s] INFO:colcon.colcon_core.package_discovery:Crawling recursively for packages in '/home/ollie/ros2_ws'
[0.156s] Level 1:colcon.colcon_core.package_identification:_identify(.) by extensions ['ignore', 'ignore_ament_install']
[0.156s] Level 1:colcon.colcon_core.package_identification:_identify(.) by extension 'ignore'
[0.156s] Level 1:colcon.colcon_core.package_identification:_identify(.) by extension 'ignore_ament_install'
[0.156s] Level 1:colcon.colcon_core.package_identification:_identify(.) by extensions ['colcon_pkg']
[0.156s] Level 1:colcon.colcon_core.package_identification:_identify(.) by extension 'colcon_pkg'
[0.156s] Level 1:colcon.colcon_core.package_identification:_identify(.) by extensions ['colcon_meta']
[0.157s] Level 1:colcon.colcon_core.package_identification:_identify(.) by extension 'colcon_meta'
[0.157s] Level 1:colcon.colcon_core.package_identification:_identify(.) by extensions ['ros']
[0.157s] Level 1:colcon.colcon_core.package_identification:_identify(.) by extension 'ros'
[0.164s] Level 1:colcon.colcon_core.package_identification:_identify(.) by extensions ['cmake', 'python']
[0.164s] Level 1:colcon.colcon_core.package_identification:_identify(.) by extension 'cmake'
[0.164s] Level 1:colcon.colcon_core.package_identification:_identify(.) by extension 'python'
[0.164s] Level 1:colcon.colcon_core.package_identification:_identify(.) by extensions ['python_setup_py']
[0.164s] Level 1:colcon.colcon_core.package_identification:_identify(.) by extension 'python_setup_py'
[0.164s] Level 1:colcon.colcon_core.package_identification:_identify(build) by extensions ['ignore', 'ignore_ament_install']
[0.164s] Level 1:colcon.colcon_core.package_identification:_identify(build) by extension 'ignore'
[0.164s] Level 1:colcon.colcon_core.package_identification:_identify(build) ignored
[0.164s] Level 1:colcon.colcon_core.package_identification:_identify(install) by extensions ['ignore', 'ignore_ament_install']
[0.164s] Level 1:colcon.colcon_core.package_identification:_identify(install) by extension 'ignore'
[0.164s] Level 1:colcon.colcon_core.package_identification:_identify(install) ignored
[0.164s] Level 1:colcon.colcon_core.package_identification:_identify(log) by extensions ['ignore', 'ignore_ament_install']
[0.165s] Level 1:colcon.colcon_core.package_identification:_identify(log) by extension 'ignore'
[0.165s] Level 1:colcon.colcon_core.package_identification:_identify(log) ignored
[0.165s] Level 1:colcon.colcon_core.package_identification:_identify(src) by extensions ['ignore', 'ignore_ament_install']
[0.165s] Level 1:colcon.colcon_core.package_identification:_identify(src) by extension 'ignore'
[0.165s] Level 1:colcon.colcon_core.package_identification:_identify(src) by extension 'ignore_ament_install'
[0.165s] Level 1:colcon.colcon_core.package_identification:_identify(src) by extensions ['colcon_pkg']
[0.165s] Level 1:colcon.colcon_core.package_identification:_identify(src) by extension 'colcon_pkg'
[0.165s] Level 1:colcon.colcon_core.package_identification:_identify(src) by extensions ['colcon_meta']
[0.165s] Level 1:colcon.colcon_core.package_identification:_identify(src) by extension 'colcon_meta'
[0.165s] Level 1:colcon.colcon_core.package_identification:_identify(src) by extensions ['ros']
[0.165s] Level 1:colcon.colcon_core.package_identification:_identify(src) by extension 'ros'
[0.165s] Level 1:colcon.colcon_core.package_identification:_identify(src) by extensions ['cmake', 'python']
[0.165s] Level 1:colcon.colcon_core.package_identification:_identify(src) by extension 'cmake'
[0.165s] Level 1:colcon.colcon_core.package_identification:_identify(src) by extension 'python'
[0.165s] Level 1:colcon.colcon_core.package_identification:_identify(src) by extensions ['python_setup_py']
[0.165s] Level 1:colcon.colcon_core.package_identification:_identify(src) by extension 'python_setup_py'
[0.165s] Level 1:colcon.colcon_core.package_identification:_identify(src/action_interfaces) by extensions ['ignore', 'ignore_ament_install']
[0.165s] Level 1:colcon.colcon_core.package_identification:_identify(src/action_interfaces) by extension 'ignore'
[0.165s] Level 1:colcon.colcon_core.package_identification:_identify(src/action_interfaces) by extension 'ignore_ament_install'
[0.165s] Level 1:colcon.colcon_core.package_identification:_identify(src/action_interfaces) by extensions ['colcon_pkg']
[0.165s] Level 1:colcon.colcon_core.package_identification:_identify(src/action_interfaces) by extension 'colcon_pkg'
[0.165s] Level 1:colcon.colcon_core.package_identification:_identify(src/action_interfaces) by extensions ['colcon_meta']
[0.165s] Level 1:colcon.colcon_core.package_identification:_identify(src/action_interfaces) by extension 'colcon_meta'
[0.165s] Level 1:colcon.colcon_core.package_identification:_identify(src/action_interfaces) by extensions ['ros']
[0.165s] Level 1:colcon.colcon_core.package_identification:_identify(src/action_interfaces) by extension 'ros'
[0.167s] DEBUG:colcon.colcon_core.package_identification:Package 'src/action_interfaces' with type 'ros.ament_cmake' and name 'action_interfaces'
[0.167s] Level 1:colcon.colcon_core.package_identification:_identify(src/behavior_trees) by extensions ['ignore', 'ignore_ament_install']
[0.167s] Level 1:colcon.colcon_core.package_identification:_identify(src/behavior_trees) by extension 'ignore'
[0.167s] Level 1:colcon.colcon_core.package_identification:_identify(src/behavior_trees) by extension 'ignore_ament_install'
[0.167s] Level 1:colcon.colcon_core.package_identification:_identify(src/behavior_trees) by extensions ['colcon_pkg']
[0.167s] Level 1:colcon.colcon_core.package_identification:_identify(src/behavior_trees) by extension 'colcon_pkg'
[0.167s] Level 1:colcon.colcon_core.package_identification:_identify(src/behavior_trees) by extensions ['colcon_meta']
[0.167s] Level 1:colcon.colcon_core.package_identification:_identify(src/behavior_trees) by extension 'colcon_meta'
[0.167s] Level 1:colcon.colcon_core.package_identification:_identify(src/behavior_trees) by extensions ['ros']
[0.167s] Level 1:colcon.colcon_core.package_identification:_identify(src/behavior_trees) by extension 'ros'
[0.168s] DEBUG:colcon.colcon_core.package_identification:Package 'src/behavior_trees' with type 'ros.ament_python' and name 'behavior_trees'
[0.168s] Level 1:colcon.colcon_core.package_identification:_identify(src/recovery_pipeline) by extensions ['ignore', 'ignore_ament_install']
[0.168s] Level 1:colcon.colcon_core.package_identification:_identify(src/recovery_pipeline) by extension 'ignore'
[0.168s] Level 1:colcon.colcon_core.package_identification:_identify(src/recovery_pipeline) by extension 'ignore_ament_install'
[0.168s] Level 1:colcon.colcon_core.package_identification:_identify(src/recovery_pipeline) by extensions ['colcon_pkg']
[0.168s] Level 1:colcon.colcon_core.package_identification:_identify(src/recovery_pipeline) by extension 'colcon_pkg'
[0.168s] Level 1:colcon.colcon_core.package_identification:_identify(src/recovery_pipeline) by extensions ['colcon_meta']
[0.168s] Level 1:colcon.colcon_core.package_identification:_identify(src/recovery_pipeline) by extension 'colcon_meta'
[0.168s] Level 1:colcon.colcon_core.package_identification:_identify(src/recovery_pipeline) by extensions ['ros']
[0.168s] Level 1:colcon.colcon_core.package_identification:_identify(src/recovery_pipeline) by extension 'ros'
[0.168s] DEBUG:colcon.colcon_core.package_identification:Package 'src/recovery_pipeline' with type 'ros.ament_python' and name 'recovery_pipeline'
[0.168s] Level 1:colcon.colcon_core.package_identification:_identify(src/turtlebot3_simulations) by extensions ['ignore', 'ignore_ament_install']
[0.169s] Level 1:colcon.colcon_core.package_identification:_identify(src/turtlebot3_simulations) by extension 'ignore'
[0.169s] Level 1:colcon.colcon_core.package_identification:_identify(src/turtlebot3_simulations) by extension 'ignore_ament_install'
[0.169s] Level 1:colcon.colcon_core.package_identification:_identify(src/turtlebot3_simulations) by extensions ['colcon_pkg']
[0.169s] Level 1:colcon.colcon_core.package_identification:_identify(src/turtlebot3_simulations) by extension 'colcon_pkg'
[0.169s] Level 1:colcon.colcon_core.package_identification:_identify(src/turtlebot3_simulations) by extensions ['colcon_meta']
[0.169s] Level 1:colcon.colcon_core.package_identification:_identify(src/turtlebot3_simulations) by extension 'colcon_meta'
[0.169s] Level 1:colcon.colcon_core.package_identification:_identify(src/turtlebot3_simulations) by extensions ['ros']
[0.169s] Level 1:colcon.colcon_core.package_identification:_identify(src/turtlebot3_simulations) by extension 'ros'
[0.169s] Level 1:colcon.colcon_core.package_identification:_identify(src/turtlebot3_simulations) by extensions ['cmake', 'python']
[0.169s] Level 1:colcon.colcon_core.package_identification:_identify(src/turtlebot3_simulations) by extension 'cmake'
[0.169s] Level 1:colcon.colcon_core.package_identification:_identify(src/turtlebot3_simulations) by extension 'python'
[0.169s] Level 1:colcon.colcon_core.package_identification:_identify(src/turtlebot3_simulations) by extensions ['python_setup_py']
[0.169s] Level 1:colcon.colcon_core.package_identification:_identify(src/turtlebot3_simulations) by extension 'python_setup_py'
[0.169s] Level 1:colcon.colcon_core.package_identification:_identify(src/turtlebot3_simulations/turtlebot3_fake_node) by extensions ['ignore', 'ignore_ament_install']
[0.169s] Level 1:colcon.colcon_core.package_identification:_identify(src/turtlebot3_simulations/turtlebot3_fake_node) by extension 'ignore'
[0.169s] Level 1:colcon.colcon_core.package_identification:_identify(src/turtlebot3_simulations/turtlebot3_fake_node) by extension 'ignore_ament_install'
[0.169s] Level 1:colcon.colcon_core.package_identification:_identify(src/turtlebot3_simulations/turtlebot3_fake_node) by extensions ['colcon_pkg']
[0.169s] Level 1:colcon.colcon_core.package_identification:_identify(src/turtlebot3_simulations/turtlebot3_fake_node) by extension 'colcon_pkg'
[0.169s] Level 1:colcon.colcon_core.package_identification:_identify(src/turtlebot3_simulations/turtlebot3_fake_node) by extensions ['colcon_meta']
[0.169s] Level 1:colcon.colcon_core.package_identification:_identify(src/turtlebot3_simulations/turtlebot3_fake_node) by extension 'colcon_meta'
[0.169s] Level 1:colcon.colcon_core.package_identification:_identify(src/turtlebot3_simulations/turtlebot3_fake_node) by extensions ['ros']
[0.169s] Level 1:colcon.colcon_core.package_identification:_identify(src/turtlebot3_simulations/turtlebot3_fake_node) by extension 'ros'
[0.170s] DEBUG:colcon.colcon_core.package_identification:Package 'src/turtlebot3_simulations/turtlebot3_fake_node' with type 'ros.ament_cmake' and name 'turtlebot3_fake_node'
[0.170s] Level 1:colcon.colcon_core.package_identification:_identify(src/turtlebot3_simulations/turtlebot3_gazebo) by extensions ['ignore', 'ignore_ament_install']
[0.170s] Level 1:colcon.colcon_core.package_identification:_identify(src/turtlebot3_simulations/turtlebot3_gazebo) by extension 'ignore'
[0.170s] Level 1:colcon.colcon_core.package_identification:_identify(src/turtlebot3_simulations/turtlebot3_gazebo) by extension 'ignore_ament_install'
[0.170s] Level 1:colcon.colcon_core.package_identification:_identify(src/turtlebot3_simulations/turtlebot3_gazebo) by extensions ['colcon_pkg']
[0.170s] Level 1:colcon.colcon_core.package_identification:_identify(src/turtlebot3_simulations/turtlebot3_gazebo) by extension 'colcon_pkg'
[0.170s] Level 1:colcon.colcon_core.package_identification:_identify(src/turtlebot3_simulations/turtlebot3_gazebo) by extensions ['colcon_meta']
[0.170s] Level 1:colcon.colcon_core.package_identification:_identify(src/turtlebot3_simulations/turtlebot3_gazebo) by extension 'colcon_meta'
[0.170s] Level 1:colcon.colcon_core.package_identification:_identify(src/turtlebot3_simulations/turtlebot3_gazebo) by extensions ['ros']
[0.170s] Level 1:colcon.colcon_core.package_identification:_identify(src/turtlebot3_simulations/turtlebot3_gazebo) by extension 'ros'
[0.171s] DEBUG:colcon.colcon_core.package_identification:Package 'src/turtlebot3_simulations/turtlebot3_gazebo' with type 'ros.ament_cmake' and name 'turtlebot3_gazebo'
[0.171s] Level 1:colcon.colcon_core.package_identification:_identify(src/turtlebot3_simulations/turtlebot3_simulations) by extensions ['ignore', 'ignore_ament_install']
[0.171s] Level 1:colcon.colcon_core.package_identification:_identify(src/turtlebot3_simulations/turtlebot3_simulations) by extension 'ignore'
[0.171s] Level 1:colcon.colcon_core.package_identification:_identify(src/turtlebot3_simulations/turtlebot3_simulations) by extension 'ignore_ament_install'
[0.171s] Level 1:colcon.colcon_core.package_identification:_identify(src/turtlebot3_simulations/turtlebot3_simulations) by extensions ['colcon_pkg']
[0.171s] Level 1:colcon.colcon_core.package_identification:_identify(src/turtlebot3_simulations/turtlebot3_simulations) by extension 'colcon_pkg'
[0.171s] Level 1:colcon.colcon_core.package_identification:_identify(src/turtlebot3_simulations/turtlebot3_simulations) by extensions ['colcon_meta']
[0.171s] Level 1:colcon.colcon_core.package_identification:_identify(src/turtlebot3_simulations/turtlebot3_simulations) by extension 'colcon_meta'
[0.171s] Level 1:colcon.colcon_core.package_identification:_identify(src/turtlebot3_simulations/turtlebot3_simulations) by extensions ['ros']
[0.171s] Level 1:colcon.colcon_core.package_identification:_identify(src/turtlebot3_simulations/turtlebot3_simulations) by extension 'ros'
[0.172s] DEBUG:colcon.colcon_core.package_identification:Package 'src/turtlebot3_simulations/turtlebot3_simulations' with type 'ros.ament_cmake' and name 'turtlebot3_simulations'
[0.172s] Level 1:colcon.colcon_core.package_discovery:discover_packages(recursive) using defaults
[0.172s] Level 1:colcon.colcon_core.package_discovery:discover_packages(ignore) discover
[0.172s] Level 1:colcon.colcon_core.package_discovery:discover_packages(ignore) using defaults
[0.172s] Level 1:colcon.colcon_core.package_discovery:discover_packages(path) discover
[0.172s] Level 1:colcon.colcon_core.package_discovery:discover_packages(path) using defaults
[0.185s] Level 1:colcon.colcon_core.package_discovery:discover_packages(prefix_path) check parameters
[0.185s] Level 1:colcon.colcon_core.package_discovery:discover_packages(prefix_path) discover
[0.186s] Level 1:colcon.colcon_core.package_discovery:discover_packages(prefix_path) using defaults
[0.187s] Level 5:colcon.colcon_core.verb:set package 'action_interfaces' build argument 'cmake_args' from command line to 'None'
[0.187s] Level 5:colcon.colcon_core.verb:set package 'action_interfaces' build argument 'cmake_target' from command line to 'None'
[0.187s] Level 5:colcon.colcon_core.verb:set package 'action_interfaces' build argument 'cmake_target_skip_unavailable' from command line to 'False'
[0.187s] Level 5:colcon.colcon_core.verb:set package 'action_interfaces' build argument 'cmake_clean_cache' from command line to 'False'
[0.187s] Level 5:colcon.colcon_core.verb:set package 'action_interfaces' build argument 'cmake_clean_first' from command line to 'False'
[0.187s] Level 5:colcon.colcon_core.verb:set package 'action_interfaces' build argument 'cmake_force_configure' from command line to 'False'
[0.187s] Level 5:colcon.colcon_core.verb:set package 'action_interfaces' build argument 'ament_cmake_args' from command line to 'None'
[0.187s] Level 5:colcon.colcon_core.verb:set package 'action_interfaces' build argument 'catkin_cmake_args' from command line to 'None'
[0.187s] Level 5:colcon.colcon_core.verb:set package 'action_interfaces' build argument 'catkin_skip_building_tests' from command line to 'False'
[0.187s] DEBUG:colcon.colcon_core.verb:Building package 'action_interfaces' with the following arguments: {'ament_cmake_args': None, 'build_base': '/home/ollie/ros2_ws/build/action_interfaces', 'catkin_cmake_args': None, 'catkin_skip_building_tests': False, 'cmake_args': None, 'cmake_clean_cache': False, 'cmake_clean_first': False, 'cmake_force_configure': False, 'cmake_target': None, 'cmake_target_skip_unavailable': False, 'install_base': '/home/ollie/ros2_ws/install/action_interfaces', 'merge_install': False, 'path': '/home/ollie/ros2_ws/src/action_interfaces', 'symlink_install': False, 'test_result_base': None}
[0.187s] Level 5:colcon.colcon_core.verb:set package 'behavior_trees' build argument 'cmake_args' from command line to 'None'
[0.187s] Level 5:colcon.colcon_core.verb:set package 'behavior_trees' build argument 'cmake_target' from command line to 'None'
[0.187s] Level 5:colcon.colcon_core.verb:set package 'behavior_trees' build argument 'cmake_target_skip_unavailable' from command line to 'False'
[0.187s] Level 5:colcon.colcon_core.verb:set package 'behavior_trees' build argument 'cmake_clean_cache' from command line to 'False'
[0.187s] Level 5:colcon.colcon_core.verb:set package 'behavior_trees' build argument 'cmake_clean_first' from command line to 'False'
[0.187s] Level 5:colcon.colcon_core.verb:set package 'behavior_trees' build argument 'cmake_force_configure' from command line to 'False'
[0.187s] Level 5:colcon.colcon_core.verb:set package 'behavior_trees' build argument 'ament_cmake_args' from command line to 'None'
[0.187s] Level 5:colcon.colcon_core.verb:set package 'behavior_trees' build argument 'catkin_cmake_args' from command line to 'None'
[0.187s] Level 5:colcon.colcon_core.verb:set package 'behavior_trees' build argument 'catkin_skip_building_tests' from command line to 'False'
[0.187s] DEBUG:colcon.colcon_core.verb:Building package 'behavior_trees' with the following arguments: {'ament_cmake_args': None, 'build_base': '/home/ollie/ros2_ws/build/behavior_trees', 'catkin_cmake_args': None, 'catkin_skip_building_tests': False, 'cmake_args': None, 'cmake_clean_cache': False, 'cmake_clean_first': False, 'cmake_force_configure': False, 'cmake_target': None, 'cmake_target_skip_unavailable': False, 'install_base': '/home/ollie/ros2_ws/install/behavior_trees', 'merge_install': False, 'path': '/home/ollie/ros2_ws/src/behavior_trees', 'symlink_install': False, 'test_result_base': None}
[0.188s] Level 5:colcon.colcon_core.verb:set package 'recovery_pipeline' build argument 'cmake_args' from command line to 'None'
[0.188s] Level 5:colcon.colcon_core.verb:set package 'recovery_pipeline' build argument 'cmake_target' from command line to 'None'
[0.188s] Level 5:colcon.colcon_core.verb:set package 'recovery_pipeline' build argument 'cmake_target_skip_unavailable' from command line to 'False'
[0.188s] Level 5:colcon.colcon_core.verb:set package 'recovery_pipeline' build argument 'cmake_clean_cache' from command line to 'False'
[0.188s] Level 5:colcon.colcon_core.verb:set package 'recovery_pipeline' build argument 'cmake_clean_first' from command line to 'False'
[0.188s] Level 5:colcon.colcon_core.verb:set package 'recovery_pipeline' build argument 'cmake_force_configure' from command line to 'False'
[0.188s] Level 5:colcon.colcon_core.verb:set package 'recovery_pipeline' build argument 'ament_cmake_args' from command line to 'None'
[0.188s] Level 5:colcon.colcon_core.verb:set package 'recovery_pipeline' build argument 'catkin_cmake_args' from command line to 'None'
[0.188s] Level 5:colcon.colcon_core.verb:set package 'recovery_pipeline' build argument 'catkin_skip_building_tests' from command line to 'False'
[0.188s] DEBUG:colcon.colcon_core.verb:Building package 'recovery_pipeline' with the following arguments: {'ament_cmake_args': None, 'build_base': '/home/ollie/ros2_ws/build/recovery_pipeline', 'catkin_cmake_args': None, 'catkin_skip_building_tests': False, 'cmake_args': None, 'cmake_clean_cache': False, 'cmake_clean_first': False, 'cmake_force_configure': False, 'cmake_target': None, 'cmake_target_skip_unavailable': False, 'install_base': '/home/ollie/ros2_ws/install/recovery_pipeline', 'merge_install': False, 'path': '/home/ollie/ros2_ws/src/recovery_pipeline', 'symlink_install': False, 'test_result_base': None}
[0.188s] Level 5:colcon.colcon_core.verb:set package 'turtlebot3_fake_node' build argument 'cmake_args' from command line to 'None'
[0.188s] Level 5:colcon.colcon_core.verb:set package 'turtlebot3_fake_node' build argument 'cmake_target' from command line to 'None'
[0.188s] Level 5:colcon.colcon_core.verb:set package 'turtlebot3_fake_node' build argument 'cmake_target_skip_unavailable' from command line to 'False'
[0.188s] Level 5:colcon.colcon_core.verb:set package 'turtlebot3_fake_node' build argument 'cmake_clean_cache' from command line to 'False'
[0.188s] Level 5:colcon.colcon_core.verb:set package 'turtlebot3_fake_node' build argument 'cmake_clean_first' from command line to 'False'
[0.188s] Level 5:colcon.colcon_core.verb:set package 'turtlebot3_fake_node' build argument 'cmake_force_configure' from command line to 'False'
[0.188s] Level 5:colcon.colcon_core.verb:set package 'turtlebot3_fake_node' build argument 'ament_cmake_args' from command line to 'None'
[0.188s] Level 5:colcon.colcon_core.verb:set package 'turtlebot3_fake_node' build argument 'catkin_cmake_args' from command line to 'None'
[0.188s] Level 5:colcon.colcon_core.verb:set package 'turtlebot3_fake_node' build argument 'catkin_skip_building_tests' from command line to 'False'
[0.188s] DEBUG:colcon.colcon_core.verb:Building package 'turtlebot3_fake_node' with the following arguments: {'ament_cmake_args': None, 'build_base': '/home/ollie/ros2_ws/build/turtlebot3_fake_node', 'catkin_cmake_args': None, 'catkin_skip_building_tests': False, 'cmake_args': None, 'cmake_clean_cache': False, 'cmake_clean_first': False, 'cmake_force_configure': False, 'cmake_target': None, 'cmake_target_skip_unavailable': False, 'install_base': '/home/ollie/ros2_ws/install/turtlebot3_fake_node', 'merge_install': False, 'path': '/home/ollie/ros2_ws/src/turtlebot3_simulations/turtlebot3_fake_node', 'symlink_install': False, 'test_result_base': None}
[0.188s] Level 5:colcon.colcon_core.verb:set package 'turtlebot3_gazebo' build argument 'cmake_args' from command line to 'None'
[0.188s] Level 5:colcon.colcon_core.verb:set package 'turtlebot3_gazebo' build argument 'cmake_target' from command line to 'None'
[0.188s] Level 5:colcon.colcon_core.verb:set package 'turtlebot3_gazebo' build argument 'cmake_target_skip_unavailable' from command line to 'False'
[0.188s] Level 5:colcon.colcon_core.verb:set package 'turtlebot3_gazebo' build argument 'cmake_clean_cache' from command line to 'False'
[0.189s] Level 5:colcon.colcon_core.verb:set package 'turtlebot3_gazebo' build argument 'cmake_clean_first' from command line to 'False'
[0.189s] Level 5:colcon.colcon_core.verb:set package 'turtlebot3_gazebo' build argument 'cmake_force_configure' from command line to 'False'
[0.189s] Level 5:colcon.colcon_core.verb:set package 'turtlebot3_gazebo' build argument 'ament_cmake_args' from command line to 'None'
[0.189s] Level 5:colcon.colcon_core.verb:set package 'turtlebot3_gazebo' build argument 'catkin_cmake_args' from command line to 'None'
[0.189s] Level 5:colcon.colcon_core.verb:set package 'turtlebot3_gazebo' build argument 'catkin_skip_building_tests' from command line to 'False'
[0.189s] DEBUG:colcon.colcon_core.verb:Building package 'turtlebot3_gazebo' with the following arguments: {'ament_cmake_args': None, 'build_base': '/home/ollie/ros2_ws/build/turtlebot3_gazebo', 'catkin_cmake_args': None, 'catkin_skip_building_tests': False, 'cmake_args': None, 'cmake_clean_cache': False, 'cmake_clean_first': False, 'cmake_force_configure': False, 'cmake_target': None, 'cmake_target_skip_unavailable': False, 'install_base': '/home/ollie/ros2_ws/install/turtlebot3_gazebo', 'merge_install': False, 'path': '/home/ollie/ros2_ws/src/turtlebot3_simulations/turtlebot3_gazebo', 'symlink_install': False, 'test_result_base': None}
[0.189s] Level 5:colcon.colcon_core.verb:set package 'turtlebot3_simulations' build argument 'cmake_args' from command line to 'None'
[0.189s] Level 5:colcon.colcon_core.verb:set package 'turtlebot3_simulations' build argument 'cmake_target' from command line to 'None'
[0.189s] Level 5:colcon.colcon_core.verb:set package 'turtlebot3_simulations' build argument 'cmake_target_skip_unavailable' from command line to 'False'
[0.189s] Level 5:colcon.colcon_core.verb:set package 'turtlebot3_simulations' build argument 'cmake_clean_cache' from command line to 'False'
[0.189s] Level 5:colcon.colcon_core.verb:set package 'turtlebot3_simulations' build argument 'cmake_clean_first' from command line to 'False'
[0.189s] Level 5:colcon.colcon_core.verb:set package 'turtlebot3_simulations' build argument 'cmake_force_configure' from command line to 'False'
[0.189s] Level 5:colcon.colcon_core.verb:set package 'turtlebot3_simulations' build argument 'ament_cmake_args' from command line to 'None'
[0.189s] Level 5:colcon.colcon_core.verb:set package 'turtlebot3_simulations' build argument 'catkin_cmake_args' from command line to 'None'
[0.189s] Level 5:colcon.colcon_core.verb:set package 'turtlebot3_simulations' build argument 'catkin_skip_building_tests' from command line to 'False'
[0.189s] DEBUG:colcon.colcon_core.verb:Building package 'turtlebot3_simulations' with the following arguments: {'ament_cmake_args': None, 'build_base': '/home/ollie/ros2_ws/build/turtlebot3_simulations', 'catkin_cmake_args': None, 'catkin_skip_building_tests': False, 'cmake_args': None, 'cmake_clean_cache': False, 'cmake_clean_first': False, 'cmake_force_configure': False, 'cmake_target': None, 'cmake_target_skip_unavailable': False, 'install_base': '/home/ollie/ros2_ws/install/turtlebot3_simulations', 'merge_install': False, 'path': '/home/ollie/ros2_ws/src/turtlebot3_simulations/turtlebot3_simulations', 'symlink_install': False, 'test_result_base': None}
[0.189s] INFO:colcon.colcon_core.executor:Executing jobs using 'parallel' executor
[0.190s] DEBUG:colcon.colcon_parallel_executor.executor.parallel:run_until_complete
[0.190s] INFO:colcon.colcon_ros.task.ament_cmake.build:Building ROS package in '/home/ollie/ros2_ws/src/turtlebot3_simulations/turtlebot3_fake_node' with build type 'ament_cmake'
[0.190s] INFO:colcon.colcon_cmake.task.cmake.build:Building CMake package in '/home/ollie/ros2_ws/src/turtlebot3_simulations/turtlebot3_fake_node'
[0.192s] INFO:colcon.colcon_core.plugin_system:Skipping extension 'colcon_core.shell.bat': Not used on non-Windows systems
[0.192s] INFO:colcon.colcon_core.shell:Skip shell extension 'powershell' for command environment: Not usable outside of PowerShell
[0.192s] DEBUG:colcon.colcon_core.shell:Skip shell extension 'dsv' for command environment
[0.193s] INFO:colcon.colcon_ros.task.ament_cmake.build:Building ROS package in '/home/ollie/ros2_ws/src/turtlebot3_simulations/turtlebot3_gazebo' with build type 'ament_cmake'
[0.193s] INFO:colcon.colcon_cmake.task.cmake.build:Building CMake package in '/home/ollie/ros2_ws/src/turtlebot3_simulations/turtlebot3_gazebo'
[0.193s] INFO:colcon.colcon_core.shell:Skip shell extension 'powershell' for command environment: Not usable outside of PowerShell
[0.193s] DEBUG:colcon.colcon_core.shell:Skip shell extension 'dsv' for command environment
[0.194s] INFO:colcon.colcon_ros.task.ament_cmake.build:Building ROS package in '/home/ollie/ros2_ws/src/action_interfaces' with build type 'ament_cmake'
[0.194s] INFO:colcon.colcon_cmake.task.cmake.build:Building CMake package in '/home/ollie/ros2_ws/src/action_interfaces'
[0.194s] INFO:colcon.colcon_core.shell:Skip shell extension 'powershell' for command environment: Not usable outside of PowerShell
[0.194s] DEBUG:colcon.colcon_core.shell:Skip shell extension 'dsv' for command environment
[0.195s] INFO:colcon.colcon_ros.task.ament_python.build:Building ROS package in '/home/ollie/ros2_ws/src/behavior_trees' with build type 'ament_python'
[0.195s] Level 1:colcon.colcon_core.shell:create_environment_hook('behavior_trees', 'ament_prefix_path')
[0.195s] INFO:colcon.colcon_core.shell:Creating environment hook '/home/ollie/ros2_ws/install/behavior_trees/share/behavior_trees/hook/ament_prefix_path.ps1'
[0.195s] INFO:colcon.colcon_core.shell:Creating environment descriptor '/home/ollie/ros2_ws/install/behavior_trees/share/behavior_trees/hook/ament_prefix_path.dsv'
[0.196s] INFO:colcon.colcon_core.shell:Creating environment hook '/home/ollie/ros2_ws/install/behavior_trees/share/behavior_trees/hook/ament_prefix_path.sh'
[0.196s] INFO:colcon.colcon_core.shell:Skip shell extension 'powershell' for command environment: Not usable outside of PowerShell
[0.196s] DEBUG:colcon.colcon_core.shell:Skip shell extension 'dsv' for command environment
[0.197s] INFO:colcon.colcon_ros.task.ament_python.build:Building ROS package in '/home/ollie/ros2_ws/src/recovery_pipeline' with build type 'ament_python'
[0.197s] Level 1:colcon.colcon_core.shell:create_environment_hook('recovery_pipeline', 'ament_prefix_path')
[0.197s] INFO:colcon.colcon_core.shell:Creating environment hook '/home/ollie/ros2_ws/install/recovery_pipeline/share/recovery_pipeline/hook/ament_prefix_path.ps1'
[0.197s] INFO:colcon.colcon_core.shell:Creating environment descriptor '/home/ollie/ros2_ws/install/recovery_pipeline/share/recovery_pipeline/hook/ament_prefix_path.dsv'
[0.197s] INFO:colcon.colcon_core.shell:Creating environment hook '/home/ollie/ros2_ws/install/recovery_pipeline/share/recovery_pipeline/hook/ament_prefix_path.sh'
[0.198s] INFO:colcon.colcon_core.shell:Skip shell extension 'powershell' for command environment: Not usable outside of PowerShell
[0.198s] DEBUG:colcon.colcon_core.shell:Skip shell extension 'dsv' for command environment
[0.202s] DEBUG:colcon.colcon_core.event_handler.log_command:Invoking command in '/home/ollie/ros2_ws/build/turtlebot3_fake_node': /usr/bin/cmake --build /home/ollie/ros2_ws/build/turtlebot3_fake_node -- -j16 -l16
[0.203s] DEBUG:colcon.colcon_core.event_handler.log_command:Invoking command in '/home/ollie/ros2_ws/build/turtlebot3_gazebo': /usr/bin/cmake --build /home/ollie/ros2_ws/build/turtlebot3_gazebo -- -j16 -l16
[0.205s] DEBUG:colcon.colcon_core.event_handler.log_command:Invoking command in '/home/ollie/ros2_ws/build/action_interfaces': /usr/bin/cmake --build /home/ollie/ros2_ws/build/action_interfaces -- -j16 -l16
[0.362s] INFO:colcon.colcon_core.task.python.build:Building Python package in '/home/ollie/ros2_ws/src/behavior_trees'
[0.362s] INFO:colcon.colcon_core.shell:Skip shell extension 'powershell' for command environment: Not usable outside of PowerShell
[0.362s] DEBUG:colcon.colcon_core.shell:Skip shell extension 'dsv' for command environment
[0.505s] INFO:colcon.colcon_core.task.python.build:Building Python package in '/home/ollie/ros2_ws/src/recovery_pipeline'
[0.506s] INFO:colcon.colcon_core.shell:Skip shell extension 'powershell' for command environment: Not usable outside of PowerShell
[0.506s] DEBUG:colcon.colcon_core.shell:Skip shell extension 'dsv' for command environment
[0.507s] DEBUG:colcon.colcon_core.event_handler.log_command:Invoked command in '/home/ollie/ros2_ws/build/turtlebot3_fake_node' returned '0': /usr/bin/cmake --build /home/ollie/ros2_ws/build/turtlebot3_fake_node -- -j16 -l16
[0.508s] DEBUG:colcon.colcon_core.event_handler.log_command:Invoked command in '/home/ollie/ros2_ws/build/turtlebot3_gazebo' returned '0': /usr/bin/cmake --build /home/ollie/ros2_ws/build/turtlebot3_gazebo -- -j16 -l16
[0.513s] DEBUG:colcon.colcon_core.event_handler.log_command:Invoked command in '/home/ollie/ros2_ws/build/action_interfaces' returned '0': /usr/bin/cmake --build /home/ollie/ros2_ws/build/action_interfaces -- -j16 -l16
[0.532s] DEBUG:colcon.colcon_core.event_handler.log_command:Invoking command in '/home/ollie/ros2_ws/build/turtlebot3_fake_node': /usr/bin/cmake --install /home/ollie/ros2_ws/build/turtlebot3_fake_node
[0.534s] DEBUG:colcon.colcon_core.event_handler.log_command:Invoking command in '/home/ollie/ros2_ws/build/turtlebot3_gazebo': /usr/bin/cmake --install /home/ollie/ros2_ws/build/turtlebot3_gazebo
[0.541s] Level 1:colcon.colcon_core.environment:create_environment_scripts_only(turtlebot3_fake_node)
[0.546s] Level 1:colcon.colcon_core.environment:checking '/home/ollie/ros2_ws/install/turtlebot3_fake_node' for CMake module files
[0.547s] Level 1:colcon.colcon_core.environment:checking '/home/ollie/ros2_ws/install/turtlebot3_fake_node' for CMake config files
[0.548s] Level 1:colcon.colcon_core.shell:create_environment_hook('turtlebot3_fake_node', 'cmake_prefix_path')
[0.548s] INFO:colcon.colcon_core.shell:Creating environment hook '/home/ollie/ros2_ws/install/turtlebot3_fake_node/share/turtlebot3_fake_node/hook/cmake_prefix_path.ps1'
[0.549s] INFO:colcon.colcon_core.shell:Creating environment descriptor '/home/ollie/ros2_ws/install/turtlebot3_fake_node/share/turtlebot3_fake_node/hook/cmake_prefix_path.dsv'
[0.549s] INFO:colcon.colcon_core.shell:Creating environment hook '/home/ollie/ros2_ws/install/turtlebot3_fake_node/share/turtlebot3_fake_node/hook/cmake_prefix_path.sh'
[0.550s] Level 1:colcon.colcon_core.environment:checking '/home/ollie/ros2_ws/install/turtlebot3_fake_node/lib'
[0.550s] Level 1:colcon.colcon_core.environment:checking '/home/ollie/ros2_ws/install/turtlebot3_fake_node/bin'
[0.550s] Level 1:colcon.colcon_core.environment:checking '/home/ollie/ros2_ws/install/turtlebot3_fake_node/lib/pkgconfig/turtlebot3_fake_node.pc'
[0.550s] Level 1:colcon.colcon_core.environment:checking '/home/ollie/ros2_ws/install/turtlebot3_fake_node/lib/python3.10/site-packages'
[0.551s] Level 1:colcon.colcon_core.environment:checking '/home/ollie/ros2_ws/install/turtlebot3_fake_node/bin'
[0.551s] INFO:colcon.colcon_core.shell:Creating package script '/home/ollie/ros2_ws/install/turtlebot3_fake_node/share/turtlebot3_fake_node/package.ps1'
[0.552s] INFO:colcon.colcon_core.shell:Creating package descriptor '/home/ollie/ros2_ws/install/turtlebot3_fake_node/share/turtlebot3_fake_node/package.dsv'
[0.553s] INFO:colcon.colcon_core.shell:Creating package script '/home/ollie/ros2_ws/install/turtlebot3_fake_node/share/turtlebot3_fake_node/package.sh'
[0.553s] INFO:colcon.colcon_core.shell:Creating package script '/home/ollie/ros2_ws/install/turtlebot3_fake_node/share/turtlebot3_fake_node/package.bash'
[0.554s] INFO:colcon.colcon_core.shell:Creating package script '/home/ollie/ros2_ws/install/turtlebot3_fake_node/share/turtlebot3_fake_node/package.zsh'
[0.554s] Level 1:colcon.colcon_core.environment:create_file_with_runtime_dependencies(/home/ollie/ros2_ws/install/turtlebot3_fake_node/share/colcon-core/packages/turtlebot3_fake_node)
[0.557s] Level 1:colcon.colcon_core.environment:create_environment_scripts_only(turtlebot3_gazebo)
[0.557s] Level 1:colcon.colcon_core.environment:checking '/home/ollie/ros2_ws/install/turtlebot3_gazebo' for CMake module files
[0.558s] DEBUG:colcon.colcon_core.event_handler.log_command:Invoked command in '/home/ollie/ros2_ws/build/turtlebot3_fake_node' returned '0': /usr/bin/cmake --install /home/ollie/ros2_ws/build/turtlebot3_fake_node
[0.559s] Level 1:colcon.colcon_core.environment:checking '/home/ollie/ros2_ws/install/turtlebot3_gazebo' for CMake config files
[0.560s] Level 1:colcon.colcon_core.shell:create_environment_hook('turtlebot3_gazebo', 'cmake_prefix_path')
[0.560s] INFO:colcon.colcon_core.shell:Creating environment hook '/home/ollie/ros2_ws/install/turtlebot3_gazebo/share/turtlebot3_gazebo/hook/cmake_prefix_path.ps1'
[0.561s] DEBUG:colcon.colcon_core.event_handler.log_command:Invoking command in '/home/ollie/ros2_ws/build/action_interfaces': /usr/bin/cmake --install /home/ollie/ros2_ws/build/action_interfaces
[0.561s] INFO:colcon.colcon_core.shell:Creating environment descriptor '/home/ollie/ros2_ws/install/turtlebot3_gazebo/share/turtlebot3_gazebo/hook/cmake_prefix_path.dsv'
[0.561s] DEBUG:colcon.colcon_core.event_handler.log_command:Invoked command in '/home/ollie/ros2_ws/build/turtlebot3_gazebo' returned '0': /usr/bin/cmake --install /home/ollie/ros2_ws/build/turtlebot3_gazebo
[0.561s] INFO:colcon.colcon_core.shell:Creating environment hook '/home/ollie/ros2_ws/install/turtlebot3_gazebo/share/turtlebot3_gazebo/hook/cmake_prefix_path.sh'
[0.561s] Level 1:colcon.colcon_core.environment:checking '/home/ollie/ros2_ws/install/turtlebot3_gazebo/lib'
[0.561s] Level 1:colcon.colcon_core.environment:checking '/home/ollie/ros2_ws/install/turtlebot3_gazebo/bin'
[0.561s] Level 1:colcon.colcon_core.environment:checking '/home/ollie/ros2_ws/install/turtlebot3_gazebo/lib/pkgconfig/turtlebot3_gazebo.pc'
[0.562s] Level 1:colcon.colcon_core.environment:checking '/home/ollie/ros2_ws/install/turtlebot3_gazebo/lib/python3.10/site-packages'
[0.562s] Level 1:colcon.colcon_core.environment:checking '/home/ollie/ros2_ws/install/turtlebot3_gazebo/bin'
[0.562s] INFO:colcon.colcon_core.shell:Creating package script '/home/ollie/ros2_ws/install/turtlebot3_gazebo/share/turtlebot3_gazebo/package.ps1'
[0.562s] INFO:colcon.colcon_core.shell:Creating package descriptor '/home/ollie/ros2_ws/install/turtlebot3_gazebo/share/turtlebot3_gazebo/package.dsv'
[0.562s] INFO:colcon.colcon_core.shell:Creating package script '/home/ollie/ros2_ws/install/turtlebot3_gazebo/share/turtlebot3_gazebo/package.sh'
[0.563s] INFO:colcon.colcon_core.shell:Creating package script '/home/ollie/ros2_ws/install/turtlebot3_gazebo/share/turtlebot3_gazebo/package.bash'
[0.564s] INFO:colcon.colcon_core.shell:Creating package script '/home/ollie/ros2_ws/install/turtlebot3_gazebo/share/turtlebot3_gazebo/package.zsh'
[0.564s] Level 1:colcon.colcon_core.environment:create_file_with_runtime_dependencies(/home/ollie/ros2_ws/install/turtlebot3_gazebo/share/colcon-core/packages/turtlebot3_gazebo)
[0.572s] Level 1:colcon.colcon_core.environment:create_environment_scripts_only(turtlebot3_fake_node)
[0.573s] Level 1:colcon.colcon_core.environment:checking '/home/ollie/ros2_ws/install/turtlebot3_fake_node' for CMake module files
[0.573s] Level 1:colcon.colcon_core.environment:checking '/home/ollie/ros2_ws/install/turtlebot3_fake_node' for CMake config files
[0.573s] Level 1:colcon.colcon_core.shell:create_environment_hook('turtlebot3_fake_node', 'cmake_prefix_path')
[0.573s] INFO:colcon.colcon_core.shell:Creating environment hook '/home/ollie/ros2_ws/install/turtlebot3_fake_node/share/turtlebot3_fake_node/hook/cmake_prefix_path.ps1'
[0.574s] INFO:colcon.colcon_core.shell:Creating environment descriptor '/home/ollie/ros2_ws/install/turtlebot3_fake_node/share/turtlebot3_fake_node/hook/cmake_prefix_path.dsv'
[0.574s] INFO:colcon.colcon_core.shell:Creating environment hook '/home/ollie/ros2_ws/install/turtlebot3_fake_node/share/turtlebot3_fake_node/hook/cmake_prefix_path.sh'
[0.574s] Level 1:colcon.colcon_core.environment:checking '/home/ollie/ros2_ws/install/turtlebot3_fake_node/lib'
[0.574s] Level 1:colcon.colcon_core.environment:checking '/home/ollie/ros2_ws/install/turtlebot3_fake_node/bin'
[0.574s] Level 1:colcon.colcon_core.environment:checking '/home/ollie/ros2_ws/install/turtlebot3_fake_node/lib/pkgconfig/turtlebot3_fake_node.pc'
[0.574s] Level 1:colcon.colcon_core.environment:checking '/home/ollie/ros2_ws/install/turtlebot3_fake_node/lib/python3.10/site-packages'
[0.575s] Level 1:colcon.colcon_core.environment:checking '/home/ollie/ros2_ws/install/turtlebot3_fake_node/bin'
[0.575s] INFO:colcon.colcon_core.shell:Creating package script '/home/ollie/ros2_ws/install/turtlebot3_fake_node/share/turtlebot3_fake_node/package.ps1'
[0.575s] INFO:colcon.colcon_core.shell:Creating package descriptor '/home/ollie/ros2_ws/install/turtlebot3_fake_node/share/turtlebot3_fake_node/package.dsv'
[0.576s] INFO:colcon.colcon_core.shell:Creating package script '/home/ollie/ros2_ws/install/turtlebot3_fake_node/share/turtlebot3_fake_node/package.sh'
[0.576s] INFO:colcon.colcon_core.shell:Creating package script '/home/ollie/ros2_ws/install/turtlebot3_fake_node/share/turtlebot3_fake_node/package.bash'
[0.576s] INFO:colcon.colcon_core.shell:Creating package script '/home/ollie/ros2_ws/install/turtlebot3_fake_node/share/turtlebot3_fake_node/package.zsh'
[0.576s] Level 1:colcon.colcon_core.environment:create_file_with_runtime_dependencies(/home/ollie/ros2_ws/install/turtlebot3_fake_node/share/colcon-core/packages/turtlebot3_fake_node)
[0.589s] Level 1:colcon.colcon_core.environment:create_environment_scripts_only(turtlebot3_gazebo)
[0.589s] Level 1:colcon.colcon_core.environment:checking '/home/ollie/ros2_ws/install/turtlebot3_gazebo' for CMake module files
[0.589s] Level 1:colcon.colcon_core.environment:checking '/home/ollie/ros2_ws/install/turtlebot3_gazebo' for CMake config files
[0.590s] Level 1:colcon.colcon_core.shell:create_environment_hook('turtlebot3_gazebo', 'cmake_prefix_path')
[0.590s] INFO:colcon.colcon_core.shell:Creating environment hook '/home/ollie/ros2_ws/install/turtlebot3_gazebo/share/turtlebot3_gazebo/hook/cmake_prefix_path.ps1'
[0.590s] INFO:colcon.colcon_core.shell:Creating environment descriptor '/home/ollie/ros2_ws/install/turtlebot3_gazebo/share/turtlebot3_gazebo/hook/cmake_prefix_path.dsv'
[0.591s] INFO:colcon.colcon_core.shell:Creating environment hook '/home/ollie/ros2_ws/install/turtlebot3_gazebo/share/turtlebot3_gazebo/hook/cmake_prefix_path.sh'
[0.592s] Level 1:colcon.colcon_core.environment:checking '/home/ollie/ros2_ws/install/turtlebot3_gazebo/lib'
[0.592s] Level 1:colcon.colcon_core.environment:checking '/home/ollie/ros2_ws/install/turtlebot3_gazebo/bin'
[0.592s] Level 1:colcon.colcon_core.environment:checking '/home/ollie/ros2_ws/install/turtlebot3_gazebo/lib/pkgconfig/turtlebot3_gazebo.pc'
[0.593s] Level 1:colcon.colcon_core.environment:checking '/home/ollie/ros2_ws/install/turtlebot3_gazebo/lib/python3.10/site-packages'
[0.593s] Level 1:colcon.colcon_core.environment:checking '/home/ollie/ros2_ws/install/turtlebot3_gazebo/bin'
[0.593s] INFO:colcon.colcon_core.shell:Creating package script '/home/ollie/ros2_ws/install/turtlebot3_gazebo/share/turtlebot3_gazebo/package.ps1'
[0.594s] INFO:colcon.colcon_core.shell:Creating package descriptor '/home/ollie/ros2_ws/install/turtlebot3_gazebo/share/turtlebot3_gazebo/package.dsv'
[0.594s] INFO:colcon.colcon_core.shell:Creating package script '/home/ollie/ros2_ws/install/turtlebot3_gazebo/share/turtlebot3_gazebo/package.sh'
[0.595s] INFO:colcon.colcon_core.shell:Creating package script '/home/ollie/ros2_ws/install/turtlebot3_gazebo/share/turtlebot3_gazebo/package.bash'
[0.595s] INFO:colcon.colcon_core.shell:Creating package script '/home/ollie/ros2_ws/install/turtlebot3_gazebo/share/turtlebot3_gazebo/package.zsh'
[0.596s] Level 1:colcon.colcon_core.environment:create_file_with_runtime_dependencies(/home/ollie/ros2_ws/install/turtlebot3_gazebo/share/colcon-core/packages/turtlebot3_gazebo)
[0.596s] INFO:colcon.colcon_ros.task.ament_cmake.build:Building ROS package in '/home/ollie/ros2_ws/src/turtlebot3_simulations/turtlebot3_simulations' with build type 'ament_cmake'
[0.596s] INFO:colcon.colcon_cmake.task.cmake.build:Building CMake package in '/home/ollie/ros2_ws/src/turtlebot3_simulations/turtlebot3_simulations'
[0.596s] INFO:colcon.colcon_core.shell:Skip shell extension 'powershell' for command environment: Not usable outside of PowerShell
[0.596s] DEBUG:colcon.colcon_core.shell:Skip shell extension 'dsv' for command environment
[0.598s] Level 1:colcon.colcon_core.environment:create_environment_scripts_only(action_interfaces)
[0.598s] Level 1:colcon.colcon_core.environment:checking '/home/ollie/ros2_ws/install/action_interfaces' for CMake module files
[0.599s] DEBUG:colcon.colcon_core.event_handler.log_command:Invoked command in '/home/ollie/ros2_ws/build/action_interfaces' returned '0': /usr/bin/cmake --install /home/ollie/ros2_ws/build/action_interfaces
[0.599s] Level 1:colcon.colcon_core.environment:checking '/home/ollie/ros2_ws/install/action_interfaces' for CMake config files
[0.599s] Level 1:colcon.colcon_core.shell:create_environment_hook('action_interfaces', 'cmake_prefix_path')
[0.600s] INFO:colcon.colcon_core.shell:Creating environment hook '/home/ollie/ros2_ws/install/action_interfaces/share/action_interfaces/hook/cmake_prefix_path.ps1'
[0.600s] INFO:colcon.colcon_core.shell:Creating environment descriptor '/home/ollie/ros2_ws/install/action_interfaces/share/action_interfaces/hook/cmake_prefix_path.dsv'
[0.600s] INFO:colcon.colcon_core.shell:Creating environment hook '/home/ollie/ros2_ws/install/action_interfaces/share/action_interfaces/hook/cmake_prefix_path.sh'
[0.600s] Level 1:colcon.colcon_core.environment:checking '/home/ollie/ros2_ws/install/action_interfaces/lib'
[0.601s] Level 1:colcon.colcon_core.shell:create_environment_hook('action_interfaces', 'ld_library_path_lib')
[0.601s] INFO:colcon.colcon_core.shell:Creating environment hook '/home/ollie/ros2_ws/install/action_interfaces/share/action_interfaces/hook/ld_library_path_lib.ps1'
[0.601s] INFO:colcon.colcon_core.shell:Creating environment descriptor '/home/ollie/ros2_ws/install/action_interfaces/share/action_interfaces/hook/ld_library_path_lib.dsv'
[0.601s] INFO:colcon.colcon_core.shell:Creating environment hook '/home/ollie/ros2_ws/install/action_interfaces/share/action_interfaces/hook/ld_library_path_lib.sh'
[0.601s] Level 1:colcon.colcon_core.environment:checking '/home/ollie/ros2_ws/install/action_interfaces/bin'
[0.601s] Level 1:colcon.colcon_core.environment:checking '/home/ollie/ros2_ws/install/action_interfaces/lib/pkgconfig/action_interfaces.pc'
[0.602s] Level 1:colcon.colcon_core.environment:checking '/home/ollie/ros2_ws/install/action_interfaces/lib/python3.10/site-packages'
[0.602s] Level 1:colcon.colcon_core.environment:checking '/home/ollie/ros2_ws/install/action_interfaces/bin'
[0.602s] INFO:colcon.colcon_core.shell:Creating package script '/home/ollie/ros2_ws/install/action_interfaces/share/action_interfaces/package.ps1'
[0.602s] INFO:colcon.colcon_core.shell:Creating package descriptor '/home/ollie/ros2_ws/install/action_interfaces/share/action_interfaces/package.dsv'
[0.603s] INFO:colcon.colcon_core.shell:Creating package script '/home/ollie/ros2_ws/install/action_interfaces/share/action_interfaces/package.sh'
[0.603s] INFO:colcon.colcon_core.shell:Creating package script '/home/ollie/ros2_ws/install/action_interfaces/share/action_interfaces/package.bash'
[0.603s] INFO:colcon.colcon_core.shell:Creating package script '/home/ollie/ros2_ws/install/action_interfaces/share/action_interfaces/package.zsh'
[0.603s] Level 1:colcon.colcon_core.environment:create_file_with_runtime_dependencies(/home/ollie/ros2_ws/install/action_interfaces/share/colcon-core/packages/action_interfaces)
[0.606s] DEBUG:colcon.colcon_core.event_handler.log_command:Invoking command in '/home/ollie/ros2_ws/build/turtlebot3_simulations': AMENT_PREFIX_PATH=/home/ollie/ros2_ws/install/turtlebot3_gazebo:/home/ollie/ros2_ws/install/turtlebot3_fake_node CMAKE_PREFIX_PATH=/home/ollie/ros2_ws/install/turtlebot3_gazebo:/home/ollie/ros2_ws/install/turtlebot3_fake_node /usr/bin/cmake --build /home/ollie/ros2_ws/build/turtlebot3_simulations -- -j16 -l16
[0.636s] DEBUG:colcon.colcon_core.event_handler.log_command:Invoked command in '/home/ollie/ros2_ws/build/turtlebot3_simulations' returned '0': AMENT_PREFIX_PATH=/home/ollie/ros2_ws/install/turtlebot3_gazebo:/home/ollie/ros2_ws/install/turtlebot3_fake_node CMAKE_PREFIX_PATH=/home/ollie/ros2_ws/install/turtlebot3_gazebo:/home/ollie/ros2_ws/install/turtlebot3_fake_node /usr/bin/cmake --build /home/ollie/ros2_ws/build/turtlebot3_simulations -- -j16 -l16
[0.642s] Level 1:colcon.colcon_core.environment:create_environment_scripts_only(action_interfaces)
[0.642s] Level 1:colcon.colcon_core.environment:checking '/home/ollie/ros2_ws/install/action_interfaces' for CMake module files
[0.643s] Level 1:colcon.colcon_core.environment:checking '/home/ollie/ros2_ws/install/action_interfaces' for CMake config files
[0.643s] Level 1:colcon.colcon_core.shell:create_environment_hook('action_interfaces', 'cmake_prefix_path')
[0.643s] INFO:colcon.colcon_core.shell:Creating environment hook '/home/ollie/ros2_ws/install/action_interfaces/share/action_interfaces/hook/cmake_prefix_path.ps1'
[0.644s] INFO:colcon.colcon_core.shell:Creating environment descriptor '/home/ollie/ros2_ws/install/action_interfaces/share/action_interfaces/hook/cmake_prefix_path.dsv'
[0.644s] INFO:colcon.colcon_core.shell:Creating environment hook '/home/ollie/ros2_ws/install/action_interfaces/share/action_interfaces/hook/cmake_prefix_path.sh'
[0.644s] Level 1:colcon.colcon_core.environment:checking '/home/ollie/ros2_ws/install/action_interfaces/lib'
[0.645s] Level 1:colcon.colcon_core.shell:create_environment_hook('action_interfaces', 'ld_library_path_lib')
[0.645s] INFO:colcon.colcon_core.shell:Creating environment hook '/home/ollie/ros2_ws/install/action_interfaces/share/action_interfaces/hook/ld_library_path_lib.ps1'
[0.645s] INFO:colcon.colcon_core.shell:Creating environment descriptor '/home/ollie/ros2_ws/install/action_interfaces/share/action_interfaces/hook/ld_library_path_lib.dsv'
[0.645s] INFO:colcon.colcon_core.shell:Creating environment hook '/home/ollie/ros2_ws/install/action_interfaces/share/action_interfaces/hook/ld_library_path_lib.sh'
[0.646s] Level 1:colcon.colcon_core.environment:checking '/home/ollie/ros2_ws/install/action_interfaces/bin'
[0.646s] Level 1:colcon.colcon_core.environment:checking '/home/ollie/ros2_ws/install/action_interfaces/lib/pkgconfig/action_interfaces.pc'
[0.646s] Level 1:colcon.colcon_core.environment:checking '/home/ollie/ros2_ws/install/action_interfaces/lib/python3.10/site-packages'
[0.646s] Level 1:colcon.colcon_core.environment:checking '/home/ollie/ros2_ws/install/action_interfaces/bin'
[0.647s] INFO:colcon.colcon_core.shell:Creating package script '/home/ollie/ros2_ws/install/action_interfaces/share/action_interfaces/package.ps1'
[0.647s] INFO:colcon.colcon_core.shell:Creating package descriptor '/home/ollie/ros2_ws/install/action_interfaces/share/action_interfaces/package.dsv'
[0.647s] INFO:colcon.colcon_core.shell:Creating package script '/home/ollie/ros2_ws/install/action_interfaces/share/action_interfaces/package.sh'
[0.648s] INFO:colcon.colcon_core.shell:Creating package script '/home/ollie/ros2_ws/install/action_interfaces/share/action_interfaces/package.bash'
[0.648s] INFO:colcon.colcon_core.shell:Creating package script '/home/ollie/ros2_ws/install/action_interfaces/share/action_interfaces/package.zsh'
[0.648s] Level 1:colcon.colcon_core.environment:create_file_with_runtime_dependencies(/home/ollie/ros2_ws/install/action_interfaces/share/colcon-core/packages/action_interfaces)
[0.653s] DEBUG:colcon.colcon_core.event_handler.log_command:Invoking command in '/home/ollie/ros2_ws/build/turtlebot3_simulations': AMENT_PREFIX_PATH=/home/ollie/ros2_ws/install/turtlebot3_gazebo:/home/ollie/ros2_ws/install/turtlebot3_fake_node CMAKE_PREFIX_PATH=/home/ollie/ros2_ws/install/turtlebot3_gazebo:/home/ollie/ros2_ws/install/turtlebot3_fake_node /usr/bin/cmake --install /home/ollie/ros2_ws/build/turtlebot3_simulations
[0.661s] Level 1:colcon.colcon_core.environment:create_environment_scripts_only(turtlebot3_simulations)
[0.661s] Level 1:colcon.colcon_core.environment:checking '/home/ollie/ros2_ws/install/turtlebot3_simulations' for CMake module files
[0.661s] DEBUG:colcon.colcon_core.event_handler.log_command:Invoked command in '/home/ollie/ros2_ws/build/turtlebot3_simulations' returned '0': AMENT_PREFIX_PATH=/home/ollie/ros2_ws/install/turtlebot3_gazebo:/home/ollie/ros2_ws/install/turtlebot3_fake_node CMAKE_PREFIX_PATH=/home/ollie/ros2_ws/install/turtlebot3_gazebo:/home/ollie/ros2_ws/install/turtlebot3_fake_node /usr/bin/cmake --install /home/ollie/ros2_ws/build/turtlebot3_simulations
[0.662s] Level 1:colcon.colcon_core.environment:checking '/home/ollie/ros2_ws/install/turtlebot3_simulations' for CMake config files
[0.662s] Level 1:colcon.colcon_core.shell:create_environment_hook('turtlebot3_simulations', 'cmake_prefix_path')
[0.662s] INFO:colcon.colcon_core.shell:Creating environment hook '/home/ollie/ros2_ws/install/turtlebot3_simulations/share/turtlebot3_simulations/hook/cmake_prefix_path.ps1'
[0.662s] INFO:colcon.colcon_core.shell:Creating environment descriptor '/home/ollie/ros2_ws/install/turtlebot3_simulations/share/turtlebot3_simulations/hook/cmake_prefix_path.dsv'
[0.663s] INFO:colcon.colcon_core.shell:Creating environment hook '/home/ollie/ros2_ws/install/turtlebot3_simulations/share/turtlebot3_simulations/hook/cmake_prefix_path.sh'
[0.663s] Level 1:colcon.colcon_core.environment:checking '/home/ollie/ros2_ws/install/turtlebot3_simulations/bin'
[0.663s] Level 1:colcon.colcon_core.environment:checking '/home/ollie/ros2_ws/install/turtlebot3_simulations/lib/pkgconfig/turtlebot3_simulations.pc'
[0.663s] Level 1:colcon.colcon_core.environment:checking '/home/ollie/ros2_ws/install/turtlebot3_simulations/lib/python3.10/site-packages'
[0.663s] Level 1:colcon.colcon_core.environment:checking '/home/ollie/ros2_ws/install/turtlebot3_simulations/bin'
[0.663s] INFO:colcon.colcon_core.shell:Creating package script '/home/ollie/ros2_ws/install/turtlebot3_simulations/share/turtlebot3_simulations/package.ps1'
[0.664s] INFO:colcon.colcon_core.shell:Creating package descriptor '/home/ollie/ros2_ws/install/turtlebot3_simulations/share/turtlebot3_simulations/package.dsv'
[0.664s] INFO:colcon.colcon_core.shell:Creating package script '/home/ollie/ros2_ws/install/turtlebot3_simulations/share/turtlebot3_simulations/package.sh'
[0.664s] INFO:colcon.colcon_core.shell:Creating package script '/home/ollie/ros2_ws/install/turtlebot3_simulations/share/turtlebot3_simulations/package.bash'
[0.664s] INFO:colcon.colcon_core.shell:Creating package script '/home/ollie/ros2_ws/install/turtlebot3_simulations/share/turtlebot3_simulations/package.zsh'
[0.665s] Level 1:colcon.colcon_core.environment:create_file_with_runtime_dependencies(/home/ollie/ros2_ws/install/turtlebot3_simulations/share/colcon-core/packages/turtlebot3_simulations)
[0.681s] Level 1:colcon.colcon_core.environment:create_environment_scripts_only(turtlebot3_simulations)
[0.681s] Level 1:colcon.colcon_core.environment:checking '/home/ollie/ros2_ws/install/turtlebot3_simulations' for CMake module files
[0.682s] Level 1:colcon.colcon_core.environment:checking '/home/ollie/ros2_ws/install/turtlebot3_simulations' for CMake config files
[0.682s] Level 1:colcon.colcon_core.shell:create_environment_hook('turtlebot3_simulations', 'cmake_prefix_path')
[0.682s] INFO:colcon.colcon_core.shell:Creating environment hook '/home/ollie/ros2_ws/install/turtlebot3_simulations/share/turtlebot3_simulations/hook/cmake_prefix_path.ps1'
[0.682s] INFO:colcon.colcon_core.shell:Creating environment descriptor '/home/ollie/ros2_ws/install/turtlebot3_simulations/share/turtlebot3_simulations/hook/cmake_prefix_path.dsv'
[0.683s] INFO:colcon.colcon_core.shell:Creating environment hook '/home/ollie/ros2_ws/install/turtlebot3_simulations/share/turtlebot3_simulations/hook/cmake_prefix_path.sh'
[0.683s] Level 1:colcon.colcon_core.environment:checking '/home/ollie/ros2_ws/install/turtlebot3_simulations/bin'
[0.683s] Level 1:colcon.colcon_core.environment:checking '/home/ollie/ros2_ws/install/turtlebot3_simulations/lib/pkgconfig/turtlebot3_simulations.pc'
[0.683s] Level 1:colcon.colcon_core.environment:checking '/home/ollie/ros2_ws/install/turtlebot3_simulations/lib/python3.10/site-packages'
[0.683s] Level 1:colcon.colcon_core.environment:checking '/home/ollie/ros2_ws/install/turtlebot3_simulations/bin'
[0.684s] INFO:colcon.colcon_core.shell:Creating package script '/home/ollie/ros2_ws/install/turtlebot3_simulations/share/turtlebot3_simulations/package.ps1'
[0.684s] INFO:colcon.colcon_core.shell:Creating package descriptor '/home/ollie/ros2_ws/install/turtlebot3_simulations/share/turtlebot3_simulations/package.dsv'
[0.684s] INFO:colcon.colcon_core.shell:Creating package script '/home/ollie/ros2_ws/install/turtlebot3_simulations/share/turtlebot3_simulations/package.sh'
[0.684s] INFO:colcon.colcon_core.shell:Creating package script '/home/ollie/ros2_ws/install/turtlebot3_simulations/share/turtlebot3_simulations/package.bash'
[0.685s] INFO:colcon.colcon_core.shell:Creating package script '/home/ollie/ros2_ws/install/turtlebot3_simulations/share/turtlebot3_simulations/package.zsh'
[0.685s] Level 1:colcon.colcon_core.environment:create_file_with_runtime_dependencies(/home/ollie/ros2_ws/install/turtlebot3_simulations/share/colcon-core/packages/turtlebot3_simulations)
[0.742s] DEBUG:colcon.colcon_core.event_handler.log_command:Invoking command in '/home/ollie/ros2_ws/src/recovery_pipeline': PYTHONPATH=/home/ollie/ros2_ws/build/recovery_pipeline/prefix_override:/usr/lib/python3/dist-packages/colcon_core/task/python/colcon_distutils_commands:/home/ollie/ros2_ws/install/recovery_pipeline/lib/python3.10/site-packages: /usr/bin/python3 -W ignore:setup.py install is deprecated setup.py egg_info --egg-base ../../build/recovery_pipeline build --build-base /home/ollie/ros2_ws/build/recovery_pipeline/build install --record /home/ollie/ros2_ws/build/recovery_pipeline/install.log --single-version-externally-managed install_data
[0.743s] DEBUG:colcon.colcon_core.event_handler.log_command:Invoking command in '/home/ollie/ros2_ws/src/behavior_trees': PYTHONPATH=/home/ollie/ros2_ws/build/behavior_trees/prefix_override:/usr/lib/python3/dist-packages/colcon_core/task/python/colcon_distutils_commands:/home/ollie/ros2_ws/install/behavior_trees/lib/python3.10/site-packages: /usr/bin/python3 -W ignore:setup.py install is deprecated setup.py egg_info --egg-base ../../build/behavior_trees build --build-base /home/ollie/ros2_ws/build/behavior_trees/build install --record /home/ollie/ros2_ws/build/behavior_trees/install.log --single-version-externally-managed install_data
[0.915s] Level 1:colcon.colcon_core.environment:checking '/home/ollie/ros2_ws/install/behavior_trees' for CMake module files
[0.916s] DEBUG:colcon.colcon_core.event_handler.log_command:Invoked command in '/home/ollie/ros2_ws/src/behavior_trees' returned '0': PYTHONPATH=/home/ollie/ros2_ws/build/behavior_trees/prefix_override:/usr/lib/python3/dist-packages/colcon_core/task/python/colcon_distutils_commands:/home/ollie/ros2_ws/install/behavior_trees/lib/python3.10/site-packages: /usr/bin/python3 -W ignore:setup.py install is deprecated setup.py egg_info --egg-base ../../build/behavior_trees build --build-base /home/ollie/ros2_ws/build/behavior_trees/build install --record /home/ollie/ros2_ws/build/behavior_trees/install.log --single-version-externally-managed install_data
[0.916s] Level 1:colcon.colcon_core.environment:checking '/home/ollie/ros2_ws/install/behavior_trees' for CMake config files
[0.916s] Level 1:colcon.colcon_core.environment:checking '/home/ollie/ros2_ws/install/behavior_trees/lib'
[0.916s] Level 1:colcon.colcon_core.environment:checking '/home/ollie/ros2_ws/install/behavior_trees/bin'
[0.916s] Level 1:colcon.colcon_core.environment:checking '/home/ollie/ros2_ws/install/behavior_trees/lib/pkgconfig/behavior_trees.pc'
[0.917s] Level 1:colcon.colcon_core.environment:checking '/home/ollie/ros2_ws/install/behavior_trees/lib/python3.10/site-packages'
[0.917s] Level 1:colcon.colcon_core.shell:create_environment_hook('behavior_trees', 'pythonpath')
[0.917s] INFO:colcon.colcon_core.shell:Creating environment hook '/home/ollie/ros2_ws/install/behavior_trees/share/behavior_trees/hook/pythonpath.ps1'
[0.917s] INFO:colcon.colcon_core.shell:Creating environment descriptor '/home/ollie/ros2_ws/install/behavior_trees/share/behavior_trees/hook/pythonpath.dsv'
[0.917s] INFO:colcon.colcon_core.shell:Creating environment hook '/home/ollie/ros2_ws/install/behavior_trees/share/behavior_trees/hook/pythonpath.sh'
[0.918s] Level 1:colcon.colcon_core.environment:checking '/home/ollie/ros2_ws/install/behavior_trees/bin'
[0.918s] Level 1:colcon.colcon_core.environment:create_environment_scripts_only(behavior_trees)
[0.918s] INFO:colcon.colcon_core.shell:Creating package script '/home/ollie/ros2_ws/install/behavior_trees/share/behavior_trees/package.ps1'
[0.918s] INFO:colcon.colcon_core.shell:Creating package descriptor '/home/ollie/ros2_ws/install/behavior_trees/share/behavior_trees/package.dsv'
[0.919s] INFO:colcon.colcon_core.shell:Creating package script '/home/ollie/ros2_ws/install/behavior_trees/share/behavior_trees/package.sh'
[0.919s] INFO:colcon.colcon_core.shell:Creating package script '/home/ollie/ros2_ws/install/behavior_trees/share/behavior_trees/package.bash'
[0.919s] INFO:colcon.colcon_core.shell:Creating package script '/home/ollie/ros2_ws/install/behavior_trees/share/behavior_trees/package.zsh'
[0.919s] Level 1:colcon.colcon_core.environment:create_file_with_runtime_dependencies(/home/ollie/ros2_ws/install/behavior_trees/share/colcon-core/packages/behavior_trees)
[0.926s] Level 1:colcon.colcon_core.environment:checking '/home/ollie/ros2_ws/install/recovery_pipeline' for CMake module files
[0.926s] DEBUG:colcon.colcon_core.event_handler.log_command:Invoked command in '/home/ollie/ros2_ws/src/recovery_pipeline' returned '0': PYTHONPATH=/home/ollie/ros2_ws/build/recovery_pipeline/prefix_override:/usr/lib/python3/dist-packages/colcon_core/task/python/colcon_distutils_commands:/home/ollie/ros2_ws/install/recovery_pipeline/lib/python3.10/site-packages: /usr/bin/python3 -W ignore:setup.py install is deprecated setup.py egg_info --egg-base ../../build/recovery_pipeline build --build-base /home/ollie/ros2_ws/build/recovery_pipeline/build install --record /home/ollie/ros2_ws/build/recovery_pipeline/install.log --single-version-externally-managed install_data
[0.926s] Level 1:colcon.colcon_core.environment:checking '/home/ollie/ros2_ws/install/recovery_pipeline' for CMake config files
[0.927s] Level 1:colcon.colcon_core.environment:checking '/home/ollie/ros2_ws/install/recovery_pipeline/lib'
[0.927s] Level 1:colcon.colcon_core.environment:checking '/home/ollie/ros2_ws/install/recovery_pipeline/bin'
[0.927s] Level 1:colcon.colcon_core.environment:checking '/home/ollie/ros2_ws/install/recovery_pipeline/lib/pkgconfig/recovery_pipeline.pc'
[0.927s] Level 1:colcon.colcon_core.environment:checking '/home/ollie/ros2_ws/install/recovery_pipeline/lib/python3.10/site-packages'
[0.927s] Level 1:colcon.colcon_core.shell:create_environment_hook('recovery_pipeline', 'pythonpath')
[0.927s] INFO:colcon.colcon_core.shell:Creating environment hook '/home/ollie/ros2_ws/install/recovery_pipeline/share/recovery_pipeline/hook/pythonpath.ps1'
[0.928s] INFO:colcon.colcon_core.shell:Creating environment descriptor '/home/ollie/ros2_ws/install/recovery_pipeline/share/recovery_pipeline/hook/pythonpath.dsv'
[0.928s] INFO:colcon.colcon_core.shell:Creating environment hook '/home/ollie/ros2_ws/install/recovery_pipeline/share/recovery_pipeline/hook/pythonpath.sh'
[0.928s] Level 1:colcon.colcon_core.environment:checking '/home/ollie/ros2_ws/install/recovery_pipeline/bin'
[0.928s] Level 1:colcon.colcon_core.environment:create_environment_scripts_only(recovery_pipeline)
[0.928s] INFO:colcon.colcon_core.shell:Creating package script '/home/ollie/ros2_ws/install/recovery_pipeline/share/recovery_pipeline/package.ps1'
[0.929s] INFO:colcon.colcon_core.shell:Creating package descriptor '/home/ollie/ros2_ws/install/recovery_pipeline/share/recovery_pipeline/package.dsv'
[0.929s] INFO:colcon.colcon_core.shell:Creating package script '/home/ollie/ros2_ws/install/recovery_pipeline/share/recovery_pipeline/package.sh'
[0.929s] INFO:colcon.colcon_core.shell:Creating package script '/home/ollie/ros2_ws/install/recovery_pipeline/share/recovery_pipeline/package.bash'
[0.929s] INFO:colcon.colcon_core.shell:Creating package script '/home/ollie/ros2_ws/install/recovery_pipeline/share/recovery_pipeline/package.zsh'
[0.930s] Level 1:colcon.colcon_core.environment:create_file_with_runtime_dependencies(/home/ollie/ros2_ws/install/recovery_pipeline/share/colcon-core/packages/recovery_pipeline)
[0.930s] DEBUG:colcon.colcon_parallel_executor.executor.parallel:closing loop
[0.930s] DEBUG:colcon.colcon_parallel_executor.executor.parallel:loop closed
[0.930s] DEBUG:colcon.colcon_parallel_executor.executor.parallel:run_until_complete finished with '0'
[0.930s] DEBUG:colcon.colcon_core.event_reactor:joining thread
[0.935s] INFO:colcon.colcon_core.plugin_system:Skipping extension 'colcon_notification.desktop_notification.terminal_notifier': Not used on non-Darwin systems
[0.935s] INFO:colcon.colcon_core.plugin_system:Skipping extension 'colcon_notification.desktop_notification.win32': Not used on non-Windows systems
[0.935s] INFO:colcon.colcon_notification.desktop_notification:Sending desktop notification using 'notify2'
[0.937s] DEBUG:colcon.colcon_notification.desktop_notification.notify2:Failed to initialize notify2: org.freedesktop.DBus.Error.Spawn.ExecFailed: /usr/bin/dbus-launch terminated abnormally without any error message
[0.937s] DEBUG:colcon.colcon_core.event_reactor:joined thread
[0.938s] INFO:colcon.colcon_core.shell:Creating prefix script '/home/ollie/ros2_ws/install/local_setup.ps1'
[0.938s] INFO:colcon.colcon_core.shell:Creating prefix util module '/home/ollie/ros2_ws/install/_local_setup_util_ps1.py'
[0.939s] INFO:colcon.colcon_core.shell:Creating prefix chain script '/home/ollie/ros2_ws/install/setup.ps1'
[0.940s] INFO:colcon.colcon_core.shell:Creating prefix script '/home/ollie/ros2_ws/install/local_setup.sh'
[0.940s] INFO:colcon.colcon_core.shell:Creating prefix util module '/home/ollie/ros2_ws/install/_local_setup_util_sh.py'
[0.940s] INFO:colcon.colcon_core.shell:Creating prefix chain script '/home/ollie/ros2_ws/install/setup.sh'
[0.941s] INFO:colcon.colcon_core.shell:Creating prefix script '/home/ollie/ros2_ws/install/local_setup.bash'
[0.941s] INFO:colcon.colcon_core.shell:Creating prefix chain script '/home/ollie/ros2_ws/install/setup.bash'
[0.942s] INFO:colcon.colcon_core.shell:Creating prefix script '/home/ollie/ros2_ws/install/local_setup.zsh'
[0.942s] INFO:colcon.colcon_core.shell:Creating prefix chain script '/home/ollie/ros2_ws/install/setup.zsh'
