[0.071s] Invoking command in '/home/ollie/ros2_ws/build/turtlebot4_ignition_gui_plugins': CMAKE_PREFIX_PATH=/opt/ros/humble /usr/bin/cmake /home/ollie/ros2_ws/src/turtlebot4_ignition_gui_plugins -DCMAKE_INSTALL_PREFIX=/home/ollie/ros2_ws/install/turtlebot4_ignition_gui_plugins
[0.152s] -- Found ament_cmake: 1.3.9 (/opt/ros/humble/share/ament_cmake/cmake)
[0.234s] -- Override CMake install command with custom implementation using symlinks instead of copying resources
[0.287s] -- Found ament_lint_auto: 0.12.11 (/opt/ros/humble/share/ament_lint_auto/cmake)
[0.357s] -- Looking for ignition-gui6 -- found version 6.8.0
[0.363s] -- Searching for dependencies of ignition-gui6
[0.388s] -- Checking for module 'tinyxml2'
[0.398s] --   Found tinyxml2, version 9.0.0
[0.424s] -- Looking for ignition-math6 -- found version 6.15.1
[0.425s] -- Searching for dependencies of ignition-math6
[0.426s] -- Looking for ignition-common4 -- found version 4.7.0
[0.426s] -- Searching for dependencies of ignition-common4
[0.426s] -- Looking for dlfcn.h - found
[0.426s] -- Looking for libdl - found
[0.431s] -- Checking for module 'uuid'
[0.441s] --   Found uuid, version 2.37.2
[0.468s] -- Searching for <ignition-common4> component [profiler]
[0.468s] -- Looking for ignition-common4-profiler -- found version 4.7.0
[0.469s] -- Searching for dependencies of ignition-common4-profiler
[0.470s] -- Looking for ignition-plugin1 -- found version 1.4.0
[0.470s] -- Searching for dependencies of ignition-plugin1
[0.471s] -- Searching for <ignition-plugin1> component [loader]
[0.471s] -- Looking for ignition-plugin1-loader -- found version 1.4.0
[0.472s] -- Searching for dependencies of ignition-plugin1-loader
[0.472s] -- Searching for <ignition-plugin1> component [register]
[0.473s] -- Looking for ignition-plugin1-register -- found version 1.4.0
[0.473s] -- Searching for dependencies of ignition-plugin1-register
[0.474s] -- Looking for ignition-transport11 -- found version 11.4.1
[0.474s] -- Searching for dependencies of ignition-transport11
[0.490s] -- Found Protobuf: /usr/lib/x86_64-linux-gnu/libprotobuf.so (found version "3.12.4") 
[0.501s] -- Config-file not installed for ZeroMQ -- checking for pkg-config
[0.504s] -- Checking for module 'libzmq >= 4'
[0.516s] --   Found libzmq , version 4.3.4
[0.554s] -- Looking for ignition-utils1 -- found version 1.5.1
[0.555s] -- Searching for dependencies of ignition-utils1
[0.555s] -- Searching for <ignition-utils1> component [cli]
[0.556s] -- Looking for ignition-utils1-cli -- found version 1.5.1
[0.556s] -- Searching for dependencies of ignition-utils1-cli
[0.557s] -- Looking for ignition-msgs8 -- found version 8.7.0
[0.557s] -- Searching for dependencies of ignition-msgs8
[0.574s] -- Found Protobuf: /usr/lib/x86_64-linux-gnu/libprotobuf.so (found suitable version "3.12.4", minimum required is "3") 
[0.574s] -- Looking for ignition-math6 -- found version 6.15.1
[0.581s] -- Looking for ignition-rendering6 -- found version 6.6.3
[0.581s] -- Searching for dependencies of ignition-rendering6
[0.582s] -- Looking for ignition-math6 -- found version 6.15.1
[0.582s] -- Searching for dependencies of ignition-math6
[0.582s] -- Searching for <ignition-math6> component [eigen3]
[0.583s] -- Looking for ignition-math6-eigen3 -- found version 6.15.1
[0.583s] -- Searching for dependencies of ignition-math6-eigen3
[0.585s] -- Looking for ignition-common4 -- found version 4.7.0
[0.585s] -- Searching for dependencies of ignition-common4
[0.585s] -- Looking for dlfcn.h - found
[0.585s] -- Looking for libdl - found
[0.591s] -- Searching for <ignition-common4> component [graphics]
[0.592s] -- Looking for ignition-common4-graphics -- found version 4.7.0
[0.592s] -- Searching for dependencies of ignition-common4-graphics
[0.592s] -- Looking for ignition-math6 -- found version 6.15.1
[0.593s] -- Looking for ignition-utils1 -- found version 1.5.1
[0.593s] -- Searching for <ignition-common4> component [events]
[0.594s] -- Looking for ignition-common4-events -- found version 4.7.0
[0.594s] -- Searching for dependencies of ignition-common4-events
[0.594s] -- Looking for ignition-math6 -- found version 6.15.1
[0.595s] -- Looking for ignition-plugin1 -- found version 1.4.0
[0.595s] -- Searching for dependencies of ignition-plugin1
[0.595s] -- Searching for <ignition-plugin1> component [all]
[0.596s] -- Looking for all libraries of ignition-plugin1 -- found version 1.4.0
[0.596s] -- Looking for ignition-plugin1 -- found version 1.4.0
[0.598s] -- Looking for ignition-msgs8 -- found version 8.7.0
[0.601s] -- Looking for ignition-common4 -- found version 4.7.0
[0.607s] -- Added test 'cppcheck' to perform static code analysis on C / C++ code
[0.607s] -- Configured cppcheck include dirs: 
[0.607s] -- Configured cppcheck exclude dirs and/or files: 
[0.608s] -- Added test 'cpplint' to check C / C++ code against the Google style
[0.608s] -- Configured cpplint exclude dirs and/or files: 
[0.609s] -- Added test 'lint_cmake' to check CMake code style
[0.609s] -- Added test 'xmllint' to check XML markup files
[0.611s] -- Configuring done
[0.643s] -- Generating done
[0.645s] -- Build files have been written to: /home/ollie/ros2_ws/build/turtlebot4_ignition_gui_plugins
[0.650s] Invoked command in '/home/ollie/ros2_ws/build/turtlebot4_ignition_gui_plugins' returned '0': CMAKE_PREFIX_PATH=/opt/ros/humble /usr/bin/cmake /home/ollie/ros2_ws/src/turtlebot4_ignition_gui_plugins -DCMAKE_INSTALL_PREFIX=/home/ollie/ros2_ws/install/turtlebot4_ignition_gui_plugins
[0.652s] Invoking command in '/home/ollie/ros2_ws/build/turtlebot4_ignition_gui_plugins': CMAKE_PREFIX_PATH=/opt/ros/humble /usr/bin/cmake --build /home/ollie/ros2_ws/build/turtlebot4_ignition_gui_plugins -- -j16 -l16
[0.686s] [ 16%] [34m[1mAutomatic MOC for target Turtlebot4Hmi[0m
[1.444s] [ 16%] Built target Turtlebot4Hmi_autogen
[1.476s] [35m[1mConsolidate compiler generated dependencies of target Turtlebot4Hmi[0m
[1.499s] [ 33%] [32mBuilding CXX object Turtlebot4Hmi/CMakeFiles/Turtlebot4Hmi.dir/Turtlebot4Hmi_autogen/mocs_compilation.cpp.o[0m
[1.500s] [ 50%] [32mBuilding CXX object Turtlebot4Hmi/CMakeFiles/Turtlebot4Hmi.dir/Turtlebot4Hmi.cc.o[0m
[6.396s] [ 66%] [32m[1mLinking CXX shared library libTurtlebot4Hmi.so[0m
[6.631s] [100%] Built target Turtlebot4Hmi
[6.640s] Invoked command in '/home/ollie/ros2_ws/build/turtlebot4_ignition_gui_plugins' returned '0': CMAKE_PREFIX_PATH=/opt/ros/humble /usr/bin/cmake --build /home/ollie/ros2_ws/build/turtlebot4_ignition_gui_plugins -- -j16 -l16
[6.665s] Invoking command in '/home/ollie/ros2_ws/build/turtlebot4_ignition_gui_plugins': CMAKE_PREFIX_PATH=/opt/ros/humble /usr/bin/cmake --install /home/ollie/ros2_ws/build/turtlebot4_ignition_gui_plugins
[6.670s] -- Install configuration: ""
[6.671s] -- Execute custom install script
[6.673s] -- Up-to-date symlink: /home/ollie/ros2_ws/install/turtlebot4_ignition_gui_plugins/share/turtlebot4_ignition_gui_plugins/lib/libTurtlebot4Hmi.so
[6.674s] -- Up-to-date symlink: /home/ollie/ros2_ws/install/turtlebot4_ignition_gui_plugins/share/ament_index/resource_index/package_run_dependencies/turtlebot4_ignition_gui_plugins
[6.674s] -- Up-to-date symlink: /home/ollie/ros2_ws/install/turtlebot4_ignition_gui_plugins/share/ament_index/resource_index/parent_prefix_path/turtlebot4_ignition_gui_plugins
[6.675s] -- Up-to-date symlink: /home/ollie/ros2_ws/install/turtlebot4_ignition_gui_plugins/share/turtlebot4_ignition_gui_plugins/environment/ament_prefix_path.sh
[6.675s] -- Up-to-date symlink: /home/ollie/ros2_ws/install/turtlebot4_ignition_gui_plugins/share/turtlebot4_ignition_gui_plugins/environment/ament_prefix_path.dsv
[6.675s] -- Up-to-date symlink: /home/ollie/ros2_ws/install/turtlebot4_ignition_gui_plugins/share/turtlebot4_ignition_gui_plugins/environment/path.sh
[6.676s] -- Up-to-date symlink: /home/ollie/ros2_ws/install/turtlebot4_ignition_gui_plugins/share/turtlebot4_ignition_gui_plugins/environment/path.dsv
[6.676s] -- Up-to-date symlink: /home/ollie/ros2_ws/install/turtlebot4_ignition_gui_plugins/share/turtlebot4_ignition_gui_plugins/local_setup.bash
[6.676s] -- Up-to-date symlink: /home/ollie/ros2_ws/install/turtlebot4_ignition_gui_plugins/share/turtlebot4_ignition_gui_plugins/local_setup.sh
[6.749s] -- Up-to-date symlink: /home/ollie/ros2_ws/install/turtlebot4_ignition_gui_plugins/share/turtlebot4_ignition_gui_plugins/local_setup.zsh
[6.797s] -- Up-to-date symlink: /home/ollie/ros2_ws/install/turtlebot4_ignition_gui_plugins/share/turtlebot4_ignition_gui_plugins/local_setup.dsv
[6.797s] -- Symlinking: /home/ollie/ros2_ws/install/turtlebot4_ignition_gui_plugins/share/turtlebot4_ignition_gui_plugins/package.dsv
[6.818s] -- Up-to-date symlink: /home/ollie/ros2_ws/install/turtlebot4_ignition_gui_plugins/share/ament_index/resource_index/packages/turtlebot4_ignition_gui_plugins
[6.818s] -- Up-to-date symlink: /home/ollie/ros2_ws/install/turtlebot4_ignition_gui_plugins/share/turtlebot4_ignition_gui_plugins/cmake/turtlebot4_ignition_gui_pluginsConfig.cmake
[6.818s] -- Up-to-date symlink: /home/ollie/ros2_ws/install/turtlebot4_ignition_gui_plugins/share/turtlebot4_ignition_gui_plugins/cmake/turtlebot4_ignition_gui_pluginsConfig-version.cmake
[6.819s] -- Up-to-date symlink: /home/ollie/ros2_ws/install/turtlebot4_ignition_gui_plugins/share/turtlebot4_ignition_gui_plugins/package.xml
[6.820s] Invoked command in '/home/ollie/ros2_ws/build/turtlebot4_ignition_gui_plugins' returned '0': CMAKE_PREFIX_PATH=/opt/ros/humble /usr/bin/cmake --install /home/ollie/ros2_ws/build/turtlebot4_ignition_gui_plugins
