[0.006s] Invoking command in '/home/ollie/ros2_ws/build/turtlebot4_ignition_bringup': CMAKE_PREFIX_PATH=/home/ollie/ros2_ws/install/turtlebot4_ignition_toolbox:/home/ollie/ros2_ws/install/turtlebot4_ignition_gui_plugins:/home/ollie/ros2_ws/install/turtlebot4_simulator:/home/ollie/ros2_ws/install/turtlebot4_ignition_bringup:/home/ollie/install/turtlebot4_simulator:/home/ollie/install/turtlebot4_ignition_bringup:/home/ollie/install/turtlebot4_ignition_toolbox:/home/ollie/install/turtlebot4_ignition_gui_plugins:/home/ollie/ros2_ws/install/robot_vacuum_auto_recovery:/home/ollie/install/robot_vacuum_auto_recovery:/opt/ros/humble /usr/bin/cmake /home/ollie/ros2_ws/src/turtlebot4_ignition_bringup -DAMENT_CMAKE_SYMLINK_INSTALL=1 -DCMAKE_INSTALL_PREFIX=/home/ollie/ros2_ws/install/turtlebot4_ignition_bringup
[0.019s] -- Found ament_cmake: 1.3.9 (/opt/ros/humble/share/ament_cmake/cmake)
[0.094s] -- Override CMake install command with custom implementation using symlinks instead of copying resources
[0.099s] -- Found ros_ign_interfaces: 0.244.14 (/opt/ros/humble/share/ros_ign_interfaces/cmake)
[0.117s] -- Found rosidl_generator_c: 3.1.5 (/opt/ros/humble/share/rosidl_generator_c/cmake)
[0.118s] -- Found rosidl_adapter: 3.1.5 (/opt/ros/humble/share/rosidl_adapter/cmake)
[0.122s] -- Found rosidl_generator_cpp: 3.1.5 (/opt/ros/humble/share/rosidl_generator_cpp/cmake)
[0.129s] -- Using all available rosidl_typesupport_c: rosidl_typesupport_fastrtps_c;rosidl_typesupport_introspection_c
[0.140s] -- Using all available rosidl_typesupport_cpp: rosidl_typesupport_fastrtps_cpp;rosidl_typesupport_introspection_cpp
[0.345s] -- Found ament_lint_auto: 0.12.11 (/opt/ros/humble/share/ament_lint_auto/cmake)
[0.392s] -- Added test 'copyright' to check source files copyright and LICENSE
[0.394s] -- Added test 'flake8' to check Python code syntax and style conventions
[0.395s] -- Added test 'lint_cmake' to check CMake code style
[0.395s] -- Added test 'pep257' to check Python code against some of the docstring style conventions in PEP 257
[0.396s] -- Added test 'xmllint' to check XML markup files
[0.398s] -- Configuring done
[0.412s] -- Generating done
[0.413s] -- Build files have been written to: /home/ollie/ros2_ws/build/turtlebot4_ignition_bringup
[0.417s] Invoked command in '/home/ollie/ros2_ws/build/turtlebot4_ignition_bringup' returned '0': CMAKE_PREFIX_PATH=/home/ollie/ros2_ws/install/turtlebot4_ignition_toolbox:/home/ollie/ros2_ws/install/turtlebot4_ignition_gui_plugins:/home/ollie/ros2_ws/install/turtlebot4_simulator:/home/ollie/ros2_ws/install/turtlebot4_ignition_bringup:/home/ollie/install/turtlebot4_simulator:/home/ollie/install/turtlebot4_ignition_bringup:/home/ollie/install/turtlebot4_ignition_toolbox:/home/ollie/install/turtlebot4_ignition_gui_plugins:/home/ollie/ros2_ws/install/robot_vacuum_auto_recovery:/home/ollie/install/robot_vacuum_auto_recovery:/opt/ros/humble /usr/bin/cmake /home/ollie/ros2_ws/src/turtlebot4_ignition_bringup -DAMENT_CMAKE_SYMLINK_INSTALL=1 -DCMAKE_INSTALL_PREFIX=/home/ollie/ros2_ws/install/turtlebot4_ignition_bringup
[0.418s] Invoking command in '/home/ollie/ros2_ws/build/turtlebot4_ignition_bringup': CMAKE_PREFIX_PATH=/home/ollie/ros2_ws/install/turtlebot4_ignition_toolbox:/home/ollie/ros2_ws/install/turtlebot4_ignition_gui_plugins:/home/ollie/ros2_ws/install/turtlebot4_simulator:/home/ollie/ros2_ws/install/turtlebot4_ignition_bringup:/home/ollie/install/turtlebot4_simulator:/home/ollie/install/turtlebot4_ignition_bringup:/home/ollie/install/turtlebot4_ignition_toolbox:/home/ollie/install/turtlebot4_ignition_gui_plugins:/home/ollie/ros2_ws/install/robot_vacuum_auto_recovery:/home/ollie/install/robot_vacuum_auto_recovery:/opt/ros/humble /usr/bin/cmake --build /home/ollie/ros2_ws/build/turtlebot4_ignition_bringup -- -j16 -l16
[0.446s] Invoked command in '/home/ollie/ros2_ws/build/turtlebot4_ignition_bringup' returned '0': CMAKE_PREFIX_PATH=/home/ollie/ros2_ws/install/turtlebot4_ignition_toolbox:/home/ollie/ros2_ws/install/turtlebot4_ignition_gui_plugins:/home/ollie/ros2_ws/install/turtlebot4_simulator:/home/ollie/ros2_ws/install/turtlebot4_ignition_bringup:/home/ollie/install/turtlebot4_simulator:/home/ollie/install/turtlebot4_ignition_bringup:/home/ollie/install/turtlebot4_ignition_toolbox:/home/ollie/install/turtlebot4_ignition_gui_plugins:/home/ollie/ros2_ws/install/robot_vacuum_auto_recovery:/home/ollie/install/robot_vacuum_auto_recovery:/opt/ros/humble /usr/bin/cmake --build /home/ollie/ros2_ws/build/turtlebot4_ignition_bringup -- -j16 -l16
[0.462s] Invoking command in '/home/ollie/ros2_ws/build/turtlebot4_ignition_bringup': CMAKE_PREFIX_PATH=/home/ollie/ros2_ws/install/turtlebot4_ignition_toolbox:/home/ollie/ros2_ws/install/turtlebot4_ignition_gui_plugins:/home/ollie/ros2_ws/install/turtlebot4_simulator:/home/ollie/ros2_ws/install/turtlebot4_ignition_bringup:/home/ollie/install/turtlebot4_simulator:/home/ollie/install/turtlebot4_ignition_bringup:/home/ollie/install/turtlebot4_ignition_toolbox:/home/ollie/install/turtlebot4_ignition_gui_plugins:/home/ollie/ros2_ws/install/robot_vacuum_auto_recovery:/home/ollie/install/robot_vacuum_auto_recovery:/opt/ros/humble /usr/bin/cmake --install /home/ollie/ros2_ws/build/turtlebot4_ignition_bringup
[0.467s] -- Install configuration: ""
[0.467s] -- Execute custom install script
[0.467s] -- Symlinking: /home/ollie/ros2_ws/install/turtlebot4_ignition_bringup/share/turtlebot4_ignition_bringup/config/turtlebot4_node.yaml
[0.473s] -- Symlinking: /home/ollie/ros2_ws/install/turtlebot4_ignition_bringup/share/turtlebot4_ignition_bringup/gui/lite/gui.config
[0.479s] -- Symlinking: /home/ollie/ros2_ws/install/turtlebot4_ignition_bringup/share/turtlebot4_ignition_bringup/gui/standard/gui.config
[0.485s] -- Symlinking: /home/ollie/ros2_ws/install/turtlebot4_ignition_bringup/share/turtlebot4_ignition_bringup/launch/ignition.launch.py
[0.491s] -- Symlinking: /home/ollie/ros2_ws/install/turtlebot4_ignition_bringup/share/turtlebot4_ignition_bringup/launch/ros_ign_bridge.launch.py
[0.497s] -- Symlinking: /home/ollie/ros2_ws/install/turtlebot4_ignition_bringup/share/turtlebot4_ignition_bringup/launch/turtlebot4_ignition.launch.py
[0.503s] -- Symlinking: /home/ollie/ros2_ws/install/turtlebot4_ignition_bringup/share/turtlebot4_ignition_bringup/launch/turtlebot4_nodes.launch.py
[0.509s] -- Symlinking: /home/ollie/ros2_ws/install/turtlebot4_ignition_bringup/share/turtlebot4_ignition_bringup/launch/turtlebot4_spawn.launch.py
[0.514s] -- Symlinking: /home/ollie/ros2_ws/install/turtlebot4_ignition_bringup/share/turtlebot4_ignition_bringup/worlds/depot.sdf
[0.520s] -- Symlinking: /home/ollie/ros2_ws/install/turtlebot4_ignition_bringup/share/turtlebot4_ignition_bringup/worlds/house_interior.sdf
[0.526s] -- Symlinking: /home/ollie/ros2_ws/install/turtlebot4_ignition_bringup/share/turtlebot4_ignition_bringup/worlds/maze.sdf
[0.532s] -- Symlinking: /home/ollie/ros2_ws/install/turtlebot4_ignition_bringup/share/turtlebot4_ignition_bringup/worlds/test_world.sdf
[0.538s] -- Symlinking: /home/ollie/ros2_ws/install/turtlebot4_ignition_bringup/share/turtlebot4_ignition_bringup/worlds/test_world_w_obsts.sdf
[0.544s] -- Symlinking: /home/ollie/ros2_ws/install/turtlebot4_ignition_bringup/share/turtlebot4_ignition_bringup/worlds/warehouse.sdf
[0.550s] -- Symlinking: /home/ollie/ros2_ws/install/turtlebot4_ignition_bringup/share/ament_index/resource_index/package_run_dependencies/turtlebot4_ignition_bringup
[0.556s] -- Symlinking: /home/ollie/ros2_ws/install/turtlebot4_ignition_bringup/share/ament_index/resource_index/parent_prefix_path/turtlebot4_ignition_bringup
[0.562s] -- Symlinking: /home/ollie/ros2_ws/install/turtlebot4_ignition_bringup/share/turtlebot4_ignition_bringup/environment/ament_prefix_path.sh
[0.568s] -- Symlinking: /home/ollie/ros2_ws/install/turtlebot4_ignition_bringup/share/turtlebot4_ignition_bringup/environment/ament_prefix_path.dsv
[0.574s] -- Symlinking: /home/ollie/ros2_ws/install/turtlebot4_ignition_bringup/share/turtlebot4_ignition_bringup/environment/path.sh
[0.580s] -- Symlinking: /home/ollie/ros2_ws/install/turtlebot4_ignition_bringup/share/turtlebot4_ignition_bringup/environment/path.dsv
[0.586s] -- Symlinking: /home/ollie/ros2_ws/install/turtlebot4_ignition_bringup/share/turtlebot4_ignition_bringup/local_setup.bash
[0.592s] -- Symlinking: /home/ollie/ros2_ws/install/turtlebot4_ignition_bringup/share/turtlebot4_ignition_bringup/local_setup.sh
[0.598s] -- Symlinking: /home/ollie/ros2_ws/install/turtlebot4_ignition_bringup/share/turtlebot4_ignition_bringup/local_setup.zsh
[0.604s] -- Symlinking: /home/ollie/ros2_ws/install/turtlebot4_ignition_bringup/share/turtlebot4_ignition_bringup/local_setup.dsv
[0.610s] -- Symlinking: /home/ollie/ros2_ws/install/turtlebot4_ignition_bringup/share/turtlebot4_ignition_bringup/package.dsv
[0.616s] -- Symlinking: /home/ollie/ros2_ws/install/turtlebot4_ignition_bringup/share/ament_index/resource_index/packages/turtlebot4_ignition_bringup
[0.622s] -- Symlinking: /home/ollie/ros2_ws/install/turtlebot4_ignition_bringup/share/turtlebot4_ignition_bringup/cmake/turtlebot4_ignition_bringupConfig.cmake
[0.628s] -- Symlinking: /home/ollie/ros2_ws/install/turtlebot4_ignition_bringup/share/turtlebot4_ignition_bringup/cmake/turtlebot4_ignition_bringupConfig-version.cmake
[0.633s] -- Symlinking: /home/ollie/ros2_ws/install/turtlebot4_ignition_bringup/share/turtlebot4_ignition_bringup/package.xml
[0.641s] Invoked command in '/home/ollie/ros2_ws/build/turtlebot4_ignition_bringup' returned '0': CMAKE_PREFIX_PATH=/home/ollie/ros2_ws/install/turtlebot4_ignition_toolbox:/home/ollie/ros2_ws/install/turtlebot4_ignition_gui_plugins:/home/ollie/ros2_ws/install/turtlebot4_simulator:/home/ollie/ros2_ws/install/turtlebot4_ignition_bringup:/home/ollie/install/turtlebot4_simulator:/home/ollie/install/turtlebot4_ignition_bringup:/home/ollie/install/turtlebot4_ignition_toolbox:/home/ollie/install/turtlebot4_ignition_gui_plugins:/home/ollie/ros2_ws/install/robot_vacuum_auto_recovery:/home/ollie/install/robot_vacuum_auto_recovery:/opt/ros/humble /usr/bin/cmake --install /home/ollie/ros2_ws/build/turtlebot4_ignition_bringup
