[0.014s] Invoking command in '/home/ollie/ros2_ws/build/turtlebot4_ignition_gui_plugins': CMAKE_PREFIX_PATH=${CMAKE_PREFIX_PATH}:/home/ollie/ros2_ws/install/robot_vacuum_auto_recovery:/home/ollie/install/robot_vacuum_auto_recovery:/opt/ros/humble /usr/bin/cmake /home/ollie/ros2_ws/src/turtlebot4_ignition_gui_plugins -DAMENT_CMAKE_SYMLINK_INSTALL=1 -DCMAKE_INSTALL_PREFIX=/home/ollie/ros2_ws/install/turtlebot4_ignition_gui_plugins
[0.059s] -- Found ament_cmake: 1.3.9 (/opt/ros/humble/share/ament_cmake/cmake)
[0.135s] -- Override CMake install command with custom implementation using symlinks instead of copying resources
[0.154s] -- Found ament_lint_auto: 0.12.11 (/opt/ros/humble/share/ament_lint_auto/cmake)
[0.216s] -- Looking for ignition-gui6 -- found version 6.8.0
[0.219s] -- Searching for dependencies of ignition-gui6
[0.241s] -- Checking for module 'tinyxml2'
[0.251s] --   Found tinyxml2, version 9.0.0
[0.276s] -- Looking for ignition-math6 -- found version 6.15.1
[0.276s] -- Searching for dependencies of ignition-math6
[0.277s] -- Looking for ignition-common4 -- found version 4.7.0
[0.277s] -- Searching for dependencies of ignition-common4
[0.277s] -- Looking for dlfcn.h - found
[0.277s] -- Looking for libdl - found
[0.282s] -- Checking for module 'uuid'
[0.292s] --   Found uuid, version 2.37.2
[0.317s] -- Searching for <ignition-common4> component [profiler]
[0.317s] -- Looking for ignition-common4-profiler -- found version 4.7.0
[0.318s] -- Searching for dependencies of ignition-common4-profiler
[0.318s] -- Looking for ignition-plugin1 -- found version 1.4.0
[0.318s] -- Searching for dependencies of ignition-plugin1
[0.319s] -- Searching for <ignition-plugin1> component [loader]
[0.319s] -- Looking for ignition-plugin1-loader -- found version 1.4.0
[0.319s] -- Searching for dependencies of ignition-plugin1-loader
[0.320s] -- Searching for <ignition-plugin1> component [register]
[0.320s] -- Looking for ignition-plugin1-register -- found version 1.4.0
[0.320s] -- Searching for dependencies of ignition-plugin1-register
[0.321s] -- Looking for ignition-transport11 -- found version 11.4.1
[0.321s] -- Searching for dependencies of ignition-transport11
[0.337s] -- Found Protobuf: /usr/lib/x86_64-linux-gnu/libprotobuf.so (found version "3.12.4") 
[0.347s] -- Config-file not installed for ZeroMQ -- checking for pkg-config
[0.351s] -- Checking for module 'libzmq >= 4'
[0.361s] --   Found libzmq , version 4.3.4
[0.399s] -- Looking for ignition-utils1 -- found version 1.5.1
[0.399s] -- Searching for dependencies of ignition-utils1
[0.400s] -- Searching for <ignition-utils1> component [cli]
[0.400s] -- Looking for ignition-utils1-cli -- found version 1.5.1
[0.400s] -- Searching for dependencies of ignition-utils1-cli
[0.401s] -- Looking for ignition-msgs8 -- found version 8.7.0
[0.401s] -- Searching for dependencies of ignition-msgs8
[0.417s] -- Found Protobuf: /usr/lib/x86_64-linux-gnu/libprotobuf.so (found suitable version "3.12.4", minimum required is "3") 
[0.417s] -- Looking for ignition-math6 -- found version 6.15.1
[0.425s] -- Looking for ignition-rendering6 -- found version 6.6.3
[0.425s] -- Searching for dependencies of ignition-rendering6
[0.425s] -- Looking for ignition-math6 -- found version 6.15.1
[0.425s] -- Searching for dependencies of ignition-math6
[0.425s] -- Searching for <ignition-math6> component [eigen3]
[0.425s] -- Looking for ignition-math6-eigen3 -- found version 6.15.1
[0.425s] -- Searching for dependencies of ignition-math6-eigen3
[0.426s] -- Looking for ignition-common4 -- found version 4.7.0
[0.426s] -- Searching for dependencies of ignition-common4
[0.426s] -- Looking for dlfcn.h - found
[0.426s] -- Looking for libdl - found
[0.433s] -- Searching for <ignition-common4> component [graphics]
[0.433s] -- Looking for ignition-common4-graphics -- found version 4.7.0
[0.434s] -- Searching for dependencies of ignition-common4-graphics
[0.434s] -- Looking for ignition-math6 -- found version 6.15.1
[0.434s] -- Looking for ignition-utils1 -- found version 1.5.1
[0.434s] -- Searching for <ignition-common4> component [events]
[0.435s] -- Looking for ignition-common4-events -- found version 4.7.0
[0.435s] -- Searching for dependencies of ignition-common4-events
[0.435s] -- Looking for ignition-math6 -- found version 6.15.1
[0.436s] -- Looking for ignition-plugin1 -- found version 1.4.0
[0.436s] -- Searching for dependencies of ignition-plugin1
[0.436s] -- Searching for <ignition-plugin1> component [all]
[0.436s] -- Looking for all libraries of ignition-plugin1 -- found version 1.4.0
[0.437s] -- Looking for ignition-plugin1 -- found version 1.4.0
[0.438s] -- Looking for ignition-msgs8 -- found version 8.7.0
[0.440s] -- Looking for ignition-common4 -- found version 4.7.0
[0.473s] -- Added test 'cppcheck' to perform static code analysis on C / C++ code
[0.473s] -- Configured cppcheck include dirs: 
[0.473s] -- Configured cppcheck exclude dirs and/or files: 
[0.474s] -- Added test 'cpplint' to check C / C++ code against the Google style
[0.474s] -- Configured cpplint exclude dirs and/or files: 
[0.474s] -- Added test 'lint_cmake' to check CMake code style
[0.475s] -- Added test 'xmllint' to check XML markup files
[0.476s] -- Configuring done
[0.512s] -- Generating done
[0.513s] -- Build files have been written to: /home/ollie/ros2_ws/build/turtlebot4_ignition_gui_plugins
[0.519s] Invoked command in '/home/ollie/ros2_ws/build/turtlebot4_ignition_gui_plugins' returned '0': CMAKE_PREFIX_PATH=${CMAKE_PREFIX_PATH}:/home/ollie/ros2_ws/install/robot_vacuum_auto_recovery:/home/ollie/install/robot_vacuum_auto_recovery:/opt/ros/humble /usr/bin/cmake /home/ollie/ros2_ws/src/turtlebot4_ignition_gui_plugins -DAMENT_CMAKE_SYMLINK_INSTALL=1 -DCMAKE_INSTALL_PREFIX=/home/ollie/ros2_ws/install/turtlebot4_ignition_gui_plugins
[0.521s] Invoking command in '/home/ollie/ros2_ws/build/turtlebot4_ignition_gui_plugins': CMAKE_PREFIX_PATH=${CMAKE_PREFIX_PATH}:/home/ollie/ros2_ws/install/robot_vacuum_auto_recovery:/home/ollie/install/robot_vacuum_auto_recovery:/opt/ros/humble /usr/bin/cmake --build /home/ollie/ros2_ws/build/turtlebot4_ignition_gui_plugins -- -j16 -l16
[0.555s] [ 16%] [34m[1mAutomatic MOC for target Turtlebot4Hmi[0m
[0.570s] [ 16%] Built target Turtlebot4Hmi_autogen
[0.615s] [35m[1mConsolidate compiler generated dependencies of target Turtlebot4Hmi[0m
[0.637s] [100%] Built target Turtlebot4Hmi
[0.645s] Invoked command in '/home/ollie/ros2_ws/build/turtlebot4_ignition_gui_plugins' returned '0': CMAKE_PREFIX_PATH=${CMAKE_PREFIX_PATH}:/home/ollie/ros2_ws/install/robot_vacuum_auto_recovery:/home/ollie/install/robot_vacuum_auto_recovery:/opt/ros/humble /usr/bin/cmake --build /home/ollie/ros2_ws/build/turtlebot4_ignition_gui_plugins -- -j16 -l16
[0.669s] Invoking command in '/home/ollie/ros2_ws/build/turtlebot4_ignition_gui_plugins': CMAKE_PREFIX_PATH=${CMAKE_PREFIX_PATH}:/home/ollie/ros2_ws/install/robot_vacuum_auto_recovery:/home/ollie/install/robot_vacuum_auto_recovery:/opt/ros/humble /usr/bin/cmake --install /home/ollie/ros2_ws/build/turtlebot4_ignition_gui_plugins
[0.674s] -- Install configuration: ""
[0.674s] -- Execute custom install script
[0.674s] -- Symlinking: /home/ollie/ros2_ws/install/turtlebot4_ignition_gui_plugins/share/turtlebot4_ignition_gui_plugins/lib/libTurtlebot4Hmi.so
[0.681s] -- Symlinking: /home/ollie/ros2_ws/install/turtlebot4_ignition_gui_plugins/share/ament_index/resource_index/package_run_dependencies/turtlebot4_ignition_gui_plugins
[0.687s] -- Symlinking: /home/ollie/ros2_ws/install/turtlebot4_ignition_gui_plugins/share/ament_index/resource_index/parent_prefix_path/turtlebot4_ignition_gui_plugins
[0.693s] -- Symlinking: /home/ollie/ros2_ws/install/turtlebot4_ignition_gui_plugins/share/turtlebot4_ignition_gui_plugins/environment/ament_prefix_path.sh
[0.700s] -- Symlinking: /home/ollie/ros2_ws/install/turtlebot4_ignition_gui_plugins/share/turtlebot4_ignition_gui_plugins/environment/ament_prefix_path.dsv
[0.705s] -- Symlinking: /home/ollie/ros2_ws/install/turtlebot4_ignition_gui_plugins/share/turtlebot4_ignition_gui_plugins/environment/path.sh
[0.712s] -- Symlinking: /home/ollie/ros2_ws/install/turtlebot4_ignition_gui_plugins/share/turtlebot4_ignition_gui_plugins/environment/path.dsv
[0.718s] -- Symlinking: /home/ollie/ros2_ws/install/turtlebot4_ignition_gui_plugins/share/turtlebot4_ignition_gui_plugins/local_setup.bash
[0.724s] -- Symlinking: /home/ollie/ros2_ws/install/turtlebot4_ignition_gui_plugins/share/turtlebot4_ignition_gui_plugins/local_setup.sh
[0.730s] -- Symlinking: /home/ollie/ros2_ws/install/turtlebot4_ignition_gui_plugins/share/turtlebot4_ignition_gui_plugins/local_setup.zsh
[0.736s] -- Symlinking: /home/ollie/ros2_ws/install/turtlebot4_ignition_gui_plugins/share/turtlebot4_ignition_gui_plugins/local_setup.dsv
[0.743s] -- Symlinking: /home/ollie/ros2_ws/install/turtlebot4_ignition_gui_plugins/share/turtlebot4_ignition_gui_plugins/package.dsv
[0.749s] -- Symlinking: /home/ollie/ros2_ws/install/turtlebot4_ignition_gui_plugins/share/ament_index/resource_index/packages/turtlebot4_ignition_gui_plugins
[0.755s] -- Symlinking: /home/ollie/ros2_ws/install/turtlebot4_ignition_gui_plugins/share/turtlebot4_ignition_gui_plugins/cmake/turtlebot4_ignition_gui_pluginsConfig.cmake
[0.762s] -- Symlinking: /home/ollie/ros2_ws/install/turtlebot4_ignition_gui_plugins/share/turtlebot4_ignition_gui_plugins/cmake/turtlebot4_ignition_gui_pluginsConfig-version.cmake
[0.768s] -- Symlinking: /home/ollie/ros2_ws/install/turtlebot4_ignition_gui_plugins/share/turtlebot4_ignition_gui_plugins/package.xml
[0.776s] Invoked command in '/home/ollie/ros2_ws/build/turtlebot4_ignition_gui_plugins' returned '0': CMAKE_PREFIX_PATH=${CMAKE_PREFIX_PATH}:/home/ollie/ros2_ws/install/robot_vacuum_auto_recovery:/home/ollie/install/robot_vacuum_auto_recovery:/opt/ros/humble /usr/bin/cmake --install /home/ollie/ros2_ws/build/turtlebot4_ignition_gui_plugins
