running develop
Removing /home/ollie/ros2_ws/install/robot_vacuum_auto_recovery/lib/python3.10/site-packages/robot-vacuum-auto-recovery.egg-link (link to .)
running egg_info
writing ../../build/robot_vacuum_auto_recovery/robot_vacuum_auto_recovery.egg-info/PKG-INFO
writing dependency_links to ../../build/robot_vacuum_auto_recovery/robot_vacuum_auto_recovery.egg-info/dependency_links.txt
writing entry points to ../../build/robot_vacuum_auto_recovery/robot_vacuum_auto_recovery.egg-info/entry_points.txt
writing requirements to ../../build/robot_vacuum_auto_recovery/robot_vacuum_auto_recovery.egg-info/requires.txt
writing top-level names to ../../build/robot_vacuum_auto_recovery/robot_vacuum_auto_recovery.egg-info/top_level.txt
reading manifest file '../../build/robot_vacuum_auto_recovery/robot_vacuum_auto_recovery.egg-info/SOURCES.txt'
writing manifest file '../../build/robot_vacuum_auto_recovery/robot_vacuum_auto_recovery.egg-info/SOURCES.txt'
running build
running build_py
copying robot_vacuum_auto_recovery/test_node.py -> /home/ollie/ros2_ws/build/robot_vacuum_auto_recovery/build/lib/robot_vacuum_auto_recovery
running install
running install_lib
creating /home/ollie/ros2_ws/install/robot_vacuum_auto_recovery/lib/python3.10/site-packages/robot_vacuum_auto_recovery
copying /home/ollie/ros2_ws/build/robot_vacuum_auto_recovery/build/lib/robot_vacuum_auto_recovery/__init__.py -> /home/ollie/ros2_ws/install/robot_vacuum_auto_recovery/lib/python3.10/site-packages/robot_vacuum_auto_recovery
copying /home/ollie/ros2_ws/build/robot_vacuum_auto_recovery/build/lib/robot_vacuum_auto_recovery/test_node.py -> /home/ollie/ros2_ws/install/robot_vacuum_auto_recovery/lib/python3.10/site-packages/robot_vacuum_auto_recovery
byte-compiling /home/ollie/ros2_ws/install/robot_vacuum_auto_recovery/lib/python3.10/site-packages/robot_vacuum_auto_recovery/__init__.py to __init__.cpython-310.pyc
byte-compiling /home/ollie/ros2_ws/install/robot_vacuum_auto_recovery/lib/python3.10/site-packages/robot_vacuum_auto_recovery/test_node.py to test_node.cpython-310.pyc
running install_data
copying resource/robot_vacuum_auto_recovery -> /home/ollie/ros2_ws/install/robot_vacuum_auto_recovery/share/ament_index/resource_index/packages
copying package.xml -> /home/ollie/ros2_ws/install/robot_vacuum_auto_recovery/share/robot_vacuum_auto_recovery
running install_egg_info
Copying ../../build/robot_vacuum_auto_recovery/robot_vacuum_auto_recovery.egg-info to /home/ollie/ros2_ws/install/robot_vacuum_auto_recovery/lib/python3.10/site-packages/robot_vacuum_auto_recovery-0.0.0-py3.10.egg-info
running install_scripts
Installing button_press script to /home/ollie/ros2_ws/install/robot_vacuum_auto_recovery/lib/robot_vacuum_auto_recovery
writing list of installed files to '/home/ollie/ros2_ws/build/robot_vacuum_auto_recovery/install.log'
