[0.560s] Invoking command in '/home/ollie/ros2_ws/src/behavior_trees': PYTHONPATH=/home/ollie/ros2_ws/build/behavior_trees/prefix_override:/usr/lib/python3/dist-packages/colcon_core/task/python/colcon_distutils_commands:/home/ollie/ros2_ws/install/behavior_trees/lib/python3.10/site-packages: /usr/bin/python3 -W ignore:setup.py install is deprecated setup.py egg_info --egg-base ../../build/behavior_trees build --build-base /home/ollie/ros2_ws/build/behavior_trees/build install --record /home/ollie/ros2_ws/build/behavior_trees/install.log --single-version-externally-managed install_data
[0.696s] running egg_info
[0.696s] writing ../../build/behavior_trees/behavior_trees.egg-info/PKG-INFO
[0.696s] writing dependency_links to ../../build/behavior_trees/behavior_trees.egg-info/dependency_links.txt
[0.696s] writing entry points to ../../build/behavior_trees/behavior_trees.egg-info/entry_points.txt
[0.696s] writing requirements to ../../build/behavior_trees/behavior_trees.egg-info/requires.txt
[0.697s] writing top-level names to ../../build/behavior_trees/behavior_trees.egg-info/top_level.txt
[0.697s] reading manifest file '../../build/behavior_trees/behavior_trees.egg-info/SOURCES.txt'
[0.698s] writing manifest file '../../build/behavior_trees/behavior_trees.egg-info/SOURCES.txt'
[0.698s] running build
[0.698s] running build_py
[0.699s] copying behavior_trees/trees/perpendicular_alignment_to_doorway_and_speed.py -> /home/ollie/ros2_ws/build/behavior_trees/build/lib/behavior_trees/trees
[0.699s] running install
[0.699s] running install_lib
[0.700s] copying /home/ollie/ros2_ws/build/behavior_trees/build/lib/behavior_trees/trees/perpendicular_alignment_to_doorway_and_speed.py -> /home/ollie/ros2_ws/install/behavior_trees/lib/python3.10/site-packages/behavior_trees/trees
[0.701s] byte-compiling /home/ollie/ros2_ws/install/behavior_trees/lib/python3.10/site-packages/behavior_trees/trees/perpendicular_alignment_to_doorway_and_speed.py to perpendicular_alignment_to_doorway_and_speed.cpython-310.pyc
[0.701s] running install_data
[0.701s] running install_egg_info
[0.702s] removing '/home/ollie/ros2_ws/install/behavior_trees/lib/python3.10/site-packages/behavior_trees-0.0.0-py3.10.egg-info' (and everything under it)
[0.702s] Copying ../../build/behavior_trees/behavior_trees.egg-info to /home/ollie/ros2_ws/install/behavior_trees/lib/python3.10/site-packages/behavior_trees-0.0.0-py3.10.egg-info
[0.703s] running install_scripts
[0.717s] Installing test_behavior script to /home/ollie/ros2_ws/install/behavior_trees/lib/behavior_trees
[0.718s] Installing vacuum_planner script to /home/ollie/ros2_ws/install/behavior_trees/lib/behavior_trees
[0.718s] writing list of installed files to '/home/ollie/ros2_ws/build/behavior_trees/install.log'
[0.742s] Invoked command in '/home/ollie/ros2_ws/src/behavior_trees' returned '0': PYTHONPATH=/home/ollie/ros2_ws/build/behavior_trees/prefix_override:/usr/lib/python3/dist-packages/colcon_core/task/python/colcon_distutils_commands:/home/ollie/ros2_ws/install/behavior_trees/lib/python3.10/site-packages: /usr/bin/python3 -W ignore:setup.py install is deprecated setup.py egg_info --egg-base ../../build/behavior_trees build --build-base /home/ollie/ros2_ws/build/behavior_trees/build install --record /home/ollie/ros2_ws/build/behavior_trees/install.log --single-version-externally-managed install_data
