[0.071s] DEBUG:colcon:Command line arguments: ['/usr/bin/colcon', 'build', '--symlink-install']
[0.071s] DEBUG:colcon:Parsed command line arguments: Namespace(log_base=None, log_level=None, verb_name='build', build_base='build', install_base='install', merge_install=False, symlink_install=True, test_result_base=None, continue_on_error=False, executor='parallel', parallel_workers=16, event_handlers=None, ignore_user_meta=False, metas=['./colcon.meta'], base_paths=['.'], packages_ignore=None, packages_ignore_regex=None, paths=None, packages_up_to=None, packages_up_to_regex=None, packages_above=None, packages_above_and_dependencies=None, packages_above_depth=None, packages_select_by_dep=None, packages_skip_by_dep=None, packages_skip_up_to=None, packages_select_build_failed=False, packages_skip_build_finished=False, packages_select_test_failures=False, packages_skip_test_passed=False, packages_select=None, packages_skip=None, packages_select_regex=None, packages_skip_regex=None, packages_start=None, packages_end=None, allow_overriding=[], cmake_args=None, cmake_target=None, cmake_target_skip_unavailable=False, cmake_clean_cache=False, cmake_clean_first=False, cmake_force_configure=False, ament_cmake_args=None, catkin_cmake_args=None, catkin_skip_building_tests=False, mixin_files=None, mixin=None, verb_parser=<colcon_mixin.mixin.mixin_argument.MixinArgumentDecorator object at 0x7dc1bd2e6800>, verb_extension=<colcon_core.verb.build.BuildVerb object at 0x7dc1bd2e6260>, main=<bound method BuildVerb.main of <colcon_core.verb.build.BuildVerb object at 0x7dc1bd2e6260>>, mixin_verb=('build',))
[0.185s] Level 1:colcon.colcon_core.package_discovery:discover_packages(colcon_meta) check parameters
[0.185s] Level 1:colcon.colcon_core.package_discovery:discover_packages(recursive) check parameters
[0.185s] Level 1:colcon.colcon_core.package_discovery:discover_packages(ignore) check parameters
[0.185s] Level 1:colcon.colcon_core.package_discovery:discover_packages(path) check parameters
[0.185s] Level 1:colcon.colcon_core.package_discovery:discover_packages(colcon_meta) discover
[0.185s] Level 1:colcon.colcon_core.package_discovery:discover_packages(recursive) discover
[0.185s] INFO:colcon.colcon_core.package_discovery:Crawling recursively for packages in '/home/ollie/ros2_ws'
[0.185s] Level 1:colcon.colcon_core.package_identification:_identify(.) by extensions ['ignore', 'ignore_ament_install']
[0.185s] Level 1:colcon.colcon_core.package_identification:_identify(.) by extension 'ignore'
[0.185s] Level 1:colcon.colcon_core.package_identification:_identify(.) by extension 'ignore_ament_install'
[0.185s] Level 1:colcon.colcon_core.package_identification:_identify(.) by extensions ['colcon_pkg']
[0.185s] Level 1:colcon.colcon_core.package_identification:_identify(.) by extension 'colcon_pkg'
[0.185s] Level 1:colcon.colcon_core.package_identification:_identify(.) by extensions ['colcon_meta']
[0.185s] Level 1:colcon.colcon_core.package_identification:_identify(.) by extension 'colcon_meta'
[0.185s] Level 1:colcon.colcon_core.package_identification:_identify(.) by extensions ['ros']
[0.185s] Level 1:colcon.colcon_core.package_identification:_identify(.) by extension 'ros'
[0.192s] Level 1:colcon.colcon_core.package_identification:_identify(.) by extensions ['cmake', 'python']
[0.192s] Level 1:colcon.colcon_core.package_identification:_identify(.) by extension 'cmake'
[0.192s] Level 1:colcon.colcon_core.package_identification:_identify(.) by extension 'python'
[0.192s] Level 1:colcon.colcon_core.package_identification:_identify(.) by extensions ['python_setup_py']
[0.192s] Level 1:colcon.colcon_core.package_identification:_identify(.) by extension 'python_setup_py'
[0.192s] Level 1:colcon.colcon_core.package_identification:_identify(build) by extensions ['ignore', 'ignore_ament_install']
[0.192s] Level 1:colcon.colcon_core.package_identification:_identify(build) by extension 'ignore'
[0.192s] Level 1:colcon.colcon_core.package_identification:_identify(build) ignored
[0.192s] Level 1:colcon.colcon_core.package_identification:_identify(install) by extensions ['ignore', 'ignore_ament_install']
[0.192s] Level 1:colcon.colcon_core.package_identification:_identify(install) by extension 'ignore'
[0.193s] Level 1:colcon.colcon_core.package_identification:_identify(install) ignored
[0.193s] Level 1:colcon.colcon_core.package_identification:_identify(log) by extensions ['ignore', 'ignore_ament_install']
[0.193s] Level 1:colcon.colcon_core.package_identification:_identify(log) by extension 'ignore'
[0.193s] Level 1:colcon.colcon_core.package_identification:_identify(log) ignored
[0.193s] Level 1:colcon.colcon_core.package_identification:_identify(src) by extensions ['ignore', 'ignore_ament_install']
[0.193s] Level 1:colcon.colcon_core.package_identification:_identify(src) by extension 'ignore'
[0.193s] Level 1:colcon.colcon_core.package_identification:_identify(src) by extension 'ignore_ament_install'
[0.193s] Level 1:colcon.colcon_core.package_identification:_identify(src) by extensions ['colcon_pkg']
[0.193s] Level 1:colcon.colcon_core.package_identification:_identify(src) by extension 'colcon_pkg'
[0.193s] Level 1:colcon.colcon_core.package_identification:_identify(src) by extensions ['colcon_meta']
[0.193s] Level 1:colcon.colcon_core.package_identification:_identify(src) by extension 'colcon_meta'
[0.193s] Level 1:colcon.colcon_core.package_identification:_identify(src) by extensions ['ros']
[0.193s] Level 1:colcon.colcon_core.package_identification:_identify(src) by extension 'ros'
[0.193s] Level 1:colcon.colcon_core.package_identification:_identify(src) by extensions ['cmake', 'python']
[0.193s] Level 1:colcon.colcon_core.package_identification:_identify(src) by extension 'cmake'
[0.193s] Level 1:colcon.colcon_core.package_identification:_identify(src) by extension 'python'
[0.193s] Level 1:colcon.colcon_core.package_identification:_identify(src) by extensions ['python_setup_py']
[0.193s] Level 1:colcon.colcon_core.package_identification:_identify(src) by extension 'python_setup_py'
[0.193s] Level 1:colcon.colcon_core.package_identification:_identify(src/robot_vacuum_auto_recovery) by extensions ['ignore', 'ignore_ament_install']
[0.193s] Level 1:colcon.colcon_core.package_identification:_identify(src/robot_vacuum_auto_recovery) by extension 'ignore'
[0.193s] Level 1:colcon.colcon_core.package_identification:_identify(src/robot_vacuum_auto_recovery) by extension 'ignore_ament_install'
[0.193s] Level 1:colcon.colcon_core.package_identification:_identify(src/robot_vacuum_auto_recovery) by extensions ['colcon_pkg']
[0.193s] Level 1:colcon.colcon_core.package_identification:_identify(src/robot_vacuum_auto_recovery) by extension 'colcon_pkg'
[0.193s] Level 1:colcon.colcon_core.package_identification:_identify(src/robot_vacuum_auto_recovery) by extensions ['colcon_meta']
[0.193s] Level 1:colcon.colcon_core.package_identification:_identify(src/robot_vacuum_auto_recovery) by extension 'colcon_meta'
[0.193s] Level 1:colcon.colcon_core.package_identification:_identify(src/robot_vacuum_auto_recovery) by extensions ['ros']
[0.193s] Level 1:colcon.colcon_core.package_identification:_identify(src/robot_vacuum_auto_recovery) by extension 'ros'
[0.195s] DEBUG:colcon.colcon_core.package_identification:Package 'src/robot_vacuum_auto_recovery' with type 'ros.ament_python' and name 'robot_vacuum_auto_recovery'
[0.195s] Level 1:colcon.colcon_core.package_identification:_identify(src/turtlebot4_ignition_bringup) by extensions ['ignore', 'ignore_ament_install']
[0.195s] Level 1:colcon.colcon_core.package_identification:_identify(src/turtlebot4_ignition_bringup) by extension 'ignore'
[0.195s] Level 1:colcon.colcon_core.package_identification:_identify(src/turtlebot4_ignition_bringup) by extension 'ignore_ament_install'
[0.195s] Level 1:colcon.colcon_core.package_identification:_identify(src/turtlebot4_ignition_bringup) by extensions ['colcon_pkg']
[0.195s] Level 1:colcon.colcon_core.package_identification:_identify(src/turtlebot4_ignition_bringup) by extension 'colcon_pkg'
[0.195s] Level 1:colcon.colcon_core.package_identification:_identify(src/turtlebot4_ignition_bringup) by extensions ['colcon_meta']
[0.195s] Level 1:colcon.colcon_core.package_identification:_identify(src/turtlebot4_ignition_bringup) by extension 'colcon_meta'
[0.195s] Level 1:colcon.colcon_core.package_identification:_identify(src/turtlebot4_ignition_bringup) by extensions ['ros']
[0.195s] Level 1:colcon.colcon_core.package_identification:_identify(src/turtlebot4_ignition_bringup) by extension 'ros'
[0.196s] DEBUG:colcon.colcon_core.package_identification:Package 'src/turtlebot4_ignition_bringup' with type 'ros.ament_cmake' and name 'turtlebot4_ignition_bringup'
[0.196s] Level 1:colcon.colcon_core.package_identification:_identify(src/turtlebot4_ignition_gui_plugins) by extensions ['ignore', 'ignore_ament_install']
[0.196s] Level 1:colcon.colcon_core.package_identification:_identify(src/turtlebot4_ignition_gui_plugins) by extension 'ignore'
[0.197s] Level 1:colcon.colcon_core.package_identification:_identify(src/turtlebot4_ignition_gui_plugins) by extension 'ignore_ament_install'
[0.197s] Level 1:colcon.colcon_core.package_identification:_identify(src/turtlebot4_ignition_gui_plugins) by extensions ['colcon_pkg']
[0.197s] Level 1:colcon.colcon_core.package_identification:_identify(src/turtlebot4_ignition_gui_plugins) by extension 'colcon_pkg'
[0.197s] Level 1:colcon.colcon_core.package_identification:_identify(src/turtlebot4_ignition_gui_plugins) by extensions ['colcon_meta']
[0.197s] Level 1:colcon.colcon_core.package_identification:_identify(src/turtlebot4_ignition_gui_plugins) by extension 'colcon_meta'
[0.197s] Level 1:colcon.colcon_core.package_identification:_identify(src/turtlebot4_ignition_gui_plugins) by extensions ['ros']
[0.197s] Level 1:colcon.colcon_core.package_identification:_identify(src/turtlebot4_ignition_gui_plugins) by extension 'ros'
[0.197s] DEBUG:colcon.colcon_core.package_identification:Package 'src/turtlebot4_ignition_gui_plugins' with type 'ros.ament_cmake' and name 'turtlebot4_ignition_gui_plugins'
[0.197s] Level 1:colcon.colcon_core.package_identification:_identify(src/turtlebot4_ignition_toolbox) by extensions ['ignore', 'ignore_ament_install']
[0.197s] Level 1:colcon.colcon_core.package_identification:_identify(src/turtlebot4_ignition_toolbox) by extension 'ignore'
[0.197s] Level 1:colcon.colcon_core.package_identification:_identify(src/turtlebot4_ignition_toolbox) by extension 'ignore_ament_install'
[0.197s] Level 1:colcon.colcon_core.package_identification:_identify(src/turtlebot4_ignition_toolbox) by extensions ['colcon_pkg']
[0.197s] Level 1:colcon.colcon_core.package_identification:_identify(src/turtlebot4_ignition_toolbox) by extension 'colcon_pkg'
[0.197s] Level 1:colcon.colcon_core.package_identification:_identify(src/turtlebot4_ignition_toolbox) by extensions ['colcon_meta']
[0.197s] Level 1:colcon.colcon_core.package_identification:_identify(src/turtlebot4_ignition_toolbox) by extension 'colcon_meta'
[0.197s] Level 1:colcon.colcon_core.package_identification:_identify(src/turtlebot4_ignition_toolbox) by extensions ['ros']
[0.197s] Level 1:colcon.colcon_core.package_identification:_identify(src/turtlebot4_ignition_toolbox) by extension 'ros'
[0.198s] DEBUG:colcon.colcon_core.package_identification:Package 'src/turtlebot4_ignition_toolbox' with type 'ros.ament_cmake' and name 'turtlebot4_ignition_toolbox'
[0.198s] Level 1:colcon.colcon_core.package_identification:_identify(src/turtlebot4_simulator) by extensions ['ignore', 'ignore_ament_install']
[0.198s] Level 1:colcon.colcon_core.package_identification:_identify(src/turtlebot4_simulator) by extension 'ignore'
[0.198s] Level 1:colcon.colcon_core.package_identification:_identify(src/turtlebot4_simulator) by extension 'ignore_ament_install'
[0.198s] Level 1:colcon.colcon_core.package_identification:_identify(src/turtlebot4_simulator) by extensions ['colcon_pkg']
[0.198s] Level 1:colcon.colcon_core.package_identification:_identify(src/turtlebot4_simulator) by extension 'colcon_pkg'
[0.198s] Level 1:colcon.colcon_core.package_identification:_identify(src/turtlebot4_simulator) by extensions ['colcon_meta']
[0.198s] Level 1:colcon.colcon_core.package_identification:_identify(src/turtlebot4_simulator) by extension 'colcon_meta'
[0.198s] Level 1:colcon.colcon_core.package_identification:_identify(src/turtlebot4_simulator) by extensions ['ros']
[0.198s] Level 1:colcon.colcon_core.package_identification:_identify(src/turtlebot4_simulator) by extension 'ros'
[0.198s] DEBUG:colcon.colcon_core.package_identification:Package 'src/turtlebot4_simulator' with type 'ros.ament_cmake' and name 'turtlebot4_simulator'
[0.198s] Level 1:colcon.colcon_core.package_discovery:discover_packages(recursive) using defaults
[0.199s] Level 1:colcon.colcon_core.package_discovery:discover_packages(ignore) discover
[0.199s] Level 1:colcon.colcon_core.package_discovery:discover_packages(ignore) using defaults
[0.199s] Level 1:colcon.colcon_core.package_discovery:discover_packages(path) discover
[0.199s] Level 1:colcon.colcon_core.package_discovery:discover_packages(path) using defaults
[0.216s] Level 1:colcon.colcon_core.package_discovery:discover_packages(prefix_path) check parameters
[0.216s] Level 1:colcon.colcon_core.package_discovery:discover_packages(prefix_path) discover
[0.217s] DEBUG:colcon.colcon_installed_package_information.package_discovery:Found 5 installed packages in /home/ollie/ros2_ws/install
[0.217s] DEBUG:colcon.colcon_installed_package_information.package_discovery:Found 5 installed packages in /home/ollie/install
[0.219s] DEBUG:colcon.colcon_installed_package_information.package_discovery:Found 378 installed packages in /opt/ros/humble
[0.220s] Level 1:colcon.colcon_core.package_discovery:discover_packages(prefix_path) using defaults
[0.250s] Level 5:colcon.colcon_core.verb:set package 'robot_vacuum_auto_recovery' build argument 'cmake_args' from command line to 'None'
[0.250s] Level 5:colcon.colcon_core.verb:set package 'robot_vacuum_auto_recovery' build argument 'cmake_target' from command line to 'None'
[0.250s] Level 5:colcon.colcon_core.verb:set package 'robot_vacuum_auto_recovery' build argument 'cmake_target_skip_unavailable' from command line to 'False'
[0.250s] Level 5:colcon.colcon_core.verb:set package 'robot_vacuum_auto_recovery' build argument 'cmake_clean_cache' from command line to 'False'
[0.250s] Level 5:colcon.colcon_core.verb:set package 'robot_vacuum_auto_recovery' build argument 'cmake_clean_first' from command line to 'False'
[0.250s] Level 5:colcon.colcon_core.verb:set package 'robot_vacuum_auto_recovery' build argument 'cmake_force_configure' from command line to 'False'
[0.250s] Level 5:colcon.colcon_core.verb:set package 'robot_vacuum_auto_recovery' build argument 'ament_cmake_args' from command line to 'None'
[0.250s] Level 5:colcon.colcon_core.verb:set package 'robot_vacuum_auto_recovery' build argument 'catkin_cmake_args' from command line to 'None'
[0.250s] Level 5:colcon.colcon_core.verb:set package 'robot_vacuum_auto_recovery' build argument 'catkin_skip_building_tests' from command line to 'False'
[0.250s] DEBUG:colcon.colcon_core.verb:Building package 'robot_vacuum_auto_recovery' with the following arguments: {'ament_cmake_args': None, 'build_base': '/home/ollie/ros2_ws/build/robot_vacuum_auto_recovery', 'catkin_cmake_args': None, 'catkin_skip_building_tests': False, 'cmake_args': None, 'cmake_clean_cache': False, 'cmake_clean_first': False, 'cmake_force_configure': False, 'cmake_target': None, 'cmake_target_skip_unavailable': False, 'install_base': '/home/ollie/ros2_ws/install/robot_vacuum_auto_recovery', 'merge_install': False, 'path': '/home/ollie/ros2_ws/src/robot_vacuum_auto_recovery', 'symlink_install': True, 'test_result_base': None}
[0.250s] Level 5:colcon.colcon_core.verb:set package 'turtlebot4_ignition_gui_plugins' build argument 'cmake_args' from command line to 'None'
[0.250s] Level 5:colcon.colcon_core.verb:set package 'turtlebot4_ignition_gui_plugins' build argument 'cmake_target' from command line to 'None'
[0.250s] Level 5:colcon.colcon_core.verb:set package 'turtlebot4_ignition_gui_plugins' build argument 'cmake_target_skip_unavailable' from command line to 'False'
[0.250s] Level 5:colcon.colcon_core.verb:set package 'turtlebot4_ignition_gui_plugins' build argument 'cmake_clean_cache' from command line to 'False'
[0.250s] Level 5:colcon.colcon_core.verb:set package 'turtlebot4_ignition_gui_plugins' build argument 'cmake_clean_first' from command line to 'False'
[0.250s] Level 5:colcon.colcon_core.verb:set package 'turtlebot4_ignition_gui_plugins' build argument 'cmake_force_configure' from command line to 'False'
[0.250s] Level 5:colcon.colcon_core.verb:set package 'turtlebot4_ignition_gui_plugins' build argument 'ament_cmake_args' from command line to 'None'
[0.250s] Level 5:colcon.colcon_core.verb:set package 'turtlebot4_ignition_gui_plugins' build argument 'catkin_cmake_args' from command line to 'None'
[0.250s] Level 5:colcon.colcon_core.verb:set package 'turtlebot4_ignition_gui_plugins' build argument 'catkin_skip_building_tests' from command line to 'False'
[0.250s] DEBUG:colcon.colcon_core.verb:Building package 'turtlebot4_ignition_gui_plugins' with the following arguments: {'ament_cmake_args': None, 'build_base': '/home/ollie/ros2_ws/build/turtlebot4_ignition_gui_plugins', 'catkin_cmake_args': None, 'catkin_skip_building_tests': False, 'cmake_args': None, 'cmake_clean_cache': False, 'cmake_clean_first': False, 'cmake_force_configure': False, 'cmake_target': None, 'cmake_target_skip_unavailable': False, 'install_base': '/home/ollie/ros2_ws/install/turtlebot4_ignition_gui_plugins', 'merge_install': False, 'path': '/home/ollie/ros2_ws/src/turtlebot4_ignition_gui_plugins', 'symlink_install': True, 'test_result_base': None}
[0.251s] Level 5:colcon.colcon_core.verb:set package 'turtlebot4_ignition_toolbox' build argument 'cmake_args' from command line to 'None'
[0.251s] Level 5:colcon.colcon_core.verb:set package 'turtlebot4_ignition_toolbox' build argument 'cmake_target' from command line to 'None'
[0.251s] Level 5:colcon.colcon_core.verb:set package 'turtlebot4_ignition_toolbox' build argument 'cmake_target_skip_unavailable' from command line to 'False'
[0.251s] Level 5:colcon.colcon_core.verb:set package 'turtlebot4_ignition_toolbox' build argument 'cmake_clean_cache' from command line to 'False'
[0.251s] Level 5:colcon.colcon_core.verb:set package 'turtlebot4_ignition_toolbox' build argument 'cmake_clean_first' from command line to 'False'
[0.251s] Level 5:colcon.colcon_core.verb:set package 'turtlebot4_ignition_toolbox' build argument 'cmake_force_configure' from command line to 'False'
[0.251s] Level 5:colcon.colcon_core.verb:set package 'turtlebot4_ignition_toolbox' build argument 'ament_cmake_args' from command line to 'None'
[0.251s] Level 5:colcon.colcon_core.verb:set package 'turtlebot4_ignition_toolbox' build argument 'catkin_cmake_args' from command line to 'None'
[0.251s] Level 5:colcon.colcon_core.verb:set package 'turtlebot4_ignition_toolbox' build argument 'catkin_skip_building_tests' from command line to 'False'
[0.251s] DEBUG:colcon.colcon_core.verb:Building package 'turtlebot4_ignition_toolbox' with the following arguments: {'ament_cmake_args': None, 'build_base': '/home/ollie/ros2_ws/build/turtlebot4_ignition_toolbox', 'catkin_cmake_args': None, 'catkin_skip_building_tests': False, 'cmake_args': None, 'cmake_clean_cache': False, 'cmake_clean_first': False, 'cmake_force_configure': False, 'cmake_target': None, 'cmake_target_skip_unavailable': False, 'install_base': '/home/ollie/ros2_ws/install/turtlebot4_ignition_toolbox', 'merge_install': False, 'path': '/home/ollie/ros2_ws/src/turtlebot4_ignition_toolbox', 'symlink_install': True, 'test_result_base': None}
[0.251s] Level 5:colcon.colcon_core.verb:set package 'turtlebot4_ignition_bringup' build argument 'cmake_args' from command line to 'None'
[0.251s] Level 5:colcon.colcon_core.verb:set package 'turtlebot4_ignition_bringup' build argument 'cmake_target' from command line to 'None'
[0.251s] Level 5:colcon.colcon_core.verb:set package 'turtlebot4_ignition_bringup' build argument 'cmake_target_skip_unavailable' from command line to 'False'
[0.251s] Level 5:colcon.colcon_core.verb:set package 'turtlebot4_ignition_bringup' build argument 'cmake_clean_cache' from command line to 'False'
[0.251s] Level 5:colcon.colcon_core.verb:set package 'turtlebot4_ignition_bringup' build argument 'cmake_clean_first' from command line to 'False'
[0.251s] Level 5:colcon.colcon_core.verb:set package 'turtlebot4_ignition_bringup' build argument 'cmake_force_configure' from command line to 'False'
[0.251s] Level 5:colcon.colcon_core.verb:set package 'turtlebot4_ignition_bringup' build argument 'ament_cmake_args' from command line to 'None'
[0.251s] Level 5:colcon.colcon_core.verb:set package 'turtlebot4_ignition_bringup' build argument 'catkin_cmake_args' from command line to 'None'
[0.251s] Level 5:colcon.colcon_core.verb:set package 'turtlebot4_ignition_bringup' build argument 'catkin_skip_building_tests' from command line to 'False'
[0.251s] DEBUG:colcon.colcon_core.verb:Building package 'turtlebot4_ignition_bringup' with the following arguments: {'ament_cmake_args': None, 'build_base': '/home/ollie/ros2_ws/build/turtlebot4_ignition_bringup', 'catkin_cmake_args': None, 'catkin_skip_building_tests': False, 'cmake_args': None, 'cmake_clean_cache': False, 'cmake_clean_first': False, 'cmake_force_configure': False, 'cmake_target': None, 'cmake_target_skip_unavailable': False, 'install_base': '/home/ollie/ros2_ws/install/turtlebot4_ignition_bringup', 'merge_install': False, 'path': '/home/ollie/ros2_ws/src/turtlebot4_ignition_bringup', 'symlink_install': True, 'test_result_base': None}
[0.251s] Level 5:colcon.colcon_core.verb:set package 'turtlebot4_simulator' build argument 'cmake_args' from command line to 'None'
[0.251s] Level 5:colcon.colcon_core.verb:set package 'turtlebot4_simulator' build argument 'cmake_target' from command line to 'None'
[0.251s] Level 5:colcon.colcon_core.verb:set package 'turtlebot4_simulator' build argument 'cmake_target_skip_unavailable' from command line to 'False'
[0.251s] Level 5:colcon.colcon_core.verb:set package 'turtlebot4_simulator' build argument 'cmake_clean_cache' from command line to 'False'
[0.252s] Level 5:colcon.colcon_core.verb:set package 'turtlebot4_simulator' build argument 'cmake_clean_first' from command line to 'False'
[0.252s] Level 5:colcon.colcon_core.verb:set package 'turtlebot4_simulator' build argument 'cmake_force_configure' from command line to 'False'
[0.252s] Level 5:colcon.colcon_core.verb:set package 'turtlebot4_simulator' build argument 'ament_cmake_args' from command line to 'None'
[0.252s] Level 5:colcon.colcon_core.verb:set package 'turtlebot4_simulator' build argument 'catkin_cmake_args' from command line to 'None'
[0.252s] Level 5:colcon.colcon_core.verb:set package 'turtlebot4_simulator' build argument 'catkin_skip_building_tests' from command line to 'False'
[0.252s] DEBUG:colcon.colcon_core.verb:Building package 'turtlebot4_simulator' with the following arguments: {'ament_cmake_args': None, 'build_base': '/home/ollie/ros2_ws/build/turtlebot4_simulator', 'catkin_cmake_args': None, 'catkin_skip_building_tests': False, 'cmake_args': None, 'cmake_clean_cache': False, 'cmake_clean_first': False, 'cmake_force_configure': False, 'cmake_target': None, 'cmake_target_skip_unavailable': False, 'install_base': '/home/ollie/ros2_ws/install/turtlebot4_simulator', 'merge_install': False, 'path': '/home/ollie/ros2_ws/src/turtlebot4_simulator', 'symlink_install': True, 'test_result_base': None}
[0.252s] INFO:colcon.colcon_core.executor:Executing jobs using 'parallel' executor
[0.252s] DEBUG:colcon.colcon_parallel_executor.executor.parallel:run_until_complete
[0.252s] INFO:colcon.colcon_ros.task.ament_cmake.build:Building ROS package in '/home/ollie/ros2_ws/src/turtlebot4_ignition_gui_plugins' with build type 'ament_cmake'
[0.253s] INFO:colcon.colcon_cmake.task.cmake.build:Building CMake package in '/home/ollie/ros2_ws/src/turtlebot4_ignition_gui_plugins'
[0.254s] INFO:colcon.colcon_core.plugin_system:Skipping extension 'colcon_core.shell.bat': Not used on non-Windows systems
[0.254s] INFO:colcon.colcon_core.shell:Skip shell extension 'powershell' for command environment: Not usable outside of PowerShell
[0.254s] DEBUG:colcon.colcon_core.shell:Skip shell extension 'dsv' for command environment
[0.257s] INFO:colcon.colcon_ros.task.ament_cmake.build:Building ROS package in '/home/ollie/ros2_ws/src/turtlebot4_ignition_toolbox' with build type 'ament_cmake'
[0.257s] INFO:colcon.colcon_cmake.task.cmake.build:Building CMake package in '/home/ollie/ros2_ws/src/turtlebot4_ignition_toolbox'
[0.257s] INFO:colcon.colcon_core.shell:Skip shell extension 'powershell' for command environment: Not usable outside of PowerShell
[0.257s] DEBUG:colcon.colcon_core.shell:Skip shell extension 'dsv' for command environment
[0.260s] INFO:colcon.colcon_ros.task.ament_python.build:Building ROS package in '/home/ollie/ros2_ws/src/robot_vacuum_auto_recovery' with build type 'ament_python'
[0.260s] Level 1:colcon.colcon_core.shell:create_environment_hook('robot_vacuum_auto_recovery', 'ament_prefix_path')
[0.260s] INFO:colcon.colcon_core.shell:Creating environment hook '/home/ollie/ros2_ws/install/robot_vacuum_auto_recovery/share/robot_vacuum_auto_recovery/hook/ament_prefix_path.ps1'
[0.261s] INFO:colcon.colcon_core.shell:Creating environment descriptor '/home/ollie/ros2_ws/install/robot_vacuum_auto_recovery/share/robot_vacuum_auto_recovery/hook/ament_prefix_path.dsv'
[0.261s] INFO:colcon.colcon_core.shell:Creating environment hook '/home/ollie/ros2_ws/install/robot_vacuum_auto_recovery/share/robot_vacuum_auto_recovery/hook/ament_prefix_path.sh'
[0.261s] INFO:colcon.colcon_core.shell:Skip shell extension 'powershell' for command environment: Not usable outside of PowerShell
[0.261s] DEBUG:colcon.colcon_core.shell:Skip shell extension 'dsv' for command environment
[0.267s] DEBUG:colcon.colcon_core.event_handler.log_command:Invoking command in '/home/ollie/ros2_ws/build/turtlebot4_ignition_gui_plugins': CMAKE_PREFIX_PATH=${CMAKE_PREFIX_PATH}:/home/ollie/ros2_ws/install/robot_vacuum_auto_recovery:/home/ollie/install/robot_vacuum_auto_recovery:/opt/ros/humble /usr/bin/cmake /home/ollie/ros2_ws/src/turtlebot4_ignition_gui_plugins -DAMENT_CMAKE_SYMLINK_INSTALL=1 -DCMAKE_INSTALL_PREFIX=/home/ollie/ros2_ws/install/turtlebot4_ignition_gui_plugins
[0.269s] DEBUG:colcon.colcon_core.event_handler.log_command:Invoking command in '/home/ollie/ros2_ws/build/turtlebot4_ignition_toolbox': CMAKE_PREFIX_PATH=${CMAKE_PREFIX_PATH}:/home/ollie/ros2_ws/install/robot_vacuum_auto_recovery:/home/ollie/install/robot_vacuum_auto_recovery:/opt/ros/humble /usr/bin/cmake /home/ollie/ros2_ws/src/turtlebot4_ignition_toolbox -DAMENT_CMAKE_SYMLINK_INSTALL=1 -DCMAKE_INSTALL_PREFIX=/home/ollie/ros2_ws/install/turtlebot4_ignition_toolbox
[0.439s] INFO:colcon.colcon_core.task.python.build:Building Python package in '/home/ollie/ros2_ws/src/robot_vacuum_auto_recovery'
[0.439s] INFO:colcon.colcon_core.shell:Skip shell extension 'powershell' for command environment: Not usable outside of PowerShell
[0.439s] DEBUG:colcon.colcon_core.shell:Skip shell extension 'dsv' for command environment
[0.676s] DEBUG:colcon.colcon_core.task.python.build:While undoing a previous installation files outside the Python library path are being ignored: /home/ollie/ros2_ws/install/robot_vacuum_auto_recovery/share/ament_index/resource_index/packages/robot_vacuum_auto_recovery
[0.676s] DEBUG:colcon.colcon_core.task.python.build:While undoing a previous installation files outside the Python library path are being ignored: /home/ollie/ros2_ws/install/robot_vacuum_auto_recovery/share/robot_vacuum_auto_recovery/package.xml
[0.678s] DEBUG:colcon.colcon_core.event_handler.log_command:Invoking command in '/home/ollie/ros2_ws/build/robot_vacuum_auto_recovery': PYTHONPATH=/home/ollie/ros2_ws/build/robot_vacuum_auto_recovery/prefix_override:/home/ollie/ros2_ws/install/robot_vacuum_auto_recovery/lib/python3.10/site-packages:${PYTHONPATH} /usr/bin/python3 -W ignore:setup.py install is deprecated setup.py develop --editable --build-directory /home/ollie/ros2_ws/build/robot_vacuum_auto_recovery/build --no-deps symlink_data --force
[0.772s] DEBUG:colcon.colcon_core.event_handler.log_command:Invoked command in '/home/ollie/ros2_ws/build/turtlebot4_ignition_gui_plugins' returned '0': CMAKE_PREFIX_PATH=${CMAKE_PREFIX_PATH}:/home/ollie/ros2_ws/install/robot_vacuum_auto_recovery:/home/ollie/install/robot_vacuum_auto_recovery:/opt/ros/humble /usr/bin/cmake /home/ollie/ros2_ws/src/turtlebot4_ignition_gui_plugins -DAMENT_CMAKE_SYMLINK_INSTALL=1 -DCMAKE_INSTALL_PREFIX=/home/ollie/ros2_ws/install/turtlebot4_ignition_gui_plugins
[0.773s] DEBUG:colcon.colcon_core.event_handler.log_command:Invoking command in '/home/ollie/ros2_ws/build/turtlebot4_ignition_gui_plugins': CMAKE_PREFIX_PATH=${CMAKE_PREFIX_PATH}:/home/ollie/ros2_ws/install/robot_vacuum_auto_recovery:/home/ollie/install/robot_vacuum_auto_recovery:/opt/ros/humble /usr/bin/cmake --build /home/ollie/ros2_ws/build/turtlebot4_ignition_gui_plugins -- -j16 -l16
[0.897s] DEBUG:colcon.colcon_core.event_handler.log_command:Invoked command in '/home/ollie/ros2_ws/build/turtlebot4_ignition_gui_plugins' returned '0': CMAKE_PREFIX_PATH=${CMAKE_PREFIX_PATH}:/home/ollie/ros2_ws/install/robot_vacuum_auto_recovery:/home/ollie/install/robot_vacuum_auto_recovery:/opt/ros/humble /usr/bin/cmake --build /home/ollie/ros2_ws/build/turtlebot4_ignition_gui_plugins -- -j16 -l16
[0.922s] DEBUG:colcon.colcon_core.event_handler.log_command:Invoking command in '/home/ollie/ros2_ws/build/turtlebot4_ignition_gui_plugins': CMAKE_PREFIX_PATH=${CMAKE_PREFIX_PATH}:/home/ollie/ros2_ws/install/robot_vacuum_auto_recovery:/home/ollie/install/robot_vacuum_auto_recovery:/opt/ros/humble /usr/bin/cmake --install /home/ollie/ros2_ws/build/turtlebot4_ignition_gui_plugins
[0.952s] DEBUG:colcon.colcon_core.event_handler.log_command:Invoked command in '/home/ollie/ros2_ws/build/turtlebot4_ignition_toolbox' returned '0': CMAKE_PREFIX_PATH=${CMAKE_PREFIX_PATH}:/home/ollie/ros2_ws/install/robot_vacuum_auto_recovery:/home/ollie/install/robot_vacuum_auto_recovery:/opt/ros/humble /usr/bin/cmake /home/ollie/ros2_ws/src/turtlebot4_ignition_toolbox -DAMENT_CMAKE_SYMLINK_INSTALL=1 -DCMAKE_INSTALL_PREFIX=/home/ollie/ros2_ws/install/turtlebot4_ignition_toolbox
[0.953s] DEBUG:colcon.colcon_core.event_handler.log_command:Invoking command in '/home/ollie/ros2_ws/build/turtlebot4_ignition_toolbox': CMAKE_PREFIX_PATH=${CMAKE_PREFIX_PATH}:/home/ollie/ros2_ws/install/robot_vacuum_auto_recovery:/home/ollie/install/robot_vacuum_auto_recovery:/opt/ros/humble /usr/bin/cmake --build /home/ollie/ros2_ws/build/turtlebot4_ignition_toolbox -- -j16 -l16
[1.001s] Level 1:colcon.colcon_core.shell:create_environment_hook('robot_vacuum_auto_recovery', 'pythonpath_develop')
[1.001s] INFO:colcon.colcon_core.shell:Creating environment hook '/home/ollie/ros2_ws/build/robot_vacuum_auto_recovery/share/robot_vacuum_auto_recovery/hook/pythonpath_develop.ps1'
[1.002s] DEBUG:colcon.colcon_core.event_handler.log_command:Invoked command in '/home/ollie/ros2_ws/build/robot_vacuum_auto_recovery' returned '0': PYTHONPATH=/home/ollie/ros2_ws/build/robot_vacuum_auto_recovery/prefix_override:/home/ollie/ros2_ws/install/robot_vacuum_auto_recovery/lib/python3.10/site-packages:${PYTHONPATH} /usr/bin/python3 -W ignore:setup.py install is deprecated setup.py develop --editable --build-directory /home/ollie/ros2_ws/build/robot_vacuum_auto_recovery/build --no-deps symlink_data --force
[1.002s] INFO:colcon.colcon_core.shell:Creating environment descriptor '/home/ollie/ros2_ws/build/robot_vacuum_auto_recovery/share/robot_vacuum_auto_recovery/hook/pythonpath_develop.dsv'
[1.002s] INFO:colcon.colcon_core.shell:Creating environment hook '/home/ollie/ros2_ws/build/robot_vacuum_auto_recovery/share/robot_vacuum_auto_recovery/hook/pythonpath_develop.sh'
[1.004s] Level 1:colcon.colcon_core.environment:checking '/home/ollie/ros2_ws/install/robot_vacuum_auto_recovery' for CMake module files
[1.004s] Level 1:colcon.colcon_core.environment:checking '/home/ollie/ros2_ws/install/robot_vacuum_auto_recovery' for CMake config files
[1.005s] Level 1:colcon.colcon_core.environment:checking '/home/ollie/ros2_ws/install/robot_vacuum_auto_recovery/lib'
[1.005s] Level 1:colcon.colcon_core.environment:checking '/home/ollie/ros2_ws/install/robot_vacuum_auto_recovery/bin'
[1.005s] Level 1:colcon.colcon_core.environment:checking '/home/ollie/ros2_ws/install/robot_vacuum_auto_recovery/lib/pkgconfig/robot_vacuum_auto_recovery.pc'
[1.005s] Level 1:colcon.colcon_core.environment:checking '/home/ollie/ros2_ws/install/robot_vacuum_auto_recovery/lib/python3.10/site-packages'
[1.005s] Level 1:colcon.colcon_core.shell:create_environment_hook('robot_vacuum_auto_recovery', 'pythonpath')
[1.005s] INFO:colcon.colcon_core.shell:Creating environment hook '/home/ollie/ros2_ws/install/robot_vacuum_auto_recovery/share/robot_vacuum_auto_recovery/hook/pythonpath.ps1'
[1.006s] INFO:colcon.colcon_core.shell:Creating environment descriptor '/home/ollie/ros2_ws/install/robot_vacuum_auto_recovery/share/robot_vacuum_auto_recovery/hook/pythonpath.dsv'
[1.006s] INFO:colcon.colcon_core.shell:Creating environment hook '/home/ollie/ros2_ws/install/robot_vacuum_auto_recovery/share/robot_vacuum_auto_recovery/hook/pythonpath.sh'
[1.006s] Level 1:colcon.colcon_core.environment:checking '/home/ollie/ros2_ws/install/robot_vacuum_auto_recovery/bin'
[1.006s] Level 1:colcon.colcon_core.environment:create_environment_scripts_only(robot_vacuum_auto_recovery)
[1.006s] INFO:colcon.colcon_core.shell:Creating package script '/home/ollie/ros2_ws/install/robot_vacuum_auto_recovery/share/robot_vacuum_auto_recovery/package.ps1'
[1.007s] INFO:colcon.colcon_core.shell:Creating package descriptor '/home/ollie/ros2_ws/install/robot_vacuum_auto_recovery/share/robot_vacuum_auto_recovery/package.dsv'
[1.007s] INFO:colcon.colcon_core.shell:Creating package script '/home/ollie/ros2_ws/install/robot_vacuum_auto_recovery/share/robot_vacuum_auto_recovery/package.sh'
[1.008s] INFO:colcon.colcon_core.shell:Creating package script '/home/ollie/ros2_ws/install/robot_vacuum_auto_recovery/share/robot_vacuum_auto_recovery/package.bash'
[1.008s] INFO:colcon.colcon_core.shell:Creating package script '/home/ollie/ros2_ws/install/robot_vacuum_auto_recovery/share/robot_vacuum_auto_recovery/package.zsh'
[1.009s] Level 1:colcon.colcon_core.environment:create_file_with_runtime_dependencies(/home/ollie/ros2_ws/install/robot_vacuum_auto_recovery/share/colcon-core/packages/robot_vacuum_auto_recovery)
[1.028s] Level 1:colcon.colcon_core.environment:create_environment_scripts_only(turtlebot4_ignition_gui_plugins)
[1.028s] Level 1:colcon.colcon_core.environment:checking '/home/ollie/ros2_ws/install/turtlebot4_ignition_gui_plugins' for CMake module files
[1.028s] DEBUG:colcon.colcon_core.event_handler.log_command:Invoked command in '/home/ollie/ros2_ws/build/turtlebot4_ignition_gui_plugins' returned '0': CMAKE_PREFIX_PATH=${CMAKE_PREFIX_PATH}:/home/ollie/ros2_ws/install/robot_vacuum_auto_recovery:/home/ollie/install/robot_vacuum_auto_recovery:/opt/ros/humble /usr/bin/cmake --install /home/ollie/ros2_ws/build/turtlebot4_ignition_gui_plugins
[1.029s] Level 1:colcon.colcon_core.environment:checking '/home/ollie/ros2_ws/install/turtlebot4_ignition_gui_plugins' for CMake config files
[1.029s] Level 1:colcon.colcon_core.shell:create_environment_hook('turtlebot4_ignition_gui_plugins', 'cmake_prefix_path')
[1.029s] INFO:colcon.colcon_core.shell:Creating environment hook '/home/ollie/ros2_ws/install/turtlebot4_ignition_gui_plugins/share/turtlebot4_ignition_gui_plugins/hook/cmake_prefix_path.ps1'
[1.029s] INFO:colcon.colcon_core.shell:Creating environment descriptor '/home/ollie/ros2_ws/install/turtlebot4_ignition_gui_plugins/share/turtlebot4_ignition_gui_plugins/hook/cmake_prefix_path.dsv'
[1.029s] INFO:colcon.colcon_core.shell:Creating environment hook '/home/ollie/ros2_ws/install/turtlebot4_ignition_gui_plugins/share/turtlebot4_ignition_gui_plugins/hook/cmake_prefix_path.sh'
[1.030s] Level 1:colcon.colcon_core.environment:checking '/home/ollie/ros2_ws/install/turtlebot4_ignition_gui_plugins/bin'
[1.030s] Level 1:colcon.colcon_core.environment:checking '/home/ollie/ros2_ws/install/turtlebot4_ignition_gui_plugins/lib/pkgconfig/turtlebot4_ignition_gui_plugins.pc'
[1.030s] Level 1:colcon.colcon_core.environment:checking '/home/ollie/ros2_ws/install/turtlebot4_ignition_gui_plugins/lib/python3.10/site-packages'
[1.030s] Level 1:colcon.colcon_core.environment:checking '/home/ollie/ros2_ws/install/turtlebot4_ignition_gui_plugins/bin'
[1.030s] INFO:colcon.colcon_core.shell:Creating package script '/home/ollie/ros2_ws/install/turtlebot4_ignition_gui_plugins/share/turtlebot4_ignition_gui_plugins/package.ps1'
[1.031s] INFO:colcon.colcon_core.shell:Creating package descriptor '/home/ollie/ros2_ws/install/turtlebot4_ignition_gui_plugins/share/turtlebot4_ignition_gui_plugins/package.dsv'
[1.031s] INFO:colcon.colcon_core.shell:Creating package script '/home/ollie/ros2_ws/install/turtlebot4_ignition_gui_plugins/share/turtlebot4_ignition_gui_plugins/package.sh'
[1.031s] INFO:colcon.colcon_core.shell:Creating package script '/home/ollie/ros2_ws/install/turtlebot4_ignition_gui_plugins/share/turtlebot4_ignition_gui_plugins/package.bash'
[1.031s] INFO:colcon.colcon_core.shell:Creating package script '/home/ollie/ros2_ws/install/turtlebot4_ignition_gui_plugins/share/turtlebot4_ignition_gui_plugins/package.zsh'
[1.031s] Level 1:colcon.colcon_core.environment:create_file_with_runtime_dependencies(/home/ollie/ros2_ws/install/turtlebot4_ignition_gui_plugins/share/colcon-core/packages/turtlebot4_ignition_gui_plugins)
[1.048s] Level 1:colcon.colcon_core.environment:create_environment_scripts_only(turtlebot4_ignition_gui_plugins)
[1.049s] Level 1:colcon.colcon_core.environment:checking '/home/ollie/ros2_ws/install/turtlebot4_ignition_gui_plugins' for CMake module files
[1.049s] Level 1:colcon.colcon_core.environment:checking '/home/ollie/ros2_ws/install/turtlebot4_ignition_gui_plugins' for CMake config files
[1.049s] Level 1:colcon.colcon_core.shell:create_environment_hook('turtlebot4_ignition_gui_plugins', 'cmake_prefix_path')
[1.049s] INFO:colcon.colcon_core.shell:Creating environment hook '/home/ollie/ros2_ws/install/turtlebot4_ignition_gui_plugins/share/turtlebot4_ignition_gui_plugins/hook/cmake_prefix_path.ps1'
[1.049s] INFO:colcon.colcon_core.shell:Creating environment descriptor '/home/ollie/ros2_ws/install/turtlebot4_ignition_gui_plugins/share/turtlebot4_ignition_gui_plugins/hook/cmake_prefix_path.dsv'
[1.049s] INFO:colcon.colcon_core.shell:Creating environment hook '/home/ollie/ros2_ws/install/turtlebot4_ignition_gui_plugins/share/turtlebot4_ignition_gui_plugins/hook/cmake_prefix_path.sh'
[1.050s] Level 1:colcon.colcon_core.environment:checking '/home/ollie/ros2_ws/install/turtlebot4_ignition_gui_plugins/bin'
[1.050s] Level 1:colcon.colcon_core.environment:checking '/home/ollie/ros2_ws/install/turtlebot4_ignition_gui_plugins/lib/pkgconfig/turtlebot4_ignition_gui_plugins.pc'
[1.050s] Level 1:colcon.colcon_core.environment:checking '/home/ollie/ros2_ws/install/turtlebot4_ignition_gui_plugins/lib/python3.10/site-packages'
[1.050s] Level 1:colcon.colcon_core.environment:checking '/home/ollie/ros2_ws/install/turtlebot4_ignition_gui_plugins/bin'
[1.050s] INFO:colcon.colcon_core.shell:Creating package script '/home/ollie/ros2_ws/install/turtlebot4_ignition_gui_plugins/share/turtlebot4_ignition_gui_plugins/package.ps1'
[1.050s] INFO:colcon.colcon_core.shell:Creating package descriptor '/home/ollie/ros2_ws/install/turtlebot4_ignition_gui_plugins/share/turtlebot4_ignition_gui_plugins/package.dsv'
[1.051s] INFO:colcon.colcon_core.shell:Creating package script '/home/ollie/ros2_ws/install/turtlebot4_ignition_gui_plugins/share/turtlebot4_ignition_gui_plugins/package.sh'
[1.051s] INFO:colcon.colcon_core.shell:Creating package script '/home/ollie/ros2_ws/install/turtlebot4_ignition_gui_plugins/share/turtlebot4_ignition_gui_plugins/package.bash'
[1.051s] INFO:colcon.colcon_core.shell:Creating package script '/home/ollie/ros2_ws/install/turtlebot4_ignition_gui_plugins/share/turtlebot4_ignition_gui_plugins/package.zsh'
[1.051s] Level 1:colcon.colcon_core.environment:create_file_with_runtime_dependencies(/home/ollie/ros2_ws/install/turtlebot4_ignition_gui_plugins/share/colcon-core/packages/turtlebot4_ignition_gui_plugins)
[1.568s] DEBUG:colcon.colcon_core.event_handler.log_command:Invoked command in '/home/ollie/ros2_ws/build/turtlebot4_ignition_toolbox' returned '0': CMAKE_PREFIX_PATH=${CMAKE_PREFIX_PATH}:/home/ollie/ros2_ws/install/robot_vacuum_auto_recovery:/home/ollie/install/robot_vacuum_auto_recovery:/opt/ros/humble /usr/bin/cmake --build /home/ollie/ros2_ws/build/turtlebot4_ignition_toolbox -- -j16 -l16
[1.589s] DEBUG:colcon.colcon_core.event_handler.log_command:Invoking command in '/home/ollie/ros2_ws/build/turtlebot4_ignition_toolbox': CMAKE_PREFIX_PATH=${CMAKE_PREFIX_PATH}:/home/ollie/ros2_ws/install/robot_vacuum_auto_recovery:/home/ollie/install/robot_vacuum_auto_recovery:/opt/ros/humble /usr/bin/cmake --install /home/ollie/ros2_ws/build/turtlebot4_ignition_toolbox
[1.698s] Level 1:colcon.colcon_core.environment:create_environment_scripts_only(turtlebot4_ignition_toolbox)
[1.698s] Level 1:colcon.colcon_core.environment:checking '/home/ollie/ros2_ws/install/turtlebot4_ignition_toolbox' for CMake module files
[1.698s] DEBUG:colcon.colcon_core.event_handler.log_command:Invoked command in '/home/ollie/ros2_ws/build/turtlebot4_ignition_toolbox' returned '0': CMAKE_PREFIX_PATH=${CMAKE_PREFIX_PATH}:/home/ollie/ros2_ws/install/robot_vacuum_auto_recovery:/home/ollie/install/robot_vacuum_auto_recovery:/opt/ros/humble /usr/bin/cmake --install /home/ollie/ros2_ws/build/turtlebot4_ignition_toolbox
[1.699s] Level 1:colcon.colcon_core.environment:checking '/home/ollie/ros2_ws/install/turtlebot4_ignition_toolbox' for CMake config files
[1.699s] Level 1:colcon.colcon_core.shell:create_environment_hook('turtlebot4_ignition_toolbox', 'cmake_prefix_path')
[1.699s] INFO:colcon.colcon_core.shell:Creating environment hook '/home/ollie/ros2_ws/install/turtlebot4_ignition_toolbox/share/turtlebot4_ignition_toolbox/hook/cmake_prefix_path.ps1'
[1.699s] INFO:colcon.colcon_core.shell:Creating environment descriptor '/home/ollie/ros2_ws/install/turtlebot4_ignition_toolbox/share/turtlebot4_ignition_toolbox/hook/cmake_prefix_path.dsv'
[1.699s] INFO:colcon.colcon_core.shell:Creating environment hook '/home/ollie/ros2_ws/install/turtlebot4_ignition_toolbox/share/turtlebot4_ignition_toolbox/hook/cmake_prefix_path.sh'
[1.700s] Level 1:colcon.colcon_core.environment:checking '/home/ollie/ros2_ws/install/turtlebot4_ignition_toolbox/lib'
[1.700s] Level 1:colcon.colcon_core.environment:checking '/home/ollie/ros2_ws/install/turtlebot4_ignition_toolbox/bin'
[1.700s] Level 1:colcon.colcon_core.environment:checking '/home/ollie/ros2_ws/install/turtlebot4_ignition_toolbox/lib/pkgconfig/turtlebot4_ignition_toolbox.pc'
[1.700s] Level 1:colcon.colcon_core.environment:checking '/home/ollie/ros2_ws/install/turtlebot4_ignition_toolbox/lib/python3.10/site-packages'
[1.700s] Level 1:colcon.colcon_core.environment:checking '/home/ollie/ros2_ws/install/turtlebot4_ignition_toolbox/bin'
[1.700s] INFO:colcon.colcon_core.shell:Creating package script '/home/ollie/ros2_ws/install/turtlebot4_ignition_toolbox/share/turtlebot4_ignition_toolbox/package.ps1'
[1.700s] INFO:colcon.colcon_core.shell:Creating package descriptor '/home/ollie/ros2_ws/install/turtlebot4_ignition_toolbox/share/turtlebot4_ignition_toolbox/package.dsv'
[1.701s] INFO:colcon.colcon_core.shell:Creating package script '/home/ollie/ros2_ws/install/turtlebot4_ignition_toolbox/share/turtlebot4_ignition_toolbox/package.sh'
[1.701s] INFO:colcon.colcon_core.shell:Creating package script '/home/ollie/ros2_ws/install/turtlebot4_ignition_toolbox/share/turtlebot4_ignition_toolbox/package.bash'
[1.701s] INFO:colcon.colcon_core.shell:Creating package script '/home/ollie/ros2_ws/install/turtlebot4_ignition_toolbox/share/turtlebot4_ignition_toolbox/package.zsh'
[1.701s] Level 1:colcon.colcon_core.environment:create_file_with_runtime_dependencies(/home/ollie/ros2_ws/install/turtlebot4_ignition_toolbox/share/colcon-core/packages/turtlebot4_ignition_toolbox)
[1.722s] Level 1:colcon.colcon_core.environment:create_environment_scripts_only(turtlebot4_ignition_toolbox)
[1.722s] Level 1:colcon.colcon_core.environment:checking '/home/ollie/ros2_ws/install/turtlebot4_ignition_toolbox' for CMake module files
[1.722s] Level 1:colcon.colcon_core.environment:checking '/home/ollie/ros2_ws/install/turtlebot4_ignition_toolbox' for CMake config files
[1.722s] Level 1:colcon.colcon_core.shell:create_environment_hook('turtlebot4_ignition_toolbox', 'cmake_prefix_path')
[1.722s] INFO:colcon.colcon_core.shell:Creating environment hook '/home/ollie/ros2_ws/install/turtlebot4_ignition_toolbox/share/turtlebot4_ignition_toolbox/hook/cmake_prefix_path.ps1'
[1.723s] INFO:colcon.colcon_core.shell:Creating environment descriptor '/home/ollie/ros2_ws/install/turtlebot4_ignition_toolbox/share/turtlebot4_ignition_toolbox/hook/cmake_prefix_path.dsv'
[1.723s] INFO:colcon.colcon_core.shell:Creating environment hook '/home/ollie/ros2_ws/install/turtlebot4_ignition_toolbox/share/turtlebot4_ignition_toolbox/hook/cmake_prefix_path.sh'
[1.723s] Level 1:colcon.colcon_core.environment:checking '/home/ollie/ros2_ws/install/turtlebot4_ignition_toolbox/lib'
[1.723s] Level 1:colcon.colcon_core.environment:checking '/home/ollie/ros2_ws/install/turtlebot4_ignition_toolbox/bin'
[1.723s] Level 1:colcon.colcon_core.environment:checking '/home/ollie/ros2_ws/install/turtlebot4_ignition_toolbox/lib/pkgconfig/turtlebot4_ignition_toolbox.pc'
[1.723s] Level 1:colcon.colcon_core.environment:checking '/home/ollie/ros2_ws/install/turtlebot4_ignition_toolbox/lib/python3.10/site-packages'
[1.723s] Level 1:colcon.colcon_core.environment:checking '/home/ollie/ros2_ws/install/turtlebot4_ignition_toolbox/bin'
[1.724s] INFO:colcon.colcon_core.shell:Creating package script '/home/ollie/ros2_ws/install/turtlebot4_ignition_toolbox/share/turtlebot4_ignition_toolbox/package.ps1'
[1.724s] INFO:colcon.colcon_core.shell:Creating package descriptor '/home/ollie/ros2_ws/install/turtlebot4_ignition_toolbox/share/turtlebot4_ignition_toolbox/package.dsv'
[1.724s] INFO:colcon.colcon_core.shell:Creating package script '/home/ollie/ros2_ws/install/turtlebot4_ignition_toolbox/share/turtlebot4_ignition_toolbox/package.sh'
[1.724s] INFO:colcon.colcon_core.shell:Creating package script '/home/ollie/ros2_ws/install/turtlebot4_ignition_toolbox/share/turtlebot4_ignition_toolbox/package.bash'
[1.725s] INFO:colcon.colcon_core.shell:Creating package script '/home/ollie/ros2_ws/install/turtlebot4_ignition_toolbox/share/turtlebot4_ignition_toolbox/package.zsh'
[1.725s] Level 1:colcon.colcon_core.environment:create_file_with_runtime_dependencies(/home/ollie/ros2_ws/install/turtlebot4_ignition_toolbox/share/colcon-core/packages/turtlebot4_ignition_toolbox)
[1.725s] INFO:colcon.colcon_ros.task.ament_cmake.build:Building ROS package in '/home/ollie/ros2_ws/src/turtlebot4_ignition_bringup' with build type 'ament_cmake'
[1.725s] INFO:colcon.colcon_cmake.task.cmake.build:Building CMake package in '/home/ollie/ros2_ws/src/turtlebot4_ignition_bringup'
[1.725s] INFO:colcon.colcon_core.shell:Skip shell extension 'powershell' for command environment: Not usable outside of PowerShell
[1.725s] DEBUG:colcon.colcon_core.shell:Skip shell extension 'dsv' for command environment
[1.732s] DEBUG:colcon.colcon_core.event_handler.log_command:Invoking command in '/home/ollie/ros2_ws/build/turtlebot4_ignition_bringup': CMAKE_PREFIX_PATH=/home/ollie/ros2_ws/install/turtlebot4_ignition_toolbox:/home/ollie/ros2_ws/install/turtlebot4_ignition_gui_plugins:/home/ollie/ros2_ws/install/turtlebot4_simulator:/home/ollie/ros2_ws/install/turtlebot4_ignition_bringup:/home/ollie/install/turtlebot4_simulator:/home/ollie/install/turtlebot4_ignition_bringup:/home/ollie/install/turtlebot4_ignition_toolbox:/home/ollie/install/turtlebot4_ignition_gui_plugins:/home/ollie/ros2_ws/install/robot_vacuum_auto_recovery:/home/ollie/install/robot_vacuum_auto_recovery:/opt/ros/humble /usr/bin/cmake /home/ollie/ros2_ws/src/turtlebot4_ignition_bringup -DAMENT_CMAKE_SYMLINK_INSTALL=1 -DCMAKE_INSTALL_PREFIX=/home/ollie/ros2_ws/install/turtlebot4_ignition_bringup
[2.143s] DEBUG:colcon.colcon_core.event_handler.log_command:Invoked command in '/home/ollie/ros2_ws/build/turtlebot4_ignition_bringup' returned '0': CMAKE_PREFIX_PATH=/home/ollie/ros2_ws/install/turtlebot4_ignition_toolbox:/home/ollie/ros2_ws/install/turtlebot4_ignition_gui_plugins:/home/ollie/ros2_ws/install/turtlebot4_simulator:/home/ollie/ros2_ws/install/turtlebot4_ignition_bringup:/home/ollie/install/turtlebot4_simulator:/home/ollie/install/turtlebot4_ignition_bringup:/home/ollie/install/turtlebot4_ignition_toolbox:/home/ollie/install/turtlebot4_ignition_gui_plugins:/home/ollie/ros2_ws/install/robot_vacuum_auto_recovery:/home/ollie/install/robot_vacuum_auto_recovery:/opt/ros/humble /usr/bin/cmake /home/ollie/ros2_ws/src/turtlebot4_ignition_bringup -DAMENT_CMAKE_SYMLINK_INSTALL=1 -DCMAKE_INSTALL_PREFIX=/home/ollie/ros2_ws/install/turtlebot4_ignition_bringup
[2.144s] DEBUG:colcon.colcon_core.event_handler.log_command:Invoking command in '/home/ollie/ros2_ws/build/turtlebot4_ignition_bringup': CMAKE_PREFIX_PATH=/home/ollie/ros2_ws/install/turtlebot4_ignition_toolbox:/home/ollie/ros2_ws/install/turtlebot4_ignition_gui_plugins:/home/ollie/ros2_ws/install/turtlebot4_simulator:/home/ollie/ros2_ws/install/turtlebot4_ignition_bringup:/home/ollie/install/turtlebot4_simulator:/home/ollie/install/turtlebot4_ignition_bringup:/home/ollie/install/turtlebot4_ignition_toolbox:/home/ollie/install/turtlebot4_ignition_gui_plugins:/home/ollie/ros2_ws/install/robot_vacuum_auto_recovery:/home/ollie/install/robot_vacuum_auto_recovery:/opt/ros/humble /usr/bin/cmake --build /home/ollie/ros2_ws/build/turtlebot4_ignition_bringup -- -j16 -l16
[2.171s] DEBUG:colcon.colcon_core.event_handler.log_command:Invoked command in '/home/ollie/ros2_ws/build/turtlebot4_ignition_bringup' returned '0': CMAKE_PREFIX_PATH=/home/ollie/ros2_ws/install/turtlebot4_ignition_toolbox:/home/ollie/ros2_ws/install/turtlebot4_ignition_gui_plugins:/home/ollie/ros2_ws/install/turtlebot4_simulator:/home/ollie/ros2_ws/install/turtlebot4_ignition_bringup:/home/ollie/install/turtlebot4_simulator:/home/ollie/install/turtlebot4_ignition_bringup:/home/ollie/install/turtlebot4_ignition_toolbox:/home/ollie/install/turtlebot4_ignition_gui_plugins:/home/ollie/ros2_ws/install/robot_vacuum_auto_recovery:/home/ollie/install/robot_vacuum_auto_recovery:/opt/ros/humble /usr/bin/cmake --build /home/ollie/ros2_ws/build/turtlebot4_ignition_bringup -- -j16 -l16
[2.188s] DEBUG:colcon.colcon_core.event_handler.log_command:Invoking command in '/home/ollie/ros2_ws/build/turtlebot4_ignition_bringup': CMAKE_PREFIX_PATH=/home/ollie/ros2_ws/install/turtlebot4_ignition_toolbox:/home/ollie/ros2_ws/install/turtlebot4_ignition_gui_plugins:/home/ollie/ros2_ws/install/turtlebot4_simulator:/home/ollie/ros2_ws/install/turtlebot4_ignition_bringup:/home/ollie/install/turtlebot4_simulator:/home/ollie/install/turtlebot4_ignition_bringup:/home/ollie/install/turtlebot4_ignition_toolbox:/home/ollie/install/turtlebot4_ignition_gui_plugins:/home/ollie/ros2_ws/install/robot_vacuum_auto_recovery:/home/ollie/install/robot_vacuum_auto_recovery:/opt/ros/humble /usr/bin/cmake --install /home/ollie/ros2_ws/build/turtlebot4_ignition_bringup
[2.366s] Level 1:colcon.colcon_core.environment:create_environment_scripts_only(turtlebot4_ignition_bringup)
[2.367s] Level 1:colcon.colcon_core.environment:checking '/home/ollie/ros2_ws/install/turtlebot4_ignition_bringup' for CMake module files
[2.367s] DEBUG:colcon.colcon_core.event_handler.log_command:Invoked command in '/home/ollie/ros2_ws/build/turtlebot4_ignition_bringup' returned '0': CMAKE_PREFIX_PATH=/home/ollie/ros2_ws/install/turtlebot4_ignition_toolbox:/home/ollie/ros2_ws/install/turtlebot4_ignition_gui_plugins:/home/ollie/ros2_ws/install/turtlebot4_simulator:/home/ollie/ros2_ws/install/turtlebot4_ignition_bringup:/home/ollie/install/turtlebot4_simulator:/home/ollie/install/turtlebot4_ignition_bringup:/home/ollie/install/turtlebot4_ignition_toolbox:/home/ollie/install/turtlebot4_ignition_gui_plugins:/home/ollie/ros2_ws/install/robot_vacuum_auto_recovery:/home/ollie/install/robot_vacuum_auto_recovery:/opt/ros/humble /usr/bin/cmake --install /home/ollie/ros2_ws/build/turtlebot4_ignition_bringup
[2.367s] Level 1:colcon.colcon_core.environment:checking '/home/ollie/ros2_ws/install/turtlebot4_ignition_bringup' for CMake config files
[2.367s] Level 1:colcon.colcon_core.shell:create_environment_hook('turtlebot4_ignition_bringup', 'cmake_prefix_path')
[2.368s] INFO:colcon.colcon_core.shell:Creating environment hook '/home/ollie/ros2_ws/install/turtlebot4_ignition_bringup/share/turtlebot4_ignition_bringup/hook/cmake_prefix_path.ps1'
[2.368s] INFO:colcon.colcon_core.shell:Creating environment descriptor '/home/ollie/ros2_ws/install/turtlebot4_ignition_bringup/share/turtlebot4_ignition_bringup/hook/cmake_prefix_path.dsv'
[2.368s] INFO:colcon.colcon_core.shell:Creating environment hook '/home/ollie/ros2_ws/install/turtlebot4_ignition_bringup/share/turtlebot4_ignition_bringup/hook/cmake_prefix_path.sh'
[2.368s] Level 1:colcon.colcon_core.environment:checking '/home/ollie/ros2_ws/install/turtlebot4_ignition_bringup/bin'
[2.368s] Level 1:colcon.colcon_core.environment:checking '/home/ollie/ros2_ws/install/turtlebot4_ignition_bringup/lib/pkgconfig/turtlebot4_ignition_bringup.pc'
[2.369s] Level 1:colcon.colcon_core.environment:checking '/home/ollie/ros2_ws/install/turtlebot4_ignition_bringup/lib/python3.10/site-packages'
[2.369s] Level 1:colcon.colcon_core.environment:checking '/home/ollie/ros2_ws/install/turtlebot4_ignition_bringup/bin'
[2.369s] INFO:colcon.colcon_core.shell:Creating package script '/home/ollie/ros2_ws/install/turtlebot4_ignition_bringup/share/turtlebot4_ignition_bringup/package.ps1'
[2.369s] INFO:colcon.colcon_core.shell:Creating package descriptor '/home/ollie/ros2_ws/install/turtlebot4_ignition_bringup/share/turtlebot4_ignition_bringup/package.dsv'
[2.369s] INFO:colcon.colcon_core.shell:Creating package script '/home/ollie/ros2_ws/install/turtlebot4_ignition_bringup/share/turtlebot4_ignition_bringup/package.sh'
[2.370s] INFO:colcon.colcon_core.shell:Creating package script '/home/ollie/ros2_ws/install/turtlebot4_ignition_bringup/share/turtlebot4_ignition_bringup/package.bash'
[2.370s] INFO:colcon.colcon_core.shell:Creating package script '/home/ollie/ros2_ws/install/turtlebot4_ignition_bringup/share/turtlebot4_ignition_bringup/package.zsh'
[2.370s] Level 1:colcon.colcon_core.environment:create_file_with_runtime_dependencies(/home/ollie/ros2_ws/install/turtlebot4_ignition_bringup/share/colcon-core/packages/turtlebot4_ignition_bringup)
[2.386s] Level 1:colcon.colcon_core.environment:create_environment_scripts_only(turtlebot4_ignition_bringup)
[2.386s] Level 1:colcon.colcon_core.environment:checking '/home/ollie/ros2_ws/install/turtlebot4_ignition_bringup' for CMake module files
[2.386s] Level 1:colcon.colcon_core.environment:checking '/home/ollie/ros2_ws/install/turtlebot4_ignition_bringup' for CMake config files
[2.387s] Level 1:colcon.colcon_core.shell:create_environment_hook('turtlebot4_ignition_bringup', 'cmake_prefix_path')
[2.387s] INFO:colcon.colcon_core.shell:Creating environment hook '/home/ollie/ros2_ws/install/turtlebot4_ignition_bringup/share/turtlebot4_ignition_bringup/hook/cmake_prefix_path.ps1'
[2.387s] INFO:colcon.colcon_core.shell:Creating environment descriptor '/home/ollie/ros2_ws/install/turtlebot4_ignition_bringup/share/turtlebot4_ignition_bringup/hook/cmake_prefix_path.dsv'
[2.387s] INFO:colcon.colcon_core.shell:Creating environment hook '/home/ollie/ros2_ws/install/turtlebot4_ignition_bringup/share/turtlebot4_ignition_bringup/hook/cmake_prefix_path.sh'
[2.387s] Level 1:colcon.colcon_core.environment:checking '/home/ollie/ros2_ws/install/turtlebot4_ignition_bringup/bin'
[2.387s] Level 1:colcon.colcon_core.environment:checking '/home/ollie/ros2_ws/install/turtlebot4_ignition_bringup/lib/pkgconfig/turtlebot4_ignition_bringup.pc'
[2.388s] Level 1:colcon.colcon_core.environment:checking '/home/ollie/ros2_ws/install/turtlebot4_ignition_bringup/lib/python3.10/site-packages'
[2.388s] Level 1:colcon.colcon_core.environment:checking '/home/ollie/ros2_ws/install/turtlebot4_ignition_bringup/bin'
[2.388s] INFO:colcon.colcon_core.shell:Creating package script '/home/ollie/ros2_ws/install/turtlebot4_ignition_bringup/share/turtlebot4_ignition_bringup/package.ps1'
[2.388s] INFO:colcon.colcon_core.shell:Creating package descriptor '/home/ollie/ros2_ws/install/turtlebot4_ignition_bringup/share/turtlebot4_ignition_bringup/package.dsv'
[2.388s] INFO:colcon.colcon_core.shell:Creating package script '/home/ollie/ros2_ws/install/turtlebot4_ignition_bringup/share/turtlebot4_ignition_bringup/package.sh'
[2.389s] INFO:colcon.colcon_core.shell:Creating package script '/home/ollie/ros2_ws/install/turtlebot4_ignition_bringup/share/turtlebot4_ignition_bringup/package.bash'
[2.389s] INFO:colcon.colcon_core.shell:Creating package script '/home/ollie/ros2_ws/install/turtlebot4_ignition_bringup/share/turtlebot4_ignition_bringup/package.zsh'
[2.389s] Level 1:colcon.colcon_core.environment:create_file_with_runtime_dependencies(/home/ollie/ros2_ws/install/turtlebot4_ignition_bringup/share/colcon-core/packages/turtlebot4_ignition_bringup)
[2.389s] INFO:colcon.colcon_ros.task.ament_cmake.build:Building ROS package in '/home/ollie/ros2_ws/src/turtlebot4_simulator' with build type 'ament_cmake'
[2.389s] INFO:colcon.colcon_cmake.task.cmake.build:Building CMake package in '/home/ollie/ros2_ws/src/turtlebot4_simulator'
[2.390s] INFO:colcon.colcon_core.shell:Skip shell extension 'powershell' for command environment: Not usable outside of PowerShell
[2.390s] DEBUG:colcon.colcon_core.shell:Skip shell extension 'dsv' for command environment
[2.397s] DEBUG:colcon.colcon_core.event_handler.log_command:Invoking command in '/home/ollie/ros2_ws/build/turtlebot4_simulator': CMAKE_PREFIX_PATH=/home/ollie/ros2_ws/install/turtlebot4_ignition_bringup:/home/ollie/ros2_ws/install/turtlebot4_ignition_toolbox:/home/ollie/ros2_ws/install/turtlebot4_ignition_gui_plugins:/home/ollie/ros2_ws/install/turtlebot4_simulator:/home/ollie/install/turtlebot4_simulator:/home/ollie/install/turtlebot4_ignition_bringup:/home/ollie/install/turtlebot4_ignition_toolbox:/home/ollie/install/turtlebot4_ignition_gui_plugins:/home/ollie/ros2_ws/install/robot_vacuum_auto_recovery:/home/ollie/install/robot_vacuum_auto_recovery:/opt/ros/humble /usr/bin/cmake /home/ollie/ros2_ws/src/turtlebot4_simulator -DAMENT_CMAKE_SYMLINK_INSTALL=1 -DCMAKE_INSTALL_PREFIX=/home/ollie/ros2_ws/install/turtlebot4_simulator
[2.534s] DEBUG:colcon.colcon_core.event_handler.log_command:Invoked command in '/home/ollie/ros2_ws/build/turtlebot4_simulator' returned '0': CMAKE_PREFIX_PATH=/home/ollie/ros2_ws/install/turtlebot4_ignition_bringup:/home/ollie/ros2_ws/install/turtlebot4_ignition_toolbox:/home/ollie/ros2_ws/install/turtlebot4_ignition_gui_plugins:/home/ollie/ros2_ws/install/turtlebot4_simulator:/home/ollie/install/turtlebot4_simulator:/home/ollie/install/turtlebot4_ignition_bringup:/home/ollie/install/turtlebot4_ignition_toolbox:/home/ollie/install/turtlebot4_ignition_gui_plugins:/home/ollie/ros2_ws/install/robot_vacuum_auto_recovery:/home/ollie/install/robot_vacuum_auto_recovery:/opt/ros/humble /usr/bin/cmake /home/ollie/ros2_ws/src/turtlebot4_simulator -DAMENT_CMAKE_SYMLINK_INSTALL=1 -DCMAKE_INSTALL_PREFIX=/home/ollie/ros2_ws/install/turtlebot4_simulator
[2.535s] DEBUG:colcon.colcon_core.event_handler.log_command:Invoking command in '/home/ollie/ros2_ws/build/turtlebot4_simulator': CMAKE_PREFIX_PATH=/home/ollie/ros2_ws/install/turtlebot4_ignition_bringup:/home/ollie/ros2_ws/install/turtlebot4_ignition_toolbox:/home/ollie/ros2_ws/install/turtlebot4_ignition_gui_plugins:/home/ollie/ros2_ws/install/turtlebot4_simulator:/home/ollie/install/turtlebot4_simulator:/home/ollie/install/turtlebot4_ignition_bringup:/home/ollie/install/turtlebot4_ignition_toolbox:/home/ollie/install/turtlebot4_ignition_gui_plugins:/home/ollie/ros2_ws/install/robot_vacuum_auto_recovery:/home/ollie/install/robot_vacuum_auto_recovery:/opt/ros/humble /usr/bin/cmake --build /home/ollie/ros2_ws/build/turtlebot4_simulator -- -j16 -l16
[2.560s] DEBUG:colcon.colcon_core.event_handler.log_command:Invoked command in '/home/ollie/ros2_ws/build/turtlebot4_simulator' returned '0': CMAKE_PREFIX_PATH=/home/ollie/ros2_ws/install/turtlebot4_ignition_bringup:/home/ollie/ros2_ws/install/turtlebot4_ignition_toolbox:/home/ollie/ros2_ws/install/turtlebot4_ignition_gui_plugins:/home/ollie/ros2_ws/install/turtlebot4_simulator:/home/ollie/install/turtlebot4_simulator:/home/ollie/install/turtlebot4_ignition_bringup:/home/ollie/install/turtlebot4_ignition_toolbox:/home/ollie/install/turtlebot4_ignition_gui_plugins:/home/ollie/ros2_ws/install/robot_vacuum_auto_recovery:/home/ollie/install/robot_vacuum_auto_recovery:/opt/ros/humble /usr/bin/cmake --build /home/ollie/ros2_ws/build/turtlebot4_simulator -- -j16 -l16
[2.577s] DEBUG:colcon.colcon_core.event_handler.log_command:Invoking command in '/home/ollie/ros2_ws/build/turtlebot4_simulator': CMAKE_PREFIX_PATH=/home/ollie/ros2_ws/install/turtlebot4_ignition_bringup:/home/ollie/ros2_ws/install/turtlebot4_ignition_toolbox:/home/ollie/ros2_ws/install/turtlebot4_ignition_gui_plugins:/home/ollie/ros2_ws/install/turtlebot4_simulator:/home/ollie/install/turtlebot4_simulator:/home/ollie/install/turtlebot4_ignition_bringup:/home/ollie/install/turtlebot4_ignition_toolbox:/home/ollie/install/turtlebot4_ignition_gui_plugins:/home/ollie/ros2_ws/install/robot_vacuum_auto_recovery:/home/ollie/install/robot_vacuum_auto_recovery:/opt/ros/humble /usr/bin/cmake --install /home/ollie/ros2_ws/build/turtlebot4_simulator
[2.671s] Level 1:colcon.colcon_core.environment:create_environment_scripts_only(turtlebot4_simulator)
[2.672s] Level 1:colcon.colcon_core.environment:checking '/home/ollie/ros2_ws/install/turtlebot4_simulator' for CMake module files
[2.672s] DEBUG:colcon.colcon_core.event_handler.log_command:Invoked command in '/home/ollie/ros2_ws/build/turtlebot4_simulator' returned '0': CMAKE_PREFIX_PATH=/home/ollie/ros2_ws/install/turtlebot4_ignition_bringup:/home/ollie/ros2_ws/install/turtlebot4_ignition_toolbox:/home/ollie/ros2_ws/install/turtlebot4_ignition_gui_plugins:/home/ollie/ros2_ws/install/turtlebot4_simulator:/home/ollie/install/turtlebot4_simulator:/home/ollie/install/turtlebot4_ignition_bringup:/home/ollie/install/turtlebot4_ignition_toolbox:/home/ollie/install/turtlebot4_ignition_gui_plugins:/home/ollie/ros2_ws/install/robot_vacuum_auto_recovery:/home/ollie/install/robot_vacuum_auto_recovery:/opt/ros/humble /usr/bin/cmake --install /home/ollie/ros2_ws/build/turtlebot4_simulator
[2.672s] Level 1:colcon.colcon_core.environment:checking '/home/ollie/ros2_ws/install/turtlebot4_simulator' for CMake config files
[2.672s] Level 1:colcon.colcon_core.shell:create_environment_hook('turtlebot4_simulator', 'cmake_prefix_path')
[2.672s] INFO:colcon.colcon_core.shell:Creating environment hook '/home/ollie/ros2_ws/install/turtlebot4_simulator/share/turtlebot4_simulator/hook/cmake_prefix_path.ps1'
[2.673s] INFO:colcon.colcon_core.shell:Creating environment descriptor '/home/ollie/ros2_ws/install/turtlebot4_simulator/share/turtlebot4_simulator/hook/cmake_prefix_path.dsv'
[2.673s] INFO:colcon.colcon_core.shell:Creating environment hook '/home/ollie/ros2_ws/install/turtlebot4_simulator/share/turtlebot4_simulator/hook/cmake_prefix_path.sh'
[2.673s] Level 1:colcon.colcon_core.environment:checking '/home/ollie/ros2_ws/install/turtlebot4_simulator/bin'
[2.673s] Level 1:colcon.colcon_core.environment:checking '/home/ollie/ros2_ws/install/turtlebot4_simulator/lib/pkgconfig/turtlebot4_simulator.pc'
[2.674s] Level 1:colcon.colcon_core.environment:checking '/home/ollie/ros2_ws/install/turtlebot4_simulator/lib/python3.10/site-packages'
[2.674s] Level 1:colcon.colcon_core.environment:checking '/home/ollie/ros2_ws/install/turtlebot4_simulator/bin'
[2.674s] INFO:colcon.colcon_core.shell:Creating package script '/home/ollie/ros2_ws/install/turtlebot4_simulator/share/turtlebot4_simulator/package.ps1'
[2.674s] INFO:colcon.colcon_core.shell:Creating package descriptor '/home/ollie/ros2_ws/install/turtlebot4_simulator/share/turtlebot4_simulator/package.dsv'
[2.674s] INFO:colcon.colcon_core.shell:Creating package script '/home/ollie/ros2_ws/install/turtlebot4_simulator/share/turtlebot4_simulator/package.sh'
[2.674s] INFO:colcon.colcon_core.shell:Creating package script '/home/ollie/ros2_ws/install/turtlebot4_simulator/share/turtlebot4_simulator/package.bash'
[2.675s] INFO:colcon.colcon_core.shell:Creating package script '/home/ollie/ros2_ws/install/turtlebot4_simulator/share/turtlebot4_simulator/package.zsh'
[2.675s] Level 1:colcon.colcon_core.environment:create_file_with_runtime_dependencies(/home/ollie/ros2_ws/install/turtlebot4_simulator/share/colcon-core/packages/turtlebot4_simulator)
[2.690s] Level 1:colcon.colcon_core.environment:create_environment_scripts_only(turtlebot4_simulator)
[2.691s] Level 1:colcon.colcon_core.environment:checking '/home/ollie/ros2_ws/install/turtlebot4_simulator' for CMake module files
[2.691s] Level 1:colcon.colcon_core.environment:checking '/home/ollie/ros2_ws/install/turtlebot4_simulator' for CMake config files
[2.691s] Level 1:colcon.colcon_core.shell:create_environment_hook('turtlebot4_simulator', 'cmake_prefix_path')
[2.691s] INFO:colcon.colcon_core.shell:Creating environment hook '/home/ollie/ros2_ws/install/turtlebot4_simulator/share/turtlebot4_simulator/hook/cmake_prefix_path.ps1'
[2.691s] INFO:colcon.colcon_core.shell:Creating environment descriptor '/home/ollie/ros2_ws/install/turtlebot4_simulator/share/turtlebot4_simulator/hook/cmake_prefix_path.dsv'
[2.692s] INFO:colcon.colcon_core.shell:Creating environment hook '/home/ollie/ros2_ws/install/turtlebot4_simulator/share/turtlebot4_simulator/hook/cmake_prefix_path.sh'
[2.692s] Level 1:colcon.colcon_core.environment:checking '/home/ollie/ros2_ws/install/turtlebot4_simulator/bin'
[2.692s] Level 1:colcon.colcon_core.environment:checking '/home/ollie/ros2_ws/install/turtlebot4_simulator/lib/pkgconfig/turtlebot4_simulator.pc'
[2.692s] Level 1:colcon.colcon_core.environment:checking '/home/ollie/ros2_ws/install/turtlebot4_simulator/lib/python3.10/site-packages'
[2.692s] Level 1:colcon.colcon_core.environment:checking '/home/ollie/ros2_ws/install/turtlebot4_simulator/bin'
[2.692s] INFO:colcon.colcon_core.shell:Creating package script '/home/ollie/ros2_ws/install/turtlebot4_simulator/share/turtlebot4_simulator/package.ps1'
[2.693s] INFO:colcon.colcon_core.shell:Creating package descriptor '/home/ollie/ros2_ws/install/turtlebot4_simulator/share/turtlebot4_simulator/package.dsv'
[2.693s] INFO:colcon.colcon_core.shell:Creating package script '/home/ollie/ros2_ws/install/turtlebot4_simulator/share/turtlebot4_simulator/package.sh'
[2.693s] INFO:colcon.colcon_core.shell:Creating package script '/home/ollie/ros2_ws/install/turtlebot4_simulator/share/turtlebot4_simulator/package.bash'
[2.693s] INFO:colcon.colcon_core.shell:Creating package script '/home/ollie/ros2_ws/install/turtlebot4_simulator/share/turtlebot4_simulator/package.zsh'
[2.693s] Level 1:colcon.colcon_core.environment:create_file_with_runtime_dependencies(/home/ollie/ros2_ws/install/turtlebot4_simulator/share/colcon-core/packages/turtlebot4_simulator)
[2.694s] DEBUG:colcon.colcon_parallel_executor.executor.parallel:closing loop
[2.694s] DEBUG:colcon.colcon_parallel_executor.executor.parallel:loop closed
[2.694s] DEBUG:colcon.colcon_parallel_executor.executor.parallel:run_until_complete finished with '0'
[2.694s] DEBUG:colcon.colcon_core.event_reactor:joining thread
[2.697s] INFO:colcon.colcon_core.plugin_system:Skipping extension 'colcon_notification.desktop_notification.terminal_notifier': Not used on non-Darwin systems
[2.697s] INFO:colcon.colcon_core.plugin_system:Skipping extension 'colcon_notification.desktop_notification.win32': Not used on non-Windows systems
[2.697s] INFO:colcon.colcon_notification.desktop_notification:Sending desktop notification using 'notify2'
[2.705s] DEBUG:colcon.colcon_core.event_reactor:joined thread
[2.706s] INFO:colcon.colcon_core.shell:Creating prefix script '/home/ollie/ros2_ws/install/local_setup.ps1'
[2.706s] INFO:colcon.colcon_core.shell:Creating prefix util module '/home/ollie/ros2_ws/install/_local_setup_util_ps1.py'
[2.707s] INFO:colcon.colcon_core.shell:Creating prefix chain script '/home/ollie/ros2_ws/install/setup.ps1'
[2.708s] INFO:colcon.colcon_core.shell:Creating prefix script '/home/ollie/ros2_ws/install/local_setup.sh'
[2.708s] INFO:colcon.colcon_core.shell:Creating prefix util module '/home/ollie/ros2_ws/install/_local_setup_util_sh.py'
[2.708s] INFO:colcon.colcon_core.shell:Creating prefix chain script '/home/ollie/ros2_ws/install/setup.sh'
[2.709s] INFO:colcon.colcon_core.shell:Creating prefix script '/home/ollie/ros2_ws/install/local_setup.bash'
[2.709s] INFO:colcon.colcon_core.shell:Creating prefix chain script '/home/ollie/ros2_ws/install/setup.bash'
[2.710s] INFO:colcon.colcon_core.shell:Creating prefix script '/home/ollie/ros2_ws/install/local_setup.zsh'
[2.710s] INFO:colcon.colcon_core.shell:Creating prefix chain script '/home/ollie/ros2_ws/install/setup.zsh'
