[0.011s] Invoking command in '/home/ollie/ros2_ws/build/action_interfaces': /usr/bin/cmake --build /home/ollie/ros2_ws/build/action_interfaces -- -j16 -l16
[0.968s] [  3%] Built target action_interfaces__cpp
[0.968s] [ 12%] Built target action_interfaces__rosidl_generator_c
[0.968s] [ 12%] Built target ament_cmake_python_copy_action_interfaces
[0.968s] [ 35%] Built target action_interfaces__rosidl_typesupport_fastrtps_cpp
[0.968s] [ 38%] Built target action_interfaces__rosidl_typesupport_introspection_cpp
[0.968s] [ 41%] Built target action_interfaces__rosidl_typesupport_c
[0.968s] [ 51%] Built target action_interfaces__rosidl_typesupport_cpp
[0.968s] [ 61%] Built target action_interfaces__rosidl_typesupport_introspection_c
[0.968s] [ 70%] Built target action_interfaces__rosidl_typesupport_fastrtps_c
[0.968s] [ 70%] Built target action_interfaces
[0.968s] [ 74%] Built target action_interfaces__py
[0.968s] [ 80%] Built target action_interfaces__rosidl_generator_py
[0.968s] [100%] Built target action_interfaces__rosidl_typesupport_introspection_c__pyext
[0.968s] [100%] Built target action_interfaces__rosidl_typesupport_fastrtps_c__pyext
[0.968s] [100%] Built target action_interfaces__rosidl_typesupport_c__pyext
[0.968s] running egg_info
[0.968s] writing action_interfaces.egg-info/PKG-INFO
[0.968s] writing dependency_links to action_interfaces.egg-info/dependency_links.txt
[0.968s] writing top-level names to action_interfaces.egg-info/top_level.txt
[0.968s] reading manifest file 'action_interfaces.egg-info/SOURCES.txt'
[0.968s] writing manifest file 'action_interfaces.egg-info/SOURCES.txt'
[0.969s] [100%] Built target ament_cmake_python_build_action_interfaces_egg
[1.108s] Invoked command in '/home/ollie/ros2_ws/build/action_interfaces' returned '0': /usr/bin/cmake --build /home/ollie/ros2_ws/build/action_interfaces -- -j16 -l16
[1.160s] Invoking command in '/home/ollie/ros2_ws/build/action_interfaces': /usr/bin/cmake --install /home/ollie/ros2_ws/build/action_interfaces
[1.167s] -- Install configuration: ""
[1.167s] -- Up-to-date: /home/ollie/ros2_ws/install/action_interfaces/share/ament_index/resource_index/rosidl_interfaces/action_interfaces
[1.168s] -- Up-to-date: /home/ollie/ros2_ws/install/action_interfaces/include/action_interfaces/action_interfaces
[1.168s] -- Up-to-date: /home/ollie/ros2_ws/install/action_interfaces/include/action_interfaces/action_interfaces/action
[1.168s] -- Up-to-date: /home/ollie/ros2_ws/install/action_interfaces/include/action_interfaces/action_interfaces/action/detail
[1.168s] -- Up-to-date: /home/ollie/ros2_ws/install/action_interfaces/include/action_interfaces/action_interfaces/action/detail/execute_recovery_tree__type_support.h
[1.168s] -- Up-to-date: /home/ollie/ros2_ws/install/action_interfaces/include/action_interfaces/action_interfaces/action/detail/execute_recovery_tree__struct.h
[1.168s] -- Up-to-date: /home/ollie/ros2_ws/install/action_interfaces/include/action_interfaces/action_interfaces/action/detail/execute_recovery_tree__functions.h
[1.168s] -- Up-to-date: /home/ollie/ros2_ws/install/action_interfaces/include/action_interfaces/action_interfaces/action/detail/execute_recovery_tree__functions.c
[1.168s] -- Up-to-date: /home/ollie/ros2_ws/install/action_interfaces/include/action_interfaces/action_interfaces/action/execute_recovery_tree.h
[1.168s] -- Up-to-date: /home/ollie/ros2_ws/install/action_interfaces/include/action_interfaces/action_interfaces/msg
[1.168s] -- Up-to-date: /home/ollie/ros2_ws/install/action_interfaces/include/action_interfaces/action_interfaces/msg/rosidl_generator_c__visibility_control.h
[1.168s] -- Up-to-date: /home/ollie/ros2_ws/install/action_interfaces/share/action_interfaces/environment/library_path.sh
[1.168s] -- Up-to-date: /home/ollie/ros2_ws/install/action_interfaces/share/action_interfaces/environment/library_path.dsv
[1.169s] -- Up-to-date: /home/ollie/ros2_ws/install/action_interfaces/lib/libaction_interfaces__rosidl_generator_c.so
[1.169s] -- Up-to-date: /home/ollie/ros2_ws/install/action_interfaces/include/action_interfaces/action_interfaces
[1.169s] -- Up-to-date: /home/ollie/ros2_ws/install/action_interfaces/include/action_interfaces/action_interfaces/action
[1.169s] -- Up-to-date: /home/ollie/ros2_ws/install/action_interfaces/include/action_interfaces/action_interfaces/action/detail
[1.169s] -- Up-to-date: /home/ollie/ros2_ws/install/action_interfaces/include/action_interfaces/action_interfaces/action/detail/execute_recovery_tree__rosidl_typesupport_fastrtps_c.h
[1.169s] -- Up-to-date: /home/ollie/ros2_ws/install/action_interfaces/include/action_interfaces/action_interfaces/msg
[1.169s] -- Up-to-date: /home/ollie/ros2_ws/install/action_interfaces/include/action_interfaces/action_interfaces/msg/rosidl_typesupport_fastrtps_c__visibility_control.h
[1.169s] -- Up-to-date: /home/ollie/ros2_ws/install/action_interfaces/lib/libaction_interfaces__rosidl_typesupport_fastrtps_c.so
[1.169s] -- Up-to-date: /home/ollie/ros2_ws/install/action_interfaces/include/action_interfaces/action_interfaces
[1.169s] -- Up-to-date: /home/ollie/ros2_ws/install/action_interfaces/include/action_interfaces/action_interfaces/action
[1.169s] -- Up-to-date: /home/ollie/ros2_ws/install/action_interfaces/include/action_interfaces/action_interfaces/action/detail
[1.169s] -- Up-to-date: /home/ollie/ros2_ws/install/action_interfaces/include/action_interfaces/action_interfaces/action/detail/execute_recovery_tree__type_support.c
[1.169s] -- Up-to-date: /home/ollie/ros2_ws/install/action_interfaces/include/action_interfaces/action_interfaces/action/detail/execute_recovery_tree__rosidl_typesupport_introspection_c.h
[1.170s] -- Up-to-date: /home/ollie/ros2_ws/install/action_interfaces/include/action_interfaces/action_interfaces/msg
[1.170s] -- Up-to-date: /home/ollie/ros2_ws/install/action_interfaces/include/action_interfaces/action_interfaces/msg/rosidl_typesupport_introspection_c__visibility_control.h
[1.170s] -- Up-to-date: /home/ollie/ros2_ws/install/action_interfaces/lib/libaction_interfaces__rosidl_typesupport_introspection_c.so
[1.170s] -- Up-to-date: /home/ollie/ros2_ws/install/action_interfaces/lib/libaction_interfaces__rosidl_typesupport_c.so
[1.170s] -- Up-to-date: /home/ollie/ros2_ws/install/action_interfaces/include/action_interfaces/action_interfaces
[1.170s] -- Up-to-date: /home/ollie/ros2_ws/install/action_interfaces/include/action_interfaces/action_interfaces/action
[1.170s] -- Up-to-date: /home/ollie/ros2_ws/install/action_interfaces/include/action_interfaces/action_interfaces/action/detail
[1.170s] -- Up-to-date: /home/ollie/ros2_ws/install/action_interfaces/include/action_interfaces/action_interfaces/action/detail/execute_recovery_tree__struct.hpp
[1.170s] -- Up-to-date: /home/ollie/ros2_ws/install/action_interfaces/include/action_interfaces/action_interfaces/action/detail/execute_recovery_tree__traits.hpp
[1.171s] -- Up-to-date: /home/ollie/ros2_ws/install/action_interfaces/include/action_interfaces/action_interfaces/action/detail/execute_recovery_tree__builder.hpp
[1.171s] -- Up-to-date: /home/ollie/ros2_ws/install/action_interfaces/include/action_interfaces/action_interfaces/action/execute_recovery_tree.hpp
[1.171s] -- Up-to-date: /home/ollie/ros2_ws/install/action_interfaces/include/action_interfaces/action_interfaces
[1.171s] -- Up-to-date: /home/ollie/ros2_ws/install/action_interfaces/include/action_interfaces/action_interfaces/action
[1.171s] -- Up-to-date: /home/ollie/ros2_ws/install/action_interfaces/include/action_interfaces/action_interfaces/action/detail
[1.171s] -- Up-to-date: /home/ollie/ros2_ws/install/action_interfaces/include/action_interfaces/action_interfaces/action/detail/execute_recovery_tree__rosidl_typesupport_fastrtps_cpp.hpp
[1.171s] -- Up-to-date: /home/ollie/ros2_ws/install/action_interfaces/include/action_interfaces/action_interfaces/action/detail/dds_fastrtps
[1.171s] -- Up-to-date: /home/ollie/ros2_ws/install/action_interfaces/include/action_interfaces/action_interfaces/msg
[1.171s] -- Up-to-date: /home/ollie/ros2_ws/install/action_interfaces/include/action_interfaces/action_interfaces/msg/rosidl_typesupport_fastrtps_cpp__visibility_control.h
[1.171s] -- Up-to-date: /home/ollie/ros2_ws/install/action_interfaces/lib/libaction_interfaces__rosidl_typesupport_fastrtps_cpp.so
[1.172s] -- Up-to-date: /home/ollie/ros2_ws/install/action_interfaces/include/action_interfaces/action_interfaces
[1.172s] -- Up-to-date: /home/ollie/ros2_ws/install/action_interfaces/include/action_interfaces/action_interfaces/action
[1.172s] -- Up-to-date: /home/ollie/ros2_ws/install/action_interfaces/include/action_interfaces/action_interfaces/action/detail
[1.172s] -- Up-to-date: /home/ollie/ros2_ws/install/action_interfaces/include/action_interfaces/action_interfaces/action/detail/execute_recovery_tree__type_support.cpp
[1.172s] -- Up-to-date: /home/ollie/ros2_ws/install/action_interfaces/include/action_interfaces/action_interfaces/action/detail/execute_recovery_tree__rosidl_typesupport_introspection_cpp.hpp
[1.172s] -- Up-to-date: /home/ollie/ros2_ws/install/action_interfaces/lib/libaction_interfaces__rosidl_typesupport_introspection_cpp.so
[1.172s] -- Up-to-date: /home/ollie/ros2_ws/install/action_interfaces/lib/libaction_interfaces__rosidl_typesupport_cpp.so
[1.172s] -- Up-to-date: /home/ollie/ros2_ws/install/action_interfaces/share/action_interfaces/environment/pythonpath.sh
[1.172s] -- Up-to-date: /home/ollie/ros2_ws/install/action_interfaces/share/action_interfaces/environment/pythonpath.dsv
[1.172s] -- Up-to-date: /home/ollie/ros2_ws/install/action_interfaces/local/lib/python3.10/dist-packages/action_interfaces-0.0.0-py3.10.egg-info
[1.172s] -- Installing: /home/ollie/ros2_ws/install/action_interfaces/local/lib/python3.10/dist-packages/action_interfaces-0.0.0-py3.10.egg-info/SOURCES.txt
[1.173s] -- Installing: /home/ollie/ros2_ws/install/action_interfaces/local/lib/python3.10/dist-packages/action_interfaces-0.0.0-py3.10.egg-info/PKG-INFO
[1.173s] -- Installing: /home/ollie/ros2_ws/install/action_interfaces/local/lib/python3.10/dist-packages/action_interfaces-0.0.0-py3.10.egg-info/dependency_links.txt
[1.173s] -- Installing: /home/ollie/ros2_ws/install/action_interfaces/local/lib/python3.10/dist-packages/action_interfaces-0.0.0-py3.10.egg-info/top_level.txt
[1.173s] -- Up-to-date: /home/ollie/ros2_ws/install/action_interfaces/local/lib/python3.10/dist-packages/action_interfaces
[1.173s] -- Up-to-date: /home/ollie/ros2_ws/install/action_interfaces/local/lib/python3.10/dist-packages/action_interfaces/__init__.py
[1.173s] -- Up-to-date: /home/ollie/ros2_ws/install/action_interfaces/local/lib/python3.10/dist-packages/action_interfaces/_action_interfaces_s.ep.rosidl_typesupport_c.c
[1.173s] -- Up-to-date: /home/ollie/ros2_ws/install/action_interfaces/local/lib/python3.10/dist-packages/action_interfaces/action_interfaces_s__rosidl_typesupport_introspection_c.cpython-310-x86_64-linux-gnu.so
[1.173s] -- Up-to-date: /home/ollie/ros2_ws/install/action_interfaces/local/lib/python3.10/dist-packages/action_interfaces/action_interfaces_s__rosidl_typesupport_c.cpython-310-x86_64-linux-gnu.so
[1.173s] -- Up-to-date: /home/ollie/ros2_ws/install/action_interfaces/local/lib/python3.10/dist-packages/action_interfaces/action
[1.173s] -- Up-to-date: /home/ollie/ros2_ws/install/action_interfaces/local/lib/python3.10/dist-packages/action_interfaces/action/__init__.py
[1.173s] -- Up-to-date: /home/ollie/ros2_ws/install/action_interfaces/local/lib/python3.10/dist-packages/action_interfaces/action/_execute_recovery_tree.py
[1.173s] -- Up-to-date: /home/ollie/ros2_ws/install/action_interfaces/local/lib/python3.10/dist-packages/action_interfaces/action/_execute_recovery_tree_s.c
[1.174s] -- Up-to-date: /home/ollie/ros2_ws/install/action_interfaces/local/lib/python3.10/dist-packages/action_interfaces/action_interfaces_s__rosidl_typesupport_fastrtps_c.cpython-310-x86_64-linux-gnu.so
[1.174s] -- Up-to-date: /home/ollie/ros2_ws/install/action_interfaces/local/lib/python3.10/dist-packages/action_interfaces/libaction_interfaces__rosidl_generator_py.so
[1.174s] -- Up-to-date: /home/ollie/ros2_ws/install/action_interfaces/local/lib/python3.10/dist-packages/action_interfaces/_action_interfaces_s.ep.rosidl_typesupport_introspection_c.c
[1.174s] -- Up-to-date: /home/ollie/ros2_ws/install/action_interfaces/local/lib/python3.10/dist-packages/action_interfaces/_action_interfaces_s.ep.rosidl_typesupport_fastrtps_c.c
[1.192s] Listing '/home/ollie/ros2_ws/install/action_interfaces/local/lib/python3.10/dist-packages/action_interfaces'...
[1.192s] Listing '/home/ollie/ros2_ws/install/action_interfaces/local/lib/python3.10/dist-packages/action_interfaces/action'...
[1.195s] -- Up-to-date: /home/ollie/ros2_ws/install/action_interfaces/local/lib/python3.10/dist-packages/action_interfaces/action_interfaces_s__rosidl_typesupport_fastrtps_c.cpython-310-x86_64-linux-gnu.so
[1.195s] -- Up-to-date: /home/ollie/ros2_ws/install/action_interfaces/local/lib/python3.10/dist-packages/action_interfaces/action_interfaces_s__rosidl_typesupport_introspection_c.cpython-310-x86_64-linux-gnu.so
[1.197s] -- Up-to-date: /home/ollie/ros2_ws/install/action_interfaces/local/lib/python3.10/dist-packages/action_interfaces/action_interfaces_s__rosidl_typesupport_c.cpython-310-x86_64-linux-gnu.so
[1.197s] -- Up-to-date: /home/ollie/ros2_ws/install/action_interfaces/lib/libaction_interfaces__rosidl_generator_py.so
[1.198s] -- Up-to-date: /home/ollie/ros2_ws/install/action_interfaces/share/action_interfaces/action/ExecuteRecoveryTree.idl
[1.198s] -- Up-to-date: /home/ollie/ros2_ws/install/action_interfaces/share/action_interfaces/action/ExecuteRecoveryTree.action
[1.198s] -- Up-to-date: /home/ollie/ros2_ws/install/action_interfaces/share/ament_index/resource_index/package_run_dependencies/action_interfaces
[1.198s] -- Up-to-date: /home/ollie/ros2_ws/install/action_interfaces/share/ament_index/resource_index/parent_prefix_path/action_interfaces
[1.198s] -- Up-to-date: /home/ollie/ros2_ws/install/action_interfaces/share/action_interfaces/environment/ament_prefix_path.sh
[1.198s] -- Up-to-date: /home/ollie/ros2_ws/install/action_interfaces/share/action_interfaces/environment/ament_prefix_path.dsv
[1.198s] -- Up-to-date: /home/ollie/ros2_ws/install/action_interfaces/share/action_interfaces/environment/path.sh
[1.199s] -- Up-to-date: /home/ollie/ros2_ws/install/action_interfaces/share/action_interfaces/environment/path.dsv
[1.199s] -- Up-to-date: /home/ollie/ros2_ws/install/action_interfaces/share/action_interfaces/local_setup.bash
[1.199s] -- Up-to-date: /home/ollie/ros2_ws/install/action_interfaces/share/action_interfaces/local_setup.sh
[1.199s] -- Up-to-date: /home/ollie/ros2_ws/install/action_interfaces/share/action_interfaces/local_setup.zsh
[1.199s] -- Up-to-date: /home/ollie/ros2_ws/install/action_interfaces/share/action_interfaces/local_setup.dsv
[1.199s] -- Installing: /home/ollie/ros2_ws/install/action_interfaces/share/action_interfaces/package.dsv
[1.199s] -- Up-to-date: /home/ollie/ros2_ws/install/action_interfaces/share/ament_index/resource_index/packages/action_interfaces
[1.199s] -- Up-to-date: /home/ollie/ros2_ws/install/action_interfaces/share/action_interfaces/cmake/export_action_interfaces__rosidl_generator_cExport.cmake
[1.200s] -- Up-to-date: /home/ollie/ros2_ws/install/action_interfaces/share/action_interfaces/cmake/export_action_interfaces__rosidl_generator_cExport-noconfig.cmake
[1.200s] -- Up-to-date: /home/ollie/ros2_ws/install/action_interfaces/share/action_interfaces/cmake/export_action_interfaces__rosidl_typesupport_fastrtps_cExport.cmake
[1.200s] -- Up-to-date: /home/ollie/ros2_ws/install/action_interfaces/share/action_interfaces/cmake/export_action_interfaces__rosidl_typesupport_fastrtps_cExport-noconfig.cmake
[1.200s] -- Up-to-date: /home/ollie/ros2_ws/install/action_interfaces/share/action_interfaces/cmake/action_interfaces__rosidl_typesupport_introspection_cExport.cmake
[1.200s] -- Up-to-date: /home/ollie/ros2_ws/install/action_interfaces/share/action_interfaces/cmake/action_interfaces__rosidl_typesupport_introspection_cExport-noconfig.cmake
[1.201s] -- Up-to-date: /home/ollie/ros2_ws/install/action_interfaces/share/action_interfaces/cmake/action_interfaces__rosidl_typesupport_cExport.cmake
[1.201s] -- Up-to-date: /home/ollie/ros2_ws/install/action_interfaces/share/action_interfaces/cmake/action_interfaces__rosidl_typesupport_cExport-noconfig.cmake
[1.202s] -- Up-to-date: /home/ollie/ros2_ws/install/action_interfaces/share/action_interfaces/cmake/export_action_interfaces__rosidl_generator_cppExport.cmake
[1.202s] -- Up-to-date: /home/ollie/ros2_ws/install/action_interfaces/share/action_interfaces/cmake/export_action_interfaces__rosidl_typesupport_fastrtps_cppExport.cmake
[1.203s] -- Up-to-date: /home/ollie/ros2_ws/install/action_interfaces/share/action_interfaces/cmake/export_action_interfaces__rosidl_typesupport_fastrtps_cppExport-noconfig.cmake
[1.203s] -- Up-to-date: /home/ollie/ros2_ws/install/action_interfaces/share/action_interfaces/cmake/action_interfaces__rosidl_typesupport_introspection_cppExport.cmake
[1.203s] -- Up-to-date: /home/ollie/ros2_ws/install/action_interfaces/share/action_interfaces/cmake/action_interfaces__rosidl_typesupport_introspection_cppExport-noconfig.cmake
[1.203s] -- Up-to-date: /home/ollie/ros2_ws/install/action_interfaces/share/action_interfaces/cmake/action_interfaces__rosidl_typesupport_cppExport.cmake
[1.203s] -- Up-to-date: /home/ollie/ros2_ws/install/action_interfaces/share/action_interfaces/cmake/action_interfaces__rosidl_typesupport_cppExport-noconfig.cmake
[1.203s] -- Up-to-date: /home/ollie/ros2_ws/install/action_interfaces/share/action_interfaces/cmake/export_action_interfaces__rosidl_generator_pyExport.cmake
[1.203s] -- Up-to-date: /home/ollie/ros2_ws/install/action_interfaces/share/action_interfaces/cmake/export_action_interfaces__rosidl_generator_pyExport-noconfig.cmake
[1.204s] -- Up-to-date: /home/ollie/ros2_ws/install/action_interfaces/share/action_interfaces/cmake/rosidl_cmake-extras.cmake
[1.204s] -- Up-to-date: /home/ollie/ros2_ws/install/action_interfaces/share/action_interfaces/cmake/ament_cmake_export_dependencies-extras.cmake
[1.204s] -- Up-to-date: /home/ollie/ros2_ws/install/action_interfaces/share/action_interfaces/cmake/ament_cmake_export_include_directories-extras.cmake
[1.204s] -- Up-to-date: /home/ollie/ros2_ws/install/action_interfaces/share/action_interfaces/cmake/ament_cmake_export_libraries-extras.cmake
[1.204s] -- Up-to-date: /home/ollie/ros2_ws/install/action_interfaces/share/action_interfaces/cmake/ament_cmake_export_targets-extras.cmake
[1.204s] -- Up-to-date: /home/ollie/ros2_ws/install/action_interfaces/share/action_interfaces/cmake/rosidl_cmake_export_typesupport_targets-extras.cmake
[1.204s] -- Up-to-date: /home/ollie/ros2_ws/install/action_interfaces/share/action_interfaces/cmake/rosidl_cmake_export_typesupport_libraries-extras.cmake
[1.205s] -- Up-to-date: /home/ollie/ros2_ws/install/action_interfaces/share/action_interfaces/cmake/action_interfacesConfig.cmake
[1.205s] -- Up-to-date: /home/ollie/ros2_ws/install/action_interfaces/share/action_interfaces/cmake/action_interfacesConfig-version.cmake
[1.205s] -- Up-to-date: /home/ollie/ros2_ws/install/action_interfaces/share/action_interfaces/package.xml
[1.206s] Invoked command in '/home/ollie/ros2_ws/build/action_interfaces' returned '0': /usr/bin/cmake --install /home/ollie/ros2_ws/build/action_interfaces
