[0.469s] Invoking command in '/home/ollie/ros2_ws/src/recovery_pipeline': PYTHONPATH=/home/ollie/ros2_ws/build/recovery_pipeline/prefix_override:/usr/lib/python3/dist-packages/colcon_core/task/python/colcon_distutils_commands:/home/ollie/ros2_ws/install/recovery_pipeline/lib/python3.10/site-packages: /usr/bin/python3 -W ignore:setup.py install is deprecated setup.py egg_info --egg-base ../../build/recovery_pipeline build --build-base /home/ollie/ros2_ws/build/recovery_pipeline/build install --record /home/ollie/ros2_ws/build/recovery_pipeline/install.log --single-version-externally-managed install_data
[0.592s] running egg_info
[0.592s] writing ../../build/recovery_pipeline/recovery_pipeline.egg-info/PKG-INFO
[0.592s] writing dependency_links to ../../build/recovery_pipeline/recovery_pipeline.egg-info/dependency_links.txt
[0.592s] writing entry points to ../../build/recovery_pipeline/recovery_pipeline.egg-info/entry_points.txt
[0.592s] writing requirements to ../../build/recovery_pipeline/recovery_pipeline.egg-info/requires.txt
[0.593s] writing top-level names to ../../build/recovery_pipeline/recovery_pipeline.egg-info/top_level.txt
[0.594s] reading manifest file '../../build/recovery_pipeline/recovery_pipeline.egg-info/SOURCES.txt'
[0.594s] writing manifest file '../../build/recovery_pipeline/recovery_pipeline.egg-info/SOURCES.txt'
[0.594s] running build
[0.594s] running build_py
[0.595s] running install
[0.596s] running install_lib
[0.597s] byte-compiling /home/ollie/ros2_ws/install/recovery_pipeline/lib/python3.10/site-packages/recovery_pipeline/error_responders/perpendicular_alignment_to_doorway_and_speed.py to perpendicular_alignment_to_doorway_and_speed.cpython-310.pyc
[0.597s]   File "/home/ollie/ros2_ws/install/recovery_pipeline/lib/python3.10/site-packages/recovery_pipeline/error_responders/perpendicular_alignment_to_doorway_and_speed.py", line 13
[0.597s]     self.execute_recovery_tree_client = ActionClient(self, , 'execute_recovery_tree')
[0.597s]                                                            ^
[0.597s] SyntaxError: invalid syntax
[0.597s] 
[0.597s] running install_data
[0.597s] running install_egg_info
[0.598s] removing '/home/ollie/ros2_ws/install/recovery_pipeline/lib/python3.10/site-packages/recovery_pipeline-0.0.0-py3.10.egg-info' (and everything under it)
[0.598s] Copying ../../build/recovery_pipeline/recovery_pipeline.egg-info to /home/ollie/ros2_ws/install/recovery_pipeline/lib/python3.10/site-packages/recovery_pipeline-0.0.0-py3.10.egg-info
[0.599s] running install_scripts
[0.611s] Installing error_detection script to /home/ollie/ros2_ws/install/recovery_pipeline/lib/recovery_pipeline
[0.611s] Installing error_responder script to /home/ollie/ros2_ws/install/recovery_pipeline/lib/recovery_pipeline
[0.612s] writing list of installed files to '/home/ollie/ros2_ws/build/recovery_pipeline/install.log'
[0.628s] Invoked command in '/home/ollie/ros2_ws/src/recovery_pipeline' returned '0': PYTHONPATH=/home/ollie/ros2_ws/build/recovery_pipeline/prefix_override:/usr/lib/python3/dist-packages/colcon_core/task/python/colcon_distutils_commands:/home/ollie/ros2_ws/install/recovery_pipeline/lib/python3.10/site-packages: /usr/bin/python3 -W ignore:setup.py install is deprecated setup.py egg_info --egg-base ../../build/recovery_pipeline build --build-base /home/ollie/ros2_ws/build/recovery_pipeline/build install --record /home/ollie/ros2_ws/build/recovery_pipeline/install.log --single-version-externally-managed install_data
