[0.012s] Invoking command in '/home/ollie/ros2_ws/build/turtlebot3_gazebo': CMAKE_PREFIX_PATH=/opt/ros/humble /usr/bin/cmake /home/ollie/ros2_ws/src/turtlebot3_simulations/turtlebot3_gazebo -DCMAKE_INSTALL_PREFIX=/home/ollie/ros2_ws/install/turtlebot3_gazebo
[0.192s] -- The C compiler identification is GNU 11.4.0
[0.192s] -- The CXX compiler identification is GNU 11.4.0
[0.192s] -- Detecting C compiler ABI info
[0.192s] -- Detecting C compiler ABI info - done
[0.192s] -- Check for working C compiler: /usr/bin/cc - skipped
[0.192s] -- Detecting C compile features
[0.193s] -- Detecting C compile features - done
[0.193s] -- Detecting CXX compiler ABI info
[0.218s] -- Detecting CXX compiler ABI info - done
[0.223s] -- Check for working CXX compiler: /usr/bin/c++ - skipped
[0.223s] -- Detecting CXX compile features
[0.224s] -- Detecting CXX compile features - done
[0.226s] -- Found ament_cmake: 1.3.9 (/opt/ros/humble/share/ament_cmake/cmake)
[0.325s] -- Found Python3: /usr/bin/python3 (found version "3.10.12") found components: Interpreter 
[0.400s] [33mCMake Warning (dev) at /usr/share/cmake-3.22/Modules/FindPackageHandleStandardArgs.cmake:438 (message):
[0.400s]   The package name passed to `find_package_handle_standard_args` (PkgConfig)
[0.400s]   does not match the name of the calling package (gazebo).  This can lead to
[0.400s]   problems in calling code that expects `find_package` result variables
[0.400s]   (e.g., `_FOUND`) to follow a certain pattern.
[0.400s] Call Stack (most recent call first):
[0.400s]   /usr/share/cmake-3.22/Modules/FindPkgConfig.cmake:99 (find_package_handle_standard_args)
[0.400s]   /usr/lib/x86_64-linux-gnu/cmake/gazebo/gazebo-config.cmake:72 (include)
[0.400s]   CMakeLists.txt:23 (find_package)
[0.400s] This warning is for project developers.  Use -Wno-dev to suppress it.
[0.400s] [0m
[0.400s] -- Found PkgConfig: /usr/bin/pkg-config (found version "0.29.2") 
[0.403s] -- Checking for module 'bullet>=2.82'
[0.413s] --   Found bullet, version 3.05
[0.507s] -- Found fcl: /usr/include (found suitable version "0.7.0", minimum required is "0.5.0") 
[0.548s] -- Found assimp: /usr/include (found version "5.2.0") 
[0.570s] -- Found DART: /usr/include (Required is at least version "6.6") found components: dart 
[0.711s] -- Found Boost: /usr/lib/x86_64-linux-gnu/cmake/Boost-1.74.0/BoostConfig.cmake (found suitable version "1.74.0", minimum required is "1.40.0") found components: thread system filesystem program_options regex iostreams date_time 
[0.730s] -- Found Protobuf: /usr/lib/x86_64-linux-gnu/libprotobuf.so (found version "3.12.4") 
[0.736s] -- Looking for ignition-math6 -- found version 6.15.1
[0.743s] -- Searching for dependencies of ignition-math6
[0.744s] -- Looking for OGRE...
[0.744s] -- OGRE_PREFIX_WATCH changed.
[0.748s] -- Checking for module 'OGRE'
[0.758s] --   Found OGRE, version 1.9.0
[0.786s] -- Found Ogre Ghadamon (1.9.0)
[0.794s] -- Found OGRE: optimized;/usr/lib/x86_64-linux-gnu/libOgreMain.so;debug;/usr/lib/x86_64-linux-gnu/libOgreMain.so
[0.801s] -- Looking for OGRE_Paging...
[0.805s] -- Found OGRE_Paging: optimized;/usr/lib/x86_64-linux-gnu/libOgrePaging.so;debug;/usr/lib/x86_64-linux-gnu/libOgrePaging.so
[0.805s] -- Looking for OGRE_Terrain...
[0.808s] -- Found OGRE_Terrain: optimized;/usr/lib/x86_64-linux-gnu/libOgreTerrain.so;debug;/usr/lib/x86_64-linux-gnu/libOgreTerrain.so
[0.808s] -- Looking for OGRE_Property...
[0.812s] -- Found OGRE_Property: optimized;/usr/lib/x86_64-linux-gnu/libOgreProperty.so;debug;/usr/lib/x86_64-linux-gnu/libOgreProperty.so
[0.812s] -- Looking for OGRE_RTShaderSystem...
[0.815s] -- Found OGRE_RTShaderSystem: optimized;/usr/lib/x86_64-linux-gnu/libOgreRTShaderSystem.so;debug;/usr/lib/x86_64-linux-gnu/libOgreRTShaderSystem.so
[0.815s] -- Looking for OGRE_Volume...
[0.819s] -- Found OGRE_Volume: optimized;/usr/lib/x86_64-linux-gnu/libOgreVolume.so;debug;/usr/lib/x86_64-linux-gnu/libOgreVolume.so
[0.819s] -- Looking for OGRE_Overlay...
[0.823s] -- Found OGRE_Overlay: optimized;/usr/lib/x86_64-linux-gnu/libOgreOverlay.so;debug;/usr/lib/x86_64-linux-gnu/libOgreOverlay.so
[0.896s] -- Looking for ignition-math6 -- found version 6.15.1
[0.899s] -- Looking for ignition-transport8 -- found version 8.2.1
[0.899s] -- Searching for dependencies of ignition-transport8
[0.915s] -- Found Protobuf: /usr/lib/x86_64-linux-gnu/libprotobuf.so (found suitable version "3.12.4", minimum required is "3") 
[0.926s] -- Config-file not installed for ZeroMQ -- checking for pkg-config
[0.929s] -- Checking for module 'libzmq >= 4'
[0.939s] --   Found libzmq , version 4.3.4
[0.969s] -- Found ZeroMQ: TRUE (Required is at least version "4") 
[0.973s] -- Checking for module 'uuid'
[0.983s] --   Found uuid, version 2.37.2
[1.012s] -- Found UUID: TRUE  
[1.022s] -- Looking for ignition-msgs5 -- found version 5.8.1
[1.022s] -- Searching for dependencies of ignition-msgs5
[1.039s] -- Looking for ignition-math6 -- found version 6.15.1
[1.042s] -- Checking for module 'tinyxml2'
[1.052s] --   Found tinyxml2, version 9.0.0
[1.082s] -- Looking for ignition-msgs5 -- found version 5.8.1
[1.085s] -- Looking for ignition-common3 -- found version 3.14.0
[1.085s] -- Searching for dependencies of ignition-common3
[1.085s] -- Looking for dlfcn.h - found
[1.086s] -- Looking for libdl - found
[1.087s] -- Found DL: TRUE  
[1.095s] -- Found tinyobjloader: /usr/lib/x86_64-linux-gnu/cmake/tinyobjloader/tinyobjloader-config.cmake (found version "2.0.0") 
[1.096s] -- Searching for <ignition-common3> component [graphics]
[1.098s] -- Looking for ignition-common3-graphics -- found version 3.14.0
[1.098s] -- Searching for dependencies of ignition-common3-graphics
[1.098s] -- Looking for ignition-math6 -- found version 6.15.1
[1.101s] -- Looking for ignition-fuel_tools4 -- found version 4.4.0
[1.101s] -- Searching for dependencies of ignition-fuel_tools4
[1.166s] -- Found CURL: /usr/lib/x86_64-linux-gnu/libcurl.so (found version "7.81.0")  
[1.173s] -- Checking for module 'jsoncpp'
[1.183s] --   Found jsoncpp, version 1.9.5
[1.212s] -- Found JSONCPP: TRUE  
[1.217s] -- Checking for module 'libzip'
[1.227s] --   Found libzip, version 1.7.3
[1.255s] -- Found ZIP: TRUE  
[1.255s] -- Looking for ignition-common3 -- found version 3.14.0
[1.256s] -- Looking for ignition-math6 -- found version 6.15.1
[1.256s] -- Looking for ignition-msgs5 -- found version 5.8.1
[1.261s] -- Found gazebo_ros_pkgs: 3.7.0 (/opt/ros/humble/share/gazebo_ros_pkgs/cmake)
[1.263s] -- Found geometry_msgs: 4.2.4 (/opt/ros/humble/share/geometry_msgs/cmake)
[1.286s] -- Found rosidl_generator_c: 3.1.5 (/opt/ros/humble/share/rosidl_generator_c/cmake)
[1.290s] -- Found rosidl_adapter: 3.1.5 (/opt/ros/humble/share/rosidl_adapter/cmake)
[1.296s] -- Found rosidl_generator_cpp: 3.1.5 (/opt/ros/humble/share/rosidl_generator_cpp/cmake)
[1.306s] -- Using all available rosidl_typesupport_c: rosidl_typesupport_fastrtps_c;rosidl_typesupport_introspection_c
[1.319s] -- Using all available rosidl_typesupport_cpp: rosidl_typesupport_fastrtps_cpp;rosidl_typesupport_introspection_cpp
[1.399s] -- Found nav_msgs: 4.2.4 (/opt/ros/humble/share/nav_msgs/cmake)
[1.454s] -- Found rclcpp: 16.0.9 (/opt/ros/humble/share/rclcpp/cmake)
[1.495s] -- Found rmw_implementation_cmake: 6.1.2 (/opt/ros/humble/share/rmw_implementation_cmake/cmake)
[1.497s] -- Found rmw_fastrtps_cpp: 6.2.6 (/opt/ros/humble/share/rmw_fastrtps_cpp/cmake)
[1.578s] -- Found OpenSSL: /usr/lib/x86_64-linux-gnu/libcrypto.so (found version "3.0.2")  
[1.598s] -- Found FastRTPS: /opt/ros/humble/include  
[1.639s] -- Using RMW implementation 'rmw_fastrtps_cpp' as default
[1.646s] -- Found Threads: TRUE  
[1.730s] -- Found sensor_msgs: 4.2.4 (/opt/ros/humble/share/sensor_msgs/cmake)
[1.786s] -- Found tf2: 0.25.7 (/opt/ros/humble/share/tf2/cmake)
[1.839s] -- Configuring done
[1.883s] -- Generating done
[1.885s] -- Build files have been written to: /home/ollie/ros2_ws/build/turtlebot3_gazebo
[1.895s] Invoked command in '/home/ollie/ros2_ws/build/turtlebot3_gazebo' returned '0': CMAKE_PREFIX_PATH=/opt/ros/humble /usr/bin/cmake /home/ollie/ros2_ws/src/turtlebot3_simulations/turtlebot3_gazebo -DCMAKE_INSTALL_PREFIX=/home/ollie/ros2_ws/install/turtlebot3_gazebo
[1.896s] Invoking command in '/home/ollie/ros2_ws/build/turtlebot3_gazebo': CMAKE_PREFIX_PATH=/opt/ros/humble /usr/bin/cmake --build /home/ollie/ros2_ws/build/turtlebot3_gazebo -- -j16 -l16
[1.934s] [ 37%] [32mBuilding CXX object CMakeFiles/obstacle2.dir/models/turtlebot3_dqn_world/obstacle_plugin/obstacle2.cc.o[0m
[1.934s] [ 37%] [32mBuilding CXX object CMakeFiles/obstacle1.dir/models/turtlebot3_dqn_world/obstacle_plugin/obstacle1.cc.o[0m
[1.934s] [ 37%] [32mBuilding CXX object CMakeFiles/turtlebot3_drive.dir/src/turtlebot3_drive.cpp.o[0m
[1.934s] [ 50%] [32mBuilding CXX object CMakeFiles/obstacles.dir/models/turtlebot3_dqn_world/obstacle_plugin/obstacles.cc.o[0m
[9.590s] [ 62%] [32m[1mLinking CXX executable turtlebot3_drive[0m
[9.906s] [ 87%] [32m[1mLinking CXX shared library libobstacles.so[0m
[9.906s] [ 87%] [32m[1mLinking CXX shared library libobstacle1.so[0m
[9.926s] [ 87%] Built target turtlebot3_drive
[9.952s] [100%] [32m[1mLinking CXX shared library libobstacle2.so[0m
[10.087s] [100%] Built target obstacle1
[10.087s] [100%] Built target obstacles
[10.098s] [100%] Built target obstacle2
[10.106s] Invoked command in '/home/ollie/ros2_ws/build/turtlebot3_gazebo' returned '0': CMAKE_PREFIX_PATH=/opt/ros/humble /usr/bin/cmake --build /home/ollie/ros2_ws/build/turtlebot3_gazebo -- -j16 -l16
[10.134s] Invoking command in '/home/ollie/ros2_ws/build/turtlebot3_gazebo': CMAKE_PREFIX_PATH=/opt/ros/humble /usr/bin/cmake --install /home/ollie/ros2_ws/build/turtlebot3_gazebo
[10.139s] -- Install configuration: ""
[10.139s] -- Installing: /home/ollie/ros2_ws/install/turtlebot3_gazebo/lib/turtlebot3_gazebo/turtlebot3_drive
[10.144s] -- Set runtime path of "/home/ollie/ros2_ws/install/turtlebot3_gazebo/lib/turtlebot3_gazebo/turtlebot3_drive" to ""
[10.144s] -- Installing: /home/ollie/ros2_ws/install/turtlebot3_gazebo/share/turtlebot3_gazebo//launch
[10.145s] -- Installing: /home/ollie/ros2_ws/install/turtlebot3_gazebo/share/turtlebot3_gazebo//launch/turtlebot3_world.launch.py
[10.145s] -- Installing: /home/ollie/ros2_ws/install/turtlebot3_gazebo/share/turtlebot3_gazebo//launch/turtlebot3_dqn_stage2.launch.py
[10.145s] -- Installing: /home/ollie/ros2_ws/install/turtlebot3_gazebo/share/turtlebot3_gazebo//launch/robot_state_publisher.launch.py
[10.145s] -- Installing: /home/ollie/ros2_ws/install/turtlebot3_gazebo/share/turtlebot3_gazebo//launch/house_interior.launch.py
[10.145s] -- Installing: /home/ollie/ros2_ws/install/turtlebot3_gazebo/share/turtlebot3_gazebo//launch/turtlebot3_dqn_stage4.launch.py
[10.145s] -- Installing: /home/ollie/ros2_ws/install/turtlebot3_gazebo/share/turtlebot3_gazebo//launch/turtlebot3_dqn_stage3.launch.py
[10.145s] -- Installing: /home/ollie/ros2_ws/install/turtlebot3_gazebo/share/turtlebot3_gazebo//launch/turtlebot3_house.launch.py
[10.145s] -- Installing: /home/ollie/ros2_ws/install/turtlebot3_gazebo/share/turtlebot3_gazebo//launch/spawn_turtlebot3.launch.py
[10.145s] -- Installing: /home/ollie/ros2_ws/install/turtlebot3_gazebo/share/turtlebot3_gazebo//launch/turtlebot3_dqn_stage1.launch.py
[10.145s] -- Installing: /home/ollie/ros2_ws/install/turtlebot3_gazebo/share/turtlebot3_gazebo//launch/empty_world.launch.py
[10.145s] -- Installing: /home/ollie/ros2_ws/install/turtlebot3_gazebo/share/turtlebot3_gazebo//models
[10.146s] -- Installing: /home/ollie/ros2_ws/install/turtlebot3_gazebo/share/turtlebot3_gazebo//models/turtlebot3_dqn_world
[10.146s] -- Installing: /home/ollie/ros2_ws/install/turtlebot3_gazebo/share/turtlebot3_gazebo//models/turtlebot3_dqn_world/model.config
[10.146s] -- Installing: /home/ollie/ros2_ws/install/turtlebot3_gazebo/share/turtlebot3_gazebo//models/turtlebot3_dqn_world/obstacle1
[10.146s] -- Installing: /home/ollie/ros2_ws/install/turtlebot3_gazebo/share/turtlebot3_gazebo//models/turtlebot3_dqn_world/obstacle1/model.config
[10.146s] -- Installing: /home/ollie/ros2_ws/install/turtlebot3_gazebo/share/turtlebot3_gazebo//models/turtlebot3_dqn_world/obstacle1/model.sdf
[10.146s] -- Installing: /home/ollie/ros2_ws/install/turtlebot3_gazebo/share/turtlebot3_gazebo//models/turtlebot3_dqn_world/inner_walls
[10.146s] -- Installing: /home/ollie/ros2_ws/install/turtlebot3_gazebo/share/turtlebot3_gazebo//models/turtlebot3_dqn_world/inner_walls/model.config
[10.146s] -- Installing: /home/ollie/ros2_ws/install/turtlebot3_gazebo/share/turtlebot3_gazebo//models/turtlebot3_dqn_world/inner_walls/model.sdf
[10.146s] -- Installing: /home/ollie/ros2_ws/install/turtlebot3_gazebo/share/turtlebot3_gazebo//models/turtlebot3_dqn_world/goal_box
[10.146s] -- Installing: /home/ollie/ros2_ws/install/turtlebot3_gazebo/share/turtlebot3_gazebo//models/turtlebot3_dqn_world/goal_box/model.config
[10.146s] -- Installing: /home/ollie/ros2_ws/install/turtlebot3_gazebo/share/turtlebot3_gazebo//models/turtlebot3_dqn_world/goal_box/model.sdf
[10.146s] -- Installing: /home/ollie/ros2_ws/install/turtlebot3_gazebo/share/turtlebot3_gazebo//models/turtlebot3_dqn_world/model.sdf
[10.147s] -- Installing: /home/ollie/ros2_ws/install/turtlebot3_gazebo/share/turtlebot3_gazebo//models/turtlebot3_dqn_world/obstacle2
[10.147s] -- Installing: /home/ollie/ros2_ws/install/turtlebot3_gazebo/share/turtlebot3_gazebo//models/turtlebot3_dqn_world/obstacle2/model.config
[10.147s] -- Installing: /home/ollie/ros2_ws/install/turtlebot3_gazebo/share/turtlebot3_gazebo//models/turtlebot3_dqn_world/obstacle2/model.sdf
[10.147s] -- Installing: /home/ollie/ros2_ws/install/turtlebot3_gazebo/share/turtlebot3_gazebo//models/turtlebot3_dqn_world/obstacles
[10.147s] -- Installing: /home/ollie/ros2_ws/install/turtlebot3_gazebo/share/turtlebot3_gazebo//models/turtlebot3_dqn_world/obstacles/model.config
[10.147s] -- Installing: /home/ollie/ros2_ws/install/turtlebot3_gazebo/share/turtlebot3_gazebo//models/turtlebot3_dqn_world/obstacles/model.sdf
[10.147s] -- Installing: /home/ollie/ros2_ws/install/turtlebot3_gazebo/share/turtlebot3_gazebo//models/turtlebot3_dqn_world/obstacle_plugin
[10.147s] -- Installing: /home/ollie/ros2_ws/install/turtlebot3_gazebo/share/turtlebot3_gazebo//models/turtlebot3_dqn_world/obstacle_plugin/obstacle1.cc
[10.147s] -- Installing: /home/ollie/ros2_ws/install/turtlebot3_gazebo/share/turtlebot3_gazebo//models/turtlebot3_dqn_world/obstacle_plugin/CMakeLists.txt
[10.147s] -- Installing: /home/ollie/ros2_ws/install/turtlebot3_gazebo/share/turtlebot3_gazebo//models/turtlebot3_dqn_world/obstacle_plugin/obstacles.cc
[10.147s] -- Installing: /home/ollie/ros2_ws/install/turtlebot3_gazebo/share/turtlebot3_gazebo//models/turtlebot3_dqn_world/obstacle_plugin/obstacle2.cc
[10.147s] -- Installing: /home/ollie/ros2_ws/install/turtlebot3_gazebo/share/turtlebot3_gazebo//models/turtlebot3_waffle_pi
[10.148s] -- Installing: /home/ollie/ros2_ws/install/turtlebot3_gazebo/share/turtlebot3_gazebo//models/turtlebot3_waffle_pi/model.config
[10.148s] -- Installing: /home/ollie/ros2_ws/install/turtlebot3_gazebo/share/turtlebot3_gazebo//models/turtlebot3_waffle_pi/model-1_4_.sdf
[10.148s] -- Installing: /home/ollie/ros2_ws/install/turtlebot3_gazebo/share/turtlebot3_gazebo//models/turtlebot3_waffle_pi/model.sdf
[10.148s] -- Installing: /home/ollie/ros2_ws/install/turtlebot3_gazebo/share/turtlebot3_gazebo//models/turtlebot3_common
[10.148s] -- Installing: /home/ollie/ros2_ws/install/turtlebot3_gazebo/share/turtlebot3_gazebo//models/turtlebot3_common/model.config
[10.148s] -- Installing: /home/ollie/ros2_ws/install/turtlebot3_gazebo/share/turtlebot3_gazebo//models/turtlebot3_common/meshes
[10.148s] -- Installing: /home/ollie/ros2_ws/install/turtlebot3_gazebo/share/turtlebot3_gazebo//models/turtlebot3_common/meshes/waffle_base.dae
[10.148s] -- Installing: /home/ollie/ros2_ws/install/turtlebot3_gazebo/share/turtlebot3_gazebo//models/turtlebot3_common/meshes/tire.dae
[10.148s] -- Installing: /home/ollie/ros2_ws/install/turtlebot3_gazebo/share/turtlebot3_gazebo//models/turtlebot3_common/meshes/lds.dae
[10.148s] -- Installing: /home/ollie/ros2_ws/install/turtlebot3_gazebo/share/turtlebot3_gazebo//models/turtlebot3_common/meshes/waffle_pi_base.dae
[10.149s] -- Installing: /home/ollie/ros2_ws/install/turtlebot3_gazebo/share/turtlebot3_gazebo//models/turtlebot3_common/meshes/r200.dae
[10.149s] -- Installing: /home/ollie/ros2_ws/install/turtlebot3_gazebo/share/turtlebot3_gazebo//models/turtlebot3_common/meshes/burger_base.dae
[10.149s] -- Installing: /home/ollie/ros2_ws/install/turtlebot3_gazebo/share/turtlebot3_gazebo//models/turtlebot3_burger
[10.149s] -- Installing: /home/ollie/ros2_ws/install/turtlebot3_gazebo/share/turtlebot3_gazebo//models/turtlebot3_burger/model.config
[10.149s] -- Installing: /home/ollie/ros2_ws/install/turtlebot3_gazebo/share/turtlebot3_gazebo//models/turtlebot3_burger/model-1_4.sdf
[10.149s] -- Installing: /home/ollie/ros2_ws/install/turtlebot3_gazebo/share/turtlebot3_gazebo//models/turtlebot3_burger/model.sdf
[10.149s] -- Installing: /home/ollie/ros2_ws/install/turtlebot3_gazebo/share/turtlebot3_gazebo//models/turtlebot3_house
[10.149s] -- Installing: /home/ollie/ros2_ws/install/turtlebot3_gazebo/share/turtlebot3_gazebo//models/turtlebot3_house/model.config
[10.149s] -- Installing: /home/ollie/ros2_ws/install/turtlebot3_gazebo/share/turtlebot3_gazebo//models/turtlebot3_house/model.sdf
[10.150s] -- Installing: /home/ollie/ros2_ws/install/turtlebot3_gazebo/share/turtlebot3_gazebo//models/turtlebot3_waffle
[10.150s] -- Installing: /home/ollie/ros2_ws/install/turtlebot3_gazebo/share/turtlebot3_gazebo//models/turtlebot3_waffle/model.config
[10.150s] -- Installing: /home/ollie/ros2_ws/install/turtlebot3_gazebo/share/turtlebot3_gazebo//models/turtlebot3_waffle/model-1_4.sdf
[10.150s] -- Installing: /home/ollie/ros2_ws/install/turtlebot3_gazebo/share/turtlebot3_gazebo//models/turtlebot3_waffle/model.sdf
[10.150s] -- Installing: /home/ollie/ros2_ws/install/turtlebot3_gazebo/share/turtlebot3_gazebo//models/turtlebot3_world
[10.150s] -- Installing: /home/ollie/ros2_ws/install/turtlebot3_gazebo/share/turtlebot3_gazebo//models/turtlebot3_world/model.config
[10.150s] -- Installing: /home/ollie/ros2_ws/install/turtlebot3_gazebo/share/turtlebot3_gazebo//models/turtlebot3_world/model-1_4.sdf
[10.150s] -- Installing: /home/ollie/ros2_ws/install/turtlebot3_gazebo/share/turtlebot3_gazebo//models/turtlebot3_world/model.sdf
[10.151s] -- Installing: /home/ollie/ros2_ws/install/turtlebot3_gazebo/share/turtlebot3_gazebo//models/turtlebot3_world/meshes
[10.151s] -- Installing: /home/ollie/ros2_ws/install/turtlebot3_gazebo/share/turtlebot3_gazebo//models/turtlebot3_world/meshes/hexagon.dae
[10.151s] -- Installing: /home/ollie/ros2_ws/install/turtlebot3_gazebo/share/turtlebot3_gazebo//models/turtlebot3_world/meshes/wall.dae
[10.151s] -- Installing: /home/ollie/ros2_ws/install/turtlebot3_gazebo/share/turtlebot3_gazebo//rviz
[10.151s] -- Installing: /home/ollie/ros2_ws/install/turtlebot3_gazebo/share/turtlebot3_gazebo//rviz/tb3_gazebo.rviz
[10.151s] -- Installing: /home/ollie/ros2_ws/install/turtlebot3_gazebo/share/turtlebot3_gazebo//urdf
[10.151s] -- Installing: /home/ollie/ros2_ws/install/turtlebot3_gazebo/share/turtlebot3_gazebo//urdf/turtlebot3_waffle.urdf
[10.151s] -- Installing: /home/ollie/ros2_ws/install/turtlebot3_gazebo/share/turtlebot3_gazebo//urdf/common_properties.urdf
[10.151s] -- Installing: /home/ollie/ros2_ws/install/turtlebot3_gazebo/share/turtlebot3_gazebo//urdf/turtlebot3_waffle_pi.urdf
[10.151s] -- Installing: /home/ollie/ros2_ws/install/turtlebot3_gazebo/share/turtlebot3_gazebo//urdf/turtlebot3_burger.urdf
[10.151s] -- Installing: /home/ollie/ros2_ws/install/turtlebot3_gazebo/share/turtlebot3_gazebo//worlds
[10.151s] -- Installing: /home/ollie/ros2_ws/install/turtlebot3_gazebo/share/turtlebot3_gazebo//worlds/turtlebot3_world.world
[10.152s] -- Installing: /home/ollie/ros2_ws/install/turtlebot3_gazebo/share/turtlebot3_gazebo//worlds/turtlebot3_house.world
[10.152s] -- Installing: /home/ollie/ros2_ws/install/turtlebot3_gazebo/share/turtlebot3_gazebo//worlds/turtlebot3_dqn_stage4.world
[10.152s] -- Installing: /home/ollie/ros2_ws/install/turtlebot3_gazebo/share/turtlebot3_gazebo//worlds/empty_world.world
[10.152s] -- Installing: /home/ollie/ros2_ws/install/turtlebot3_gazebo/share/turtlebot3_gazebo//worlds/turtlebot3_dqn_stage1.world
[10.152s] -- Installing: /home/ollie/ros2_ws/install/turtlebot3_gazebo/share/turtlebot3_gazebo//worlds/house_interior.sdf
[10.152s] -- Installing: /home/ollie/ros2_ws/install/turtlebot3_gazebo/share/turtlebot3_gazebo//worlds/turtlebot3_dqn_stage3.world
[10.152s] -- Installing: /home/ollie/ros2_ws/install/turtlebot3_gazebo/share/turtlebot3_gazebo//worlds/house_interior.world
[10.152s] -- Installing: /home/ollie/ros2_ws/install/turtlebot3_gazebo/share/turtlebot3_gazebo//worlds/turtlebot3_dqn_stage2.world
[10.152s] -- Installing: /home/ollie/ros2_ws/install/turtlebot3_gazebo/include/
[10.152s] -- Installing: /home/ollie/ros2_ws/install/turtlebot3_gazebo/include//turtlebot3_gazebo
[10.153s] -- Installing: /home/ollie/ros2_ws/install/turtlebot3_gazebo/include//turtlebot3_gazebo/turtlebot3_drive.hpp
[10.153s] -- Installing: /home/ollie/ros2_ws/install/turtlebot3_gazebo/share/ament_index/resource_index/package_run_dependencies/turtlebot3_gazebo
[10.153s] -- Installing: /home/ollie/ros2_ws/install/turtlebot3_gazebo/share/ament_index/resource_index/parent_prefix_path/turtlebot3_gazebo
[10.153s] -- Installing: /home/ollie/ros2_ws/install/turtlebot3_gazebo/share/turtlebot3_gazebo/environment/ament_prefix_path.sh
[10.153s] -- Installing: /home/ollie/ros2_ws/install/turtlebot3_gazebo/share/turtlebot3_gazebo/environment/ament_prefix_path.dsv
[10.153s] -- Installing: /home/ollie/ros2_ws/install/turtlebot3_gazebo/share/turtlebot3_gazebo/environment/path.sh
[10.153s] -- Installing: /home/ollie/ros2_ws/install/turtlebot3_gazebo/share/turtlebot3_gazebo/environment/path.dsv
[10.153s] -- Installing: /home/ollie/ros2_ws/install/turtlebot3_gazebo/share/turtlebot3_gazebo/local_setup.bash
[10.154s] -- Installing: /home/ollie/ros2_ws/install/turtlebot3_gazebo/share/turtlebot3_gazebo/local_setup.sh
[10.154s] -- Installing: /home/ollie/ros2_ws/install/turtlebot3_gazebo/share/turtlebot3_gazebo/local_setup.zsh
[10.154s] -- Installing: /home/ollie/ros2_ws/install/turtlebot3_gazebo/share/turtlebot3_gazebo/local_setup.dsv
[10.154s] -- Installing: /home/ollie/ros2_ws/install/turtlebot3_gazebo/share/turtlebot3_gazebo/package.dsv
[10.154s] -- Installing: /home/ollie/ros2_ws/install/turtlebot3_gazebo/share/ament_index/resource_index/packages/turtlebot3_gazebo
[10.154s] -- Installing: /home/ollie/ros2_ws/install/turtlebot3_gazebo/share/turtlebot3_gazebo/cmake/ament_cmake_export_include_directories-extras.cmake
[10.154s] -- Installing: /home/ollie/ros2_ws/install/turtlebot3_gazebo/share/turtlebot3_gazebo/cmake/ament_cmake_export_dependencies-extras.cmake
[10.154s] -- Installing: /home/ollie/ros2_ws/install/turtlebot3_gazebo/share/turtlebot3_gazebo/cmake/turtlebot3_gazeboConfig.cmake
[10.155s] -- Installing: /home/ollie/ros2_ws/install/turtlebot3_gazebo/share/turtlebot3_gazebo/cmake/turtlebot3_gazeboConfig-version.cmake
[10.155s] -- Installing: /home/ollie/ros2_ws/install/turtlebot3_gazebo/share/turtlebot3_gazebo/package.xml
[10.156s] Invoked command in '/home/ollie/ros2_ws/build/turtlebot3_gazebo' returned '0': CMAKE_PREFIX_PATH=/opt/ros/humble /usr/bin/cmake --install /home/ollie/ros2_ws/build/turtlebot3_gazebo
