[0.011s] Invoking command in '/home/ollie/ros2_ws/build/turtlebot3_fake_node': /usr/bin/cmake --build /home/ollie/ros2_ws/build/turtlebot3_fake_node -- -j16 -l16
[0.971s] [100%] Built target turtlebot3_fake_node
[1.111s] Invoked command in '/home/ollie/ros2_ws/build/turtlebot3_fake_node' returned '0': /usr/bin/cmake --build /home/ollie/ros2_ws/build/turtlebot3_fake_node -- -j16 -l16
[1.136s] Invoking command in '/home/ollie/ros2_ws/build/turtlebot3_fake_node': /usr/bin/cmake --install /home/ollie/ros2_ws/build/turtlebot3_fake_node
[1.143s] -- Install configuration: ""
[1.143s] -- Up-to-date: /home/ollie/ros2_ws/install/turtlebot3_fake_node/lib/turtlebot3_fake_node/turtlebot3_fake_node
[1.143s] -- Up-to-date: /home/ollie/ros2_ws/install/turtlebot3_fake_node/share/turtlebot3_fake_node/launch
[1.144s] -- Up-to-date: /home/ollie/ros2_ws/install/turtlebot3_fake_node/share/turtlebot3_fake_node/launch/turtlebot3_fake_node.launch.py
[1.144s] -- Up-to-date: /home/ollie/ros2_ws/install/turtlebot3_fake_node/share/turtlebot3_fake_node/launch/rviz2.launch.py
[1.144s] -- Up-to-date: /home/ollie/ros2_ws/install/turtlebot3_fake_node/share/turtlebot3_fake_node/param
[1.144s] -- Up-to-date: /home/ollie/ros2_ws/install/turtlebot3_fake_node/share/turtlebot3_fake_node/param/burger.yaml
[1.144s] -- Up-to-date: /home/ollie/ros2_ws/install/turtlebot3_fake_node/share/turtlebot3_fake_node/param/waffle_pi.yaml
[1.144s] -- Up-to-date: /home/ollie/ros2_ws/install/turtlebot3_fake_node/share/turtlebot3_fake_node/param/waffle.yaml
[1.145s] -- Up-to-date: /home/ollie/ros2_ws/install/turtlebot3_fake_node/include/
[1.145s] -- Up-to-date: /home/ollie/ros2_ws/install/turtlebot3_fake_node/include//turtlebot3_fake_node
[1.145s] -- Up-to-date: /home/ollie/ros2_ws/install/turtlebot3_fake_node/include//turtlebot3_fake_node/turtlebot3_fake_node.hpp
[1.145s] -- Up-to-date: /home/ollie/ros2_ws/install/turtlebot3_fake_node/share/ament_index/resource_index/package_run_dependencies/turtlebot3_fake_node
[1.145s] -- Up-to-date: /home/ollie/ros2_ws/install/turtlebot3_fake_node/share/ament_index/resource_index/parent_prefix_path/turtlebot3_fake_node
[1.146s] -- Up-to-date: /home/ollie/ros2_ws/install/turtlebot3_fake_node/share/turtlebot3_fake_node/environment/ament_prefix_path.sh
[1.146s] -- Up-to-date: /home/ollie/ros2_ws/install/turtlebot3_fake_node/share/turtlebot3_fake_node/environment/ament_prefix_path.dsv
[1.146s] -- Up-to-date: /home/ollie/ros2_ws/install/turtlebot3_fake_node/share/turtlebot3_fake_node/environment/path.sh
[1.146s] -- Up-to-date: /home/ollie/ros2_ws/install/turtlebot3_fake_node/share/turtlebot3_fake_node/environment/path.dsv
[1.146s] -- Up-to-date: /home/ollie/ros2_ws/install/turtlebot3_fake_node/share/turtlebot3_fake_node/local_setup.bash
[1.147s] -- Up-to-date: /home/ollie/ros2_ws/install/turtlebot3_fake_node/share/turtlebot3_fake_node/local_setup.sh
[1.147s] -- Up-to-date: /home/ollie/ros2_ws/install/turtlebot3_fake_node/share/turtlebot3_fake_node/local_setup.zsh
[1.147s] -- Up-to-date: /home/ollie/ros2_ws/install/turtlebot3_fake_node/share/turtlebot3_fake_node/local_setup.dsv
[1.147s] -- Installing: /home/ollie/ros2_ws/install/turtlebot3_fake_node/share/turtlebot3_fake_node/package.dsv
[1.148s] -- Up-to-date: /home/ollie/ros2_ws/install/turtlebot3_fake_node/share/ament_index/resource_index/packages/turtlebot3_fake_node
[1.148s] -- Up-to-date: /home/ollie/ros2_ws/install/turtlebot3_fake_node/share/turtlebot3_fake_node/cmake/ament_cmake_export_include_directories-extras.cmake
[1.148s] -- Up-to-date: /home/ollie/ros2_ws/install/turtlebot3_fake_node/share/turtlebot3_fake_node/cmake/ament_cmake_export_dependencies-extras.cmake
[1.148s] -- Up-to-date: /home/ollie/ros2_ws/install/turtlebot3_fake_node/share/turtlebot3_fake_node/cmake/turtlebot3_fake_nodeConfig.cmake
[1.148s] -- Up-to-date: /home/ollie/ros2_ws/install/turtlebot3_fake_node/share/turtlebot3_fake_node/cmake/turtlebot3_fake_nodeConfig-version.cmake
[1.149s] -- Up-to-date: /home/ollie/ros2_ws/install/turtlebot3_fake_node/share/turtlebot3_fake_node/package.xml
[1.153s] Invoked command in '/home/ollie/ros2_ws/build/turtlebot3_fake_node' returned '0': /usr/bin/cmake --install /home/ollie/ros2_ws/build/turtlebot3_fake_node
