[0.425s] Invoking command in '/home/ollie/ros2_ws/build/robot_vacuum_auto_recovery': PYTHONPATH=/home/ollie/ros2_ws/build/robot_vacuum_auto_recovery/prefix_override:/home/ollie/ros2_ws/install/robot_vacuum_auto_recovery/lib/python3.10/site-packages:${PYTHONPATH} /usr/bin/python3 -W ignore:setup.py install is deprecated setup.py develop --editable --build-directory /home/ollie/ros2_ws/build/robot_vacuum_auto_recovery/build --no-deps symlink_data --force
[0.600s] running develop
[0.600s] /usr/lib/python3/dist-packages/setuptools/command/easy_install.py:158: EasyInstallDeprecationWarning: easy_install command is deprecated. Use build and pip and other standards-based tools.
[0.600s]   warnings.warn(
[0.712s] running egg_info
[0.712s] writing robot_vacuum_auto_recovery.egg-info/PKG-INFO
[0.712s] writing dependency_links to robot_vacuum_auto_recovery.egg-info/dependency_links.txt
[0.712s] writing entry points to robot_vacuum_auto_recovery.egg-info/entry_points.txt
[0.712s] writing requirements to robot_vacuum_auto_recovery.egg-info/requires.txt
[0.712s] writing top-level names to robot_vacuum_auto_recovery.egg-info/top_level.txt
[0.713s] reading manifest file 'robot_vacuum_auto_recovery.egg-info/SOURCES.txt'
[0.714s] writing manifest file 'robot_vacuum_auto_recovery.egg-info/SOURCES.txt'
[0.714s] running build_ext
[0.715s] Creating /home/ollie/ros2_ws/install/robot_vacuum_auto_recovery/lib/python3.10/site-packages/robot-vacuum-auto-recovery.egg-link (link to .)
[0.715s] Installing button_press script to /home/ollie/ros2_ws/install/robot_vacuum_auto_recovery/lib/robot_vacuum_auto_recovery
[0.715s] 
[0.715s] Installed /home/ollie/ros2_ws/build/robot_vacuum_auto_recovery
[0.715s] running symlink_data
[0.737s] symbolically linking /home/ollie/ros2_ws/build/robot_vacuum_auto_recovery/resource/robot_vacuum_auto_recovery -> /home/ollie/ros2_ws/install/robot_vacuum_auto_recovery/share/ament_index/resource_index/packages
[0.737s] symbolically linking /home/ollie/ros2_ws/build/robot_vacuum_auto_recovery/package.xml -> /home/ollie/ros2_ws/install/robot_vacuum_auto_recovery/share/robot_vacuum_auto_recovery
[0.754s] Invoked command in '/home/ollie/ros2_ws/build/robot_vacuum_auto_recovery' returned '0': PYTHONPATH=/home/ollie/ros2_ws/build/robot_vacuum_auto_recovery/prefix_override:/home/ollie/ros2_ws/install/robot_vacuum_auto_recovery/lib/python3.10/site-packages:${PYTHONPATH} /usr/bin/python3 -W ignore:setup.py install is deprecated setup.py develop --editable --build-directory /home/ollie/ros2_ws/build/robot_vacuum_auto_recovery/build --no-deps symlink_data --force
