[0.123s] Invoking command in '/home/ollie/ros2_ws/build/action_interfaces': /usr/bin/cmake --build /home/ollie/ros2_ws/build/action_interfaces -- -j16 -l16
[0.299s] [  3%] Built target action_interfaces__cpp
[0.404s] [ 12%] Built target action_interfaces__rosidl_generator_c
[0.408s] [ 22%] Built target action_interfaces__rosidl_typesupport_introspection_cpp
[0.439s] [ 32%] Built target action_interfaces__rosidl_typesupport_fastrtps_cpp
[0.446s] [ 51%] Built target action_interfaces__rosidl_typesupport_c
[0.446s] [ 51%] Built target action_interfaces__rosidl_typesupport_introspection_c
[0.466s] [ 61%] Built target action_interfaces__rosidl_typesupport_cpp
[0.578s] [ 61%] Built target ament_cmake_python_copy_action_interfaces
[0.583s] [ 70%] Built target action_interfaces__rosidl_typesupport_fastrtps_c
[0.597s] [ 70%] Built target action_interfaces
[0.659s] [ 74%] Built target action_interfaces__py
[0.700s] [ 80%] Built target action_interfaces__rosidl_generator_py
[0.728s] [ 87%] Built target action_interfaces__rosidl_typesupport_fastrtps_c__pyext
[0.729s] [ 93%] Built target action_interfaces__rosidl_typesupport_introspection_c__pyext
[0.729s] [100%] Built target action_interfaces__rosidl_typesupport_c__pyext
[0.736s] running egg_info
[0.736s] writing action_interfaces.egg-info/PKG-INFO
[0.736s] writing dependency_links to action_interfaces.egg-info/dependency_links.txt
[0.736s] writing top-level names to action_interfaces.egg-info/top_level.txt
[0.738s] reading manifest file 'action_interfaces.egg-info/SOURCES.txt'
[0.738s] writing manifest file 'action_interfaces.egg-info/SOURCES.txt'
[0.756s] [100%] Built target ament_cmake_python_build_action_interfaces_egg
[0.765s] Invoked command in '/home/ollie/ros2_ws/build/action_interfaces' returned '0': /usr/bin/cmake --build /home/ollie/ros2_ws/build/action_interfaces -- -j16 -l16
[0.803s] Invoking command in '/home/ollie/ros2_ws/build/action_interfaces': /usr/bin/cmake --install /home/ollie/ros2_ws/build/action_interfaces
[0.809s] -- Install configuration: ""
[0.809s] -- Up-to-date: /home/ollie/ros2_ws/install/action_interfaces/share/ament_index/resource_index/rosidl_interfaces/action_interfaces
[0.810s] -- Up-to-date: /home/ollie/ros2_ws/install/action_interfaces/include/action_interfaces/action_interfaces
[0.810s] -- Up-to-date: /home/ollie/ros2_ws/install/action_interfaces/include/action_interfaces/action_interfaces/action
[0.810s] -- Up-to-date: /home/ollie/ros2_ws/install/action_interfaces/include/action_interfaces/action_interfaces/action/detail
[0.810s] -- Up-to-date: /home/ollie/ros2_ws/install/action_interfaces/include/action_interfaces/action_interfaces/action/detail/execute_recovery_tree__type_support.h
[0.810s] -- Up-to-date: /home/ollie/ros2_ws/install/action_interfaces/include/action_interfaces/action_interfaces/action/detail/execute_recovery_tree__struct.h
[0.810s] -- Up-to-date: /home/ollie/ros2_ws/install/action_interfaces/include/action_interfaces/action_interfaces/action/detail/execute_recovery_tree__functions.h
[0.810s] -- Up-to-date: /home/ollie/ros2_ws/install/action_interfaces/include/action_interfaces/action_interfaces/action/detail/execute_recovery_tree__functions.c
[0.810s] -- Up-to-date: /home/ollie/ros2_ws/install/action_interfaces/include/action_interfaces/action_interfaces/action/execute_recovery_tree.h
[0.810s] -- Up-to-date: /home/ollie/ros2_ws/install/action_interfaces/include/action_interfaces/action_interfaces/msg
[0.810s] -- Up-to-date: /home/ollie/ros2_ws/install/action_interfaces/include/action_interfaces/action_interfaces/msg/rosidl_generator_c__visibility_control.h
[0.810s] -- Up-to-date: /home/ollie/ros2_ws/install/action_interfaces/share/action_interfaces/environment/library_path.sh
[0.810s] -- Up-to-date: /home/ollie/ros2_ws/install/action_interfaces/share/action_interfaces/environment/library_path.dsv
[0.820s] -- Up-to-date: /home/ollie/ros2_ws/install/action_interfaces/lib/libaction_interfaces__rosidl_generator_c.so
[0.821s] -- Up-to-date: /home/ollie/ros2_ws/install/action_interfaces/include/action_interfaces/action_interfaces
[0.821s] -- Up-to-date: /home/ollie/ros2_ws/install/action_interfaces/include/action_interfaces/action_interfaces/action
[0.821s] -- Up-to-date: /home/ollie/ros2_ws/install/action_interfaces/include/action_interfaces/action_interfaces/action/detail
[0.821s] -- Up-to-date: /home/ollie/ros2_ws/install/action_interfaces/include/action_interfaces/action_interfaces/action/detail/execute_recovery_tree__rosidl_typesupport_fastrtps_c.h
[0.821s] -- Up-to-date: /home/ollie/ros2_ws/install/action_interfaces/include/action_interfaces/action_interfaces/msg
[0.821s] -- Up-to-date: /home/ollie/ros2_ws/install/action_interfaces/include/action_interfaces/action_interfaces/msg/rosidl_typesupport_fastrtps_c__visibility_control.h
[0.822s] -- Up-to-date: /home/ollie/ros2_ws/install/action_interfaces/lib/libaction_interfaces__rosidl_typesupport_fastrtps_c.so
[0.822s] -- Up-to-date: /home/ollie/ros2_ws/install/action_interfaces/include/action_interfaces/action_interfaces
[0.822s] -- Up-to-date: /home/ollie/ros2_ws/install/action_interfaces/include/action_interfaces/action_interfaces/action
[0.822s] -- Up-to-date: /home/ollie/ros2_ws/install/action_interfaces/include/action_interfaces/action_interfaces/action/detail
[0.823s] -- Up-to-date: /home/ollie/ros2_ws/install/action_interfaces/include/action_interfaces/action_interfaces/action/detail/execute_recovery_tree__type_support.c
[0.823s] -- Up-to-date: /home/ollie/ros2_ws/install/action_interfaces/include/action_interfaces/action_interfaces/action/detail/execute_recovery_tree__rosidl_typesupport_introspection_c.h
[0.823s] -- Up-to-date: /home/ollie/ros2_ws/install/action_interfaces/include/action_interfaces/action_interfaces/msg
[0.823s] -- Up-to-date: /home/ollie/ros2_ws/install/action_interfaces/include/action_interfaces/action_interfaces/msg/rosidl_typesupport_introspection_c__visibility_control.h
[0.824s] -- Up-to-date: /home/ollie/ros2_ws/install/action_interfaces/lib/libaction_interfaces__rosidl_typesupport_introspection_c.so
[0.824s] -- Up-to-date: /home/ollie/ros2_ws/install/action_interfaces/lib/libaction_interfaces__rosidl_typesupport_c.so
[0.825s] -- Up-to-date: /home/ollie/ros2_ws/install/action_interfaces/include/action_interfaces/action_interfaces
[0.825s] -- Up-to-date: /home/ollie/ros2_ws/install/action_interfaces/include/action_interfaces/action_interfaces/action
[0.825s] -- Up-to-date: /home/ollie/ros2_ws/install/action_interfaces/include/action_interfaces/action_interfaces/action/detail
[0.825s] -- Up-to-date: /home/ollie/ros2_ws/install/action_interfaces/include/action_interfaces/action_interfaces/action/detail/execute_recovery_tree__struct.hpp
[0.825s] -- Up-to-date: /home/ollie/ros2_ws/install/action_interfaces/include/action_interfaces/action_interfaces/action/detail/execute_recovery_tree__traits.hpp
[0.825s] -- Up-to-date: /home/ollie/ros2_ws/install/action_interfaces/include/action_interfaces/action_interfaces/action/detail/execute_recovery_tree__builder.hpp
[0.825s] -- Up-to-date: /home/ollie/ros2_ws/install/action_interfaces/include/action_interfaces/action_interfaces/action/execute_recovery_tree.hpp
[0.825s] -- Up-to-date: /home/ollie/ros2_ws/install/action_interfaces/include/action_interfaces/action_interfaces
[0.825s] -- Up-to-date: /home/ollie/ros2_ws/install/action_interfaces/include/action_interfaces/action_interfaces/action
[0.825s] -- Up-to-date: /home/ollie/ros2_ws/install/action_interfaces/include/action_interfaces/action_interfaces/action/detail
[0.825s] -- Up-to-date: /home/ollie/ros2_ws/install/action_interfaces/include/action_interfaces/action_interfaces/action/detail/execute_recovery_tree__rosidl_typesupport_fastrtps_cpp.hpp
[0.825s] -- Up-to-date: /home/ollie/ros2_ws/install/action_interfaces/include/action_interfaces/action_interfaces/action/detail/dds_fastrtps
[0.825s] -- Up-to-date: /home/ollie/ros2_ws/install/action_interfaces/include/action_interfaces/action_interfaces/msg
[0.825s] -- Up-to-date: /home/ollie/ros2_ws/install/action_interfaces/include/action_interfaces/action_interfaces/msg/rosidl_typesupport_fastrtps_cpp__visibility_control.h
[0.842s] -- Up-to-date: /home/ollie/ros2_ws/install/action_interfaces/lib/libaction_interfaces__rosidl_typesupport_fastrtps_cpp.so
[0.843s] -- Up-to-date: /home/ollie/ros2_ws/install/action_interfaces/include/action_interfaces/action_interfaces
[0.843s] -- Up-to-date: /home/ollie/ros2_ws/install/action_interfaces/include/action_interfaces/action_interfaces/action
[0.843s] -- Up-to-date: /home/ollie/ros2_ws/install/action_interfaces/include/action_interfaces/action_interfaces/action/detail
[0.843s] -- Up-to-date: /home/ollie/ros2_ws/install/action_interfaces/include/action_interfaces/action_interfaces/action/detail/execute_recovery_tree__type_support.cpp
[0.843s] -- Up-to-date: /home/ollie/ros2_ws/install/action_interfaces/include/action_interfaces/action_interfaces/action/detail/execute_recovery_tree__rosidl_typesupport_introspection_cpp.hpp
[0.843s] -- Up-to-date: /home/ollie/ros2_ws/install/action_interfaces/lib/libaction_interfaces__rosidl_typesupport_introspection_cpp.so
[0.844s] -- Up-to-date: /home/ollie/ros2_ws/install/action_interfaces/lib/libaction_interfaces__rosidl_typesupport_cpp.so
[0.844s] -- Up-to-date: /home/ollie/ros2_ws/install/action_interfaces/share/action_interfaces/environment/pythonpath.sh
[0.844s] -- Up-to-date: /home/ollie/ros2_ws/install/action_interfaces/share/action_interfaces/environment/pythonpath.dsv
[0.844s] -- Up-to-date: /home/ollie/ros2_ws/install/action_interfaces/local/lib/python3.10/dist-packages/action_interfaces-0.0.0-py3.10.egg-info
[0.844s] -- Installing: /home/ollie/ros2_ws/install/action_interfaces/local/lib/python3.10/dist-packages/action_interfaces-0.0.0-py3.10.egg-info/SOURCES.txt
[0.845s] -- Installing: /home/ollie/ros2_ws/install/action_interfaces/local/lib/python3.10/dist-packages/action_interfaces-0.0.0-py3.10.egg-info/PKG-INFO
[0.845s] -- Installing: /home/ollie/ros2_ws/install/action_interfaces/local/lib/python3.10/dist-packages/action_interfaces-0.0.0-py3.10.egg-info/dependency_links.txt
[0.845s] -- Installing: /home/ollie/ros2_ws/install/action_interfaces/local/lib/python3.10/dist-packages/action_interfaces-0.0.0-py3.10.egg-info/top_level.txt
[0.845s] -- Up-to-date: /home/ollie/ros2_ws/install/action_interfaces/local/lib/python3.10/dist-packages/action_interfaces
[0.845s] -- Up-to-date: /home/ollie/ros2_ws/install/action_interfaces/local/lib/python3.10/dist-packages/action_interfaces/__init__.py
[0.845s] -- Up-to-date: /home/ollie/ros2_ws/install/action_interfaces/local/lib/python3.10/dist-packages/action_interfaces/_action_interfaces_s.ep.rosidl_typesupport_c.c
[0.845s] -- Up-to-date: /home/ollie/ros2_ws/install/action_interfaces/local/lib/python3.10/dist-packages/action_interfaces/action_interfaces_s__rosidl_typesupport_introspection_c.cpython-310-x86_64-linux-gnu.so
[0.845s] -- Up-to-date: /home/ollie/ros2_ws/install/action_interfaces/local/lib/python3.10/dist-packages/action_interfaces/action_interfaces_s__rosidl_typesupport_c.cpython-310-x86_64-linux-gnu.so
[0.845s] -- Up-to-date: /home/ollie/ros2_ws/install/action_interfaces/local/lib/python3.10/dist-packages/action_interfaces/action
[0.846s] -- Up-to-date: /home/ollie/ros2_ws/install/action_interfaces/local/lib/python3.10/dist-packages/action_interfaces/action/__init__.py
[0.846s] -- Up-to-date: /home/ollie/ros2_ws/install/action_interfaces/local/lib/python3.10/dist-packages/action_interfaces/action/_execute_recovery_tree.py
[0.846s] -- Up-to-date: /home/ollie/ros2_ws/install/action_interfaces/local/lib/python3.10/dist-packages/action_interfaces/action/_execute_recovery_tree_s.c
[0.846s] -- Up-to-date: /home/ollie/ros2_ws/install/action_interfaces/local/lib/python3.10/dist-packages/action_interfaces/action_interfaces_s__rosidl_typesupport_fastrtps_c.cpython-310-x86_64-linux-gnu.so
[0.846s] -- Up-to-date: /home/ollie/ros2_ws/install/action_interfaces/local/lib/python3.10/dist-packages/action_interfaces/libaction_interfaces__rosidl_generator_py.so
[0.846s] -- Up-to-date: /home/ollie/ros2_ws/install/action_interfaces/local/lib/python3.10/dist-packages/action_interfaces/_action_interfaces_s.ep.rosidl_typesupport_introspection_c.c
[0.846s] -- Up-to-date: /home/ollie/ros2_ws/install/action_interfaces/local/lib/python3.10/dist-packages/action_interfaces/_action_interfaces_s.ep.rosidl_typesupport_fastrtps_c.c
[0.903s] Listing '/home/ollie/ros2_ws/install/action_interfaces/local/lib/python3.10/dist-packages/action_interfaces'...
[0.903s] Listing '/home/ollie/ros2_ws/install/action_interfaces/local/lib/python3.10/dist-packages/action_interfaces/action'...
[0.907s] -- Up-to-date: /home/ollie/ros2_ws/install/action_interfaces/local/lib/python3.10/dist-packages/action_interfaces/action_interfaces_s__rosidl_typesupport_fastrtps_c.cpython-310-x86_64-linux-gnu.so
[0.908s] -- Up-to-date: /home/ollie/ros2_ws/install/action_interfaces/local/lib/python3.10/dist-packages/action_interfaces/action_interfaces_s__rosidl_typesupport_introspection_c.cpython-310-x86_64-linux-gnu.so
[0.937s] -- Up-to-date: /home/ollie/ros2_ws/install/action_interfaces/local/lib/python3.10/dist-packages/action_interfaces/action_interfaces_s__rosidl_typesupport_c.cpython-310-x86_64-linux-gnu.so
[0.939s] -- Up-to-date: /home/ollie/ros2_ws/install/action_interfaces/lib/libaction_interfaces__rosidl_generator_py.so
[0.939s] -- Up-to-date: /home/ollie/ros2_ws/install/action_interfaces/share/action_interfaces/action/ExecuteRecoveryTree.idl
[0.939s] -- Up-to-date: /home/ollie/ros2_ws/install/action_interfaces/share/action_interfaces/action/ExecuteRecoveryTree.action
[0.939s] -- Up-to-date: /home/ollie/ros2_ws/install/action_interfaces/share/ament_index/resource_index/package_run_dependencies/action_interfaces
[0.939s] -- Up-to-date: /home/ollie/ros2_ws/install/action_interfaces/share/ament_index/resource_index/parent_prefix_path/action_interfaces
[0.939s] -- Up-to-date: /home/ollie/ros2_ws/install/action_interfaces/share/action_interfaces/environment/ament_prefix_path.sh
[0.939s] -- Up-to-date: /home/ollie/ros2_ws/install/action_interfaces/share/action_interfaces/environment/ament_prefix_path.dsv
[0.939s] -- Up-to-date: /home/ollie/ros2_ws/install/action_interfaces/share/action_interfaces/environment/path.sh
[0.940s] -- Up-to-date: /home/ollie/ros2_ws/install/action_interfaces/share/action_interfaces/environment/path.dsv
[0.940s] -- Up-to-date: /home/ollie/ros2_ws/install/action_interfaces/share/action_interfaces/local_setup.bash
[0.940s] -- Up-to-date: /home/ollie/ros2_ws/install/action_interfaces/share/action_interfaces/local_setup.sh
[0.940s] -- Up-to-date: /home/ollie/ros2_ws/install/action_interfaces/share/action_interfaces/local_setup.zsh
[0.940s] -- Up-to-date: /home/ollie/ros2_ws/install/action_interfaces/share/action_interfaces/local_setup.dsv
[0.940s] -- Installing: /home/ollie/ros2_ws/install/action_interfaces/share/action_interfaces/package.dsv
[0.940s] -- Up-to-date: /home/ollie/ros2_ws/install/action_interfaces/share/ament_index/resource_index/packages/action_interfaces
[0.940s] -- Up-to-date: /home/ollie/ros2_ws/install/action_interfaces/share/action_interfaces/cmake/export_action_interfaces__rosidl_generator_cExport.cmake
[0.940s] -- Up-to-date: /home/ollie/ros2_ws/install/action_interfaces/share/action_interfaces/cmake/export_action_interfaces__rosidl_generator_cExport-noconfig.cmake
[0.941s] -- Up-to-date: /home/ollie/ros2_ws/install/action_interfaces/share/action_interfaces/cmake/export_action_interfaces__rosidl_typesupport_fastrtps_cExport.cmake
[0.941s] -- Up-to-date: /home/ollie/ros2_ws/install/action_interfaces/share/action_interfaces/cmake/export_action_interfaces__rosidl_typesupport_fastrtps_cExport-noconfig.cmake
[0.942s] -- Up-to-date: /home/ollie/ros2_ws/install/action_interfaces/share/action_interfaces/cmake/action_interfaces__rosidl_typesupport_introspection_cExport.cmake
[0.942s] -- Up-to-date: /home/ollie/ros2_ws/install/action_interfaces/share/action_interfaces/cmake/action_interfaces__rosidl_typesupport_introspection_cExport-noconfig.cmake
[0.942s] -- Up-to-date: /home/ollie/ros2_ws/install/action_interfaces/share/action_interfaces/cmake/action_interfaces__rosidl_typesupport_cExport.cmake
[0.942s] -- Up-to-date: /home/ollie/ros2_ws/install/action_interfaces/share/action_interfaces/cmake/action_interfaces__rosidl_typesupport_cExport-noconfig.cmake
[0.943s] -- Up-to-date: /home/ollie/ros2_ws/install/action_interfaces/share/action_interfaces/cmake/export_action_interfaces__rosidl_generator_cppExport.cmake
[0.943s] -- Up-to-date: /home/ollie/ros2_ws/install/action_interfaces/share/action_interfaces/cmake/export_action_interfaces__rosidl_typesupport_fastrtps_cppExport.cmake
[0.943s] -- Up-to-date: /home/ollie/ros2_ws/install/action_interfaces/share/action_interfaces/cmake/export_action_interfaces__rosidl_typesupport_fastrtps_cppExport-noconfig.cmake
[0.944s] -- Up-to-date: /home/ollie/ros2_ws/install/action_interfaces/share/action_interfaces/cmake/action_interfaces__rosidl_typesupport_introspection_cppExport.cmake
[0.944s] -- Up-to-date: /home/ollie/ros2_ws/install/action_interfaces/share/action_interfaces/cmake/action_interfaces__rosidl_typesupport_introspection_cppExport-noconfig.cmake
[0.945s] -- Up-to-date: /home/ollie/ros2_ws/install/action_interfaces/share/action_interfaces/cmake/action_interfaces__rosidl_typesupport_cppExport.cmake
[0.945s] -- Up-to-date: /home/ollie/ros2_ws/install/action_interfaces/share/action_interfaces/cmake/action_interfaces__rosidl_typesupport_cppExport-noconfig.cmake
[0.946s] -- Up-to-date: /home/ollie/ros2_ws/install/action_interfaces/share/action_interfaces/cmake/export_action_interfaces__rosidl_generator_pyExport.cmake
[0.946s] -- Up-to-date: /home/ollie/ros2_ws/install/action_interfaces/share/action_interfaces/cmake/export_action_interfaces__rosidl_generator_pyExport-noconfig.cmake
[0.946s] -- Up-to-date: /home/ollie/ros2_ws/install/action_interfaces/share/action_interfaces/cmake/rosidl_cmake-extras.cmake
[0.946s] -- Up-to-date: /home/ollie/ros2_ws/install/action_interfaces/share/action_interfaces/cmake/ament_cmake_export_dependencies-extras.cmake
[0.947s] -- Up-to-date: /home/ollie/ros2_ws/install/action_interfaces/share/action_interfaces/cmake/ament_cmake_export_include_directories-extras.cmake
[0.947s] -- Up-to-date: /home/ollie/ros2_ws/install/action_interfaces/share/action_interfaces/cmake/ament_cmake_export_libraries-extras.cmake
[0.947s] -- Up-to-date: /home/ollie/ros2_ws/install/action_interfaces/share/action_interfaces/cmake/ament_cmake_export_targets-extras.cmake
[0.947s] -- Up-to-date: /home/ollie/ros2_ws/install/action_interfaces/share/action_interfaces/cmake/rosidl_cmake_export_typesupport_targets-extras.cmake
[0.947s] -- Up-to-date: /home/ollie/ros2_ws/install/action_interfaces/share/action_interfaces/cmake/rosidl_cmake_export_typesupport_libraries-extras.cmake
[0.947s] -- Up-to-date: /home/ollie/ros2_ws/install/action_interfaces/share/action_interfaces/cmake/action_interfacesConfig.cmake
[0.948s] -- Up-to-date: /home/ollie/ros2_ws/install/action_interfaces/share/action_interfaces/cmake/action_interfacesConfig-version.cmake
[0.948s] -- Up-to-date: /home/ollie/ros2_ws/install/action_interfaces/share/action_interfaces/package.xml
[0.953s] Invoked command in '/home/ollie/ros2_ws/build/action_interfaces' returned '0': /usr/bin/cmake --install /home/ollie/ros2_ws/build/action_interfaces
