[0.821s] Invoking command in '/home/ollie/ros2_ws/src/recovery_pipeline': PYTHONPATH=/home/ollie/ros2_ws/build/recovery_pipeline/prefix_override:/usr/lib/python3/dist-packages/colcon_core/task/python/colcon_distutils_commands:/home/ollie/ros2_ws/install/recovery_pipeline/lib/python3.10/site-packages: /usr/bin/python3 -W ignore:setup.py install is deprecated setup.py egg_info --egg-base ../../build/recovery_pipeline build --build-base /home/ollie/ros2_ws/build/recovery_pipeline/build install --record /home/ollie/ros2_ws/build/recovery_pipeline/install.log --single-version-externally-managed install_data
[0.946s] running egg_info
[0.946s] writing ../../build/recovery_pipeline/recovery_pipeline.egg-info/PKG-INFO
[0.946s] writing dependency_links to ../../build/recovery_pipeline/recovery_pipeline.egg-info/dependency_links.txt
[0.946s] writing entry points to ../../build/recovery_pipeline/recovery_pipeline.egg-info/entry_points.txt
[0.946s] writing requirements to ../../build/recovery_pipeline/recovery_pipeline.egg-info/requires.txt
[0.946s] writing top-level names to ../../build/recovery_pipeline/recovery_pipeline.egg-info/top_level.txt
[0.948s] reading manifest file '../../build/recovery_pipeline/recovery_pipeline.egg-info/SOURCES.txt'
[0.966s] writing manifest file '../../build/recovery_pipeline/recovery_pipeline.egg-info/SOURCES.txt'
[0.967s] running build
[0.967s] running build_py
[0.967s] copying recovery_pipeline/error_responders/move_cable.py -> /home/ollie/ros2_ws/build/recovery_pipeline/build/lib/recovery_pipeline/error_responders
[0.968s] copying recovery_pipeline/error_responders/error_responders.py -> /home/ollie/ros2_ws/build/recovery_pipeline/build/lib/recovery_pipeline/error_responders
[0.968s] running install
[0.968s] running install_lib
[0.968s] copying /home/ollie/ros2_ws/build/recovery_pipeline/build/lib/recovery_pipeline/error_responders/move_cable.py -> /home/ollie/ros2_ws/install/recovery_pipeline/lib/python3.10/site-packages/recovery_pipeline/error_responders
[0.969s] copying /home/ollie/ros2_ws/build/recovery_pipeline/build/lib/recovery_pipeline/error_responders/error_responders.py -> /home/ollie/ros2_ws/install/recovery_pipeline/lib/python3.10/site-packages/recovery_pipeline/error_responders
[0.969s] byte-compiling /home/ollie/ros2_ws/install/recovery_pipeline/lib/python3.10/site-packages/recovery_pipeline/error_responders/move_cable.py to move_cable.cpython-310.pyc
[0.972s] byte-compiling /home/ollie/ros2_ws/install/recovery_pipeline/lib/python3.10/site-packages/recovery_pipeline/error_responders/error_responders.py to error_responders.cpython-310.pyc
[0.972s] running install_data
[0.972s] running install_egg_info
[0.973s] removing '/home/ollie/ros2_ws/install/recovery_pipeline/lib/python3.10/site-packages/recovery_pipeline-0.0.0-py3.10.egg-info' (and everything under it)
[0.973s] Copying ../../build/recovery_pipeline/recovery_pipeline.egg-info to /home/ollie/ros2_ws/install/recovery_pipeline/lib/python3.10/site-packages/recovery_pipeline-0.0.0-py3.10.egg-info
[0.974s] running install_scripts
[0.985s] Installing error_detection script to /home/ollie/ros2_ws/install/recovery_pipeline/lib/recovery_pipeline
[0.985s] Installing error_responder script to /home/ollie/ros2_ws/install/recovery_pipeline/lib/recovery_pipeline
[0.986s] writing list of installed files to '/home/ollie/ros2_ws/build/recovery_pipeline/install.log'
[1.002s] Invoked command in '/home/ollie/ros2_ws/src/recovery_pipeline' returned '0': PYTHONPATH=/home/ollie/ros2_ws/build/recovery_pipeline/prefix_override:/usr/lib/python3/dist-packages/colcon_core/task/python/colcon_distutils_commands:/home/ollie/ros2_ws/install/recovery_pipeline/lib/python3.10/site-packages: /usr/bin/python3 -W ignore:setup.py install is deprecated setup.py egg_info --egg-base ../../build/recovery_pipeline build --build-base /home/ollie/ros2_ws/build/recovery_pipeline/build install --record /home/ollie/ros2_ws/build/recovery_pipeline/install.log --single-version-externally-managed install_data
