[0.418s] Invoking command in '/home/ollie/ros2_ws/build/robot_vacuum_auto_recovery': PYTHONPATH=/home/ollie/ros2_ws/build/robot_vacuum_auto_recovery/prefix_override:/home/ollie/ros2_ws/install/robot_vacuum_auto_recovery/lib/python3.10/site-packages:${PYTHONPATH} /usr/bin/python3 -W ignore:setup.py install is deprecated setup.py develop --editable --build-directory /home/ollie/ros2_ws/build/robot_vacuum_auto_recovery/build --no-deps symlink_data --force
[0.595s] running develop
[0.606s] /usr/lib/python3/dist-packages/setuptools/command/easy_install.py:158: EasyInstallDeprecationWarning: easy_install command is deprecated. Use build and pip and other standards-based tools.
[0.606s]   warnings.warn(
[0.719s] running egg_info
[0.720s] writing robot_vacuum_auto_recovery.egg-info/PKG-INFO
[0.720s] writing dependency_links to robot_vacuum_auto_recovery.egg-info/dependency_links.txt
[0.720s] writing entry points to robot_vacuum_auto_recovery.egg-info/entry_points.txt
[0.720s] writing requirements to robot_vacuum_auto_recovery.egg-info/requires.txt
[0.720s] writing top-level names to robot_vacuum_auto_recovery.egg-info/top_level.txt
[0.721s] reading manifest file 'robot_vacuum_auto_recovery.egg-info/SOURCES.txt'
[0.722s] writing manifest file 'robot_vacuum_auto_recovery.egg-info/SOURCES.txt'
[0.723s] running build_ext
[0.723s] Creating /home/ollie/ros2_ws/install/robot_vacuum_auto_recovery/lib/python3.10/site-packages/robot-vacuum-auto-recovery.egg-link (link to .)
[0.723s] 
[0.723s] Installed /home/ollie/ros2_ws/build/robot_vacuum_auto_recovery
[0.723s] running symlink_data
[0.723s] symbolically linking /home/ollie/ros2_ws/build/robot_vacuum_auto_recovery/resource/robot_vacuum_auto_recovery -> /home/ollie/ros2_ws/install/robot_vacuum_auto_recovery/share/ament_index/resource_index/packages
[0.723s] symbolically linking /home/ollie/ros2_ws/build/robot_vacuum_auto_recovery/package.xml -> /home/ollie/ros2_ws/install/robot_vacuum_auto_recovery/share/robot_vacuum_auto_recovery
[0.742s] Invoked command in '/home/ollie/ros2_ws/build/robot_vacuum_auto_recovery' returned '0': PYTHONPATH=/home/ollie/ros2_ws/build/robot_vacuum_auto_recovery/prefix_override:/home/ollie/ros2_ws/install/robot_vacuum_auto_recovery/lib/python3.10/site-packages:${PYTHONPATH} /usr/bin/python3 -W ignore:setup.py install is deprecated setup.py develop --editable --build-directory /home/ollie/ros2_ws/build/robot_vacuum_auto_recovery/build --no-deps symlink_data --force
