running egg_info
writing ../../build/behavior_trees/behavior_trees.egg-info/PKG-INFO
writing dependency_links to ../../build/behavior_trees/behavior_trees.egg-info/dependency_links.txt
writing entry points to ../../build/behavior_trees/behavior_trees.egg-info/entry_points.txt
writing requirements to ../../build/behavior_trees/behavior_trees.egg-info/requires.txt
writing top-level names to ../../build/behavior_trees/behavior_trees.egg-info/top_level.txt
reading manifest file '../../build/behavior_trees/behavior_trees.egg-info/SOURCES.txt'
writing manifest file '../../build/behavior_trees/behavior_trees.egg-info/SOURCES.txt'
running build
running build_py
copying behavior_trees/behaviors/process_route.py -> /home/ollie/ros2_ws/build/behavior_trees/build/lib/behavior_trees/behaviors
running install
running install_lib
copying /home/ollie/ros2_ws/build/behavior_trees/build/lib/behavior_trees/behaviors/process_route.py -> /home/ollie/ros2_ws/install/behavior_trees/lib/python3.10/site-packages/behavior_trees/behaviors
byte-compiling /home/ollie/ros2_ws/install/behavior_trees/lib/python3.10/site-packages/behavior_trees/behaviors/process_route.py to process_route.cpython-310.pyc
running install_data
running install_egg_info
removing '/home/ollie/ros2_ws/install/behavior_trees/lib/python3.10/site-packages/behavior_trees-0.0.0-py3.10.egg-info' (and everything under it)
Copying ../../build/behavior_trees/behavior_trees.egg-info to /home/ollie/ros2_ws/install/behavior_trees/lib/python3.10/site-packages/behavior_trees-0.0.0-py3.10.egg-info
running install_scripts
Installing test_behavior script to /home/ollie/ros2_ws/install/behavior_trees/lib/behavior_trees
Installing vacuum_planner script to /home/ollie/ros2_ws/install/behavior_trees/lib/behavior_trees
writing list of installed files to '/home/ollie/ros2_ws/build/behavior_trees/install.log'
