[0.017s] Invoking command in '/home/ollie/ros2_ws/build/action_interfaces': CMAKE_PREFIX_PATH=${CMAKE_PREFIX_PATH}:/home/ollie/ros2_ws/install/robot_vacuum_auto_recovery:/home/ollie/ros2_ws/install/recovery_pipeline:/home/ollie/ros2_ws/install/behavior_trees:/opt/ros/humble /usr/bin/cmake /home/ollie/ros2_ws/src/action_interfaces -DCMAKE_INSTALL_PREFIX=/home/ollie/ros2_ws/install/action_interfaces
[0.201s] -- The C compiler identification is GNU 11.4.0
[0.201s] -- The CXX compiler identification is GNU 11.4.0
[0.201s] -- Detecting C compiler ABI info
[0.201s] -- Detecting C compiler ABI info - done
[0.201s] -- Check for working C compiler: /usr/bin/cc - skipped
[0.202s] -- Detecting C compile features
[0.202s] -- Detecting C compile features - done
[0.202s] -- Detecting CXX compiler ABI info
[0.216s] -- Detecting CXX compiler ABI info - done
[0.221s] -- Check for working CXX compiler: /usr/bin/c++ - skipped
[0.221s] -- Detecting CXX compile features
[0.222s] -- Detecting CXX compile features - done
[0.225s] -- Found ament_cmake: 1.3.9 (/opt/ros/humble/share/ament_cmake/cmake)
[0.329s] -- Found Python3: /usr/bin/python3 (found version "3.10.12") found components: Interpreter 
[0.412s] -- Found rosidl_default_generators: 1.2.0 (/opt/ros/humble/share/rosidl_default_generators/cmake)
[0.416s] -- Using all available rosidl_typesupport_c: rosidl_typesupport_fastrtps_c;rosidl_typesupport_introspection_c
[0.423s] -- Found rosidl_adapter: 3.1.5 (/opt/ros/humble/share/rosidl_adapter/cmake)
[0.463s] -- Using all available rosidl_typesupport_cpp: rosidl_typesupport_fastrtps_cpp;rosidl_typesupport_introspection_cpp
[0.495s] [31mCMake Error at /opt/ros/humble/share/rosidl_cmake/cmake/rosidl_generate_interfaces.cmake:93 (message):
[0.495s]   rosidl_generate_interfaces() the passed file
[0.495s]   'action/ExecuteRecoveryTree.action' doesn't exist relative to the
[0.495s]   CMAKE_CURRENT_SOURCE_DIR '/home/ollie/ros2_ws/src/action_interfaces'
[0.495s] Call Stack (most recent call first):
[0.495s]   CMakeLists.txt:16 (rosidl_generate_interfaces)
[0.495s] 
[0.495s] [0m
[0.495s] -- Configuring incomplete, errors occurred!
[0.495s] See also "/home/ollie/ros2_ws/build/action_interfaces/CMakeFiles/CMakeOutput.log".
[0.499s] Invoked command in '/home/ollie/ros2_ws/build/action_interfaces' returned '1': CMAKE_PREFIX_PATH=${CMAKE_PREFIX_PATH}:/home/ollie/ros2_ws/install/robot_vacuum_auto_recovery:/home/ollie/ros2_ws/install/recovery_pipeline:/home/ollie/ros2_ws/install/behavior_trees:/opt/ros/humble /usr/bin/cmake /home/ollie/ros2_ws/src/action_interfaces -DCMAKE_INSTALL_PREFIX=/home/ollie/ros2_ws/install/action_interfaces
