[0.012s] Invoking command in '/home/ollie/ros2_ws/build/turtlebot3_fake_node': /usr/bin/cmake --build /home/ollie/ros2_ws/build/turtlebot3_fake_node -- -j16 -l16
[0.175s] [100%] Built target turtlebot3_fake_node
[0.320s] Invoked command in '/home/ollie/ros2_ws/build/turtlebot3_fake_node' returned '0': /usr/bin/cmake --build /home/ollie/ros2_ws/build/turtlebot3_fake_node -- -j16 -l16
[0.346s] Invoking command in '/home/ollie/ros2_ws/build/turtlebot3_fake_node': /usr/bin/cmake --install /home/ollie/ros2_ws/build/turtlebot3_fake_node
[0.353s] -- Install configuration: ""
[0.353s] -- Up-to-date: /home/ollie/ros2_ws/install/turtlebot3_fake_node/lib/turtlebot3_fake_node/turtlebot3_fake_node
[0.353s] -- Up-to-date: /home/ollie/ros2_ws/install/turtlebot3_fake_node/share/turtlebot3_fake_node/launch
[0.353s] -- Up-to-date: /home/ollie/ros2_ws/install/turtlebot3_fake_node/share/turtlebot3_fake_node/launch/turtlebot3_fake_node.launch.py
[0.353s] -- Up-to-date: /home/ollie/ros2_ws/install/turtlebot3_fake_node/share/turtlebot3_fake_node/launch/rviz2.launch.py
[0.353s] -- Up-to-date: /home/ollie/ros2_ws/install/turtlebot3_fake_node/share/turtlebot3_fake_node/param
[0.354s] -- Up-to-date: /home/ollie/ros2_ws/install/turtlebot3_fake_node/share/turtlebot3_fake_node/param/burger.yaml
[0.354s] -- Up-to-date: /home/ollie/ros2_ws/install/turtlebot3_fake_node/share/turtlebot3_fake_node/param/waffle_pi.yaml
[0.354s] -- Up-to-date: /home/ollie/ros2_ws/install/turtlebot3_fake_node/share/turtlebot3_fake_node/param/waffle.yaml
[0.354s] -- Up-to-date: /home/ollie/ros2_ws/install/turtlebot3_fake_node/include/
[0.354s] -- Up-to-date: /home/ollie/ros2_ws/install/turtlebot3_fake_node/include//turtlebot3_fake_node
[0.354s] -- Up-to-date: /home/ollie/ros2_ws/install/turtlebot3_fake_node/include//turtlebot3_fake_node/turtlebot3_fake_node.hpp
[0.354s] -- Up-to-date: /home/ollie/ros2_ws/install/turtlebot3_fake_node/share/ament_index/resource_index/package_run_dependencies/turtlebot3_fake_node
[0.355s] -- Up-to-date: /home/ollie/ros2_ws/install/turtlebot3_fake_node/share/ament_index/resource_index/parent_prefix_path/turtlebot3_fake_node
[0.355s] -- Up-to-date: /home/ollie/ros2_ws/install/turtlebot3_fake_node/share/turtlebot3_fake_node/environment/ament_prefix_path.sh
[0.355s] -- Up-to-date: /home/ollie/ros2_ws/install/turtlebot3_fake_node/share/turtlebot3_fake_node/environment/ament_prefix_path.dsv
[0.355s] -- Up-to-date: /home/ollie/ros2_ws/install/turtlebot3_fake_node/share/turtlebot3_fake_node/environment/path.sh
[0.355s] -- Up-to-date: /home/ollie/ros2_ws/install/turtlebot3_fake_node/share/turtlebot3_fake_node/environment/path.dsv
[0.355s] -- Up-to-date: /home/ollie/ros2_ws/install/turtlebot3_fake_node/share/turtlebot3_fake_node/local_setup.bash
[0.355s] -- Up-to-date: /home/ollie/ros2_ws/install/turtlebot3_fake_node/share/turtlebot3_fake_node/local_setup.sh
[0.356s] -- Up-to-date: /home/ollie/ros2_ws/install/turtlebot3_fake_node/share/turtlebot3_fake_node/local_setup.zsh
[0.356s] -- Up-to-date: /home/ollie/ros2_ws/install/turtlebot3_fake_node/share/turtlebot3_fake_node/local_setup.dsv
[0.357s] -- Installing: /home/ollie/ros2_ws/install/turtlebot3_fake_node/share/turtlebot3_fake_node/package.dsv
[0.359s] -- Up-to-date: /home/ollie/ros2_ws/install/turtlebot3_fake_node/share/ament_index/resource_index/packages/turtlebot3_fake_node
[0.359s] -- Up-to-date: /home/ollie/ros2_ws/install/turtlebot3_fake_node/share/turtlebot3_fake_node/cmake/ament_cmake_export_include_directories-extras.cmake
[0.359s] -- Up-to-date: /home/ollie/ros2_ws/install/turtlebot3_fake_node/share/turtlebot3_fake_node/cmake/ament_cmake_export_dependencies-extras.cmake
[0.360s] -- Up-to-date: /home/ollie/ros2_ws/install/turtlebot3_fake_node/share/turtlebot3_fake_node/cmake/turtlebot3_fake_nodeConfig.cmake
[0.360s] -- Up-to-date: /home/ollie/ros2_ws/install/turtlebot3_fake_node/share/turtlebot3_fake_node/cmake/turtlebot3_fake_nodeConfig-version.cmake
[0.360s] -- Up-to-date: /home/ollie/ros2_ws/install/turtlebot3_fake_node/share/turtlebot3_fake_node/package.xml
[0.367s] Invoked command in '/home/ollie/ros2_ws/build/turtlebot3_fake_node' returned '0': /usr/bin/cmake --install /home/ollie/ros2_ws/build/turtlebot3_fake_node
