[0.014s] Invoking command in '/home/ollie/ros2_ws/build/turtlebot3_simulations': CMAKE_PREFIX_PATH=/home/ollie/ros2_ws/install/turtlebot3_gazebo:/home/ollie/ros2_ws/install/turtlebot3_fake_node:/home/ollie/ros2_ws/install/action_interfaces:/home/ollie/ros2_ws/install/turtlebot4_simulator:/home/ollie/ros2_ws/install/turtlebot4_ignition_bringup:/home/ollie/ros2_ws/install/turtlebot4_ignition_toolbox:/home/ollie/ros2_ws/install/turtlebot4_ignition_gui_plugins:/home/ollie/ros2_ws/install/turtlebot3_simulations:/home/ollie/ros2_ws/install/robot_vacuum_auto_recovery:/home/ollie/ros2_ws/install/recovery_pipeline:/home/ollie/ros2_ws/install/behavior_trees:/opt/ros/humble /usr/bin/cmake --build /home/ollie/ros2_ws/build/turtlebot3_simulations -- -j16 -l16
[0.044s] Invoked command in '/home/ollie/ros2_ws/build/turtlebot3_simulations' returned '0': CMAKE_PREFIX_PATH=/home/ollie/ros2_ws/install/turtlebot3_gazebo:/home/ollie/ros2_ws/install/turtlebot3_fake_node:/home/ollie/ros2_ws/install/action_interfaces:/home/ollie/ros2_ws/install/turtlebot4_simulator:/home/ollie/ros2_ws/install/turtlebot4_ignition_bringup:/home/ollie/ros2_ws/install/turtlebot4_ignition_toolbox:/home/ollie/ros2_ws/install/turtlebot4_ignition_gui_plugins:/home/ollie/ros2_ws/install/turtlebot3_simulations:/home/ollie/ros2_ws/install/robot_vacuum_auto_recovery:/home/ollie/ros2_ws/install/recovery_pipeline:/home/ollie/ros2_ws/install/behavior_trees:/opt/ros/humble /usr/bin/cmake --build /home/ollie/ros2_ws/build/turtlebot3_simulations -- -j16 -l16
[0.062s] Invoking command in '/home/ollie/ros2_ws/build/turtlebot3_simulations': CMAKE_PREFIX_PATH=/home/ollie/ros2_ws/install/turtlebot3_gazebo:/home/ollie/ros2_ws/install/turtlebot3_fake_node:/home/ollie/ros2_ws/install/action_interfaces:/home/ollie/ros2_ws/install/turtlebot4_simulator:/home/ollie/ros2_ws/install/turtlebot4_ignition_bringup:/home/ollie/ros2_ws/install/turtlebot4_ignition_toolbox:/home/ollie/ros2_ws/install/turtlebot4_ignition_gui_plugins:/home/ollie/ros2_ws/install/turtlebot3_simulations:/home/ollie/ros2_ws/install/robot_vacuum_auto_recovery:/home/ollie/ros2_ws/install/recovery_pipeline:/home/ollie/ros2_ws/install/behavior_trees:/opt/ros/humble /usr/bin/cmake --install /home/ollie/ros2_ws/build/turtlebot3_simulations
[0.068s] -- Install configuration: ""
[0.068s] -- Up-to-date: /home/ollie/ros2_ws/install/turtlebot3_simulations/share/ament_index/resource_index/package_run_dependencies/turtlebot3_simulations
[0.069s] -- Up-to-date: /home/ollie/ros2_ws/install/turtlebot3_simulations/share/ament_index/resource_index/parent_prefix_path/turtlebot3_simulations
[0.069s] -- Up-to-date: /home/ollie/ros2_ws/install/turtlebot3_simulations/share/turtlebot3_simulations/environment/ament_prefix_path.sh
[0.069s] -- Up-to-date: /home/ollie/ros2_ws/install/turtlebot3_simulations/share/turtlebot3_simulations/environment/ament_prefix_path.dsv
[0.069s] -- Up-to-date: /home/ollie/ros2_ws/install/turtlebot3_simulations/share/turtlebot3_simulations/environment/path.sh
[0.069s] -- Up-to-date: /home/ollie/ros2_ws/install/turtlebot3_simulations/share/turtlebot3_simulations/environment/path.dsv
[0.069s] -- Up-to-date: /home/ollie/ros2_ws/install/turtlebot3_simulations/share/turtlebot3_simulations/local_setup.bash
[0.069s] -- Up-to-date: /home/ollie/ros2_ws/install/turtlebot3_simulations/share/turtlebot3_simulations/local_setup.sh
[0.069s] -- Up-to-date: /home/ollie/ros2_ws/install/turtlebot3_simulations/share/turtlebot3_simulations/local_setup.zsh
[0.069s] -- Up-to-date: /home/ollie/ros2_ws/install/turtlebot3_simulations/share/turtlebot3_simulations/local_setup.dsv
[0.069s] -- Installing: /home/ollie/ros2_ws/install/turtlebot3_simulations/share/turtlebot3_simulations/package.dsv
[0.069s] -- Up-to-date: /home/ollie/ros2_ws/install/turtlebot3_simulations/share/ament_index/resource_index/packages/turtlebot3_simulations
[0.069s] -- Up-to-date: /home/ollie/ros2_ws/install/turtlebot3_simulations/share/turtlebot3_simulations/cmake/turtlebot3_simulationsConfig.cmake
[0.069s] -- Up-to-date: /home/ollie/ros2_ws/install/turtlebot3_simulations/share/turtlebot3_simulations/cmake/turtlebot3_simulationsConfig-version.cmake
[0.070s] -- Up-to-date: /home/ollie/ros2_ws/install/turtlebot3_simulations/share/turtlebot3_simulations/package.xml
[0.072s] Invoked command in '/home/ollie/ros2_ws/build/turtlebot3_simulations' returned '0': CMAKE_PREFIX_PATH=/home/ollie/ros2_ws/install/turtlebot3_gazebo:/home/ollie/ros2_ws/install/turtlebot3_fake_node:/home/ollie/ros2_ws/install/action_interfaces:/home/ollie/ros2_ws/install/turtlebot4_simulator:/home/ollie/ros2_ws/install/turtlebot4_ignition_bringup:/home/ollie/ros2_ws/install/turtlebot4_ignition_toolbox:/home/ollie/ros2_ws/install/turtlebot4_ignition_gui_plugins:/home/ollie/ros2_ws/install/turtlebot3_simulations:/home/ollie/ros2_ws/install/robot_vacuum_auto_recovery:/home/ollie/ros2_ws/install/recovery_pipeline:/home/ollie/ros2_ws/install/behavior_trees:/opt/ros/humble /usr/bin/cmake --install /home/ollie/ros2_ws/build/turtlebot3_simulations
