running egg_info
creating ../../build/recovery_pipeline/recovery_pipeline.egg-info
writing ../../build/recovery_pipeline/recovery_pipeline.egg-info/PKG-INFO
writing dependency_links to ../../build/recovery_pipeline/recovery_pipeline.egg-info/dependency_links.txt
writing entry points to ../../build/recovery_pipeline/recovery_pipeline.egg-info/entry_points.txt
writing requirements to ../../build/recovery_pipeline/recovery_pipeline.egg-info/requires.txt
writing top-level names to ../../build/recovery_pipeline/recovery_pipeline.egg-info/top_level.txt
writing manifest file '../../build/recovery_pipeline/recovery_pipeline.egg-info/SOURCES.txt'
reading manifest file '../../build/recovery_pipeline/recovery_pipeline.egg-info/SOURCES.txt'
writing manifest file '../../build/recovery_pipeline/recovery_pipeline.egg-info/SOURCES.txt'
running build
running build_py
creating /home/ollie/ros2_ws/build/recovery_pipeline/build
creating /home/ollie/ros2_ws/build/recovery_pipeline/build/lib
creating /home/ollie/ros2_ws/build/recovery_pipeline/build/lib/recovery_pipeline
copying recovery_pipeline/error_detection.py -> /home/ollie/ros2_ws/build/recovery_pipeline/build/lib/recovery_pipeline
copying recovery_pipeline/__init__.py -> /home/ollie/ros2_ws/build/recovery_pipeline/build/lib/recovery_pipeline
copying recovery_pipeline/error_responder.py -> /home/ollie/ros2_ws/build/recovery_pipeline/build/lib/recovery_pipeline
creating /home/ollie/ros2_ws/build/recovery_pipeline/build/lib/recovery_pipeline/resources
copying recovery_pipeline/resources/helper_functions.py -> /home/ollie/ros2_ws/build/recovery_pipeline/build/lib/recovery_pipeline/resources
copying recovery_pipeline/resources/__init__.py -> /home/ollie/ros2_ws/build/recovery_pipeline/build/lib/recovery_pipeline/resources
copying recovery_pipeline/resources/fake_detection_pub.py -> /home/ollie/ros2_ws/build/recovery_pipeline/build/lib/recovery_pipeline/resources
copying recovery_pipeline/resources/vacuum_progress.py -> /home/ollie/ros2_ws/build/recovery_pipeline/build/lib/recovery_pipeline/resources
creating /home/ollie/ros2_ws/build/recovery_pipeline/build/lib/recovery_pipeline/error_detectors
copying recovery_pipeline/error_detectors/__init__.py -> /home/ollie/ros2_ws/build/recovery_pipeline/build/lib/recovery_pipeline/error_detectors
copying recovery_pipeline/error_detectors/wheels_off_ground.py -> /home/ollie/ros2_ws/build/recovery_pipeline/build/lib/recovery_pipeline/error_detectors
copying recovery_pipeline/error_detectors/doorway_boundary.py -> /home/ollie/ros2_ws/build/recovery_pipeline/build/lib/recovery_pipeline/error_detectors
copying recovery_pipeline/error_detectors/error_detectors.py -> /home/ollie/ros2_ws/build/recovery_pipeline/build/lib/recovery_pipeline/error_detectors
creating /home/ollie/ros2_ws/build/recovery_pipeline/build/lib/recovery_pipeline/error_responders
copying recovery_pipeline/error_responders/__init__.py -> /home/ollie/ros2_ws/build/recovery_pipeline/build/lib/recovery_pipeline/error_responders
copying recovery_pipeline/error_responders/perpendicular_alignment_to_doorway_and_speed.py -> /home/ollie/ros2_ws/build/recovery_pipeline/build/lib/recovery_pipeline/error_responders
copying recovery_pipeline/error_responders/error_responders.py -> /home/ollie/ros2_ws/build/recovery_pipeline/build/lib/recovery_pipeline/error_responders
copying recovery_pipeline/error_responders/place_robot_upright.py -> /home/ollie/ros2_ws/build/recovery_pipeline/build/lib/recovery_pipeline/error_responders
running install
running install_lib
creating /home/ollie/ros2_ws/install/recovery_pipeline/lib/python3.10/site-packages/recovery_pipeline
copying /home/ollie/ros2_ws/build/recovery_pipeline/build/lib/recovery_pipeline/error_detection.py -> /home/ollie/ros2_ws/install/recovery_pipeline/lib/python3.10/site-packages/recovery_pipeline
copying /home/ollie/ros2_ws/build/recovery_pipeline/build/lib/recovery_pipeline/__init__.py -> /home/ollie/ros2_ws/install/recovery_pipeline/lib/python3.10/site-packages/recovery_pipeline
copying /home/ollie/ros2_ws/build/recovery_pipeline/build/lib/recovery_pipeline/error_responder.py -> /home/ollie/ros2_ws/install/recovery_pipeline/lib/python3.10/site-packages/recovery_pipeline
creating /home/ollie/ros2_ws/install/recovery_pipeline/lib/python3.10/site-packages/recovery_pipeline/resources
copying /home/ollie/ros2_ws/build/recovery_pipeline/build/lib/recovery_pipeline/resources/helper_functions.py -> /home/ollie/ros2_ws/install/recovery_pipeline/lib/python3.10/site-packages/recovery_pipeline/resources
copying /home/ollie/ros2_ws/build/recovery_pipeline/build/lib/recovery_pipeline/resources/__init__.py -> /home/ollie/ros2_ws/install/recovery_pipeline/lib/python3.10/site-packages/recovery_pipeline/resources
copying /home/ollie/ros2_ws/build/recovery_pipeline/build/lib/recovery_pipeline/resources/fake_detection_pub.py -> /home/ollie/ros2_ws/install/recovery_pipeline/lib/python3.10/site-packages/recovery_pipeline/resources
copying /home/ollie/ros2_ws/build/recovery_pipeline/build/lib/recovery_pipeline/resources/vacuum_progress.py -> /home/ollie/ros2_ws/install/recovery_pipeline/lib/python3.10/site-packages/recovery_pipeline/resources
creating /home/ollie/ros2_ws/install/recovery_pipeline/lib/python3.10/site-packages/recovery_pipeline/error_detectors
copying /home/ollie/ros2_ws/build/recovery_pipeline/build/lib/recovery_pipeline/error_detectors/__init__.py -> /home/ollie/ros2_ws/install/recovery_pipeline/lib/python3.10/site-packages/recovery_pipeline/error_detectors
copying /home/ollie/ros2_ws/build/recovery_pipeline/build/lib/recovery_pipeline/error_detectors/wheels_off_ground.py -> /home/ollie/ros2_ws/install/recovery_pipeline/lib/python3.10/site-packages/recovery_pipeline/error_detectors
copying /home/ollie/ros2_ws/build/recovery_pipeline/build/lib/recovery_pipeline/error_detectors/doorway_boundary.py -> /home/ollie/ros2_ws/install/recovery_pipeline/lib/python3.10/site-packages/recovery_pipeline/error_detectors
copying /home/ollie/ros2_ws/build/recovery_pipeline/build/lib/recovery_pipeline/error_detectors/error_detectors.py -> /home/ollie/ros2_ws/install/recovery_pipeline/lib/python3.10/site-packages/recovery_pipeline/error_detectors
creating /home/ollie/ros2_ws/install/recovery_pipeline/lib/python3.10/site-packages/recovery_pipeline/error_responders
copying /home/ollie/ros2_ws/build/recovery_pipeline/build/lib/recovery_pipeline/error_responders/__init__.py -> /home/ollie/ros2_ws/install/recovery_pipeline/lib/python3.10/site-packages/recovery_pipeline/error_responders
copying /home/ollie/ros2_ws/build/recovery_pipeline/build/lib/recovery_pipeline/error_responders/perpendicular_alignment_to_doorway_and_speed.py -> /home/ollie/ros2_ws/install/recovery_pipeline/lib/python3.10/site-packages/recovery_pipeline/error_responders
copying /home/ollie/ros2_ws/build/recovery_pipeline/build/lib/recovery_pipeline/error_responders/error_responders.py -> /home/ollie/ros2_ws/install/recovery_pipeline/lib/python3.10/site-packages/recovery_pipeline/error_responders
copying /home/ollie/ros2_ws/build/recovery_pipeline/build/lib/recovery_pipeline/error_responders/place_robot_upright.py -> /home/ollie/ros2_ws/install/recovery_pipeline/lib/python3.10/site-packages/recovery_pipeline/error_responders
byte-compiling /home/ollie/ros2_ws/install/recovery_pipeline/lib/python3.10/site-packages/recovery_pipeline/error_detection.py to error_detection.cpython-310.pyc
byte-compiling /home/ollie/ros2_ws/install/recovery_pipeline/lib/python3.10/site-packages/recovery_pipeline/__init__.py to __init__.cpython-310.pyc
byte-compiling /home/ollie/ros2_ws/install/recovery_pipeline/lib/python3.10/site-packages/recovery_pipeline/error_responder.py to error_responder.cpython-310.pyc
byte-compiling /home/ollie/ros2_ws/install/recovery_pipeline/lib/python3.10/site-packages/recovery_pipeline/resources/helper_functions.py to helper_functions.cpython-310.pyc
byte-compiling /home/ollie/ros2_ws/install/recovery_pipeline/lib/python3.10/site-packages/recovery_pipeline/resources/__init__.py to __init__.cpython-310.pyc
byte-compiling /home/ollie/ros2_ws/install/recovery_pipeline/lib/python3.10/site-packages/recovery_pipeline/resources/fake_detection_pub.py to fake_detection_pub.cpython-310.pyc
byte-compiling /home/ollie/ros2_ws/install/recovery_pipeline/lib/python3.10/site-packages/recovery_pipeline/resources/vacuum_progress.py to vacuum_progress.cpython-310.pyc
byte-compiling /home/ollie/ros2_ws/install/recovery_pipeline/lib/python3.10/site-packages/recovery_pipeline/error_detectors/__init__.py to __init__.cpython-310.pyc
byte-compiling /home/ollie/ros2_ws/install/recovery_pipeline/lib/python3.10/site-packages/recovery_pipeline/error_detectors/wheels_off_ground.py to wheels_off_ground.cpython-310.pyc
byte-compiling /home/ollie/ros2_ws/install/recovery_pipeline/lib/python3.10/site-packages/recovery_pipeline/error_detectors/doorway_boundary.py to doorway_boundary.cpython-310.pyc
byte-compiling /home/ollie/ros2_ws/install/recovery_pipeline/lib/python3.10/site-packages/recovery_pipeline/error_detectors/error_detectors.py to error_detectors.cpython-310.pyc
byte-compiling /home/ollie/ros2_ws/install/recovery_pipeline/lib/python3.10/site-packages/recovery_pipeline/error_responders/__init__.py to __init__.cpython-310.pyc
byte-compiling /home/ollie/ros2_ws/install/recovery_pipeline/lib/python3.10/site-packages/recovery_pipeline/error_responders/perpendicular_alignment_to_doorway_and_speed.py to perpendicular_alignment_to_doorway_and_speed.cpython-310.pyc
byte-compiling /home/ollie/ros2_ws/install/recovery_pipeline/lib/python3.10/site-packages/recovery_pipeline/error_responders/error_responders.py to error_responders.cpython-310.pyc
byte-compiling /home/ollie/ros2_ws/install/recovery_pipeline/lib/python3.10/site-packages/recovery_pipeline/error_responders/place_robot_upright.py to place_robot_upright.cpython-310.pyc
running install_data
creating /home/ollie/ros2_ws/install/recovery_pipeline/share/ament_index
creating /home/ollie/ros2_ws/install/recovery_pipeline/share/ament_index/resource_index
creating /home/ollie/ros2_ws/install/recovery_pipeline/share/ament_index/resource_index/packages
copying resource/recovery_pipeline -> /home/ollie/ros2_ws/install/recovery_pipeline/share/ament_index/resource_index/packages
copying package.xml -> /home/ollie/ros2_ws/install/recovery_pipeline/share/recovery_pipeline
creating /home/ollie/ros2_ws/install/recovery_pipeline/share/recovery_pipeline/launch
running install_egg_info
Copying ../../build/recovery_pipeline/recovery_pipeline.egg-info to /home/ollie/ros2_ws/install/recovery_pipeline/lib/python3.10/site-packages/recovery_pipeline-0.0.0-py3.10.egg-info
running install_scripts
Installing error_detection script to /home/ollie/ros2_ws/install/recovery_pipeline/lib/recovery_pipeline
Installing error_responder script to /home/ollie/ros2_ws/install/recovery_pipeline/lib/recovery_pipeline
writing list of installed files to '/home/ollie/ros2_ws/build/recovery_pipeline/install.log'
