[0.631s] Invoking command in '/home/ollie/ros2_ws/src/recovery_pipeline': PYTHONPATH=/home/ollie/ros2_ws/build/recovery_pipeline/prefix_override:/usr/lib/python3/dist-packages/colcon_core/task/python/colcon_distutils_commands:/home/ollie/ros2_ws/install/recovery_pipeline/lib/python3.10/site-packages:${PYTHONPATH} /usr/bin/python3 -W ignore:setup.py install is deprecated setup.py egg_info --egg-base ../../build/recovery_pipeline build --build-base /home/ollie/ros2_ws/build/recovery_pipeline/build install --record /home/ollie/ros2_ws/build/recovery_pipeline/install.log --single-version-externally-managed install_data
[0.802s] running egg_info
[0.802s] writing ../../build/recovery_pipeline/recovery_pipeline.egg-info/PKG-INFO
[0.803s] writing dependency_links to ../../build/recovery_pipeline/recovery_pipeline.egg-info/dependency_links.txt
[0.803s] writing entry points to ../../build/recovery_pipeline/recovery_pipeline.egg-info/entry_points.txt
[0.803s] writing requirements to ../../build/recovery_pipeline/recovery_pipeline.egg-info/requires.txt
[0.803s] writing top-level names to ../../build/recovery_pipeline/recovery_pipeline.egg-info/top_level.txt
[0.804s] reading manifest file '../../build/recovery_pipeline/recovery_pipeline.egg-info/SOURCES.txt'
[0.805s] writing manifest file '../../build/recovery_pipeline/recovery_pipeline.egg-info/SOURCES.txt'
[0.805s] running build
[0.805s] running build_py
[0.806s] running install
[0.806s] running install_lib
[0.807s] byte-compiling /home/ollie/ros2_ws/install/recovery_pipeline/lib/python3.10/site-packages/recovery_pipeline/error_responders/perpendicular_alignment_to_doorway_and_speed.py to perpendicular_alignment_to_doorway_and_speed.cpython-310.pyc
[0.808s]   File "/home/ollie/ros2_ws/install/recovery_pipeline/lib/python3.10/site-packages/recovery_pipeline/error_responders/perpendicular_alignment_to_doorway_and_speed.py", line 13
[0.808s]     self.execute_recovery_tree_client = ActionClient(self, , 'execute_recovery_tree')
[0.808s]                                                            ^
[0.808s] SyntaxError: invalid syntax
[0.808s] 
[0.808s] running install_data
[0.808s] running install_egg_info
[0.809s] removing '/home/ollie/ros2_ws/install/recovery_pipeline/lib/python3.10/site-packages/recovery_pipeline-0.0.0-py3.10.egg-info' (and everything under it)
[0.809s] error removing /home/ollie/ros2_ws/install/recovery_pipeline/lib/python3.10/site-packages/recovery_pipeline-0.0.0-py3.10.egg-info: [Errno 13] Permission denied: '/home/ollie/ros2_ws/install/recovery_pipeline/lib/python3.10/site-packages/recovery_pipeline-0.0.0-py3.10.egg-info/zip-safe'
[0.809s] error removing /home/ollie/ros2_ws/install/recovery_pipeline/lib/python3.10/site-packages/recovery_pipeline-0.0.0-py3.10.egg-info: [Errno 13] Permission denied: '/home/ollie/ros2_ws/install/recovery_pipeline/lib/python3.10/site-packages/recovery_pipeline-0.0.0-py3.10.egg-info/SOURCES.txt'
[0.810s] error removing /home/ollie/ros2_ws/install/recovery_pipeline/lib/python3.10/site-packages/recovery_pipeline-0.0.0-py3.10.egg-info: [Errno 13] Permission denied: '/home/ollie/ros2_ws/install/recovery_pipeline/lib/python3.10/site-packages/recovery_pipeline-0.0.0-py3.10.egg-info/PKG-INFO'
[0.810s] error removing /home/ollie/ros2_ws/install/recovery_pipeline/lib/python3.10/site-packages/recovery_pipeline-0.0.0-py3.10.egg-info: [Errno 13] Permission denied: '/home/ollie/ros2_ws/install/recovery_pipeline/lib/python3.10/site-packages/recovery_pipeline-0.0.0-py3.10.egg-info/dependency_links.txt'
[0.810s] error removing /home/ollie/ros2_ws/install/recovery_pipeline/lib/python3.10/site-packages/recovery_pipeline-0.0.0-py3.10.egg-info: [Errno 13] Permission denied: '/home/ollie/ros2_ws/install/recovery_pipeline/lib/python3.10/site-packages/recovery_pipeline-0.0.0-py3.10.egg-info/entry_points.txt'
[0.810s] error removing /home/ollie/ros2_ws/install/recovery_pipeline/lib/python3.10/site-packages/recovery_pipeline-0.0.0-py3.10.egg-info: [Errno 13] Permission denied: '/home/ollie/ros2_ws/install/recovery_pipeline/lib/python3.10/site-packages/recovery_pipeline-0.0.0-py3.10.egg-info/top_level.txt'
[0.810s] error removing /home/ollie/ros2_ws/install/recovery_pipeline/lib/python3.10/site-packages/recovery_pipeline-0.0.0-py3.10.egg-info: [Errno 13] Permission denied: '/home/ollie/ros2_ws/install/recovery_pipeline/lib/python3.10/site-packages/recovery_pipeline-0.0.0-py3.10.egg-info/requires.txt'
[0.810s] error removing /home/ollie/ros2_ws/install/recovery_pipeline/lib/python3.10/site-packages/recovery_pipeline-0.0.0-py3.10.egg-info: [Errno 39] Directory not empty: '/home/ollie/ros2_ws/install/recovery_pipeline/lib/python3.10/site-packages/recovery_pipeline-0.0.0-py3.10.egg-info'
[0.810s] Copying ../../build/recovery_pipeline/recovery_pipeline.egg-info to /home/ollie/ros2_ws/install/recovery_pipeline/lib/python3.10/site-packages/recovery_pipeline-0.0.0-py3.10.egg-info
[0.810s] error: [Errno 13] Permission denied: '/home/ollie/ros2_ws/install/recovery_pipeline/lib/python3.10/site-packages/recovery_pipeline-0.0.0-py3.10.egg-info/zip-safe'
[0.823s] Invoked command in '/home/ollie/ros2_ws/src/recovery_pipeline' returned '1': PYTHONPATH=/home/ollie/ros2_ws/build/recovery_pipeline/prefix_override:/usr/lib/python3/dist-packages/colcon_core/task/python/colcon_distutils_commands:/home/ollie/ros2_ws/install/recovery_pipeline/lib/python3.10/site-packages:${PYTHONPATH} /usr/bin/python3 -W ignore:setup.py install is deprecated setup.py egg_info --egg-base ../../build/recovery_pipeline build --build-base /home/ollie/ros2_ws/build/recovery_pipeline/build install --record /home/ollie/ros2_ws/build/recovery_pipeline/install.log --single-version-externally-managed install_data
