[0.007s] Invoking command in '/home/ollie/ros2_ws/build/turtlebot4_simulator': CMAKE_PREFIX_PATH=/home/ollie/ros2_ws/install/turtlebot4_ignition_bringup:/home/ollie/ros2_ws/install/turtlebot4_ignition_toolbox:/home/ollie/ros2_ws/install/turtlebot4_ignition_gui_plugins:/home/ollie/ros2_ws/install/turtlebot4_simulator:/home/ollie/install/turtlebot4_simulator:/home/ollie/install/turtlebot4_ignition_bringup:/home/ollie/install/turtlebot4_ignition_toolbox:/home/ollie/install/turtlebot4_ignition_gui_plugins:/home/ollie/ros2_ws/install/robot_vacuum_auto_recovery:/home/ollie/install/robot_vacuum_auto_recovery:/opt/ros/humble /usr/bin/cmake /home/ollie/ros2_ws/src/turtlebot4_simulator -DAMENT_CMAKE_SYMLINK_INSTALL=1 -DCMAKE_INSTALL_PREFIX=/home/ollie/ros2_ws/install/turtlebot4_simulator
[0.015s] -- Found ament_cmake: 1.3.9 (/opt/ros/humble/share/ament_cmake/cmake)
[0.089s] -- Override CMake install command with custom implementation using symlinks instead of copying resources
[0.137s] -- Configuring done
[0.141s] -- Generating done
[0.142s] -- Build files have been written to: /home/ollie/ros2_ws/build/turtlebot4_simulator
[0.144s] Invoked command in '/home/ollie/ros2_ws/build/turtlebot4_simulator' returned '0': CMAKE_PREFIX_PATH=/home/ollie/ros2_ws/install/turtlebot4_ignition_bringup:/home/ollie/ros2_ws/install/turtlebot4_ignition_toolbox:/home/ollie/ros2_ws/install/turtlebot4_ignition_gui_plugins:/home/ollie/ros2_ws/install/turtlebot4_simulator:/home/ollie/install/turtlebot4_simulator:/home/ollie/install/turtlebot4_ignition_bringup:/home/ollie/install/turtlebot4_ignition_toolbox:/home/ollie/install/turtlebot4_ignition_gui_plugins:/home/ollie/ros2_ws/install/robot_vacuum_auto_recovery:/home/ollie/install/robot_vacuum_auto_recovery:/opt/ros/humble /usr/bin/cmake /home/ollie/ros2_ws/src/turtlebot4_simulator -DAMENT_CMAKE_SYMLINK_INSTALL=1 -DCMAKE_INSTALL_PREFIX=/home/ollie/ros2_ws/install/turtlebot4_simulator
[0.145s] Invoking command in '/home/ollie/ros2_ws/build/turtlebot4_simulator': CMAKE_PREFIX_PATH=/home/ollie/ros2_ws/install/turtlebot4_ignition_bringup:/home/ollie/ros2_ws/install/turtlebot4_ignition_toolbox:/home/ollie/ros2_ws/install/turtlebot4_ignition_gui_plugins:/home/ollie/ros2_ws/install/turtlebot4_simulator:/home/ollie/install/turtlebot4_simulator:/home/ollie/install/turtlebot4_ignition_bringup:/home/ollie/install/turtlebot4_ignition_toolbox:/home/ollie/install/turtlebot4_ignition_gui_plugins:/home/ollie/ros2_ws/install/robot_vacuum_auto_recovery:/home/ollie/install/robot_vacuum_auto_recovery:/opt/ros/humble /usr/bin/cmake --build /home/ollie/ros2_ws/build/turtlebot4_simulator -- -j16 -l16
[0.170s] Invoked command in '/home/ollie/ros2_ws/build/turtlebot4_simulator' returned '0': CMAKE_PREFIX_PATH=/home/ollie/ros2_ws/install/turtlebot4_ignition_bringup:/home/ollie/ros2_ws/install/turtlebot4_ignition_toolbox:/home/ollie/ros2_ws/install/turtlebot4_ignition_gui_plugins:/home/ollie/ros2_ws/install/turtlebot4_simulator:/home/ollie/install/turtlebot4_simulator:/home/ollie/install/turtlebot4_ignition_bringup:/home/ollie/install/turtlebot4_ignition_toolbox:/home/ollie/install/turtlebot4_ignition_gui_plugins:/home/ollie/ros2_ws/install/robot_vacuum_auto_recovery:/home/ollie/install/robot_vacuum_auto_recovery:/opt/ros/humble /usr/bin/cmake --build /home/ollie/ros2_ws/build/turtlebot4_simulator -- -j16 -l16
[0.187s] Invoking command in '/home/ollie/ros2_ws/build/turtlebot4_simulator': CMAKE_PREFIX_PATH=/home/ollie/ros2_ws/install/turtlebot4_ignition_bringup:/home/ollie/ros2_ws/install/turtlebot4_ignition_toolbox:/home/ollie/ros2_ws/install/turtlebot4_ignition_gui_plugins:/home/ollie/ros2_ws/install/turtlebot4_simulator:/home/ollie/install/turtlebot4_simulator:/home/ollie/install/turtlebot4_ignition_bringup:/home/ollie/install/turtlebot4_ignition_toolbox:/home/ollie/install/turtlebot4_ignition_gui_plugins:/home/ollie/ros2_ws/install/robot_vacuum_auto_recovery:/home/ollie/install/robot_vacuum_auto_recovery:/opt/ros/humble /usr/bin/cmake --install /home/ollie/ros2_ws/build/turtlebot4_simulator
[0.191s] -- Install configuration: ""
[0.192s] -- Execute custom install script
[0.192s] -- Symlinking: /home/ollie/ros2_ws/install/turtlebot4_simulator/share/ament_index/resource_index/package_run_dependencies/turtlebot4_simulator
[0.198s] -- Symlinking: /home/ollie/ros2_ws/install/turtlebot4_simulator/share/ament_index/resource_index/parent_prefix_path/turtlebot4_simulator
[0.204s] -- Symlinking: /home/ollie/ros2_ws/install/turtlebot4_simulator/share/turtlebot4_simulator/environment/ament_prefix_path.sh
[0.209s] -- Symlinking: /home/ollie/ros2_ws/install/turtlebot4_simulator/share/turtlebot4_simulator/environment/ament_prefix_path.dsv
[0.215s] -- Symlinking: /home/ollie/ros2_ws/install/turtlebot4_simulator/share/turtlebot4_simulator/environment/path.sh
[0.221s] -- Symlinking: /home/ollie/ros2_ws/install/turtlebot4_simulator/share/turtlebot4_simulator/environment/path.dsv
[0.227s] -- Symlinking: /home/ollie/ros2_ws/install/turtlebot4_simulator/share/turtlebot4_simulator/local_setup.bash
[0.233s] -- Symlinking: /home/ollie/ros2_ws/install/turtlebot4_simulator/share/turtlebot4_simulator/local_setup.sh
[0.238s] -- Symlinking: /home/ollie/ros2_ws/install/turtlebot4_simulator/share/turtlebot4_simulator/local_setup.zsh
[0.244s] -- Symlinking: /home/ollie/ros2_ws/install/turtlebot4_simulator/share/turtlebot4_simulator/local_setup.dsv
[0.250s] -- Symlinking: /home/ollie/ros2_ws/install/turtlebot4_simulator/share/turtlebot4_simulator/package.dsv
[0.256s] -- Symlinking: /home/ollie/ros2_ws/install/turtlebot4_simulator/share/ament_index/resource_index/packages/turtlebot4_simulator
[0.262s] -- Symlinking: /home/ollie/ros2_ws/install/turtlebot4_simulator/share/turtlebot4_simulator/cmake/turtlebot4_simulatorConfig.cmake
[0.268s] -- Symlinking: /home/ollie/ros2_ws/install/turtlebot4_simulator/share/turtlebot4_simulator/cmake/turtlebot4_simulatorConfig-version.cmake
[0.274s] -- Symlinking: /home/ollie/ros2_ws/install/turtlebot4_simulator/share/turtlebot4_simulator/package.xml
[0.282s] Invoked command in '/home/ollie/ros2_ws/build/turtlebot4_simulator' returned '0': CMAKE_PREFIX_PATH=/home/ollie/ros2_ws/install/turtlebot4_ignition_bringup:/home/ollie/ros2_ws/install/turtlebot4_ignition_toolbox:/home/ollie/ros2_ws/install/turtlebot4_ignition_gui_plugins:/home/ollie/ros2_ws/install/turtlebot4_simulator:/home/ollie/install/turtlebot4_simulator:/home/ollie/install/turtlebot4_ignition_bringup:/home/ollie/install/turtlebot4_ignition_toolbox:/home/ollie/install/turtlebot4_ignition_gui_plugins:/home/ollie/ros2_ws/install/robot_vacuum_auto_recovery:/home/ollie/install/robot_vacuum_auto_recovery:/opt/ros/humble /usr/bin/cmake --install /home/ollie/ros2_ws/build/turtlebot4_simulator
