[0.005s] Invoking command in '/home/ollie/ros2_ws/build/turtlebot4_simulator': AMENT_PREFIX_PATH=/home/ollie/ros2_ws/install/turtlebot4_ignition_bringup:/home/ollie/ros2_ws/install/turtlebot4_ignition_toolbox:/home/ollie/ros2_ws/install/turtlebot4_ignition_gui_plugins:${AMENT_PREFIX_PATH} CMAKE_PREFIX_PATH=/home/ollie/ros2_ws/install/turtlebot4_ignition_bringup:/home/ollie/ros2_ws/install/turtlebot4_ignition_toolbox:/home/ollie/ros2_ws/install/turtlebot4_ignition_gui_plugins:/opt/ros/humble /usr/bin/cmake /home/ollie/ros2_ws/src/turtlebot4_simulator -DCMAKE_INSTALL_PREFIX=/home/ollie/ros2_ws/install/turtlebot4_simulator
[0.041s] -- The C compiler identification is GNU 11.4.0
[0.077s] -- The CXX compiler identification is GNU 11.4.0
[0.082s] -- Detecting C compiler ABI info
[0.129s] -- Detecting C compiler ABI info - done
[0.133s] -- Check for working C compiler: /usr/bin/cc - skipped
[0.134s] -- Detecting C compile features
[0.134s] -- Detecting C compile features - done
[0.136s] -- Detecting CXX compiler ABI info
[0.190s] -- Detecting CXX compiler ABI info - done
[0.197s] -- Check for working CXX compiler: /usr/bin/c++ - skipped
[0.197s] -- Detecting CXX compile features
[0.198s] -- Detecting CXX compile features - done
[0.201s] -- Found ament_cmake: 1.3.9 (/opt/ros/humble/share/ament_cmake/cmake)
[0.300s] -- Found Python3: /usr/bin/python3 (found version "3.10.12") found components: Interpreter 
[0.412s] -- Configuring done
[0.415s] -- Generating done
[0.416s] -- Build files have been written to: /home/ollie/ros2_ws/build/turtlebot4_simulator
[0.420s] Invoked command in '/home/ollie/ros2_ws/build/turtlebot4_simulator' returned '0': AMENT_PREFIX_PATH=/home/ollie/ros2_ws/install/turtlebot4_ignition_bringup:/home/ollie/ros2_ws/install/turtlebot4_ignition_toolbox:/home/ollie/ros2_ws/install/turtlebot4_ignition_gui_plugins:${AMENT_PREFIX_PATH} CMAKE_PREFIX_PATH=/home/ollie/ros2_ws/install/turtlebot4_ignition_bringup:/home/ollie/ros2_ws/install/turtlebot4_ignition_toolbox:/home/ollie/ros2_ws/install/turtlebot4_ignition_gui_plugins:/opt/ros/humble /usr/bin/cmake /home/ollie/ros2_ws/src/turtlebot4_simulator -DCMAKE_INSTALL_PREFIX=/home/ollie/ros2_ws/install/turtlebot4_simulator
[0.421s] Invoking command in '/home/ollie/ros2_ws/build/turtlebot4_simulator': AMENT_PREFIX_PATH=/home/ollie/ros2_ws/install/turtlebot4_ignition_bringup:/home/ollie/ros2_ws/install/turtlebot4_ignition_toolbox:/home/ollie/ros2_ws/install/turtlebot4_ignition_gui_plugins:${AMENT_PREFIX_PATH} CMAKE_PREFIX_PATH=/home/ollie/ros2_ws/install/turtlebot4_ignition_bringup:/home/ollie/ros2_ws/install/turtlebot4_ignition_toolbox:/home/ollie/ros2_ws/install/turtlebot4_ignition_gui_plugins:/opt/ros/humble /usr/bin/cmake --build /home/ollie/ros2_ws/build/turtlebot4_simulator -- -j16 -l16
[0.449s] Invoked command in '/home/ollie/ros2_ws/build/turtlebot4_simulator' returned '0': AMENT_PREFIX_PATH=/home/ollie/ros2_ws/install/turtlebot4_ignition_bringup:/home/ollie/ros2_ws/install/turtlebot4_ignition_toolbox:/home/ollie/ros2_ws/install/turtlebot4_ignition_gui_plugins:${AMENT_PREFIX_PATH} CMAKE_PREFIX_PATH=/home/ollie/ros2_ws/install/turtlebot4_ignition_bringup:/home/ollie/ros2_ws/install/turtlebot4_ignition_toolbox:/home/ollie/ros2_ws/install/turtlebot4_ignition_gui_plugins:/opt/ros/humble /usr/bin/cmake --build /home/ollie/ros2_ws/build/turtlebot4_simulator -- -j16 -l16
[0.465s] Invoking command in '/home/ollie/ros2_ws/build/turtlebot4_simulator': AMENT_PREFIX_PATH=/home/ollie/ros2_ws/install/turtlebot4_ignition_bringup:/home/ollie/ros2_ws/install/turtlebot4_ignition_toolbox:/home/ollie/ros2_ws/install/turtlebot4_ignition_gui_plugins:${AMENT_PREFIX_PATH} CMAKE_PREFIX_PATH=/home/ollie/ros2_ws/install/turtlebot4_ignition_bringup:/home/ollie/ros2_ws/install/turtlebot4_ignition_toolbox:/home/ollie/ros2_ws/install/turtlebot4_ignition_gui_plugins:/opt/ros/humble /usr/bin/cmake --install /home/ollie/ros2_ws/build/turtlebot4_simulator
[0.470s] -- Install configuration: ""
[0.470s] -- Installing: /home/ollie/ros2_ws/install/turtlebot4_simulator/share/ament_index/resource_index/package_run_dependencies/turtlebot4_simulator
[0.470s] -- Installing: /home/ollie/ros2_ws/install/turtlebot4_simulator/share/ament_index/resource_index/parent_prefix_path/turtlebot4_simulator
[0.470s] -- Installing: /home/ollie/ros2_ws/install/turtlebot4_simulator/share/turtlebot4_simulator/environment/ament_prefix_path.sh
[0.470s] -- Installing: /home/ollie/ros2_ws/install/turtlebot4_simulator/share/turtlebot4_simulator/environment/ament_prefix_path.dsv
[0.471s] -- Installing: /home/ollie/ros2_ws/install/turtlebot4_simulator/share/turtlebot4_simulator/environment/path.sh
[0.471s] -- Installing: /home/ollie/ros2_ws/install/turtlebot4_simulator/share/turtlebot4_simulator/environment/path.dsv
[0.471s] -- Installing: /home/ollie/ros2_ws/install/turtlebot4_simulator/share/turtlebot4_simulator/local_setup.bash
[0.471s] -- Installing: /home/ollie/ros2_ws/install/turtlebot4_simulator/share/turtlebot4_simulator/local_setup.sh
[0.471s] -- Installing: /home/ollie/ros2_ws/install/turtlebot4_simulator/share/turtlebot4_simulator/local_setup.zsh
[0.471s] -- Installing: /home/ollie/ros2_ws/install/turtlebot4_simulator/share/turtlebot4_simulator/local_setup.dsv
[0.471s] -- Installing: /home/ollie/ros2_ws/install/turtlebot4_simulator/share/turtlebot4_simulator/package.dsv
[0.471s] -- Installing: /home/ollie/ros2_ws/install/turtlebot4_simulator/share/ament_index/resource_index/packages/turtlebot4_simulator
[0.471s] -- Installing: /home/ollie/ros2_ws/install/turtlebot4_simulator/share/turtlebot4_simulator/cmake/turtlebot4_simulatorConfig.cmake
[0.472s] -- Installing: /home/ollie/ros2_ws/install/turtlebot4_simulator/share/turtlebot4_simulator/cmake/turtlebot4_simulatorConfig-version.cmake
[0.472s] -- Installing: /home/ollie/ros2_ws/install/turtlebot4_simulator/share/turtlebot4_simulator/package.xml
[0.473s] Invoked command in '/home/ollie/ros2_ws/build/turtlebot4_simulator' returned '0': AMENT_PREFIX_PATH=/home/ollie/ros2_ws/install/turtlebot4_ignition_bringup:/home/ollie/ros2_ws/install/turtlebot4_ignition_toolbox:/home/ollie/ros2_ws/install/turtlebot4_ignition_gui_plugins:${AMENT_PREFIX_PATH} CMAKE_PREFIX_PATH=/home/ollie/ros2_ws/install/turtlebot4_ignition_bringup:/home/ollie/ros2_ws/install/turtlebot4_ignition_toolbox:/home/ollie/ros2_ws/install/turtlebot4_ignition_gui_plugins:/opt/ros/humble /usr/bin/cmake --install /home/ollie/ros2_ws/build/turtlebot4_simulator
