[0.011s] Invoking command in '/home/ollie/ros2_ws/build/turtlebot3_gazebo': /usr/bin/cmake --build /home/ollie/ros2_ws/build/turtlebot3_gazebo -- -j16 -l16
[0.598s] [ 25%] Built target turtlebot3_drive
[0.599s] [ 75%] Built target obstacle2
[0.599s] [ 75%] Built target obstacle1
[0.599s] [100%] Built target obstacles
[0.740s] Invoked command in '/home/ollie/ros2_ws/build/turtlebot3_gazebo' returned '0': /usr/bin/cmake --build /home/ollie/ros2_ws/build/turtlebot3_gazebo -- -j16 -l16
[0.769s] Invoking command in '/home/ollie/ros2_ws/build/turtlebot3_gazebo': /usr/bin/cmake --install /home/ollie/ros2_ws/build/turtlebot3_gazebo
[0.774s] -- Install configuration: ""
[0.775s] -- Up-to-date: /home/ollie/ros2_ws/install/turtlebot3_gazebo/lib/turtlebot3_gazebo/turtlebot3_drive
[0.775s] -- Up-to-date: /home/ollie/ros2_ws/install/turtlebot3_gazebo/share/turtlebot3_gazebo//launch
[0.775s] -- Up-to-date: /home/ollie/ros2_ws/install/turtlebot3_gazebo/share/turtlebot3_gazebo//launch/turtlebot3_world.launch.py
[0.775s] -- Up-to-date: /home/ollie/ros2_ws/install/turtlebot3_gazebo/share/turtlebot3_gazebo//launch/turtlebot3_dqn_stage2.launch.py
[0.776s] -- Up-to-date: /home/ollie/ros2_ws/install/turtlebot3_gazebo/share/turtlebot3_gazebo//launch/robot_state_publisher.launch.py
[0.776s] -- Up-to-date: /home/ollie/ros2_ws/install/turtlebot3_gazebo/share/turtlebot3_gazebo//launch/house_interior.launch.py
[0.776s] -- Up-to-date: /home/ollie/ros2_ws/install/turtlebot3_gazebo/share/turtlebot3_gazebo//launch/turtlebot3_dqn_stage4.launch.py
[0.776s] -- Up-to-date: /home/ollie/ros2_ws/install/turtlebot3_gazebo/share/turtlebot3_gazebo//launch/turtlebot3_dqn_stage3.launch.py
[0.776s] -- Up-to-date: /home/ollie/ros2_ws/install/turtlebot3_gazebo/share/turtlebot3_gazebo//launch/turtlebot3_house.launch.py
[0.776s] -- Up-to-date: /home/ollie/ros2_ws/install/turtlebot3_gazebo/share/turtlebot3_gazebo//launch/spawn_turtlebot3.launch.py
[0.776s] -- Up-to-date: /home/ollie/ros2_ws/install/turtlebot3_gazebo/share/turtlebot3_gazebo//launch/turtlebot3_dqn_stage1.launch.py
[0.776s] -- Up-to-date: /home/ollie/ros2_ws/install/turtlebot3_gazebo/share/turtlebot3_gazebo//launch/empty_world.launch.py
[0.776s] -- Up-to-date: /home/ollie/ros2_ws/install/turtlebot3_gazebo/share/turtlebot3_gazebo//models
[0.776s] -- Up-to-date: /home/ollie/ros2_ws/install/turtlebot3_gazebo/share/turtlebot3_gazebo//models/turtlebot3_dqn_world
[0.776s] -- Up-to-date: /home/ollie/ros2_ws/install/turtlebot3_gazebo/share/turtlebot3_gazebo//models/turtlebot3_dqn_world/model.config
[0.776s] -- Up-to-date: /home/ollie/ros2_ws/install/turtlebot3_gazebo/share/turtlebot3_gazebo//models/turtlebot3_dqn_world/obstacle1
[0.777s] -- Up-to-date: /home/ollie/ros2_ws/install/turtlebot3_gazebo/share/turtlebot3_gazebo//models/turtlebot3_dqn_world/obstacle1/model.config
[0.777s] -- Up-to-date: /home/ollie/ros2_ws/install/turtlebot3_gazebo/share/turtlebot3_gazebo//models/turtlebot3_dqn_world/obstacle1/model.sdf
[0.777s] -- Up-to-date: /home/ollie/ros2_ws/install/turtlebot3_gazebo/share/turtlebot3_gazebo//models/turtlebot3_dqn_world/inner_walls
[0.777s] -- Up-to-date: /home/ollie/ros2_ws/install/turtlebot3_gazebo/share/turtlebot3_gazebo//models/turtlebot3_dqn_world/inner_walls/model.config
[0.777s] -- Up-to-date: /home/ollie/ros2_ws/install/turtlebot3_gazebo/share/turtlebot3_gazebo//models/turtlebot3_dqn_world/inner_walls/model.sdf
[0.777s] -- Up-to-date: /home/ollie/ros2_ws/install/turtlebot3_gazebo/share/turtlebot3_gazebo//models/turtlebot3_dqn_world/goal_box
[0.777s] -- Up-to-date: /home/ollie/ros2_ws/install/turtlebot3_gazebo/share/turtlebot3_gazebo//models/turtlebot3_dqn_world/goal_box/model.config
[0.777s] -- Up-to-date: /home/ollie/ros2_ws/install/turtlebot3_gazebo/share/turtlebot3_gazebo//models/turtlebot3_dqn_world/goal_box/model.sdf
[0.777s] -- Up-to-date: /home/ollie/ros2_ws/install/turtlebot3_gazebo/share/turtlebot3_gazebo//models/turtlebot3_dqn_world/model.sdf
[0.777s] -- Up-to-date: /home/ollie/ros2_ws/install/turtlebot3_gazebo/share/turtlebot3_gazebo//models/turtlebot3_dqn_world/obstacle2
[0.777s] -- Up-to-date: /home/ollie/ros2_ws/install/turtlebot3_gazebo/share/turtlebot3_gazebo//models/turtlebot3_dqn_world/obstacle2/model.config
[0.777s] -- Up-to-date: /home/ollie/ros2_ws/install/turtlebot3_gazebo/share/turtlebot3_gazebo//models/turtlebot3_dqn_world/obstacle2/model.sdf
[0.778s] -- Up-to-date: /home/ollie/ros2_ws/install/turtlebot3_gazebo/share/turtlebot3_gazebo//models/turtlebot3_dqn_world/obstacles
[0.778s] -- Up-to-date: /home/ollie/ros2_ws/install/turtlebot3_gazebo/share/turtlebot3_gazebo//models/turtlebot3_dqn_world/obstacles/model.config
[0.778s] -- Up-to-date: /home/ollie/ros2_ws/install/turtlebot3_gazebo/share/turtlebot3_gazebo//models/turtlebot3_dqn_world/obstacles/model.sdf
[0.779s] -- Up-to-date: /home/ollie/ros2_ws/install/turtlebot3_gazebo/share/turtlebot3_gazebo//models/turtlebot3_dqn_world/obstacle_plugin
[0.779s] -- Up-to-date: /home/ollie/ros2_ws/install/turtlebot3_gazebo/share/turtlebot3_gazebo//models/turtlebot3_dqn_world/obstacle_plugin/obstacle1.cc
[0.779s] -- Up-to-date: /home/ollie/ros2_ws/install/turtlebot3_gazebo/share/turtlebot3_gazebo//models/turtlebot3_dqn_world/obstacle_plugin/CMakeLists.txt
[0.779s] -- Up-to-date: /home/ollie/ros2_ws/install/turtlebot3_gazebo/share/turtlebot3_gazebo//models/turtlebot3_dqn_world/obstacle_plugin/obstacles.cc
[0.779s] -- Up-to-date: /home/ollie/ros2_ws/install/turtlebot3_gazebo/share/turtlebot3_gazebo//models/turtlebot3_dqn_world/obstacle_plugin/obstacle2.cc
[0.779s] -- Up-to-date: /home/ollie/ros2_ws/install/turtlebot3_gazebo/share/turtlebot3_gazebo//models/turtlebot3_waffle_pi
[0.780s] -- Up-to-date: /home/ollie/ros2_ws/install/turtlebot3_gazebo/share/turtlebot3_gazebo//models/turtlebot3_waffle_pi/model.config
[0.780s] -- Up-to-date: /home/ollie/ros2_ws/install/turtlebot3_gazebo/share/turtlebot3_gazebo//models/turtlebot3_waffle_pi/model-1_4_.sdf
[0.780s] -- Up-to-date: /home/ollie/ros2_ws/install/turtlebot3_gazebo/share/turtlebot3_gazebo//models/turtlebot3_waffle_pi/model.sdf
[0.780s] -- Up-to-date: /home/ollie/ros2_ws/install/turtlebot3_gazebo/share/turtlebot3_gazebo//models/turtlebot3_common
[0.780s] -- Up-to-date: /home/ollie/ros2_ws/install/turtlebot3_gazebo/share/turtlebot3_gazebo//models/turtlebot3_common/model.config
[0.780s] -- Up-to-date: /home/ollie/ros2_ws/install/turtlebot3_gazebo/share/turtlebot3_gazebo//models/turtlebot3_common/meshes
[0.781s] -- Up-to-date: /home/ollie/ros2_ws/install/turtlebot3_gazebo/share/turtlebot3_gazebo//models/turtlebot3_common/meshes/waffle_base.dae
[0.781s] -- Up-to-date: /home/ollie/ros2_ws/install/turtlebot3_gazebo/share/turtlebot3_gazebo//models/turtlebot3_common/meshes/tire.dae
[0.781s] -- Up-to-date: /home/ollie/ros2_ws/install/turtlebot3_gazebo/share/turtlebot3_gazebo//models/turtlebot3_common/meshes/lds.dae
[0.781s] -- Up-to-date: /home/ollie/ros2_ws/install/turtlebot3_gazebo/share/turtlebot3_gazebo//models/turtlebot3_common/meshes/waffle_pi_base.dae
[0.781s] -- Up-to-date: /home/ollie/ros2_ws/install/turtlebot3_gazebo/share/turtlebot3_gazebo//models/turtlebot3_common/meshes/r200.dae
[0.782s] -- Up-to-date: /home/ollie/ros2_ws/install/turtlebot3_gazebo/share/turtlebot3_gazebo//models/turtlebot3_common/meshes/burger_base.dae
[0.782s] -- Up-to-date: /home/ollie/ros2_ws/install/turtlebot3_gazebo/share/turtlebot3_gazebo//models/turtlebot3_burger
[0.782s] -- Up-to-date: /home/ollie/ros2_ws/install/turtlebot3_gazebo/share/turtlebot3_gazebo//models/turtlebot3_burger/model.config
[0.782s] -- Up-to-date: /home/ollie/ros2_ws/install/turtlebot3_gazebo/share/turtlebot3_gazebo//models/turtlebot3_burger/model-1_4.sdf
[0.782s] -- Up-to-date: /home/ollie/ros2_ws/install/turtlebot3_gazebo/share/turtlebot3_gazebo//models/turtlebot3_burger/model.sdf
[0.782s] -- Up-to-date: /home/ollie/ros2_ws/install/turtlebot3_gazebo/share/turtlebot3_gazebo//models/turtlebot3_house
[0.782s] -- Up-to-date: /home/ollie/ros2_ws/install/turtlebot3_gazebo/share/turtlebot3_gazebo//models/turtlebot3_house/model.config
[0.782s] -- Up-to-date: /home/ollie/ros2_ws/install/turtlebot3_gazebo/share/turtlebot3_gazebo//models/turtlebot3_house/model.sdf
[0.782s] -- Up-to-date: /home/ollie/ros2_ws/install/turtlebot3_gazebo/share/turtlebot3_gazebo//models/turtlebot3_waffle
[0.782s] -- Up-to-date: /home/ollie/ros2_ws/install/turtlebot3_gazebo/share/turtlebot3_gazebo//models/turtlebot3_waffle/model.config
[0.782s] -- Up-to-date: /home/ollie/ros2_ws/install/turtlebot3_gazebo/share/turtlebot3_gazebo//models/turtlebot3_waffle/model-1_4.sdf
[0.783s] -- Up-to-date: /home/ollie/ros2_ws/install/turtlebot3_gazebo/share/turtlebot3_gazebo//models/turtlebot3_waffle/model.sdf
[0.783s] -- Up-to-date: /home/ollie/ros2_ws/install/turtlebot3_gazebo/share/turtlebot3_gazebo//models/turtlebot3_world
[0.783s] -- Up-to-date: /home/ollie/ros2_ws/install/turtlebot3_gazebo/share/turtlebot3_gazebo//models/turtlebot3_world/model.config
[0.783s] -- Up-to-date: /home/ollie/ros2_ws/install/turtlebot3_gazebo/share/turtlebot3_gazebo//models/turtlebot3_world/model-1_4.sdf
[0.783s] -- Up-to-date: /home/ollie/ros2_ws/install/turtlebot3_gazebo/share/turtlebot3_gazebo//models/turtlebot3_world/model.sdf
[0.783s] -- Up-to-date: /home/ollie/ros2_ws/install/turtlebot3_gazebo/share/turtlebot3_gazebo//models/turtlebot3_world/meshes
[0.783s] -- Up-to-date: /home/ollie/ros2_ws/install/turtlebot3_gazebo/share/turtlebot3_gazebo//models/turtlebot3_world/meshes/hexagon.dae
[0.783s] -- Up-to-date: /home/ollie/ros2_ws/install/turtlebot3_gazebo/share/turtlebot3_gazebo//models/turtlebot3_world/meshes/wall.dae
[0.783s] -- Up-to-date: /home/ollie/ros2_ws/install/turtlebot3_gazebo/share/turtlebot3_gazebo//rviz
[0.784s] -- Up-to-date: /home/ollie/ros2_ws/install/turtlebot3_gazebo/share/turtlebot3_gazebo//rviz/tb3_gazebo.rviz
[0.784s] -- Up-to-date: /home/ollie/ros2_ws/install/turtlebot3_gazebo/share/turtlebot3_gazebo//urdf
[0.784s] -- Up-to-date: /home/ollie/ros2_ws/install/turtlebot3_gazebo/share/turtlebot3_gazebo//urdf/turtlebot3_waffle.urdf
[0.784s] -- Up-to-date: /home/ollie/ros2_ws/install/turtlebot3_gazebo/share/turtlebot3_gazebo//urdf/common_properties.urdf
[0.784s] -- Up-to-date: /home/ollie/ros2_ws/install/turtlebot3_gazebo/share/turtlebot3_gazebo//urdf/turtlebot3_waffle_pi.urdf
[0.784s] -- Up-to-date: /home/ollie/ros2_ws/install/turtlebot3_gazebo/share/turtlebot3_gazebo//urdf/turtlebot3_burger.urdf
[0.784s] -- Up-to-date: /home/ollie/ros2_ws/install/turtlebot3_gazebo/share/turtlebot3_gazebo//worlds
[0.784s] -- Up-to-date: /home/ollie/ros2_ws/install/turtlebot3_gazebo/share/turtlebot3_gazebo//worlds/turtlebot3_world.world
[0.784s] -- Up-to-date: /home/ollie/ros2_ws/install/turtlebot3_gazebo/share/turtlebot3_gazebo//worlds/turtlebot3_house.world
[0.785s] -- Up-to-date: /home/ollie/ros2_ws/install/turtlebot3_gazebo/share/turtlebot3_gazebo//worlds/turtlebot3_dqn_stage4.world
[0.785s] -- Up-to-date: /home/ollie/ros2_ws/install/turtlebot3_gazebo/share/turtlebot3_gazebo//worlds/empty_world.world
[0.785s] -- Up-to-date: /home/ollie/ros2_ws/install/turtlebot3_gazebo/share/turtlebot3_gazebo//worlds/turtlebot3_dqn_stage1.world
[0.785s] -- Up-to-date: /home/ollie/ros2_ws/install/turtlebot3_gazebo/share/turtlebot3_gazebo//worlds/house_interior.sdf
[0.786s] -- Up-to-date: /home/ollie/ros2_ws/install/turtlebot3_gazebo/share/turtlebot3_gazebo//worlds/turtlebot3_dqn_stage3.world
[0.786s] -- Up-to-date: /home/ollie/ros2_ws/install/turtlebot3_gazebo/share/turtlebot3_gazebo//worlds/house_interior.world
[0.786s] -- Up-to-date: /home/ollie/ros2_ws/install/turtlebot3_gazebo/share/turtlebot3_gazebo//worlds/turtlebot3_dqn_stage2.world
[0.786s] -- Up-to-date: /home/ollie/ros2_ws/install/turtlebot3_gazebo/include/
[0.787s] -- Up-to-date: /home/ollie/ros2_ws/install/turtlebot3_gazebo/include//turtlebot3_gazebo
[0.787s] -- Up-to-date: /home/ollie/ros2_ws/install/turtlebot3_gazebo/include//turtlebot3_gazebo/turtlebot3_drive.hpp
[0.787s] -- Up-to-date: /home/ollie/ros2_ws/install/turtlebot3_gazebo/share/ament_index/resource_index/package_run_dependencies/turtlebot3_gazebo
[0.787s] -- Up-to-date: /home/ollie/ros2_ws/install/turtlebot3_gazebo/share/ament_index/resource_index/parent_prefix_path/turtlebot3_gazebo
[0.787s] -- Up-to-date: /home/ollie/ros2_ws/install/turtlebot3_gazebo/share/turtlebot3_gazebo/environment/ament_prefix_path.sh
[0.788s] -- Up-to-date: /home/ollie/ros2_ws/install/turtlebot3_gazebo/share/turtlebot3_gazebo/environment/ament_prefix_path.dsv
[0.788s] -- Up-to-date: /home/ollie/ros2_ws/install/turtlebot3_gazebo/share/turtlebot3_gazebo/environment/path.sh
[0.789s] -- Up-to-date: /home/ollie/ros2_ws/install/turtlebot3_gazebo/share/turtlebot3_gazebo/environment/path.dsv
[0.789s] -- Up-to-date: /home/ollie/ros2_ws/install/turtlebot3_gazebo/share/turtlebot3_gazebo/local_setup.bash
[0.789s] -- Up-to-date: /home/ollie/ros2_ws/install/turtlebot3_gazebo/share/turtlebot3_gazebo/local_setup.sh
[0.789s] -- Up-to-date: /home/ollie/ros2_ws/install/turtlebot3_gazebo/share/turtlebot3_gazebo/local_setup.zsh
[0.790s] -- Up-to-date: /home/ollie/ros2_ws/install/turtlebot3_gazebo/share/turtlebot3_gazebo/local_setup.dsv
[0.790s] -- Installing: /home/ollie/ros2_ws/install/turtlebot3_gazebo/share/turtlebot3_gazebo/package.dsv
[0.790s] -- Up-to-date: /home/ollie/ros2_ws/install/turtlebot3_gazebo/share/ament_index/resource_index/packages/turtlebot3_gazebo
[0.790s] -- Up-to-date: /home/ollie/ros2_ws/install/turtlebot3_gazebo/share/turtlebot3_gazebo/cmake/ament_cmake_export_include_directories-extras.cmake
[0.791s] -- Up-to-date: /home/ollie/ros2_ws/install/turtlebot3_gazebo/share/turtlebot3_gazebo/cmake/ament_cmake_export_dependencies-extras.cmake
[0.791s] -- Up-to-date: /home/ollie/ros2_ws/install/turtlebot3_gazebo/share/turtlebot3_gazebo/cmake/turtlebot3_gazeboConfig.cmake
[0.792s] -- Up-to-date: /home/ollie/ros2_ws/install/turtlebot3_gazebo/share/turtlebot3_gazebo/cmake/turtlebot3_gazeboConfig-version.cmake
[0.793s] -- Up-to-date: /home/ollie/ros2_ws/install/turtlebot3_gazebo/share/turtlebot3_gazebo/package.xml
[0.793s] Invoked command in '/home/ollie/ros2_ws/build/turtlebot3_gazebo' returned '0': /usr/bin/cmake --install /home/ollie/ros2_ws/build/turtlebot3_gazebo
