/home/ollie/ros2_ws/install/behavior_trees/lib/python3.10/site-packages/behavior_trees/__init__.py
/home/ollie/ros2_ws/install/behavior_trees/lib/python3.10/site-packages/behavior_trees/trees/__init__.py
/home/ollie/ros2_ws/install/behavior_trees/lib/python3.10/site-packages/behavior_trees/trees/vacuum_planner.py
/home/ollie/ros2_ws/install/behavior_trees/lib/python3.10/site-packages/behavior_trees/trees/perpendicular_alignment_to_doorway_and_speed.py
/home/ollie/ros2_ws/install/behavior_trees/lib/python3.10/site-packages/behavior_trees/trees/responder_trees.py
/home/ollie/ros2_ws/install/behavior_trees/lib/python3.10/site-packages/behavior_trees/trees/test_tree.py
/home/ollie/ros2_ws/install/behavior_trees/lib/python3.10/site-packages/behavior_trees/behaviors/face_closest_obs.py
/home/ollie/ros2_ws/install/behavior_trees/lib/python3.10/site-packages/behavior_trees/behaviors/__init__.py
/home/ollie/ros2_ws/install/behavior_trees/lib/python3.10/site-packages/behavior_trees/behaviors/process_route.py
/home/ollie/ros2_ws/install/behavior_trees/lib/python3.10/site-packages/behavior_trees/behaviors/rotate_relative_to_obs.py
/home/ollie/ros2_ws/install/behavior_trees/lib/python3.10/site-packages/behavior_trees/behaviors/follow_wall.py
/home/ollie/ros2_ws/install/behavior_trees/lib/python3.10/site-packages/behavior_trees/behaviors/plan_route.py
/home/ollie/ros2_ws/install/behavior_trees/lib/python3.10/site-packages/behavior_trees/behaviors/move_forward.py
/home/ollie/ros2_ws/install/behavior_trees/lib/python3.10/site-packages/behavior_trees/behaviors/cancel_goal.py
/home/ollie/ros2_ws/install/behavior_trees/lib/python3.10/site-packages/behavior_trees/behaviors/move_towards_obs.py
/home/ollie/ros2_ws/install/behavior_trees/lib/python3.10/site-packages/behavior_trees/behaviors/check_if_finished.py
/home/ollie/ros2_ws/install/behavior_trees/lib/python3.10/site-packages/behavior_trees/behaviors/go_to.py
/home/ollie/ros2_ws/install/behavior_trees/lib/python3.10/site-packages/behavior_trees/__pycache__/__init__.cpython-310.pyc
/home/ollie/ros2_ws/install/behavior_trees/lib/python3.10/site-packages/behavior_trees/trees/__pycache__/__init__.cpython-310.pyc
/home/ollie/ros2_ws/install/behavior_trees/lib/python3.10/site-packages/behavior_trees/trees/__pycache__/vacuum_planner.cpython-310.pyc
/home/ollie/ros2_ws/install/behavior_trees/lib/python3.10/site-packages/behavior_trees/trees/__pycache__/perpendicular_alignment_to_doorway_and_speed.cpython-310.pyc
/home/ollie/ros2_ws/install/behavior_trees/lib/python3.10/site-packages/behavior_trees/trees/__pycache__/responder_trees.cpython-310.pyc
/home/ollie/ros2_ws/install/behavior_trees/lib/python3.10/site-packages/behavior_trees/trees/__pycache__/test_tree.cpython-310.pyc
/home/ollie/ros2_ws/install/behavior_trees/lib/python3.10/site-packages/behavior_trees/behaviors/__pycache__/face_closest_obs.cpython-310.pyc
/home/ollie/ros2_ws/install/behavior_trees/lib/python3.10/site-packages/behavior_trees/behaviors/__pycache__/__init__.cpython-310.pyc
/home/ollie/ros2_ws/install/behavior_trees/lib/python3.10/site-packages/behavior_trees/behaviors/__pycache__/process_route.cpython-310.pyc
/home/ollie/ros2_ws/install/behavior_trees/lib/python3.10/site-packages/behavior_trees/behaviors/__pycache__/rotate_relative_to_obs.cpython-310.pyc
/home/ollie/ros2_ws/install/behavior_trees/lib/python3.10/site-packages/behavior_trees/behaviors/__pycache__/follow_wall.cpython-310.pyc
/home/ollie/ros2_ws/install/behavior_trees/lib/python3.10/site-packages/behavior_trees/behaviors/__pycache__/plan_route.cpython-310.pyc
/home/ollie/ros2_ws/install/behavior_trees/lib/python3.10/site-packages/behavior_trees/behaviors/__pycache__/move_forward.cpython-310.pyc
/home/ollie/ros2_ws/install/behavior_trees/lib/python3.10/site-packages/behavior_trees/behaviors/__pycache__/cancel_goal.cpython-310.pyc
/home/ollie/ros2_ws/install/behavior_trees/lib/python3.10/site-packages/behavior_trees/behaviors/__pycache__/move_towards_obs.cpython-310.pyc
/home/ollie/ros2_ws/install/behavior_trees/lib/python3.10/site-packages/behavior_trees/behaviors/__pycache__/check_if_finished.cpython-310.pyc
/home/ollie/ros2_ws/install/behavior_trees/lib/python3.10/site-packages/behavior_trees/behaviors/__pycache__/go_to.cpython-310.pyc
/home/ollie/ros2_ws/install/behavior_trees/share/ament_index/resource_index/packages/behavior_trees
/home/ollie/ros2_ws/install/behavior_trees/share/behavior_trees/package.xml
/home/ollie/ros2_ws/install/behavior_trees/lib/python3.10/site-packages/behavior_trees-0.0.0-py3.10.egg-info/zip-safe
/home/ollie/ros2_ws/install/behavior_trees/lib/python3.10/site-packages/behavior_trees-0.0.0-py3.10.egg-info/SOURCES.txt
/home/ollie/ros2_ws/install/behavior_trees/lib/python3.10/site-packages/behavior_trees-0.0.0-py3.10.egg-info/PKG-INFO
/home/ollie/ros2_ws/install/behavior_trees/lib/python3.10/site-packages/behavior_trees-0.0.0-py3.10.egg-info/dependency_links.txt
/home/ollie/ros2_ws/install/behavior_trees/lib/python3.10/site-packages/behavior_trees-0.0.0-py3.10.egg-info/entry_points.txt
/home/ollie/ros2_ws/install/behavior_trees/lib/python3.10/site-packages/behavior_trees-0.0.0-py3.10.egg-info/top_level.txt
/home/ollie/ros2_ws/install/behavior_trees/lib/python3.10/site-packages/behavior_trees-0.0.0-py3.10.egg-info/requires.txt
/home/ollie/ros2_ws/install/behavior_trees/lib/behavior_trees/test_behavior
/home/ollie/ros2_ws/install/behavior_trees/lib/behavior_trees/vacuum_planner
