[0.546s] Invoking command in '/home/ollie/ros2_ws/src/behavior_trees': PYTHONPATH=/home/ollie/ros2_ws/build/behavior_trees/prefix_override:/usr/lib/python3/dist-packages/colcon_core/task/python/colcon_distutils_commands:/home/ollie/ros2_ws/install/behavior_trees/lib/python3.10/site-packages: /usr/bin/python3 -W ignore:setup.py install is deprecated setup.py egg_info --egg-base ../../build/behavior_trees build --build-base /home/ollie/ros2_ws/build/behavior_trees/build install --record /home/ollie/ros2_ws/build/behavior_trees/install.log --single-version-externally-managed install_data
[0.678s] running egg_info
[0.679s] writing ../../build/behavior_trees/behavior_trees.egg-info/PKG-INFO
[0.679s] writing dependency_links to ../../build/behavior_trees/behavior_trees.egg-info/dependency_links.txt
[0.679s] writing entry points to ../../build/behavior_trees/behavior_trees.egg-info/entry_points.txt
[0.679s] writing requirements to ../../build/behavior_trees/behavior_trees.egg-info/requires.txt
[0.679s] writing top-level names to ../../build/behavior_trees/behavior_trees.egg-info/top_level.txt
[0.680s] reading manifest file '../../build/behavior_trees/behavior_trees.egg-info/SOURCES.txt'
[0.681s] writing manifest file '../../build/behavior_trees/behavior_trees.egg-info/SOURCES.txt'
[0.681s] running build
[0.681s] running build_py
[0.681s] copying behavior_trees/trees/test_tree.py -> /home/ollie/ros2_ws/build/behavior_trees/build/lib/behavior_trees/trees
[0.682s] copying behavior_trees/behaviors/process_route.py -> /home/ollie/ros2_ws/build/behavior_trees/build/lib/behavior_trees/behaviors
[0.682s] running install
[0.682s] running install_lib
[0.683s] copying /home/ollie/ros2_ws/build/behavior_trees/build/lib/behavior_trees/trees/test_tree.py -> /home/ollie/ros2_ws/install/behavior_trees/lib/python3.10/site-packages/behavior_trees/trees
[0.683s] copying /home/ollie/ros2_ws/build/behavior_trees/build/lib/behavior_trees/behaviors/process_route.py -> /home/ollie/ros2_ws/install/behavior_trees/lib/python3.10/site-packages/behavior_trees/behaviors
[0.684s] byte-compiling /home/ollie/ros2_ws/install/behavior_trees/lib/python3.10/site-packages/behavior_trees/trees/test_tree.py to test_tree.cpython-310.pyc
[0.685s] byte-compiling /home/ollie/ros2_ws/install/behavior_trees/lib/python3.10/site-packages/behavior_trees/behaviors/process_route.py to process_route.cpython-310.pyc
[0.685s] running install_data
[0.686s] running install_egg_info
[0.686s] removing '/home/ollie/ros2_ws/install/behavior_trees/lib/python3.10/site-packages/behavior_trees-0.0.0-py3.10.egg-info' (and everything under it)
[0.687s] Copying ../../build/behavior_trees/behavior_trees.egg-info to /home/ollie/ros2_ws/install/behavior_trees/lib/python3.10/site-packages/behavior_trees-0.0.0-py3.10.egg-info
[0.687s] running install_scripts
[0.700s] Installing test_behavior script to /home/ollie/ros2_ws/install/behavior_trees/lib/behavior_trees
[0.700s] Installing vacuum_planner script to /home/ollie/ros2_ws/install/behavior_trees/lib/behavior_trees
[0.700s] writing list of installed files to '/home/ollie/ros2_ws/build/behavior_trees/install.log'
[0.718s] Invoked command in '/home/ollie/ros2_ws/src/behavior_trees' returned '0': PYTHONPATH=/home/ollie/ros2_ws/build/behavior_trees/prefix_override:/usr/lib/python3/dist-packages/colcon_core/task/python/colcon_distutils_commands:/home/ollie/ros2_ws/install/behavior_trees/lib/python3.10/site-packages: /usr/bin/python3 -W ignore:setup.py install is deprecated setup.py egg_info --egg-base ../../build/behavior_trees build --build-base /home/ollie/ros2_ws/build/behavior_trees/build install --record /home/ollie/ros2_ws/build/behavior_trees/install.log --single-version-externally-managed install_data
