[0.118s] Invoking command in '/home/ollie/ros2_ws/build/action_interfaces': /usr/bin/cmake --build /home/ollie/ros2_ws/build/action_interfaces -- -j16 -l16
[0.271s] [  3%] Built target action_interfaces__cpp
[0.425s] [ 12%] Built target action_interfaces__rosidl_generator_c
[0.430s] [ 22%] Built target action_interfaces__rosidl_typesupport_cpp
[0.445s] [ 32%] Built target action_interfaces__rosidl_typesupport_fastrtps_cpp
[0.451s] [ 41%] Built target action_interfaces__rosidl_typesupport_introspection_cpp
[0.519s] [ 41%] Built target ament_cmake_python_copy_action_interfaces
[0.555s] [ 51%] Built target action_interfaces__rosidl_typesupport_c
[0.555s] [ 61%] Built target action_interfaces__rosidl_typesupport_fastrtps_c
[0.580s] [ 70%] Built target action_interfaces__rosidl_typesupport_introspection_c
[0.599s] [ 70%] Built target action_interfaces
[0.660s] [ 74%] Built target action_interfaces__py
[0.750s] [ 80%] Built target action_interfaces__rosidl_generator_py
[0.761s] running egg_info
[0.762s] writing action_interfaces.egg-info/PKG-INFO
[0.762s] writing dependency_links to action_interfaces.egg-info/dependency_links.txt
[0.762s] writing top-level names to action_interfaces.egg-info/top_level.txt
[0.785s] reading manifest file 'action_interfaces.egg-info/SOURCES.txt'
[0.786s] writing manifest file 'action_interfaces.egg-info/SOURCES.txt'
[0.801s] [ 80%] Built target ament_cmake_python_build_action_interfaces_egg
[0.806s] [ 93%] Built target action_interfaces__rosidl_typesupport_introspection_c__pyext
[0.807s] [ 93%] Built target action_interfaces__rosidl_typesupport_fastrtps_c__pyext
[0.812s] [100%] Built target action_interfaces__rosidl_typesupport_c__pyext
[0.821s] Invoked command in '/home/ollie/ros2_ws/build/action_interfaces' returned '0': /usr/bin/cmake --build /home/ollie/ros2_ws/build/action_interfaces -- -j16 -l16
[0.858s] Invoking command in '/home/ollie/ros2_ws/build/action_interfaces': /usr/bin/cmake --install /home/ollie/ros2_ws/build/action_interfaces
[0.866s] -- Install configuration: ""
[0.866s] -- Up-to-date: /home/ollie/ros2_ws/install/action_interfaces/share/ament_index/resource_index/rosidl_interfaces/action_interfaces
[0.866s] -- Up-to-date: /home/ollie/ros2_ws/install/action_interfaces/include/action_interfaces/action_interfaces
[0.866s] -- Up-to-date: /home/ollie/ros2_ws/install/action_interfaces/include/action_interfaces/action_interfaces/action
[0.867s] -- Up-to-date: /home/ollie/ros2_ws/install/action_interfaces/include/action_interfaces/action_interfaces/action/detail
[0.867s] -- Up-to-date: /home/ollie/ros2_ws/install/action_interfaces/include/action_interfaces/action_interfaces/action/detail/execute_recovery_tree__type_support.h
[0.867s] -- Up-to-date: /home/ollie/ros2_ws/install/action_interfaces/include/action_interfaces/action_interfaces/action/detail/execute_recovery_tree__struct.h
[0.868s] -- Up-to-date: /home/ollie/ros2_ws/install/action_interfaces/include/action_interfaces/action_interfaces/action/detail/execute_recovery_tree__functions.h
[0.868s] -- Up-to-date: /home/ollie/ros2_ws/install/action_interfaces/include/action_interfaces/action_interfaces/action/detail/execute_recovery_tree__functions.c
[0.868s] -- Up-to-date: /home/ollie/ros2_ws/install/action_interfaces/include/action_interfaces/action_interfaces/action/execute_recovery_tree.h
[0.868s] -- Up-to-date: /home/ollie/ros2_ws/install/action_interfaces/include/action_interfaces/action_interfaces/msg
[0.868s] -- Up-to-date: /home/ollie/ros2_ws/install/action_interfaces/include/action_interfaces/action_interfaces/msg/rosidl_generator_c__visibility_control.h
[0.868s] -- Up-to-date: /home/ollie/ros2_ws/install/action_interfaces/share/action_interfaces/environment/library_path.sh
[0.868s] -- Up-to-date: /home/ollie/ros2_ws/install/action_interfaces/share/action_interfaces/environment/library_path.dsv
[0.868s] -- Up-to-date: /home/ollie/ros2_ws/install/action_interfaces/lib/libaction_interfaces__rosidl_generator_c.so
[0.869s] -- Up-to-date: /home/ollie/ros2_ws/install/action_interfaces/include/action_interfaces/action_interfaces
[0.869s] -- Up-to-date: /home/ollie/ros2_ws/install/action_interfaces/include/action_interfaces/action_interfaces/action
[0.869s] -- Up-to-date: /home/ollie/ros2_ws/install/action_interfaces/include/action_interfaces/action_interfaces/action/detail
[0.869s] -- Up-to-date: /home/ollie/ros2_ws/install/action_interfaces/include/action_interfaces/action_interfaces/action/detail/execute_recovery_tree__rosidl_typesupport_fastrtps_c.h
[0.869s] -- Up-to-date: /home/ollie/ros2_ws/install/action_interfaces/include/action_interfaces/action_interfaces/msg
[0.869s] -- Up-to-date: /home/ollie/ros2_ws/install/action_interfaces/include/action_interfaces/action_interfaces/msg/rosidl_typesupport_fastrtps_c__visibility_control.h
[0.872s] -- Up-to-date: /home/ollie/ros2_ws/install/action_interfaces/lib/libaction_interfaces__rosidl_typesupport_fastrtps_c.so
[0.872s] -- Up-to-date: /home/ollie/ros2_ws/install/action_interfaces/include/action_interfaces/action_interfaces
[0.872s] -- Up-to-date: /home/ollie/ros2_ws/install/action_interfaces/include/action_interfaces/action_interfaces/action
[0.872s] -- Up-to-date: /home/ollie/ros2_ws/install/action_interfaces/include/action_interfaces/action_interfaces/action/detail
[0.873s] -- Up-to-date: /home/ollie/ros2_ws/install/action_interfaces/include/action_interfaces/action_interfaces/action/detail/execute_recovery_tree__type_support.c
[0.873s] -- Up-to-date: /home/ollie/ros2_ws/install/action_interfaces/include/action_interfaces/action_interfaces/action/detail/execute_recovery_tree__rosidl_typesupport_introspection_c.h
[0.873s] -- Up-to-date: /home/ollie/ros2_ws/install/action_interfaces/include/action_interfaces/action_interfaces/msg
[0.873s] -- Up-to-date: /home/ollie/ros2_ws/install/action_interfaces/include/action_interfaces/action_interfaces/msg/rosidl_typesupport_introspection_c__visibility_control.h
[0.874s] -- Up-to-date: /home/ollie/ros2_ws/install/action_interfaces/lib/libaction_interfaces__rosidl_typesupport_introspection_c.so
[0.875s] -- Up-to-date: /home/ollie/ros2_ws/install/action_interfaces/lib/libaction_interfaces__rosidl_typesupport_c.so
[0.875s] -- Up-to-date: /home/ollie/ros2_ws/install/action_interfaces/include/action_interfaces/action_interfaces
[0.875s] -- Up-to-date: /home/ollie/ros2_ws/install/action_interfaces/include/action_interfaces/action_interfaces/action
[0.875s] -- Up-to-date: /home/ollie/ros2_ws/install/action_interfaces/include/action_interfaces/action_interfaces/action/detail
[0.875s] -- Up-to-date: /home/ollie/ros2_ws/install/action_interfaces/include/action_interfaces/action_interfaces/action/detail/execute_recovery_tree__struct.hpp
[0.875s] -- Up-to-date: /home/ollie/ros2_ws/install/action_interfaces/include/action_interfaces/action_interfaces/action/detail/execute_recovery_tree__traits.hpp
[0.875s] -- Up-to-date: /home/ollie/ros2_ws/install/action_interfaces/include/action_interfaces/action_interfaces/action/detail/execute_recovery_tree__builder.hpp
[0.875s] -- Up-to-date: /home/ollie/ros2_ws/install/action_interfaces/include/action_interfaces/action_interfaces/action/execute_recovery_tree.hpp
[0.875s] -- Up-to-date: /home/ollie/ros2_ws/install/action_interfaces/include/action_interfaces/action_interfaces
[0.875s] -- Up-to-date: /home/ollie/ros2_ws/install/action_interfaces/include/action_interfaces/action_interfaces/action
[0.875s] -- Up-to-date: /home/ollie/ros2_ws/install/action_interfaces/include/action_interfaces/action_interfaces/action/detail
[0.875s] -- Up-to-date: /home/ollie/ros2_ws/install/action_interfaces/include/action_interfaces/action_interfaces/action/detail/execute_recovery_tree__rosidl_typesupport_fastrtps_cpp.hpp
[0.875s] -- Up-to-date: /home/ollie/ros2_ws/install/action_interfaces/include/action_interfaces/action_interfaces/action/detail/dds_fastrtps
[0.875s] -- Up-to-date: /home/ollie/ros2_ws/install/action_interfaces/include/action_interfaces/action_interfaces/msg
[0.876s] -- Up-to-date: /home/ollie/ros2_ws/install/action_interfaces/include/action_interfaces/action_interfaces/msg/rosidl_typesupport_fastrtps_cpp__visibility_control.h
[0.898s] -- Up-to-date: /home/ollie/ros2_ws/install/action_interfaces/lib/libaction_interfaces__rosidl_typesupport_fastrtps_cpp.so
[0.899s] -- Up-to-date: /home/ollie/ros2_ws/install/action_interfaces/include/action_interfaces/action_interfaces
[0.899s] -- Up-to-date: /home/ollie/ros2_ws/install/action_interfaces/include/action_interfaces/action_interfaces/action
[0.899s] -- Up-to-date: /home/ollie/ros2_ws/install/action_interfaces/include/action_interfaces/action_interfaces/action/detail
[0.899s] -- Up-to-date: /home/ollie/ros2_ws/install/action_interfaces/include/action_interfaces/action_interfaces/action/detail/execute_recovery_tree__type_support.cpp
[0.900s] -- Up-to-date: /home/ollie/ros2_ws/install/action_interfaces/include/action_interfaces/action_interfaces/action/detail/execute_recovery_tree__rosidl_typesupport_introspection_cpp.hpp
[0.926s] -- Up-to-date: /home/ollie/ros2_ws/install/action_interfaces/lib/libaction_interfaces__rosidl_typesupport_introspection_cpp.so
[0.927s] -- Up-to-date: /home/ollie/ros2_ws/install/action_interfaces/lib/libaction_interfaces__rosidl_typesupport_cpp.so
[0.927s] -- Up-to-date: /home/ollie/ros2_ws/install/action_interfaces/share/action_interfaces/environment/pythonpath.sh
[0.927s] -- Up-to-date: /home/ollie/ros2_ws/install/action_interfaces/share/action_interfaces/environment/pythonpath.dsv
[0.927s] -- Up-to-date: /home/ollie/ros2_ws/install/action_interfaces/local/lib/python3.10/dist-packages/action_interfaces-0.0.0-py3.10.egg-info
[0.927s] -- Installing: /home/ollie/ros2_ws/install/action_interfaces/local/lib/python3.10/dist-packages/action_interfaces-0.0.0-py3.10.egg-info/SOURCES.txt
[0.927s] -- Installing: /home/ollie/ros2_ws/install/action_interfaces/local/lib/python3.10/dist-packages/action_interfaces-0.0.0-py3.10.egg-info/PKG-INFO
[0.928s] -- Installing: /home/ollie/ros2_ws/install/action_interfaces/local/lib/python3.10/dist-packages/action_interfaces-0.0.0-py3.10.egg-info/dependency_links.txt
[0.928s] -- Installing: /home/ollie/ros2_ws/install/action_interfaces/local/lib/python3.10/dist-packages/action_interfaces-0.0.0-py3.10.egg-info/top_level.txt
[0.928s] -- Up-to-date: /home/ollie/ros2_ws/install/action_interfaces/local/lib/python3.10/dist-packages/action_interfaces
[0.928s] -- Up-to-date: /home/ollie/ros2_ws/install/action_interfaces/local/lib/python3.10/dist-packages/action_interfaces/__init__.py
[0.928s] -- Up-to-date: /home/ollie/ros2_ws/install/action_interfaces/local/lib/python3.10/dist-packages/action_interfaces/_action_interfaces_s.ep.rosidl_typesupport_c.c
[0.928s] -- Up-to-date: /home/ollie/ros2_ws/install/action_interfaces/local/lib/python3.10/dist-packages/action_interfaces/action_interfaces_s__rosidl_typesupport_introspection_c.cpython-310-x86_64-linux-gnu.so
[0.928s] -- Up-to-date: /home/ollie/ros2_ws/install/action_interfaces/local/lib/python3.10/dist-packages/action_interfaces/action_interfaces_s__rosidl_typesupport_c.cpython-310-x86_64-linux-gnu.so
[0.928s] -- Up-to-date: /home/ollie/ros2_ws/install/action_interfaces/local/lib/python3.10/dist-packages/action_interfaces/action
[0.928s] -- Up-to-date: /home/ollie/ros2_ws/install/action_interfaces/local/lib/python3.10/dist-packages/action_interfaces/action/__init__.py
[0.928s] -- Up-to-date: /home/ollie/ros2_ws/install/action_interfaces/local/lib/python3.10/dist-packages/action_interfaces/action/_execute_recovery_tree.py
[0.928s] -- Up-to-date: /home/ollie/ros2_ws/install/action_interfaces/local/lib/python3.10/dist-packages/action_interfaces/action/_execute_recovery_tree_s.c
[0.928s] -- Up-to-date: /home/ollie/ros2_ws/install/action_interfaces/local/lib/python3.10/dist-packages/action_interfaces/action_interfaces_s__rosidl_typesupport_fastrtps_c.cpython-310-x86_64-linux-gnu.so
[0.929s] -- Up-to-date: /home/ollie/ros2_ws/install/action_interfaces/local/lib/python3.10/dist-packages/action_interfaces/libaction_interfaces__rosidl_generator_py.so
[0.929s] -- Up-to-date: /home/ollie/ros2_ws/install/action_interfaces/local/lib/python3.10/dist-packages/action_interfaces/_action_interfaces_s.ep.rosidl_typesupport_introspection_c.c
[0.929s] -- Up-to-date: /home/ollie/ros2_ws/install/action_interfaces/local/lib/python3.10/dist-packages/action_interfaces/_action_interfaces_s.ep.rosidl_typesupport_fastrtps_c.c
[0.966s] Listing '/home/ollie/ros2_ws/install/action_interfaces/local/lib/python3.10/dist-packages/action_interfaces'...
[0.966s] Listing '/home/ollie/ros2_ws/install/action_interfaces/local/lib/python3.10/dist-packages/action_interfaces/action'...
[0.970s] -- Up-to-date: /home/ollie/ros2_ws/install/action_interfaces/local/lib/python3.10/dist-packages/action_interfaces/action_interfaces_s__rosidl_typesupport_fastrtps_c.cpython-310-x86_64-linux-gnu.so
[0.971s] -- Up-to-date: /home/ollie/ros2_ws/install/action_interfaces/local/lib/python3.10/dist-packages/action_interfaces/action_interfaces_s__rosidl_typesupport_introspection_c.cpython-310-x86_64-linux-gnu.so
[1.009s] -- Up-to-date: /home/ollie/ros2_ws/install/action_interfaces/local/lib/python3.10/dist-packages/action_interfaces/action_interfaces_s__rosidl_typesupport_c.cpython-310-x86_64-linux-gnu.so
[1.010s] -- Up-to-date: /home/ollie/ros2_ws/install/action_interfaces/lib/libaction_interfaces__rosidl_generator_py.so
[1.010s] -- Up-to-date: /home/ollie/ros2_ws/install/action_interfaces/share/action_interfaces/action/ExecuteRecoveryTree.idl
[1.010s] -- Up-to-date: /home/ollie/ros2_ws/install/action_interfaces/share/action_interfaces/action/ExecuteRecoveryTree.action
[1.010s] -- Up-to-date: /home/ollie/ros2_ws/install/action_interfaces/share/ament_index/resource_index/package_run_dependencies/action_interfaces
[1.010s] -- Up-to-date: /home/ollie/ros2_ws/install/action_interfaces/share/ament_index/resource_index/parent_prefix_path/action_interfaces
[1.011s] -- Up-to-date: /home/ollie/ros2_ws/install/action_interfaces/share/action_interfaces/environment/ament_prefix_path.sh
[1.011s] -- Up-to-date: /home/ollie/ros2_ws/install/action_interfaces/share/action_interfaces/environment/ament_prefix_path.dsv
[1.011s] -- Up-to-date: /home/ollie/ros2_ws/install/action_interfaces/share/action_interfaces/environment/path.sh
[1.011s] -- Up-to-date: /home/ollie/ros2_ws/install/action_interfaces/share/action_interfaces/environment/path.dsv
[1.011s] -- Up-to-date: /home/ollie/ros2_ws/install/action_interfaces/share/action_interfaces/local_setup.bash
[1.011s] -- Up-to-date: /home/ollie/ros2_ws/install/action_interfaces/share/action_interfaces/local_setup.sh
[1.011s] -- Up-to-date: /home/ollie/ros2_ws/install/action_interfaces/share/action_interfaces/local_setup.zsh
[1.011s] -- Up-to-date: /home/ollie/ros2_ws/install/action_interfaces/share/action_interfaces/local_setup.dsv
[1.011s] -- Installing: /home/ollie/ros2_ws/install/action_interfaces/share/action_interfaces/package.dsv
[1.011s] -- Up-to-date: /home/ollie/ros2_ws/install/action_interfaces/share/ament_index/resource_index/packages/action_interfaces
[1.018s] -- Up-to-date: /home/ollie/ros2_ws/install/action_interfaces/share/action_interfaces/cmake/export_action_interfaces__rosidl_generator_cExport.cmake
[1.018s] -- Up-to-date: /home/ollie/ros2_ws/install/action_interfaces/share/action_interfaces/cmake/export_action_interfaces__rosidl_generator_cExport-noconfig.cmake
[1.018s] -- Up-to-date: /home/ollie/ros2_ws/install/action_interfaces/share/action_interfaces/cmake/export_action_interfaces__rosidl_typesupport_fastrtps_cExport.cmake
[1.018s] -- Up-to-date: /home/ollie/ros2_ws/install/action_interfaces/share/action_interfaces/cmake/export_action_interfaces__rosidl_typesupport_fastrtps_cExport-noconfig.cmake
[1.019s] -- Up-to-date: /home/ollie/ros2_ws/install/action_interfaces/share/action_interfaces/cmake/action_interfaces__rosidl_typesupport_introspection_cExport.cmake
[1.019s] -- Up-to-date: /home/ollie/ros2_ws/install/action_interfaces/share/action_interfaces/cmake/action_interfaces__rosidl_typesupport_introspection_cExport-noconfig.cmake
[1.020s] -- Up-to-date: /home/ollie/ros2_ws/install/action_interfaces/share/action_interfaces/cmake/action_interfaces__rosidl_typesupport_cExport.cmake
[1.020s] -- Up-to-date: /home/ollie/ros2_ws/install/action_interfaces/share/action_interfaces/cmake/action_interfaces__rosidl_typesupport_cExport-noconfig.cmake
[1.022s] -- Up-to-date: /home/ollie/ros2_ws/install/action_interfaces/share/action_interfaces/cmake/export_action_interfaces__rosidl_generator_cppExport.cmake
[1.022s] -- Up-to-date: /home/ollie/ros2_ws/install/action_interfaces/share/action_interfaces/cmake/export_action_interfaces__rosidl_typesupport_fastrtps_cppExport.cmake
[1.022s] -- Up-to-date: /home/ollie/ros2_ws/install/action_interfaces/share/action_interfaces/cmake/export_action_interfaces__rosidl_typesupport_fastrtps_cppExport-noconfig.cmake
[1.022s] -- Up-to-date: /home/ollie/ros2_ws/install/action_interfaces/share/action_interfaces/cmake/action_interfaces__rosidl_typesupport_introspection_cppExport.cmake
[1.022s] -- Up-to-date: /home/ollie/ros2_ws/install/action_interfaces/share/action_interfaces/cmake/action_interfaces__rosidl_typesupport_introspection_cppExport-noconfig.cmake
[1.022s] -- Up-to-date: /home/ollie/ros2_ws/install/action_interfaces/share/action_interfaces/cmake/action_interfaces__rosidl_typesupport_cppExport.cmake
[1.022s] -- Up-to-date: /home/ollie/ros2_ws/install/action_interfaces/share/action_interfaces/cmake/action_interfaces__rosidl_typesupport_cppExport-noconfig.cmake
[1.023s] -- Up-to-date: /home/ollie/ros2_ws/install/action_interfaces/share/action_interfaces/cmake/export_action_interfaces__rosidl_generator_pyExport.cmake
[1.023s] -- Up-to-date: /home/ollie/ros2_ws/install/action_interfaces/share/action_interfaces/cmake/export_action_interfaces__rosidl_generator_pyExport-noconfig.cmake
[1.023s] -- Up-to-date: /home/ollie/ros2_ws/install/action_interfaces/share/action_interfaces/cmake/rosidl_cmake-extras.cmake
[1.023s] -- Up-to-date: /home/ollie/ros2_ws/install/action_interfaces/share/action_interfaces/cmake/ament_cmake_export_dependencies-extras.cmake
[1.023s] -- Up-to-date: /home/ollie/ros2_ws/install/action_interfaces/share/action_interfaces/cmake/ament_cmake_export_include_directories-extras.cmake
[1.023s] -- Up-to-date: /home/ollie/ros2_ws/install/action_interfaces/share/action_interfaces/cmake/ament_cmake_export_libraries-extras.cmake
[1.023s] -- Up-to-date: /home/ollie/ros2_ws/install/action_interfaces/share/action_interfaces/cmake/ament_cmake_export_targets-extras.cmake
[1.023s] -- Up-to-date: /home/ollie/ros2_ws/install/action_interfaces/share/action_interfaces/cmake/rosidl_cmake_export_typesupport_targets-extras.cmake
[1.023s] -- Up-to-date: /home/ollie/ros2_ws/install/action_interfaces/share/action_interfaces/cmake/rosidl_cmake_export_typesupport_libraries-extras.cmake
[1.023s] -- Up-to-date: /home/ollie/ros2_ws/install/action_interfaces/share/action_interfaces/cmake/action_interfacesConfig.cmake
[1.023s] -- Up-to-date: /home/ollie/ros2_ws/install/action_interfaces/share/action_interfaces/cmake/action_interfacesConfig-version.cmake
[1.024s] -- Up-to-date: /home/ollie/ros2_ws/install/action_interfaces/share/action_interfaces/package.xml
[1.025s] Invoked command in '/home/ollie/ros2_ws/build/action_interfaces' returned '0': /usr/bin/cmake --install /home/ollie/ros2_ws/build/action_interfaces
