[1.380s] Invoking command in '/home/ollie/ros2_ws/src/behavior_trees': PYTHONPATH=/home/ollie/ros2_ws/build/behavior_trees/prefix_override:/usr/lib/python3/dist-packages/colcon_core/task/python/colcon_distutils_commands:/home/ollie/ros2_ws/install/behavior_trees/lib/python3.10/site-packages: /usr/bin/python3 -W ignore:setup.py install is deprecated setup.py egg_info --egg-base ../../build/behavior_trees build --build-base /home/ollie/ros2_ws/build/behavior_trees/build install --record /home/ollie/ros2_ws/build/behavior_trees/install.log --single-version-externally-managed install_data
[1.514s] running egg_info
[1.514s] writing ../../build/behavior_trees/behavior_trees.egg-info/PKG-INFO
[1.514s] writing dependency_links to ../../build/behavior_trees/behavior_trees.egg-info/dependency_links.txt
[1.514s] writing entry points to ../../build/behavior_trees/behavior_trees.egg-info/entry_points.txt
[1.515s] writing requirements to ../../build/behavior_trees/behavior_trees.egg-info/requires.txt
[1.515s] writing top-level names to ../../build/behavior_trees/behavior_trees.egg-info/top_level.txt
[1.516s] reading manifest file '../../build/behavior_trees/behavior_trees.egg-info/SOURCES.txt'
[1.516s] writing manifest file '../../build/behavior_trees/behavior_trees.egg-info/SOURCES.txt'
[1.517s] running build
[1.517s] running build_py
[1.517s] copying behavior_trees/trees/perpendicular_alignment_to_doorway_and_speed.py -> /home/ollie/ros2_ws/build/behavior_trees/build/lib/behavior_trees/trees
[1.518s] running install
[1.518s] running install_lib
[1.518s] copying /home/ollie/ros2_ws/build/behavior_trees/build/lib/behavior_trees/trees/perpendicular_alignment_to_doorway_and_speed.py -> /home/ollie/ros2_ws/install/behavior_trees/lib/python3.10/site-packages/behavior_trees/trees
[1.519s] byte-compiling /home/ollie/ros2_ws/install/behavior_trees/lib/python3.10/site-packages/behavior_trees/trees/perpendicular_alignment_to_doorway_and_speed.py to perpendicular_alignment_to_doorway_and_speed.cpython-310.pyc
[1.520s] running install_data
[1.520s] running install_egg_info
[1.521s] removing '/home/ollie/ros2_ws/install/behavior_trees/lib/python3.10/site-packages/behavior_trees-0.0.0-py3.10.egg-info' (and everything under it)
[1.521s] Copying ../../build/behavior_trees/behavior_trees.egg-info to /home/ollie/ros2_ws/install/behavior_trees/lib/python3.10/site-packages/behavior_trees-0.0.0-py3.10.egg-info
[1.522s] running install_scripts
[1.535s] Installing test_behavior script to /home/ollie/ros2_ws/install/behavior_trees/lib/behavior_trees
[1.535s] Installing vacuum_planner script to /home/ollie/ros2_ws/install/behavior_trees/lib/behavior_trees
[1.536s] writing list of installed files to '/home/ollie/ros2_ws/build/behavior_trees/install.log'
[1.558s] Invoked command in '/home/ollie/ros2_ws/src/behavior_trees' returned '0': PYTHONPATH=/home/ollie/ros2_ws/build/behavior_trees/prefix_override:/usr/lib/python3/dist-packages/colcon_core/task/python/colcon_distutils_commands:/home/ollie/ros2_ws/install/behavior_trees/lib/python3.10/site-packages: /usr/bin/python3 -W ignore:setup.py install is deprecated setup.py egg_info --egg-base ../../build/behavior_trees build --build-base /home/ollie/ros2_ws/build/behavior_trees/build install --record /home/ollie/ros2_ws/build/behavior_trees/install.log --single-version-externally-managed install_data
