[0.493s] Invoking command in '/home/ollie/ros2_ws/src/robot_vacuum_auto_recovery': PYTHONPATH=/home/ollie/ros2_ws/build/robot_vacuum_auto_recovery/prefix_override:/home/ollie/ros2_ws/install/robot_vacuum_auto_recovery/lib/python3.10/site-packages:${PYTHONPATH} /usr/bin/python3 -W ignore:setup.py install is deprecated setup.py egg_info --egg-base ../../build/robot_vacuum_auto_recovery build --build-base /home/ollie/ros2_ws/build/robot_vacuum_auto_recovery/build install --record /home/ollie/ros2_ws/build/robot_vacuum_auto_recovery/install.log --single-version-externally-managed install_data
[0.650s] running egg_info
[0.651s] writing ../../build/robot_vacuum_auto_recovery/robot_vacuum_auto_recovery.egg-info/PKG-INFO
[0.651s] writing dependency_links to ../../build/robot_vacuum_auto_recovery/robot_vacuum_auto_recovery.egg-info/dependency_links.txt
[0.651s] writing entry points to ../../build/robot_vacuum_auto_recovery/robot_vacuum_auto_recovery.egg-info/entry_points.txt
[0.651s] writing requirements to ../../build/robot_vacuum_auto_recovery/robot_vacuum_auto_recovery.egg-info/requires.txt
[0.651s] writing top-level names to ../../build/robot_vacuum_auto_recovery/robot_vacuum_auto_recovery.egg-info/top_level.txt
[0.652s] reading manifest file '../../build/robot_vacuum_auto_recovery/robot_vacuum_auto_recovery.egg-info/SOURCES.txt'
[0.671s] writing manifest file '../../build/robot_vacuum_auto_recovery/robot_vacuum_auto_recovery.egg-info/SOURCES.txt'
[0.671s] running build
[0.671s] running build_py
[0.673s] running install
[0.673s] running install_lib
[0.674s] running install_data
[0.675s] running install_egg_info
[0.676s] removing '/home/ollie/ros2_ws/install/robot_vacuum_auto_recovery/lib/python3.10/site-packages/robot_vacuum_auto_recovery-0.0.0-py3.10.egg-info' (and everything under it)
[0.676s] Copying ../../build/robot_vacuum_auto_recovery/robot_vacuum_auto_recovery.egg-info to /home/ollie/ros2_ws/install/robot_vacuum_auto_recovery/lib/python3.10/site-packages/robot_vacuum_auto_recovery-0.0.0-py3.10.egg-info
[0.677s] running install_scripts
[0.689s] writing list of installed files to '/home/ollie/ros2_ws/build/robot_vacuum_auto_recovery/install.log'
[0.703s] Invoked command in '/home/ollie/ros2_ws/src/robot_vacuum_auto_recovery' returned '0': PYTHONPATH=/home/ollie/ros2_ws/build/robot_vacuum_auto_recovery/prefix_override:/home/ollie/ros2_ws/install/robot_vacuum_auto_recovery/lib/python3.10/site-packages:${PYTHONPATH} /usr/bin/python3 -W ignore:setup.py install is deprecated setup.py egg_info --egg-base ../../build/robot_vacuum_auto_recovery build --build-base /home/ollie/ros2_ws/build/robot_vacuum_auto_recovery/build install --record /home/ollie/ros2_ws/build/robot_vacuum_auto_recovery/install.log --single-version-externally-managed install_data
