-- Install configuration: ""
-- Up-to-date: /home/ollie/ros2_ws/install/turtlebot4_ignition_bringup/share/turtlebot4_ignition_bringup/config
-- Up-to-date: /home/ollie/ros2_ws/install/turtlebot4_ignition_bringup/share/turtlebot4_ignition_bringup/config/turtlebot4_node.yaml
-- Up-to-date: /home/ollie/ros2_ws/install/turtlebot4_ignition_bringup/share/turtlebot4_ignition_bringup/gui
-- Up-to-date: /home/ollie/ros2_ws/install/turtlebot4_ignition_bringup/share/turtlebot4_ignition_bringup/gui/standard
-- Up-to-date: /home/ollie/ros2_ws/install/turtlebot4_ignition_bringup/share/turtlebot4_ignition_bringup/gui/standard/gui.config
-- Up-to-date: /home/ollie/ros2_ws/install/turtlebot4_ignition_bringup/share/turtlebot4_ignition_bringup/gui/lite
-- Up-to-date: /home/ollie/ros2_ws/install/turtlebot4_ignition_bringup/share/turtlebot4_ignition_bringup/gui/lite/gui.config
-- Up-to-date: /home/ollie/ros2_ws/install/turtlebot4_ignition_bringup/share/turtlebot4_ignition_bringup/launch
-- Up-to-date: /home/ollie/ros2_ws/install/turtlebot4_ignition_bringup/share/turtlebot4_ignition_bringup/launch/turtlebot4_nodes.launch.py
-- Up-to-date: /home/ollie/ros2_ws/install/turtlebot4_ignition_bringup/share/turtlebot4_ignition_bringup/launch/turtlebot4_ignition.launch.py
-- Up-to-date: /home/ollie/ros2_ws/install/turtlebot4_ignition_bringup/share/turtlebot4_ignition_bringup/launch/turtlebot4_spawn.launch.py
-- Up-to-date: /home/ollie/ros2_ws/install/turtlebot4_ignition_bringup/share/turtlebot4_ignition_bringup/launch/ignition.launch.py
-- Up-to-date: /home/ollie/ros2_ws/install/turtlebot4_ignition_bringup/share/turtlebot4_ignition_bringup/launch/ros_ign_bridge.launch.py
-- Up-to-date: /home/ollie/ros2_ws/install/turtlebot4_ignition_bringup/share/turtlebot4_ignition_bringup/worlds
-- Up-to-date: /home/ollie/ros2_ws/install/turtlebot4_ignition_bringup/share/turtlebot4_ignition_bringup/worlds/depot.sdf
-- Up-to-date: /home/ollie/ros2_ws/install/turtlebot4_ignition_bringup/share/turtlebot4_ignition_bringup/worlds/maze.sdf
-- Installing: /home/ollie/ros2_ws/install/turtlebot4_ignition_bringup/share/turtlebot4_ignition_bringup/worlds/house_interior.sdf
-- Up-to-date: /home/ollie/ros2_ws/install/turtlebot4_ignition_bringup/share/turtlebot4_ignition_bringup/worlds/test_world.sdf
-- Up-to-date: /home/ollie/ros2_ws/install/turtlebot4_ignition_bringup/share/turtlebot4_ignition_bringup/worlds/test_world_w_obsts.sdf
-- Up-to-date: /home/ollie/ros2_ws/install/turtlebot4_ignition_bringup/share/turtlebot4_ignition_bringup/worlds/warehouse.sdf
-- Up-to-date: /home/ollie/ros2_ws/install/turtlebot4_ignition_bringup/share/ament_index/resource_index/package_run_dependencies/turtlebot4_ignition_bringup
-- Up-to-date: /home/ollie/ros2_ws/install/turtlebot4_ignition_bringup/share/ament_index/resource_index/parent_prefix_path/turtlebot4_ignition_bringup
-- Up-to-date: /home/ollie/ros2_ws/install/turtlebot4_ignition_bringup/share/turtlebot4_ignition_bringup/environment/ament_prefix_path.sh
-- Up-to-date: /home/ollie/ros2_ws/install/turtlebot4_ignition_bringup/share/turtlebot4_ignition_bringup/environment/ament_prefix_path.dsv
-- Up-to-date: /home/ollie/ros2_ws/install/turtlebot4_ignition_bringup/share/turtlebot4_ignition_bringup/environment/path.sh
-- Up-to-date: /home/ollie/ros2_ws/install/turtlebot4_ignition_bringup/share/turtlebot4_ignition_bringup/environment/path.dsv
-- Up-to-date: /home/ollie/ros2_ws/install/turtlebot4_ignition_bringup/share/turtlebot4_ignition_bringup/local_setup.bash
-- Up-to-date: /home/ollie/ros2_ws/install/turtlebot4_ignition_bringup/share/turtlebot4_ignition_bringup/local_setup.sh
-- Up-to-date: /home/ollie/ros2_ws/install/turtlebot4_ignition_bringup/share/turtlebot4_ignition_bringup/local_setup.zsh
-- Up-to-date: /home/ollie/ros2_ws/install/turtlebot4_ignition_bringup/share/turtlebot4_ignition_bringup/local_setup.dsv
-- Installing: /home/ollie/ros2_ws/install/turtlebot4_ignition_bringup/share/turtlebot4_ignition_bringup/package.dsv
-- Up-to-date: /home/ollie/ros2_ws/install/turtlebot4_ignition_bringup/share/ament_index/resource_index/packages/turtlebot4_ignition_bringup
-- Up-to-date: /home/ollie/ros2_ws/install/turtlebot4_ignition_bringup/share/turtlebot4_ignition_bringup/cmake/turtlebot4_ignition_bringupConfig.cmake
-- Up-to-date: /home/ollie/ros2_ws/install/turtlebot4_ignition_bringup/share/turtlebot4_ignition_bringup/cmake/turtlebot4_ignition_bringupConfig-version.cmake
-- Up-to-date: /home/ollie/ros2_ws/install/turtlebot4_ignition_bringup/share/turtlebot4_ignition_bringup/package.xml
