[0.412s] Invoking command in '/home/ollie/ros2_ws/src/robot_vacuum_auto_recovery': PYTHONPATH=/home/ollie/ros2_ws/build/robot_vacuum_auto_recovery/prefix_override:/home/ollie/ros2_ws/install/robot_vacuum_auto_recovery/lib/python3.10/site-packages:${PYTHONPATH} /usr/bin/python3 -W ignore:setup.py install is deprecated setup.py egg_info --egg-base ../../build/robot_vacuum_auto_recovery build --build-base /home/ollie/ros2_ws/build/robot_vacuum_auto_recovery/build install --record /home/ollie/ros2_ws/build/robot_vacuum_auto_recovery/install.log --single-version-externally-managed install_data
[0.566s] running egg_info
[0.566s] writing ../../build/robot_vacuum_auto_recovery/robot_vacuum_auto_recovery.egg-info/PKG-INFO
[0.567s] writing dependency_links to ../../build/robot_vacuum_auto_recovery/robot_vacuum_auto_recovery.egg-info/dependency_links.txt
[0.567s] writing entry points to ../../build/robot_vacuum_auto_recovery/robot_vacuum_auto_recovery.egg-info/entry_points.txt
[0.567s] writing requirements to ../../build/robot_vacuum_auto_recovery/robot_vacuum_auto_recovery.egg-info/requires.txt
[0.567s] writing top-level names to ../../build/robot_vacuum_auto_recovery/robot_vacuum_auto_recovery.egg-info/top_level.txt
[0.568s] reading manifest file '../../build/robot_vacuum_auto_recovery/robot_vacuum_auto_recovery.egg-info/SOURCES.txt'
[0.568s] writing manifest file '../../build/robot_vacuum_auto_recovery/robot_vacuum_auto_recovery.egg-info/SOURCES.txt'
[0.568s] running build
[0.569s] running build_py
[0.569s] running install
[0.569s] running install_lib
[0.569s] running install_data
[0.569s] running install_egg_info
[0.571s] removing '/home/ollie/ros2_ws/install/robot_vacuum_auto_recovery/lib/python3.10/site-packages/robot_vacuum_auto_recovery-0.0.0-py3.10.egg-info' (and everything under it)
[0.571s] Copying ../../build/robot_vacuum_auto_recovery/robot_vacuum_auto_recovery.egg-info to /home/ollie/ros2_ws/install/robot_vacuum_auto_recovery/lib/python3.10/site-packages/robot_vacuum_auto_recovery-0.0.0-py3.10.egg-info
[0.572s] running install_scripts
[0.583s] writing list of installed files to '/home/ollie/ros2_ws/build/robot_vacuum_auto_recovery/install.log'
[0.595s] Invoked command in '/home/ollie/ros2_ws/src/robot_vacuum_auto_recovery' returned '0': PYTHONPATH=/home/ollie/ros2_ws/build/robot_vacuum_auto_recovery/prefix_override:/home/ollie/ros2_ws/install/robot_vacuum_auto_recovery/lib/python3.10/site-packages:${PYTHONPATH} /usr/bin/python3 -W ignore:setup.py install is deprecated setup.py egg_info --egg-base ../../build/robot_vacuum_auto_recovery build --build-base /home/ollie/ros2_ws/build/robot_vacuum_auto_recovery/build install --record /home/ollie/ros2_ws/build/robot_vacuum_auto_recovery/install.log --single-version-externally-managed install_data
