[0.046s] Invoking command in '/home/ollie/ros2_ws/build/turtlebot4_simulator': AMENT_PREFIX_PATH=/home/ollie/ros2_ws/install/turtlebot4_ignition_bringup:/home/ollie/ros2_ws/install/turtlebot4_ignition_toolbox:/home/ollie/ros2_ws/install/turtlebot4_ignition_gui_plugins:${AMENT_PREFIX_PATH} CMAKE_PREFIX_PATH=/home/ollie/ros2_ws/install/turtlebot4_ignition_bringup:/home/ollie/ros2_ws/install/turtlebot4_ignition_toolbox:/home/ollie/ros2_ws/install/turtlebot4_ignition_gui_plugins:/opt/ros/humble /usr/bin/cmake --build /home/ollie/ros2_ws/build/turtlebot4_simulator -- -j16 -l16
[0.077s] Invoked command in '/home/ollie/ros2_ws/build/turtlebot4_simulator' returned '0': AMENT_PREFIX_PATH=/home/ollie/ros2_ws/install/turtlebot4_ignition_bringup:/home/ollie/ros2_ws/install/turtlebot4_ignition_toolbox:/home/ollie/ros2_ws/install/turtlebot4_ignition_gui_plugins:${AMENT_PREFIX_PATH} CMAKE_PREFIX_PATH=/home/ollie/ros2_ws/install/turtlebot4_ignition_bringup:/home/ollie/ros2_ws/install/turtlebot4_ignition_toolbox:/home/ollie/ros2_ws/install/turtlebot4_ignition_gui_plugins:/opt/ros/humble /usr/bin/cmake --build /home/ollie/ros2_ws/build/turtlebot4_simulator -- -j16 -l16
[0.093s] Invoking command in '/home/ollie/ros2_ws/build/turtlebot4_simulator': AMENT_PREFIX_PATH=/home/ollie/ros2_ws/install/turtlebot4_ignition_bringup:/home/ollie/ros2_ws/install/turtlebot4_ignition_toolbox:/home/ollie/ros2_ws/install/turtlebot4_ignition_gui_plugins:${AMENT_PREFIX_PATH} CMAKE_PREFIX_PATH=/home/ollie/ros2_ws/install/turtlebot4_ignition_bringup:/home/ollie/ros2_ws/install/turtlebot4_ignition_toolbox:/home/ollie/ros2_ws/install/turtlebot4_ignition_gui_plugins:/opt/ros/humble /usr/bin/cmake --install /home/ollie/ros2_ws/build/turtlebot4_simulator
[0.098s] -- Install configuration: ""
[0.099s] -- Execute custom install script
[0.100s] -- Up-to-date symlink: /home/ollie/ros2_ws/install/turtlebot4_simulator/share/ament_index/resource_index/package_run_dependencies/turtlebot4_simulator
[0.100s] -- Up-to-date symlink: /home/ollie/ros2_ws/install/turtlebot4_simulator/share/ament_index/resource_index/parent_prefix_path/turtlebot4_simulator
[0.101s] -- Up-to-date symlink: /home/ollie/ros2_ws/install/turtlebot4_simulator/share/turtlebot4_simulator/environment/ament_prefix_path.sh
[0.101s] -- Up-to-date symlink: /home/ollie/ros2_ws/install/turtlebot4_simulator/share/turtlebot4_simulator/environment/ament_prefix_path.dsv
[0.101s] -- Up-to-date symlink: /home/ollie/ros2_ws/install/turtlebot4_simulator/share/turtlebot4_simulator/environment/path.sh
[0.102s] -- Up-to-date symlink: /home/ollie/ros2_ws/install/turtlebot4_simulator/share/turtlebot4_simulator/environment/path.dsv
[0.102s] -- Up-to-date symlink: /home/ollie/ros2_ws/install/turtlebot4_simulator/share/turtlebot4_simulator/local_setup.bash
[0.102s] -- Up-to-date symlink: /home/ollie/ros2_ws/install/turtlebot4_simulator/share/turtlebot4_simulator/local_setup.sh
[0.102s] -- Up-to-date symlink: /home/ollie/ros2_ws/install/turtlebot4_simulator/share/turtlebot4_simulator/local_setup.zsh
[0.103s] -- Up-to-date symlink: /home/ollie/ros2_ws/install/turtlebot4_simulator/share/turtlebot4_simulator/local_setup.dsv
[0.103s] -- Symlinking: /home/ollie/ros2_ws/install/turtlebot4_simulator/share/turtlebot4_simulator/package.dsv
[0.109s] -- Up-to-date symlink: /home/ollie/ros2_ws/install/turtlebot4_simulator/share/ament_index/resource_index/packages/turtlebot4_simulator
[0.110s] -- Up-to-date symlink: /home/ollie/ros2_ws/install/turtlebot4_simulator/share/turtlebot4_simulator/cmake/turtlebot4_simulatorConfig.cmake
[0.110s] -- Up-to-date symlink: /home/ollie/ros2_ws/install/turtlebot4_simulator/share/turtlebot4_simulator/cmake/turtlebot4_simulatorConfig-version.cmake
[0.110s] -- Up-to-date symlink: /home/ollie/ros2_ws/install/turtlebot4_simulator/share/turtlebot4_simulator/package.xml
[0.111s] Invoked command in '/home/ollie/ros2_ws/build/turtlebot4_simulator' returned '0': AMENT_PREFIX_PATH=/home/ollie/ros2_ws/install/turtlebot4_ignition_bringup:/home/ollie/ros2_ws/install/turtlebot4_ignition_toolbox:/home/ollie/ros2_ws/install/turtlebot4_ignition_gui_plugins:${AMENT_PREFIX_PATH} CMAKE_PREFIX_PATH=/home/ollie/ros2_ws/install/turtlebot4_ignition_bringup:/home/ollie/ros2_ws/install/turtlebot4_ignition_toolbox:/home/ollie/ros2_ws/install/turtlebot4_ignition_gui_plugins:/opt/ros/humble /usr/bin/cmake --install /home/ollie/ros2_ws/build/turtlebot4_simulator
