[0.025s] Invoking command in '/home/ollie/ros2_ws/build/turtlebot3_fake_node': /usr/bin/cmake --build /home/ollie/ros2_ws/build/turtlebot3_fake_node -- -j16 -l16
[0.235s] [100%] Built target turtlebot3_fake_node
[0.398s] Invoked command in '/home/ollie/ros2_ws/build/turtlebot3_fake_node' returned '0': /usr/bin/cmake --build /home/ollie/ros2_ws/build/turtlebot3_fake_node -- -j16 -l16
[0.422s] Invoking command in '/home/ollie/ros2_ws/build/turtlebot3_fake_node': /usr/bin/cmake --install /home/ollie/ros2_ws/build/turtlebot3_fake_node
[0.428s] -- Install configuration: ""
[0.428s] -- Up-to-date: /home/ollie/ros2_ws/install/turtlebot3_fake_node/lib/turtlebot3_fake_node/turtlebot3_fake_node
[0.429s] -- Up-to-date: /home/ollie/ros2_ws/install/turtlebot3_fake_node/share/turtlebot3_fake_node/launch
[0.429s] -- Up-to-date: /home/ollie/ros2_ws/install/turtlebot3_fake_node/share/turtlebot3_fake_node/launch/turtlebot3_fake_node.launch.py
[0.429s] -- Up-to-date: /home/ollie/ros2_ws/install/turtlebot3_fake_node/share/turtlebot3_fake_node/launch/rviz2.launch.py
[0.429s] -- Up-to-date: /home/ollie/ros2_ws/install/turtlebot3_fake_node/share/turtlebot3_fake_node/param
[0.429s] -- Up-to-date: /home/ollie/ros2_ws/install/turtlebot3_fake_node/share/turtlebot3_fake_node/param/burger.yaml
[0.429s] -- Up-to-date: /home/ollie/ros2_ws/install/turtlebot3_fake_node/share/turtlebot3_fake_node/param/waffle_pi.yaml
[0.429s] -- Up-to-date: /home/ollie/ros2_ws/install/turtlebot3_fake_node/share/turtlebot3_fake_node/param/waffle.yaml
[0.430s] -- Up-to-date: /home/ollie/ros2_ws/install/turtlebot3_fake_node/include/
[0.430s] -- Up-to-date: /home/ollie/ros2_ws/install/turtlebot3_fake_node/include//turtlebot3_fake_node
[0.430s] -- Up-to-date: /home/ollie/ros2_ws/install/turtlebot3_fake_node/include//turtlebot3_fake_node/turtlebot3_fake_node.hpp
[0.430s] -- Up-to-date: /home/ollie/ros2_ws/install/turtlebot3_fake_node/share/ament_index/resource_index/package_run_dependencies/turtlebot3_fake_node
[0.430s] -- Up-to-date: /home/ollie/ros2_ws/install/turtlebot3_fake_node/share/ament_index/resource_index/parent_prefix_path/turtlebot3_fake_node
[0.430s] -- Up-to-date: /home/ollie/ros2_ws/install/turtlebot3_fake_node/share/turtlebot3_fake_node/environment/ament_prefix_path.sh
[0.431s] -- Up-to-date: /home/ollie/ros2_ws/install/turtlebot3_fake_node/share/turtlebot3_fake_node/environment/ament_prefix_path.dsv
[0.431s] -- Up-to-date: /home/ollie/ros2_ws/install/turtlebot3_fake_node/share/turtlebot3_fake_node/environment/path.sh
[0.432s] -- Up-to-date: /home/ollie/ros2_ws/install/turtlebot3_fake_node/share/turtlebot3_fake_node/environment/path.dsv
[0.432s] -- Up-to-date: /home/ollie/ros2_ws/install/turtlebot3_fake_node/share/turtlebot3_fake_node/local_setup.bash
[0.433s] -- Up-to-date: /home/ollie/ros2_ws/install/turtlebot3_fake_node/share/turtlebot3_fake_node/local_setup.sh
[0.433s] -- Up-to-date: /home/ollie/ros2_ws/install/turtlebot3_fake_node/share/turtlebot3_fake_node/local_setup.zsh
[0.433s] -- Up-to-date: /home/ollie/ros2_ws/install/turtlebot3_fake_node/share/turtlebot3_fake_node/local_setup.dsv
[0.433s] -- Installing: /home/ollie/ros2_ws/install/turtlebot3_fake_node/share/turtlebot3_fake_node/package.dsv
[0.434s] -- Up-to-date: /home/ollie/ros2_ws/install/turtlebot3_fake_node/share/ament_index/resource_index/packages/turtlebot3_fake_node
[0.435s] -- Up-to-date: /home/ollie/ros2_ws/install/turtlebot3_fake_node/share/turtlebot3_fake_node/cmake/ament_cmake_export_include_directories-extras.cmake
[0.435s] -- Up-to-date: /home/ollie/ros2_ws/install/turtlebot3_fake_node/share/turtlebot3_fake_node/cmake/ament_cmake_export_dependencies-extras.cmake
[0.436s] -- Up-to-date: /home/ollie/ros2_ws/install/turtlebot3_fake_node/share/turtlebot3_fake_node/cmake/turtlebot3_fake_nodeConfig.cmake
[0.436s] -- Up-to-date: /home/ollie/ros2_ws/install/turtlebot3_fake_node/share/turtlebot3_fake_node/cmake/turtlebot3_fake_nodeConfig-version.cmake
[0.437s] -- Up-to-date: /home/ollie/ros2_ws/install/turtlebot3_fake_node/share/turtlebot3_fake_node/package.xml
[0.452s] Invoked command in '/home/ollie/ros2_ws/build/turtlebot3_fake_node' returned '0': /usr/bin/cmake --install /home/ollie/ros2_ws/build/turtlebot3_fake_node
