[0.074s] DEBUG:colcon:Command line arguments: ['/usr/bin/colcon', 'build']
[0.074s] DEBUG:colcon:Parsed command line arguments: Namespace(log_base=None, log_level=None, verb_name='build', build_base='build', install_base='install', merge_install=False, symlink_install=False, test_result_base=None, continue_on_error=False, executor='parallel', parallel_workers=16, event_handlers=None, ignore_user_meta=False, metas=['./colcon.meta'], base_paths=['.'], packages_ignore=None, packages_ignore_regex=None, paths=None, packages_up_to=None, packages_up_to_regex=None, packages_above=None, packages_above_and_dependencies=None, packages_above_depth=None, packages_select_by_dep=None, packages_skip_by_dep=None, packages_skip_up_to=None, packages_select_build_failed=False, packages_skip_build_finished=False, packages_select_test_failures=False, packages_skip_test_passed=False, packages_select=None, packages_skip=None, packages_select_regex=None, packages_skip_regex=None, packages_start=None, packages_end=None, allow_overriding=[], cmake_args=None, cmake_target=None, cmake_target_skip_unavailable=False, cmake_clean_cache=False, cmake_clean_first=False, cmake_force_configure=False, ament_cmake_args=None, catkin_cmake_args=None, catkin_skip_building_tests=False, mixin_files=None, mixin=None, verb_parser=<colcon_mixin.mixin.mixin_argument.MixinArgumentDecorator object at 0x743087b28e20>, verb_extension=<colcon_core.verb.build.BuildVerb object at 0x743087b28880>, main=<bound method BuildVerb.main of <colcon_core.verb.build.BuildVerb object at 0x743087b28880>>, mixin_verb=('build',))
[0.162s] Level 1:colcon.colcon_core.package_discovery:discover_packages(colcon_meta) check parameters
[0.162s] Level 1:colcon.colcon_core.package_discovery:discover_packages(recursive) check parameters
[0.162s] Level 1:colcon.colcon_core.package_discovery:discover_packages(ignore) check parameters
[0.162s] Level 1:colcon.colcon_core.package_discovery:discover_packages(path) check parameters
[0.162s] Level 1:colcon.colcon_core.package_discovery:discover_packages(colcon_meta) discover
[0.162s] Level 1:colcon.colcon_core.package_discovery:discover_packages(recursive) discover
[0.162s] INFO:colcon.colcon_core.package_discovery:Crawling recursively for packages in '/home/ollie/ros2_ws'
[0.162s] Level 1:colcon.colcon_core.package_identification:_identify(.) by extensions ['ignore', 'ignore_ament_install']
[0.162s] Level 1:colcon.colcon_core.package_identification:_identify(.) by extension 'ignore'
[0.162s] Level 1:colcon.colcon_core.package_identification:_identify(.) by extension 'ignore_ament_install'
[0.162s] Level 1:colcon.colcon_core.package_identification:_identify(.) by extensions ['colcon_pkg']
[0.162s] Level 1:colcon.colcon_core.package_identification:_identify(.) by extension 'colcon_pkg'
[0.163s] Level 1:colcon.colcon_core.package_identification:_identify(.) by extensions ['colcon_meta']
[0.163s] Level 1:colcon.colcon_core.package_identification:_identify(.) by extension 'colcon_meta'
[0.163s] Level 1:colcon.colcon_core.package_identification:_identify(.) by extensions ['ros']
[0.163s] Level 1:colcon.colcon_core.package_identification:_identify(.) by extension 'ros'
[0.169s] Level 1:colcon.colcon_core.package_identification:_identify(.) by extensions ['cmake', 'python']
[0.169s] Level 1:colcon.colcon_core.package_identification:_identify(.) by extension 'cmake'
[0.169s] Level 1:colcon.colcon_core.package_identification:_identify(.) by extension 'python'
[0.170s] Level 1:colcon.colcon_core.package_identification:_identify(.) by extensions ['python_setup_py']
[0.170s] Level 1:colcon.colcon_core.package_identification:_identify(.) by extension 'python_setup_py'
[0.170s] Level 1:colcon.colcon_core.package_identification:_identify(build) by extensions ['ignore', 'ignore_ament_install']
[0.170s] Level 1:colcon.colcon_core.package_identification:_identify(build) by extension 'ignore'
[0.170s] Level 1:colcon.colcon_core.package_identification:_identify(build) ignored
[0.170s] Level 1:colcon.colcon_core.package_identification:_identify(install) by extensions ['ignore', 'ignore_ament_install']
[0.170s] Level 1:colcon.colcon_core.package_identification:_identify(install) by extension 'ignore'
[0.170s] Level 1:colcon.colcon_core.package_identification:_identify(install) ignored
[0.170s] Level 1:colcon.colcon_core.package_identification:_identify(log) by extensions ['ignore', 'ignore_ament_install']
[0.170s] Level 1:colcon.colcon_core.package_identification:_identify(log) by extension 'ignore'
[0.170s] Level 1:colcon.colcon_core.package_identification:_identify(log) ignored
[0.170s] Level 1:colcon.colcon_core.package_identification:_identify(src) by extensions ['ignore', 'ignore_ament_install']
[0.170s] Level 1:colcon.colcon_core.package_identification:_identify(src) by extension 'ignore'
[0.170s] Level 1:colcon.colcon_core.package_identification:_identify(src) by extension 'ignore_ament_install'
[0.170s] Level 1:colcon.colcon_core.package_identification:_identify(src) by extensions ['colcon_pkg']
[0.170s] Level 1:colcon.colcon_core.package_identification:_identify(src) by extension 'colcon_pkg'
[0.170s] Level 1:colcon.colcon_core.package_identification:_identify(src) by extensions ['colcon_meta']
[0.170s] Level 1:colcon.colcon_core.package_identification:_identify(src) by extension 'colcon_meta'
[0.170s] Level 1:colcon.colcon_core.package_identification:_identify(src) by extensions ['ros']
[0.170s] Level 1:colcon.colcon_core.package_identification:_identify(src) by extension 'ros'
[0.171s] Level 1:colcon.colcon_core.package_identification:_identify(src) by extensions ['cmake', 'python']
[0.171s] Level 1:colcon.colcon_core.package_identification:_identify(src) by extension 'cmake'
[0.171s] Level 1:colcon.colcon_core.package_identification:_identify(src) by extension 'python'
[0.171s] Level 1:colcon.colcon_core.package_identification:_identify(src) by extensions ['python_setup_py']
[0.171s] Level 1:colcon.colcon_core.package_identification:_identify(src) by extension 'python_setup_py'
[0.171s] Level 1:colcon.colcon_core.package_identification:_identify(src/action_interfaces) by extensions ['ignore', 'ignore_ament_install']
[0.171s] Level 1:colcon.colcon_core.package_identification:_identify(src/action_interfaces) by extension 'ignore'
[0.171s] Level 1:colcon.colcon_core.package_identification:_identify(src/action_interfaces) by extension 'ignore_ament_install'
[0.171s] Level 1:colcon.colcon_core.package_identification:_identify(src/action_interfaces) by extensions ['colcon_pkg']
[0.171s] Level 1:colcon.colcon_core.package_identification:_identify(src/action_interfaces) by extension 'colcon_pkg'
[0.171s] Level 1:colcon.colcon_core.package_identification:_identify(src/action_interfaces) by extensions ['colcon_meta']
[0.171s] Level 1:colcon.colcon_core.package_identification:_identify(src/action_interfaces) by extension 'colcon_meta'
[0.171s] Level 1:colcon.colcon_core.package_identification:_identify(src/action_interfaces) by extensions ['ros']
[0.171s] Level 1:colcon.colcon_core.package_identification:_identify(src/action_interfaces) by extension 'ros'
[0.172s] DEBUG:colcon.colcon_core.package_identification:Package 'src/action_interfaces' with type 'ros.ament_cmake' and name 'action_interfaces'
[0.172s] Level 1:colcon.colcon_core.package_identification:_identify(src/behavior_trees) by extensions ['ignore', 'ignore_ament_install']
[0.172s] Level 1:colcon.colcon_core.package_identification:_identify(src/behavior_trees) by extension 'ignore'
[0.173s] Level 1:colcon.colcon_core.package_identification:_identify(src/behavior_trees) by extension 'ignore_ament_install'
[0.173s] Level 1:colcon.colcon_core.package_identification:_identify(src/behavior_trees) by extensions ['colcon_pkg']
[0.173s] Level 1:colcon.colcon_core.package_identification:_identify(src/behavior_trees) by extension 'colcon_pkg'
[0.173s] Level 1:colcon.colcon_core.package_identification:_identify(src/behavior_trees) by extensions ['colcon_meta']
[0.173s] Level 1:colcon.colcon_core.package_identification:_identify(src/behavior_trees) by extension 'colcon_meta'
[0.173s] Level 1:colcon.colcon_core.package_identification:_identify(src/behavior_trees) by extensions ['ros']
[0.173s] Level 1:colcon.colcon_core.package_identification:_identify(src/behavior_trees) by extension 'ros'
[0.173s] DEBUG:colcon.colcon_core.package_identification:Package 'src/behavior_trees' with type 'ros.ament_python' and name 'behavior_trees'
[0.173s] Level 1:colcon.colcon_core.package_identification:_identify(src/recovery_pipeline) by extensions ['ignore', 'ignore_ament_install']
[0.173s] Level 1:colcon.colcon_core.package_identification:_identify(src/recovery_pipeline) by extension 'ignore'
[0.173s] Level 1:colcon.colcon_core.package_identification:_identify(src/recovery_pipeline) by extension 'ignore_ament_install'
[0.173s] Level 1:colcon.colcon_core.package_identification:_identify(src/recovery_pipeline) by extensions ['colcon_pkg']
[0.173s] Level 1:colcon.colcon_core.package_identification:_identify(src/recovery_pipeline) by extension 'colcon_pkg'
[0.173s] Level 1:colcon.colcon_core.package_identification:_identify(src/recovery_pipeline) by extensions ['colcon_meta']
[0.173s] Level 1:colcon.colcon_core.package_identification:_identify(src/recovery_pipeline) by extension 'colcon_meta'
[0.173s] Level 1:colcon.colcon_core.package_identification:_identify(src/recovery_pipeline) by extensions ['ros']
[0.174s] Level 1:colcon.colcon_core.package_identification:_identify(src/recovery_pipeline) by extension 'ros'
[0.174s] DEBUG:colcon.colcon_core.package_identification:Package 'src/recovery_pipeline' with type 'ros.ament_python' and name 'recovery_pipeline'
[0.174s] Level 1:colcon.colcon_core.package_identification:_identify(src/turtlebot3_simulations) by extensions ['ignore', 'ignore_ament_install']
[0.174s] Level 1:colcon.colcon_core.package_identification:_identify(src/turtlebot3_simulations) by extension 'ignore'
[0.174s] Level 1:colcon.colcon_core.package_identification:_identify(src/turtlebot3_simulations) by extension 'ignore_ament_install'
[0.174s] Level 1:colcon.colcon_core.package_identification:_identify(src/turtlebot3_simulations) by extensions ['colcon_pkg']
[0.174s] Level 1:colcon.colcon_core.package_identification:_identify(src/turtlebot3_simulations) by extension 'colcon_pkg'
[0.174s] Level 1:colcon.colcon_core.package_identification:_identify(src/turtlebot3_simulations) by extensions ['colcon_meta']
[0.174s] Level 1:colcon.colcon_core.package_identification:_identify(src/turtlebot3_simulations) by extension 'colcon_meta'
[0.174s] Level 1:colcon.colcon_core.package_identification:_identify(src/turtlebot3_simulations) by extensions ['ros']
[0.174s] Level 1:colcon.colcon_core.package_identification:_identify(src/turtlebot3_simulations) by extension 'ros'
[0.174s] Level 1:colcon.colcon_core.package_identification:_identify(src/turtlebot3_simulations) by extensions ['cmake', 'python']
[0.174s] Level 1:colcon.colcon_core.package_identification:_identify(src/turtlebot3_simulations) by extension 'cmake'
[0.174s] Level 1:colcon.colcon_core.package_identification:_identify(src/turtlebot3_simulations) by extension 'python'
[0.174s] Level 1:colcon.colcon_core.package_identification:_identify(src/turtlebot3_simulations) by extensions ['python_setup_py']
[0.174s] Level 1:colcon.colcon_core.package_identification:_identify(src/turtlebot3_simulations) by extension 'python_setup_py'
[0.174s] Level 1:colcon.colcon_core.package_identification:_identify(src/turtlebot3_simulations/turtlebot3_fake_node) by extensions ['ignore', 'ignore_ament_install']
[0.174s] Level 1:colcon.colcon_core.package_identification:_identify(src/turtlebot3_simulations/turtlebot3_fake_node) by extension 'ignore'
[0.174s] Level 1:colcon.colcon_core.package_identification:_identify(src/turtlebot3_simulations/turtlebot3_fake_node) by extension 'ignore_ament_install'
[0.175s] Level 1:colcon.colcon_core.package_identification:_identify(src/turtlebot3_simulations/turtlebot3_fake_node) by extensions ['colcon_pkg']
[0.175s] Level 1:colcon.colcon_core.package_identification:_identify(src/turtlebot3_simulations/turtlebot3_fake_node) by extension 'colcon_pkg'
[0.175s] Level 1:colcon.colcon_core.package_identification:_identify(src/turtlebot3_simulations/turtlebot3_fake_node) by extensions ['colcon_meta']
[0.175s] Level 1:colcon.colcon_core.package_identification:_identify(src/turtlebot3_simulations/turtlebot3_fake_node) by extension 'colcon_meta'
[0.175s] Level 1:colcon.colcon_core.package_identification:_identify(src/turtlebot3_simulations/turtlebot3_fake_node) by extensions ['ros']
[0.175s] Level 1:colcon.colcon_core.package_identification:_identify(src/turtlebot3_simulations/turtlebot3_fake_node) by extension 'ros'
[0.175s] DEBUG:colcon.colcon_core.package_identification:Package 'src/turtlebot3_simulations/turtlebot3_fake_node' with type 'ros.ament_cmake' and name 'turtlebot3_fake_node'
[0.175s] Level 1:colcon.colcon_core.package_identification:_identify(src/turtlebot3_simulations/turtlebot3_gazebo) by extensions ['ignore', 'ignore_ament_install']
[0.175s] Level 1:colcon.colcon_core.package_identification:_identify(src/turtlebot3_simulations/turtlebot3_gazebo) by extension 'ignore'
[0.175s] Level 1:colcon.colcon_core.package_identification:_identify(src/turtlebot3_simulations/turtlebot3_gazebo) by extension 'ignore_ament_install'
[0.176s] Level 1:colcon.colcon_core.package_identification:_identify(src/turtlebot3_simulations/turtlebot3_gazebo) by extensions ['colcon_pkg']
[0.176s] Level 1:colcon.colcon_core.package_identification:_identify(src/turtlebot3_simulations/turtlebot3_gazebo) by extension 'colcon_pkg'
[0.176s] Level 1:colcon.colcon_core.package_identification:_identify(src/turtlebot3_simulations/turtlebot3_gazebo) by extensions ['colcon_meta']
[0.176s] Level 1:colcon.colcon_core.package_identification:_identify(src/turtlebot3_simulations/turtlebot3_gazebo) by extension 'colcon_meta'
[0.176s] Level 1:colcon.colcon_core.package_identification:_identify(src/turtlebot3_simulations/turtlebot3_gazebo) by extensions ['ros']
[0.176s] Level 1:colcon.colcon_core.package_identification:_identify(src/turtlebot3_simulations/turtlebot3_gazebo) by extension 'ros'
[0.176s] DEBUG:colcon.colcon_core.package_identification:Package 'src/turtlebot3_simulations/turtlebot3_gazebo' with type 'ros.ament_cmake' and name 'turtlebot3_gazebo'
[0.176s] Level 1:colcon.colcon_core.package_identification:_identify(src/turtlebot3_simulations/turtlebot3_simulations) by extensions ['ignore', 'ignore_ament_install']
[0.176s] Level 1:colcon.colcon_core.package_identification:_identify(src/turtlebot3_simulations/turtlebot3_simulations) by extension 'ignore'
[0.176s] Level 1:colcon.colcon_core.package_identification:_identify(src/turtlebot3_simulations/turtlebot3_simulations) by extension 'ignore_ament_install'
[0.176s] Level 1:colcon.colcon_core.package_identification:_identify(src/turtlebot3_simulations/turtlebot3_simulations) by extensions ['colcon_pkg']
[0.176s] Level 1:colcon.colcon_core.package_identification:_identify(src/turtlebot3_simulations/turtlebot3_simulations) by extension 'colcon_pkg'
[0.176s] Level 1:colcon.colcon_core.package_identification:_identify(src/turtlebot3_simulations/turtlebot3_simulations) by extensions ['colcon_meta']
[0.176s] Level 1:colcon.colcon_core.package_identification:_identify(src/turtlebot3_simulations/turtlebot3_simulations) by extension 'colcon_meta'
[0.177s] Level 1:colcon.colcon_core.package_identification:_identify(src/turtlebot3_simulations/turtlebot3_simulations) by extensions ['ros']
[0.177s] Level 1:colcon.colcon_core.package_identification:_identify(src/turtlebot3_simulations/turtlebot3_simulations) by extension 'ros'
[0.177s] DEBUG:colcon.colcon_core.package_identification:Package 'src/turtlebot3_simulations/turtlebot3_simulations' with type 'ros.ament_cmake' and name 'turtlebot3_simulations'
[0.177s] Level 1:colcon.colcon_core.package_discovery:discover_packages(recursive) using defaults
[0.177s] Level 1:colcon.colcon_core.package_discovery:discover_packages(ignore) discover
[0.177s] Level 1:colcon.colcon_core.package_discovery:discover_packages(ignore) using defaults
[0.177s] Level 1:colcon.colcon_core.package_discovery:discover_packages(path) discover
[0.177s] Level 1:colcon.colcon_core.package_discovery:discover_packages(path) using defaults
[0.190s] Level 1:colcon.colcon_core.package_discovery:discover_packages(prefix_path) check parameters
[0.191s] Level 1:colcon.colcon_core.package_discovery:discover_packages(prefix_path) discover
[0.191s] Level 1:colcon.colcon_core.package_discovery:discover_packages(prefix_path) using defaults
[0.192s] Level 5:colcon.colcon_core.verb:set package 'action_interfaces' build argument 'cmake_args' from command line to 'None'
[0.192s] Level 5:colcon.colcon_core.verb:set package 'action_interfaces' build argument 'cmake_target' from command line to 'None'
[0.192s] Level 5:colcon.colcon_core.verb:set package 'action_interfaces' build argument 'cmake_target_skip_unavailable' from command line to 'False'
[0.192s] Level 5:colcon.colcon_core.verb:set package 'action_interfaces' build argument 'cmake_clean_cache' from command line to 'False'
[0.192s] Level 5:colcon.colcon_core.verb:set package 'action_interfaces' build argument 'cmake_clean_first' from command line to 'False'
[0.192s] Level 5:colcon.colcon_core.verb:set package 'action_interfaces' build argument 'cmake_force_configure' from command line to 'False'
[0.192s] Level 5:colcon.colcon_core.verb:set package 'action_interfaces' build argument 'ament_cmake_args' from command line to 'None'
[0.192s] Level 5:colcon.colcon_core.verb:set package 'action_interfaces' build argument 'catkin_cmake_args' from command line to 'None'
[0.192s] Level 5:colcon.colcon_core.verb:set package 'action_interfaces' build argument 'catkin_skip_building_tests' from command line to 'False'
[0.192s] DEBUG:colcon.colcon_core.verb:Building package 'action_interfaces' with the following arguments: {'ament_cmake_args': None, 'build_base': '/home/ollie/ros2_ws/build/action_interfaces', 'catkin_cmake_args': None, 'catkin_skip_building_tests': False, 'cmake_args': None, 'cmake_clean_cache': False, 'cmake_clean_first': False, 'cmake_force_configure': False, 'cmake_target': None, 'cmake_target_skip_unavailable': False, 'install_base': '/home/ollie/ros2_ws/install/action_interfaces', 'merge_install': False, 'path': '/home/ollie/ros2_ws/src/action_interfaces', 'symlink_install': False, 'test_result_base': None}
[0.192s] Level 5:colcon.colcon_core.verb:set package 'behavior_trees' build argument 'cmake_args' from command line to 'None'
[0.192s] Level 5:colcon.colcon_core.verb:set package 'behavior_trees' build argument 'cmake_target' from command line to 'None'
[0.192s] Level 5:colcon.colcon_core.verb:set package 'behavior_trees' build argument 'cmake_target_skip_unavailable' from command line to 'False'
[0.192s] Level 5:colcon.colcon_core.verb:set package 'behavior_trees' build argument 'cmake_clean_cache' from command line to 'False'
[0.192s] Level 5:colcon.colcon_core.verb:set package 'behavior_trees' build argument 'cmake_clean_first' from command line to 'False'
[0.192s] Level 5:colcon.colcon_core.verb:set package 'behavior_trees' build argument 'cmake_force_configure' from command line to 'False'
[0.192s] Level 5:colcon.colcon_core.verb:set package 'behavior_trees' build argument 'ament_cmake_args' from command line to 'None'
[0.192s] Level 5:colcon.colcon_core.verb:set package 'behavior_trees' build argument 'catkin_cmake_args' from command line to 'None'
[0.192s] Level 5:colcon.colcon_core.verb:set package 'behavior_trees' build argument 'catkin_skip_building_tests' from command line to 'False'
[0.192s] DEBUG:colcon.colcon_core.verb:Building package 'behavior_trees' with the following arguments: {'ament_cmake_args': None, 'build_base': '/home/ollie/ros2_ws/build/behavior_trees', 'catkin_cmake_args': None, 'catkin_skip_building_tests': False, 'cmake_args': None, 'cmake_clean_cache': False, 'cmake_clean_first': False, 'cmake_force_configure': False, 'cmake_target': None, 'cmake_target_skip_unavailable': False, 'install_base': '/home/ollie/ros2_ws/install/behavior_trees', 'merge_install': False, 'path': '/home/ollie/ros2_ws/src/behavior_trees', 'symlink_install': False, 'test_result_base': None}
[0.193s] Level 5:colcon.colcon_core.verb:set package 'recovery_pipeline' build argument 'cmake_args' from command line to 'None'
[0.193s] Level 5:colcon.colcon_core.verb:set package 'recovery_pipeline' build argument 'cmake_target' from command line to 'None'
[0.193s] Level 5:colcon.colcon_core.verb:set package 'recovery_pipeline' build argument 'cmake_target_skip_unavailable' from command line to 'False'
[0.193s] Level 5:colcon.colcon_core.verb:set package 'recovery_pipeline' build argument 'cmake_clean_cache' from command line to 'False'
[0.193s] Level 5:colcon.colcon_core.verb:set package 'recovery_pipeline' build argument 'cmake_clean_first' from command line to 'False'
[0.193s] Level 5:colcon.colcon_core.verb:set package 'recovery_pipeline' build argument 'cmake_force_configure' from command line to 'False'
[0.193s] Level 5:colcon.colcon_core.verb:set package 'recovery_pipeline' build argument 'ament_cmake_args' from command line to 'None'
[0.193s] Level 5:colcon.colcon_core.verb:set package 'recovery_pipeline' build argument 'catkin_cmake_args' from command line to 'None'
[0.193s] Level 5:colcon.colcon_core.verb:set package 'recovery_pipeline' build argument 'catkin_skip_building_tests' from command line to 'False'
[0.193s] DEBUG:colcon.colcon_core.verb:Building package 'recovery_pipeline' with the following arguments: {'ament_cmake_args': None, 'build_base': '/home/ollie/ros2_ws/build/recovery_pipeline', 'catkin_cmake_args': None, 'catkin_skip_building_tests': False, 'cmake_args': None, 'cmake_clean_cache': False, 'cmake_clean_first': False, 'cmake_force_configure': False, 'cmake_target': None, 'cmake_target_skip_unavailable': False, 'install_base': '/home/ollie/ros2_ws/install/recovery_pipeline', 'merge_install': False, 'path': '/home/ollie/ros2_ws/src/recovery_pipeline', 'symlink_install': False, 'test_result_base': None}
[0.193s] Level 5:colcon.colcon_core.verb:set package 'turtlebot3_fake_node' build argument 'cmake_args' from command line to 'None'
[0.193s] Level 5:colcon.colcon_core.verb:set package 'turtlebot3_fake_node' build argument 'cmake_target' from command line to 'None'
[0.193s] Level 5:colcon.colcon_core.verb:set package 'turtlebot3_fake_node' build argument 'cmake_target_skip_unavailable' from command line to 'False'
[0.193s] Level 5:colcon.colcon_core.verb:set package 'turtlebot3_fake_node' build argument 'cmake_clean_cache' from command line to 'False'
[0.193s] Level 5:colcon.colcon_core.verb:set package 'turtlebot3_fake_node' build argument 'cmake_clean_first' from command line to 'False'
[0.193s] Level 5:colcon.colcon_core.verb:set package 'turtlebot3_fake_node' build argument 'cmake_force_configure' from command line to 'False'
[0.193s] Level 5:colcon.colcon_core.verb:set package 'turtlebot3_fake_node' build argument 'ament_cmake_args' from command line to 'None'
[0.193s] Level 5:colcon.colcon_core.verb:set package 'turtlebot3_fake_node' build argument 'catkin_cmake_args' from command line to 'None'
[0.193s] Level 5:colcon.colcon_core.verb:set package 'turtlebot3_fake_node' build argument 'catkin_skip_building_tests' from command line to 'False'
[0.193s] DEBUG:colcon.colcon_core.verb:Building package 'turtlebot3_fake_node' with the following arguments: {'ament_cmake_args': None, 'build_base': '/home/ollie/ros2_ws/build/turtlebot3_fake_node', 'catkin_cmake_args': None, 'catkin_skip_building_tests': False, 'cmake_args': None, 'cmake_clean_cache': False, 'cmake_clean_first': False, 'cmake_force_configure': False, 'cmake_target': None, 'cmake_target_skip_unavailable': False, 'install_base': '/home/ollie/ros2_ws/install/turtlebot3_fake_node', 'merge_install': False, 'path': '/home/ollie/ros2_ws/src/turtlebot3_simulations/turtlebot3_fake_node', 'symlink_install': False, 'test_result_base': None}
[0.193s] Level 5:colcon.colcon_core.verb:set package 'turtlebot3_gazebo' build argument 'cmake_args' from command line to 'None'
[0.193s] Level 5:colcon.colcon_core.verb:set package 'turtlebot3_gazebo' build argument 'cmake_target' from command line to 'None'
[0.193s] Level 5:colcon.colcon_core.verb:set package 'turtlebot3_gazebo' build argument 'cmake_target_skip_unavailable' from command line to 'False'
[0.193s] Level 5:colcon.colcon_core.verb:set package 'turtlebot3_gazebo' build argument 'cmake_clean_cache' from command line to 'False'
[0.193s] Level 5:colcon.colcon_core.verb:set package 'turtlebot3_gazebo' build argument 'cmake_clean_first' from command line to 'False'
[0.193s] Level 5:colcon.colcon_core.verb:set package 'turtlebot3_gazebo' build argument 'cmake_force_configure' from command line to 'False'
[0.193s] Level 5:colcon.colcon_core.verb:set package 'turtlebot3_gazebo' build argument 'ament_cmake_args' from command line to 'None'
[0.193s] Level 5:colcon.colcon_core.verb:set package 'turtlebot3_gazebo' build argument 'catkin_cmake_args' from command line to 'None'
[0.193s] Level 5:colcon.colcon_core.verb:set package 'turtlebot3_gazebo' build argument 'catkin_skip_building_tests' from command line to 'False'
[0.193s] DEBUG:colcon.colcon_core.verb:Building package 'turtlebot3_gazebo' with the following arguments: {'ament_cmake_args': None, 'build_base': '/home/ollie/ros2_ws/build/turtlebot3_gazebo', 'catkin_cmake_args': None, 'catkin_skip_building_tests': False, 'cmake_args': None, 'cmake_clean_cache': False, 'cmake_clean_first': False, 'cmake_force_configure': False, 'cmake_target': None, 'cmake_target_skip_unavailable': False, 'install_base': '/home/ollie/ros2_ws/install/turtlebot3_gazebo', 'merge_install': False, 'path': '/home/ollie/ros2_ws/src/turtlebot3_simulations/turtlebot3_gazebo', 'symlink_install': False, 'test_result_base': None}
[0.194s] Level 5:colcon.colcon_core.verb:set package 'turtlebot3_simulations' build argument 'cmake_args' from command line to 'None'
[0.194s] Level 5:colcon.colcon_core.verb:set package 'turtlebot3_simulations' build argument 'cmake_target' from command line to 'None'
[0.194s] Level 5:colcon.colcon_core.verb:set package 'turtlebot3_simulations' build argument 'cmake_target_skip_unavailable' from command line to 'False'
[0.194s] Level 5:colcon.colcon_core.verb:set package 'turtlebot3_simulations' build argument 'cmake_clean_cache' from command line to 'False'
[0.194s] Level 5:colcon.colcon_core.verb:set package 'turtlebot3_simulations' build argument 'cmake_clean_first' from command line to 'False'
[0.194s] Level 5:colcon.colcon_core.verb:set package 'turtlebot3_simulations' build argument 'cmake_force_configure' from command line to 'False'
[0.194s] Level 5:colcon.colcon_core.verb:set package 'turtlebot3_simulations' build argument 'ament_cmake_args' from command line to 'None'
[0.194s] Level 5:colcon.colcon_core.verb:set package 'turtlebot3_simulations' build argument 'catkin_cmake_args' from command line to 'None'
[0.194s] Level 5:colcon.colcon_core.verb:set package 'turtlebot3_simulations' build argument 'catkin_skip_building_tests' from command line to 'False'
[0.194s] DEBUG:colcon.colcon_core.verb:Building package 'turtlebot3_simulations' with the following arguments: {'ament_cmake_args': None, 'build_base': '/home/ollie/ros2_ws/build/turtlebot3_simulations', 'catkin_cmake_args': None, 'catkin_skip_building_tests': False, 'cmake_args': None, 'cmake_clean_cache': False, 'cmake_clean_first': False, 'cmake_force_configure': False, 'cmake_target': None, 'cmake_target_skip_unavailable': False, 'install_base': '/home/ollie/ros2_ws/install/turtlebot3_simulations', 'merge_install': False, 'path': '/home/ollie/ros2_ws/src/turtlebot3_simulations/turtlebot3_simulations', 'symlink_install': False, 'test_result_base': None}
[0.194s] INFO:colcon.colcon_core.executor:Executing jobs using 'parallel' executor
[0.195s] DEBUG:colcon.colcon_parallel_executor.executor.parallel:run_until_complete
[0.195s] INFO:colcon.colcon_ros.task.ament_cmake.build:Building ROS package in '/home/ollie/ros2_ws/src/turtlebot3_simulations/turtlebot3_fake_node' with build type 'ament_cmake'
[0.195s] INFO:colcon.colcon_cmake.task.cmake.build:Building CMake package in '/home/ollie/ros2_ws/src/turtlebot3_simulations/turtlebot3_fake_node'
[0.196s] INFO:colcon.colcon_core.plugin_system:Skipping extension 'colcon_core.shell.bat': Not used on non-Windows systems
[0.196s] INFO:colcon.colcon_core.shell:Skip shell extension 'powershell' for command environment: Not usable outside of PowerShell
[0.196s] DEBUG:colcon.colcon_core.shell:Skip shell extension 'dsv' for command environment
[0.197s] INFO:colcon.colcon_ros.task.ament_cmake.build:Building ROS package in '/home/ollie/ros2_ws/src/turtlebot3_simulations/turtlebot3_gazebo' with build type 'ament_cmake'
[0.197s] INFO:colcon.colcon_cmake.task.cmake.build:Building CMake package in '/home/ollie/ros2_ws/src/turtlebot3_simulations/turtlebot3_gazebo'
[0.197s] INFO:colcon.colcon_core.shell:Skip shell extension 'powershell' for command environment: Not usable outside of PowerShell
[0.198s] DEBUG:colcon.colcon_core.shell:Skip shell extension 'dsv' for command environment
[0.198s] INFO:colcon.colcon_ros.task.ament_cmake.build:Building ROS package in '/home/ollie/ros2_ws/src/action_interfaces' with build type 'ament_cmake'
[0.198s] INFO:colcon.colcon_cmake.task.cmake.build:Building CMake package in '/home/ollie/ros2_ws/src/action_interfaces'
[0.198s] INFO:colcon.colcon_core.shell:Skip shell extension 'powershell' for command environment: Not usable outside of PowerShell
[0.199s] DEBUG:colcon.colcon_core.shell:Skip shell extension 'dsv' for command environment
[0.199s] INFO:colcon.colcon_ros.task.ament_python.build:Building ROS package in '/home/ollie/ros2_ws/src/behavior_trees' with build type 'ament_python'
[0.199s] Level 1:colcon.colcon_core.shell:create_environment_hook('behavior_trees', 'ament_prefix_path')
[0.200s] INFO:colcon.colcon_core.shell:Creating environment hook '/home/ollie/ros2_ws/install/behavior_trees/share/behavior_trees/hook/ament_prefix_path.ps1'
[0.200s] INFO:colcon.colcon_core.shell:Creating environment descriptor '/home/ollie/ros2_ws/install/behavior_trees/share/behavior_trees/hook/ament_prefix_path.dsv'
[0.200s] INFO:colcon.colcon_core.shell:Creating environment hook '/home/ollie/ros2_ws/install/behavior_trees/share/behavior_trees/hook/ament_prefix_path.sh'
[0.201s] INFO:colcon.colcon_core.shell:Skip shell extension 'powershell' for command environment: Not usable outside of PowerShell
[0.201s] DEBUG:colcon.colcon_core.shell:Skip shell extension 'dsv' for command environment
[0.201s] INFO:colcon.colcon_ros.task.ament_python.build:Building ROS package in '/home/ollie/ros2_ws/src/recovery_pipeline' with build type 'ament_python'
[0.201s] Level 1:colcon.colcon_core.shell:create_environment_hook('recovery_pipeline', 'ament_prefix_path')
[0.201s] INFO:colcon.colcon_core.shell:Creating environment hook '/home/ollie/ros2_ws/install/recovery_pipeline/share/recovery_pipeline/hook/ament_prefix_path.ps1'
[0.202s] INFO:colcon.colcon_core.shell:Creating environment descriptor '/home/ollie/ros2_ws/install/recovery_pipeline/share/recovery_pipeline/hook/ament_prefix_path.dsv'
[0.202s] INFO:colcon.colcon_core.shell:Creating environment hook '/home/ollie/ros2_ws/install/recovery_pipeline/share/recovery_pipeline/hook/ament_prefix_path.sh'
[0.202s] INFO:colcon.colcon_core.shell:Skip shell extension 'powershell' for command environment: Not usable outside of PowerShell
[0.202s] DEBUG:colcon.colcon_core.shell:Skip shell extension 'dsv' for command environment
[0.206s] DEBUG:colcon.colcon_core.event_handler.log_command:Invoking command in '/home/ollie/ros2_ws/build/turtlebot3_fake_node': /usr/bin/cmake --build /home/ollie/ros2_ws/build/turtlebot3_fake_node -- -j16 -l16
[0.208s] DEBUG:colcon.colcon_core.event_handler.log_command:Invoking command in '/home/ollie/ros2_ws/build/turtlebot3_gazebo': /usr/bin/cmake --build /home/ollie/ros2_ws/build/turtlebot3_gazebo -- -j16 -l16
[0.210s] DEBUG:colcon.colcon_core.event_handler.log_command:Invoking command in '/home/ollie/ros2_ws/build/action_interfaces': /usr/bin/cmake --build /home/ollie/ros2_ws/build/action_interfaces -- -j16 -l16
[0.363s] INFO:colcon.colcon_core.task.python.build:Building Python package in '/home/ollie/ros2_ws/src/behavior_trees'
[0.364s] INFO:colcon.colcon_core.shell:Skip shell extension 'powershell' for command environment: Not usable outside of PowerShell
[0.364s] DEBUG:colcon.colcon_core.shell:Skip shell extension 'dsv' for command environment
[0.509s] INFO:colcon.colcon_core.task.python.build:Building Python package in '/home/ollie/ros2_ws/src/recovery_pipeline'
[0.509s] INFO:colcon.colcon_core.shell:Skip shell extension 'powershell' for command environment: Not usable outside of PowerShell
[0.509s] DEBUG:colcon.colcon_core.shell:Skip shell extension 'dsv' for command environment
[0.511s] DEBUG:colcon.colcon_core.event_handler.log_command:Invoked command in '/home/ollie/ros2_ws/build/turtlebot3_fake_node' returned '0': /usr/bin/cmake --build /home/ollie/ros2_ws/build/turtlebot3_fake_node -- -j16 -l16
[0.511s] DEBUG:colcon.colcon_core.event_handler.log_command:Invoked command in '/home/ollie/ros2_ws/build/turtlebot3_gazebo' returned '0': /usr/bin/cmake --build /home/ollie/ros2_ws/build/turtlebot3_gazebo -- -j16 -l16
[0.515s] DEBUG:colcon.colcon_core.event_handler.log_command:Invoked command in '/home/ollie/ros2_ws/build/action_interfaces' returned '0': /usr/bin/cmake --build /home/ollie/ros2_ws/build/action_interfaces -- -j16 -l16
[0.536s] DEBUG:colcon.colcon_core.event_handler.log_command:Invoking command in '/home/ollie/ros2_ws/build/turtlebot3_fake_node': /usr/bin/cmake --install /home/ollie/ros2_ws/build/turtlebot3_fake_node
[0.538s] DEBUG:colcon.colcon_core.event_handler.log_command:Invoking command in '/home/ollie/ros2_ws/build/turtlebot3_gazebo': /usr/bin/cmake --install /home/ollie/ros2_ws/build/turtlebot3_gazebo
[0.544s] Level 1:colcon.colcon_core.environment:create_environment_scripts_only(turtlebot3_fake_node)
[0.548s] Level 1:colcon.colcon_core.environment:checking '/home/ollie/ros2_ws/install/turtlebot3_fake_node' for CMake module files
[0.549s] Level 1:colcon.colcon_core.environment:checking '/home/ollie/ros2_ws/install/turtlebot3_fake_node' for CMake config files
[0.550s] Level 1:colcon.colcon_core.shell:create_environment_hook('turtlebot3_fake_node', 'cmake_prefix_path')
[0.550s] INFO:colcon.colcon_core.shell:Creating environment hook '/home/ollie/ros2_ws/install/turtlebot3_fake_node/share/turtlebot3_fake_node/hook/cmake_prefix_path.ps1'
[0.551s] INFO:colcon.colcon_core.shell:Creating environment descriptor '/home/ollie/ros2_ws/install/turtlebot3_fake_node/share/turtlebot3_fake_node/hook/cmake_prefix_path.dsv'
[0.551s] INFO:colcon.colcon_core.shell:Creating environment hook '/home/ollie/ros2_ws/install/turtlebot3_fake_node/share/turtlebot3_fake_node/hook/cmake_prefix_path.sh'
[0.552s] Level 1:colcon.colcon_core.environment:checking '/home/ollie/ros2_ws/install/turtlebot3_fake_node/lib'
[0.553s] Level 1:colcon.colcon_core.environment:checking '/home/ollie/ros2_ws/install/turtlebot3_fake_node/bin'
[0.553s] Level 1:colcon.colcon_core.environment:checking '/home/ollie/ros2_ws/install/turtlebot3_fake_node/lib/pkgconfig/turtlebot3_fake_node.pc'
[0.553s] Level 1:colcon.colcon_core.environment:checking '/home/ollie/ros2_ws/install/turtlebot3_fake_node/lib/python3.10/site-packages'
[0.553s] Level 1:colcon.colcon_core.environment:checking '/home/ollie/ros2_ws/install/turtlebot3_fake_node/bin'
[0.553s] INFO:colcon.colcon_core.shell:Creating package script '/home/ollie/ros2_ws/install/turtlebot3_fake_node/share/turtlebot3_fake_node/package.ps1'
[0.554s] INFO:colcon.colcon_core.shell:Creating package descriptor '/home/ollie/ros2_ws/install/turtlebot3_fake_node/share/turtlebot3_fake_node/package.dsv'
[0.555s] DEBUG:colcon.colcon_core.event_handler.log_command:Invoked command in '/home/ollie/ros2_ws/build/turtlebot3_fake_node' returned '0': /usr/bin/cmake --install /home/ollie/ros2_ws/build/turtlebot3_fake_node
[0.555s] INFO:colcon.colcon_core.shell:Creating package script '/home/ollie/ros2_ws/install/turtlebot3_fake_node/share/turtlebot3_fake_node/package.sh'
[0.556s] INFO:colcon.colcon_core.shell:Creating package script '/home/ollie/ros2_ws/install/turtlebot3_fake_node/share/turtlebot3_fake_node/package.bash'
[0.556s] INFO:colcon.colcon_core.shell:Creating package script '/home/ollie/ros2_ws/install/turtlebot3_fake_node/share/turtlebot3_fake_node/package.zsh'
[0.557s] Level 1:colcon.colcon_core.environment:create_file_with_runtime_dependencies(/home/ollie/ros2_ws/install/turtlebot3_fake_node/share/colcon-core/packages/turtlebot3_fake_node)
[0.560s] Level 1:colcon.colcon_core.environment:create_environment_scripts_only(turtlebot3_gazebo)
[0.560s] Level 1:colcon.colcon_core.environment:checking '/home/ollie/ros2_ws/install/turtlebot3_gazebo' for CMake module files
[0.561s] Level 1:colcon.colcon_core.environment:checking '/home/ollie/ros2_ws/install/turtlebot3_gazebo' for CMake config files
[0.561s] Level 1:colcon.colcon_core.shell:create_environment_hook('turtlebot3_gazebo', 'cmake_prefix_path')
[0.561s] INFO:colcon.colcon_core.shell:Creating environment hook '/home/ollie/ros2_ws/install/turtlebot3_gazebo/share/turtlebot3_gazebo/hook/cmake_prefix_path.ps1'
[0.562s] INFO:colcon.colcon_core.shell:Creating environment descriptor '/home/ollie/ros2_ws/install/turtlebot3_gazebo/share/turtlebot3_gazebo/hook/cmake_prefix_path.dsv'
[0.562s] INFO:colcon.colcon_core.shell:Creating environment hook '/home/ollie/ros2_ws/install/turtlebot3_gazebo/share/turtlebot3_gazebo/hook/cmake_prefix_path.sh'
[0.563s] DEBUG:colcon.colcon_core.event_handler.log_command:Invoking command in '/home/ollie/ros2_ws/build/action_interfaces': /usr/bin/cmake --install /home/ollie/ros2_ws/build/action_interfaces
[0.563s] DEBUG:colcon.colcon_core.event_handler.log_command:Invoked command in '/home/ollie/ros2_ws/build/turtlebot3_gazebo' returned '0': /usr/bin/cmake --install /home/ollie/ros2_ws/build/turtlebot3_gazebo
[0.563s] Level 1:colcon.colcon_core.environment:checking '/home/ollie/ros2_ws/install/turtlebot3_gazebo/lib'
[0.563s] Level 1:colcon.colcon_core.environment:checking '/home/ollie/ros2_ws/install/turtlebot3_gazebo/bin'
[0.563s] Level 1:colcon.colcon_core.environment:checking '/home/ollie/ros2_ws/install/turtlebot3_gazebo/lib/pkgconfig/turtlebot3_gazebo.pc'
[0.564s] Level 1:colcon.colcon_core.environment:checking '/home/ollie/ros2_ws/install/turtlebot3_gazebo/lib/python3.10/site-packages'
[0.564s] Level 1:colcon.colcon_core.environment:checking '/home/ollie/ros2_ws/install/turtlebot3_gazebo/bin'
[0.564s] INFO:colcon.colcon_core.shell:Creating package script '/home/ollie/ros2_ws/install/turtlebot3_gazebo/share/turtlebot3_gazebo/package.ps1'
[0.564s] INFO:colcon.colcon_core.shell:Creating package descriptor '/home/ollie/ros2_ws/install/turtlebot3_gazebo/share/turtlebot3_gazebo/package.dsv'
[0.565s] INFO:colcon.colcon_core.shell:Creating package script '/home/ollie/ros2_ws/install/turtlebot3_gazebo/share/turtlebot3_gazebo/package.sh'
[0.565s] INFO:colcon.colcon_core.shell:Creating package script '/home/ollie/ros2_ws/install/turtlebot3_gazebo/share/turtlebot3_gazebo/package.bash'
[0.566s] INFO:colcon.colcon_core.shell:Creating package script '/home/ollie/ros2_ws/install/turtlebot3_gazebo/share/turtlebot3_gazebo/package.zsh'
[0.566s] Level 1:colcon.colcon_core.environment:create_file_with_runtime_dependencies(/home/ollie/ros2_ws/install/turtlebot3_gazebo/share/colcon-core/packages/turtlebot3_gazebo)
[0.576s] Level 1:colcon.colcon_core.environment:create_environment_scripts_only(turtlebot3_fake_node)
[0.576s] Level 1:colcon.colcon_core.environment:checking '/home/ollie/ros2_ws/install/turtlebot3_fake_node' for CMake module files
[0.576s] Level 1:colcon.colcon_core.environment:checking '/home/ollie/ros2_ws/install/turtlebot3_fake_node' for CMake config files
[0.576s] Level 1:colcon.colcon_core.shell:create_environment_hook('turtlebot3_fake_node', 'cmake_prefix_path')
[0.576s] INFO:colcon.colcon_core.shell:Creating environment hook '/home/ollie/ros2_ws/install/turtlebot3_fake_node/share/turtlebot3_fake_node/hook/cmake_prefix_path.ps1'
[0.577s] INFO:colcon.colcon_core.shell:Creating environment descriptor '/home/ollie/ros2_ws/install/turtlebot3_fake_node/share/turtlebot3_fake_node/hook/cmake_prefix_path.dsv'
[0.577s] INFO:colcon.colcon_core.shell:Creating environment hook '/home/ollie/ros2_ws/install/turtlebot3_fake_node/share/turtlebot3_fake_node/hook/cmake_prefix_path.sh'
[0.577s] Level 1:colcon.colcon_core.environment:checking '/home/ollie/ros2_ws/install/turtlebot3_fake_node/lib'
[0.577s] Level 1:colcon.colcon_core.environment:checking '/home/ollie/ros2_ws/install/turtlebot3_fake_node/bin'
[0.578s] Level 1:colcon.colcon_core.environment:checking '/home/ollie/ros2_ws/install/turtlebot3_fake_node/lib/pkgconfig/turtlebot3_fake_node.pc'
[0.578s] Level 1:colcon.colcon_core.environment:checking '/home/ollie/ros2_ws/install/turtlebot3_fake_node/lib/python3.10/site-packages'
[0.578s] Level 1:colcon.colcon_core.environment:checking '/home/ollie/ros2_ws/install/turtlebot3_fake_node/bin'
[0.578s] INFO:colcon.colcon_core.shell:Creating package script '/home/ollie/ros2_ws/install/turtlebot3_fake_node/share/turtlebot3_fake_node/package.ps1'
[0.578s] INFO:colcon.colcon_core.shell:Creating package descriptor '/home/ollie/ros2_ws/install/turtlebot3_fake_node/share/turtlebot3_fake_node/package.dsv'
[0.579s] INFO:colcon.colcon_core.shell:Creating package script '/home/ollie/ros2_ws/install/turtlebot3_fake_node/share/turtlebot3_fake_node/package.sh'
[0.579s] INFO:colcon.colcon_core.shell:Creating package script '/home/ollie/ros2_ws/install/turtlebot3_fake_node/share/turtlebot3_fake_node/package.bash'
[0.579s] INFO:colcon.colcon_core.shell:Creating package script '/home/ollie/ros2_ws/install/turtlebot3_fake_node/share/turtlebot3_fake_node/package.zsh'
[0.580s] Level 1:colcon.colcon_core.environment:create_file_with_runtime_dependencies(/home/ollie/ros2_ws/install/turtlebot3_fake_node/share/colcon-core/packages/turtlebot3_fake_node)
[0.591s] Level 1:colcon.colcon_core.environment:create_environment_scripts_only(turtlebot3_gazebo)
[0.591s] Level 1:colcon.colcon_core.environment:checking '/home/ollie/ros2_ws/install/turtlebot3_gazebo' for CMake module files
[0.591s] Level 1:colcon.colcon_core.environment:checking '/home/ollie/ros2_ws/install/turtlebot3_gazebo' for CMake config files
[0.591s] Level 1:colcon.colcon_core.shell:create_environment_hook('turtlebot3_gazebo', 'cmake_prefix_path')
[0.592s] INFO:colcon.colcon_core.shell:Creating environment hook '/home/ollie/ros2_ws/install/turtlebot3_gazebo/share/turtlebot3_gazebo/hook/cmake_prefix_path.ps1'
[0.592s] INFO:colcon.colcon_core.shell:Creating environment descriptor '/home/ollie/ros2_ws/install/turtlebot3_gazebo/share/turtlebot3_gazebo/hook/cmake_prefix_path.dsv'
[0.592s] INFO:colcon.colcon_core.shell:Creating environment hook '/home/ollie/ros2_ws/install/turtlebot3_gazebo/share/turtlebot3_gazebo/hook/cmake_prefix_path.sh'
[0.593s] Level 1:colcon.colcon_core.environment:checking '/home/ollie/ros2_ws/install/turtlebot3_gazebo/lib'
[0.593s] Level 1:colcon.colcon_core.environment:checking '/home/ollie/ros2_ws/install/turtlebot3_gazebo/bin'
[0.593s] Level 1:colcon.colcon_core.environment:checking '/home/ollie/ros2_ws/install/turtlebot3_gazebo/lib/pkgconfig/turtlebot3_gazebo.pc'
[0.593s] Level 1:colcon.colcon_core.environment:checking '/home/ollie/ros2_ws/install/turtlebot3_gazebo/lib/python3.10/site-packages'
[0.593s] Level 1:colcon.colcon_core.environment:checking '/home/ollie/ros2_ws/install/turtlebot3_gazebo/bin'
[0.593s] INFO:colcon.colcon_core.shell:Creating package script '/home/ollie/ros2_ws/install/turtlebot3_gazebo/share/turtlebot3_gazebo/package.ps1'
[0.594s] INFO:colcon.colcon_core.shell:Creating package descriptor '/home/ollie/ros2_ws/install/turtlebot3_gazebo/share/turtlebot3_gazebo/package.dsv'
[0.594s] INFO:colcon.colcon_core.shell:Creating package script '/home/ollie/ros2_ws/install/turtlebot3_gazebo/share/turtlebot3_gazebo/package.sh'
[0.594s] INFO:colcon.colcon_core.shell:Creating package script '/home/ollie/ros2_ws/install/turtlebot3_gazebo/share/turtlebot3_gazebo/package.bash'
[0.595s] INFO:colcon.colcon_core.shell:Creating package script '/home/ollie/ros2_ws/install/turtlebot3_gazebo/share/turtlebot3_gazebo/package.zsh'
[0.595s] Level 1:colcon.colcon_core.environment:create_file_with_runtime_dependencies(/home/ollie/ros2_ws/install/turtlebot3_gazebo/share/colcon-core/packages/turtlebot3_gazebo)
[0.595s] INFO:colcon.colcon_ros.task.ament_cmake.build:Building ROS package in '/home/ollie/ros2_ws/src/turtlebot3_simulations/turtlebot3_simulations' with build type 'ament_cmake'
[0.595s] INFO:colcon.colcon_cmake.task.cmake.build:Building CMake package in '/home/ollie/ros2_ws/src/turtlebot3_simulations/turtlebot3_simulations'
[0.595s] INFO:colcon.colcon_core.shell:Skip shell extension 'powershell' for command environment: Not usable outside of PowerShell
[0.596s] DEBUG:colcon.colcon_core.shell:Skip shell extension 'dsv' for command environment
[0.601s] Level 1:colcon.colcon_core.environment:create_environment_scripts_only(action_interfaces)
[0.601s] Level 1:colcon.colcon_core.environment:checking '/home/ollie/ros2_ws/install/action_interfaces' for CMake module files
[0.603s] Level 1:colcon.colcon_core.environment:checking '/home/ollie/ros2_ws/install/action_interfaces' for CMake config files
[0.603s] DEBUG:colcon.colcon_core.event_handler.log_command:Invoking command in '/home/ollie/ros2_ws/build/turtlebot3_simulations': AMENT_PREFIX_PATH=/home/ollie/ros2_ws/install/turtlebot3_gazebo:/home/ollie/ros2_ws/install/turtlebot3_fake_node CMAKE_PREFIX_PATH=/home/ollie/ros2_ws/install/turtlebot3_gazebo:/home/ollie/ros2_ws/install/turtlebot3_fake_node /usr/bin/cmake --build /home/ollie/ros2_ws/build/turtlebot3_simulations -- -j16 -l16
[0.603s] DEBUG:colcon.colcon_core.event_handler.log_command:Invoked command in '/home/ollie/ros2_ws/build/action_interfaces' returned '0': /usr/bin/cmake --install /home/ollie/ros2_ws/build/action_interfaces
[0.603s] Level 1:colcon.colcon_core.shell:create_environment_hook('action_interfaces', 'cmake_prefix_path')
[0.603s] INFO:colcon.colcon_core.shell:Creating environment hook '/home/ollie/ros2_ws/install/action_interfaces/share/action_interfaces/hook/cmake_prefix_path.ps1'
[0.604s] INFO:colcon.colcon_core.shell:Creating environment descriptor '/home/ollie/ros2_ws/install/action_interfaces/share/action_interfaces/hook/cmake_prefix_path.dsv'
[0.604s] INFO:colcon.colcon_core.shell:Creating environment hook '/home/ollie/ros2_ws/install/action_interfaces/share/action_interfaces/hook/cmake_prefix_path.sh'
[0.604s] Level 1:colcon.colcon_core.environment:checking '/home/ollie/ros2_ws/install/action_interfaces/lib'
[0.604s] Level 1:colcon.colcon_core.shell:create_environment_hook('action_interfaces', 'ld_library_path_lib')
[0.605s] INFO:colcon.colcon_core.shell:Creating environment hook '/home/ollie/ros2_ws/install/action_interfaces/share/action_interfaces/hook/ld_library_path_lib.ps1'
[0.605s] INFO:colcon.colcon_core.shell:Creating environment descriptor '/home/ollie/ros2_ws/install/action_interfaces/share/action_interfaces/hook/ld_library_path_lib.dsv'
[0.605s] INFO:colcon.colcon_core.shell:Creating environment hook '/home/ollie/ros2_ws/install/action_interfaces/share/action_interfaces/hook/ld_library_path_lib.sh'
[0.605s] Level 1:colcon.colcon_core.environment:checking '/home/ollie/ros2_ws/install/action_interfaces/bin'
[0.605s] Level 1:colcon.colcon_core.environment:checking '/home/ollie/ros2_ws/install/action_interfaces/lib/pkgconfig/action_interfaces.pc'
[0.605s] Level 1:colcon.colcon_core.environment:checking '/home/ollie/ros2_ws/install/action_interfaces/lib/python3.10/site-packages'
[0.606s] Level 1:colcon.colcon_core.environment:checking '/home/ollie/ros2_ws/install/action_interfaces/bin'
[0.606s] INFO:colcon.colcon_core.shell:Creating package script '/home/ollie/ros2_ws/install/action_interfaces/share/action_interfaces/package.ps1'
[0.606s] INFO:colcon.colcon_core.shell:Creating package descriptor '/home/ollie/ros2_ws/install/action_interfaces/share/action_interfaces/package.dsv'
[0.606s] INFO:colcon.colcon_core.shell:Creating package script '/home/ollie/ros2_ws/install/action_interfaces/share/action_interfaces/package.sh'
[0.607s] INFO:colcon.colcon_core.shell:Creating package script '/home/ollie/ros2_ws/install/action_interfaces/share/action_interfaces/package.bash'
[0.607s] INFO:colcon.colcon_core.shell:Creating package script '/home/ollie/ros2_ws/install/action_interfaces/share/action_interfaces/package.zsh'
[0.607s] Level 1:colcon.colcon_core.environment:create_file_with_runtime_dependencies(/home/ollie/ros2_ws/install/action_interfaces/share/colcon-core/packages/action_interfaces)
[0.630s] DEBUG:colcon.colcon_core.event_handler.log_command:Invoked command in '/home/ollie/ros2_ws/build/turtlebot3_simulations' returned '0': AMENT_PREFIX_PATH=/home/ollie/ros2_ws/install/turtlebot3_gazebo:/home/ollie/ros2_ws/install/turtlebot3_fake_node CMAKE_PREFIX_PATH=/home/ollie/ros2_ws/install/turtlebot3_gazebo:/home/ollie/ros2_ws/install/turtlebot3_fake_node /usr/bin/cmake --build /home/ollie/ros2_ws/build/turtlebot3_simulations -- -j16 -l16
[0.646s] DEBUG:colcon.colcon_core.event_handler.log_command:Invoking command in '/home/ollie/ros2_ws/build/turtlebot3_simulations': AMENT_PREFIX_PATH=/home/ollie/ros2_ws/install/turtlebot3_gazebo:/home/ollie/ros2_ws/install/turtlebot3_fake_node CMAKE_PREFIX_PATH=/home/ollie/ros2_ws/install/turtlebot3_gazebo:/home/ollie/ros2_ws/install/turtlebot3_fake_node /usr/bin/cmake --install /home/ollie/ros2_ws/build/turtlebot3_simulations
[0.646s] Level 1:colcon.colcon_core.environment:create_environment_scripts_only(action_interfaces)
[0.646s] Level 1:colcon.colcon_core.environment:checking '/home/ollie/ros2_ws/install/action_interfaces' for CMake module files
[0.647s] Level 1:colcon.colcon_core.environment:checking '/home/ollie/ros2_ws/install/action_interfaces' for CMake config files
[0.647s] Level 1:colcon.colcon_core.shell:create_environment_hook('action_interfaces', 'cmake_prefix_path')
[0.647s] INFO:colcon.colcon_core.shell:Creating environment hook '/home/ollie/ros2_ws/install/action_interfaces/share/action_interfaces/hook/cmake_prefix_path.ps1'
[0.648s] INFO:colcon.colcon_core.shell:Creating environment descriptor '/home/ollie/ros2_ws/install/action_interfaces/share/action_interfaces/hook/cmake_prefix_path.dsv'
[0.648s] INFO:colcon.colcon_core.shell:Creating environment hook '/home/ollie/ros2_ws/install/action_interfaces/share/action_interfaces/hook/cmake_prefix_path.sh'
[0.648s] Level 1:colcon.colcon_core.environment:checking '/home/ollie/ros2_ws/install/action_interfaces/lib'
[0.648s] Level 1:colcon.colcon_core.shell:create_environment_hook('action_interfaces', 'ld_library_path_lib')
[0.648s] INFO:colcon.colcon_core.shell:Creating environment hook '/home/ollie/ros2_ws/install/action_interfaces/share/action_interfaces/hook/ld_library_path_lib.ps1'
[0.649s] INFO:colcon.colcon_core.shell:Creating environment descriptor '/home/ollie/ros2_ws/install/action_interfaces/share/action_interfaces/hook/ld_library_path_lib.dsv'
[0.649s] INFO:colcon.colcon_core.shell:Creating environment hook '/home/ollie/ros2_ws/install/action_interfaces/share/action_interfaces/hook/ld_library_path_lib.sh'
[0.649s] Level 1:colcon.colcon_core.environment:checking '/home/ollie/ros2_ws/install/action_interfaces/bin'
[0.649s] Level 1:colcon.colcon_core.environment:checking '/home/ollie/ros2_ws/install/action_interfaces/lib/pkgconfig/action_interfaces.pc'
[0.649s] Level 1:colcon.colcon_core.environment:checking '/home/ollie/ros2_ws/install/action_interfaces/lib/python3.10/site-packages'
[0.650s] Level 1:colcon.colcon_core.environment:checking '/home/ollie/ros2_ws/install/action_interfaces/bin'
[0.650s] INFO:colcon.colcon_core.shell:Creating package script '/home/ollie/ros2_ws/install/action_interfaces/share/action_interfaces/package.ps1'
[0.650s] INFO:colcon.colcon_core.shell:Creating package descriptor '/home/ollie/ros2_ws/install/action_interfaces/share/action_interfaces/package.dsv'
[0.650s] INFO:colcon.colcon_core.shell:Creating package script '/home/ollie/ros2_ws/install/action_interfaces/share/action_interfaces/package.sh'
[0.651s] INFO:colcon.colcon_core.shell:Creating package script '/home/ollie/ros2_ws/install/action_interfaces/share/action_interfaces/package.bash'
[0.651s] INFO:colcon.colcon_core.shell:Creating package script '/home/ollie/ros2_ws/install/action_interfaces/share/action_interfaces/package.zsh'
[0.651s] Level 1:colcon.colcon_core.environment:create_file_with_runtime_dependencies(/home/ollie/ros2_ws/install/action_interfaces/share/colcon-core/packages/action_interfaces)
[0.653s] Level 1:colcon.colcon_core.environment:create_environment_scripts_only(turtlebot3_simulations)
[0.654s] Level 1:colcon.colcon_core.environment:checking '/home/ollie/ros2_ws/install/turtlebot3_simulations' for CMake module files
[0.654s] DEBUG:colcon.colcon_core.event_handler.log_command:Invoked command in '/home/ollie/ros2_ws/build/turtlebot3_simulations' returned '0': AMENT_PREFIX_PATH=/home/ollie/ros2_ws/install/turtlebot3_gazebo:/home/ollie/ros2_ws/install/turtlebot3_fake_node CMAKE_PREFIX_PATH=/home/ollie/ros2_ws/install/turtlebot3_gazebo:/home/ollie/ros2_ws/install/turtlebot3_fake_node /usr/bin/cmake --install /home/ollie/ros2_ws/build/turtlebot3_simulations
[0.654s] Level 1:colcon.colcon_core.environment:checking '/home/ollie/ros2_ws/install/turtlebot3_simulations' for CMake config files
[0.654s] Level 1:colcon.colcon_core.shell:create_environment_hook('turtlebot3_simulations', 'cmake_prefix_path')
[0.655s] INFO:colcon.colcon_core.shell:Creating environment hook '/home/ollie/ros2_ws/install/turtlebot3_simulations/share/turtlebot3_simulations/hook/cmake_prefix_path.ps1'
[0.655s] INFO:colcon.colcon_core.shell:Creating environment descriptor '/home/ollie/ros2_ws/install/turtlebot3_simulations/share/turtlebot3_simulations/hook/cmake_prefix_path.dsv'
[0.655s] INFO:colcon.colcon_core.shell:Creating environment hook '/home/ollie/ros2_ws/install/turtlebot3_simulations/share/turtlebot3_simulations/hook/cmake_prefix_path.sh'
[0.655s] Level 1:colcon.colcon_core.environment:checking '/home/ollie/ros2_ws/install/turtlebot3_simulations/bin'
[0.655s] Level 1:colcon.colcon_core.environment:checking '/home/ollie/ros2_ws/install/turtlebot3_simulations/lib/pkgconfig/turtlebot3_simulations.pc'
[0.656s] Level 1:colcon.colcon_core.environment:checking '/home/ollie/ros2_ws/install/turtlebot3_simulations/lib/python3.10/site-packages'
[0.656s] Level 1:colcon.colcon_core.environment:checking '/home/ollie/ros2_ws/install/turtlebot3_simulations/bin'
[0.656s] INFO:colcon.colcon_core.shell:Creating package script '/home/ollie/ros2_ws/install/turtlebot3_simulations/share/turtlebot3_simulations/package.ps1'
[0.656s] INFO:colcon.colcon_core.shell:Creating package descriptor '/home/ollie/ros2_ws/install/turtlebot3_simulations/share/turtlebot3_simulations/package.dsv'
[0.656s] INFO:colcon.colcon_core.shell:Creating package script '/home/ollie/ros2_ws/install/turtlebot3_simulations/share/turtlebot3_simulations/package.sh'
[0.657s] INFO:colcon.colcon_core.shell:Creating package script '/home/ollie/ros2_ws/install/turtlebot3_simulations/share/turtlebot3_simulations/package.bash'
[0.657s] INFO:colcon.colcon_core.shell:Creating package script '/home/ollie/ros2_ws/install/turtlebot3_simulations/share/turtlebot3_simulations/package.zsh'
[0.657s] Level 1:colcon.colcon_core.environment:create_file_with_runtime_dependencies(/home/ollie/ros2_ws/install/turtlebot3_simulations/share/colcon-core/packages/turtlebot3_simulations)
[0.674s] Level 1:colcon.colcon_core.environment:create_environment_scripts_only(turtlebot3_simulations)
[0.674s] Level 1:colcon.colcon_core.environment:checking '/home/ollie/ros2_ws/install/turtlebot3_simulations' for CMake module files
[0.674s] Level 1:colcon.colcon_core.environment:checking '/home/ollie/ros2_ws/install/turtlebot3_simulations' for CMake config files
[0.674s] Level 1:colcon.colcon_core.shell:create_environment_hook('turtlebot3_simulations', 'cmake_prefix_path')
[0.674s] INFO:colcon.colcon_core.shell:Creating environment hook '/home/ollie/ros2_ws/install/turtlebot3_simulations/share/turtlebot3_simulations/hook/cmake_prefix_path.ps1'
[0.675s] INFO:colcon.colcon_core.shell:Creating environment descriptor '/home/ollie/ros2_ws/install/turtlebot3_simulations/share/turtlebot3_simulations/hook/cmake_prefix_path.dsv'
[0.675s] INFO:colcon.colcon_core.shell:Creating environment hook '/home/ollie/ros2_ws/install/turtlebot3_simulations/share/turtlebot3_simulations/hook/cmake_prefix_path.sh'
[0.676s] Level 1:colcon.colcon_core.environment:checking '/home/ollie/ros2_ws/install/turtlebot3_simulations/bin'
[0.676s] Level 1:colcon.colcon_core.environment:checking '/home/ollie/ros2_ws/install/turtlebot3_simulations/lib/pkgconfig/turtlebot3_simulations.pc'
[0.676s] Level 1:colcon.colcon_core.environment:checking '/home/ollie/ros2_ws/install/turtlebot3_simulations/lib/python3.10/site-packages'
[0.676s] Level 1:colcon.colcon_core.environment:checking '/home/ollie/ros2_ws/install/turtlebot3_simulations/bin'
[0.676s] INFO:colcon.colcon_core.shell:Creating package script '/home/ollie/ros2_ws/install/turtlebot3_simulations/share/turtlebot3_simulations/package.ps1'
[0.677s] INFO:colcon.colcon_core.shell:Creating package descriptor '/home/ollie/ros2_ws/install/turtlebot3_simulations/share/turtlebot3_simulations/package.dsv'
[0.677s] INFO:colcon.colcon_core.shell:Creating package script '/home/ollie/ros2_ws/install/turtlebot3_simulations/share/turtlebot3_simulations/package.sh'
[0.677s] INFO:colcon.colcon_core.shell:Creating package script '/home/ollie/ros2_ws/install/turtlebot3_simulations/share/turtlebot3_simulations/package.bash'
[0.678s] INFO:colcon.colcon_core.shell:Creating package script '/home/ollie/ros2_ws/install/turtlebot3_simulations/share/turtlebot3_simulations/package.zsh'
[0.678s] Level 1:colcon.colcon_core.environment:create_file_with_runtime_dependencies(/home/ollie/ros2_ws/install/turtlebot3_simulations/share/colcon-core/packages/turtlebot3_simulations)
[0.741s] DEBUG:colcon.colcon_core.event_handler.log_command:Invoking command in '/home/ollie/ros2_ws/src/recovery_pipeline': PYTHONPATH=/home/ollie/ros2_ws/build/recovery_pipeline/prefix_override:/usr/lib/python3/dist-packages/colcon_core/task/python/colcon_distutils_commands:/home/ollie/ros2_ws/install/recovery_pipeline/lib/python3.10/site-packages: /usr/bin/python3 -W ignore:setup.py install is deprecated setup.py egg_info --egg-base ../../build/recovery_pipeline build --build-base /home/ollie/ros2_ws/build/recovery_pipeline/build install --record /home/ollie/ros2_ws/build/recovery_pipeline/install.log --single-version-externally-managed install_data
[0.749s] DEBUG:colcon.colcon_core.event_handler.log_command:Invoking command in '/home/ollie/ros2_ws/src/behavior_trees': PYTHONPATH=/home/ollie/ros2_ws/build/behavior_trees/prefix_override:/usr/lib/python3/dist-packages/colcon_core/task/python/colcon_distutils_commands:/home/ollie/ros2_ws/install/behavior_trees/lib/python3.10/site-packages: /usr/bin/python3 -W ignore:setup.py install is deprecated setup.py egg_info --egg-base ../../build/behavior_trees build --build-base /home/ollie/ros2_ws/build/behavior_trees/build install --record /home/ollie/ros2_ws/build/behavior_trees/install.log --single-version-externally-managed install_data
[0.914s] Level 1:colcon.colcon_core.environment:checking '/home/ollie/ros2_ws/install/recovery_pipeline' for CMake module files
[0.915s] DEBUG:colcon.colcon_core.event_handler.log_command:Invoked command in '/home/ollie/ros2_ws/src/recovery_pipeline' returned '0': PYTHONPATH=/home/ollie/ros2_ws/build/recovery_pipeline/prefix_override:/usr/lib/python3/dist-packages/colcon_core/task/python/colcon_distutils_commands:/home/ollie/ros2_ws/install/recovery_pipeline/lib/python3.10/site-packages: /usr/bin/python3 -W ignore:setup.py install is deprecated setup.py egg_info --egg-base ../../build/recovery_pipeline build --build-base /home/ollie/ros2_ws/build/recovery_pipeline/build install --record /home/ollie/ros2_ws/build/recovery_pipeline/install.log --single-version-externally-managed install_data
[0.915s] Level 1:colcon.colcon_core.environment:checking '/home/ollie/ros2_ws/install/recovery_pipeline' for CMake config files
[0.915s] Level 1:colcon.colcon_core.environment:checking '/home/ollie/ros2_ws/install/recovery_pipeline/lib'
[0.916s] Level 1:colcon.colcon_core.environment:checking '/home/ollie/ros2_ws/install/recovery_pipeline/bin'
[0.916s] Level 1:colcon.colcon_core.environment:checking '/home/ollie/ros2_ws/install/recovery_pipeline/lib/pkgconfig/recovery_pipeline.pc'
[0.916s] Level 1:colcon.colcon_core.environment:checking '/home/ollie/ros2_ws/install/recovery_pipeline/lib/python3.10/site-packages'
[0.916s] Level 1:colcon.colcon_core.shell:create_environment_hook('recovery_pipeline', 'pythonpath')
[0.916s] INFO:colcon.colcon_core.shell:Creating environment hook '/home/ollie/ros2_ws/install/recovery_pipeline/share/recovery_pipeline/hook/pythonpath.ps1'
[0.916s] INFO:colcon.colcon_core.shell:Creating environment descriptor '/home/ollie/ros2_ws/install/recovery_pipeline/share/recovery_pipeline/hook/pythonpath.dsv'
[0.917s] INFO:colcon.colcon_core.shell:Creating environment hook '/home/ollie/ros2_ws/install/recovery_pipeline/share/recovery_pipeline/hook/pythonpath.sh'
[0.917s] Level 1:colcon.colcon_core.environment:checking '/home/ollie/ros2_ws/install/recovery_pipeline/bin'
[0.917s] Level 1:colcon.colcon_core.environment:create_environment_scripts_only(recovery_pipeline)
[0.918s] INFO:colcon.colcon_core.shell:Creating package script '/home/ollie/ros2_ws/install/recovery_pipeline/share/recovery_pipeline/package.ps1'
[0.918s] INFO:colcon.colcon_core.shell:Creating package descriptor '/home/ollie/ros2_ws/install/recovery_pipeline/share/recovery_pipeline/package.dsv'
[0.918s] INFO:colcon.colcon_core.shell:Creating package script '/home/ollie/ros2_ws/install/recovery_pipeline/share/recovery_pipeline/package.sh'
[0.919s] INFO:colcon.colcon_core.shell:Creating package script '/home/ollie/ros2_ws/install/recovery_pipeline/share/recovery_pipeline/package.bash'
[0.919s] INFO:colcon.colcon_core.shell:Creating package script '/home/ollie/ros2_ws/install/recovery_pipeline/share/recovery_pipeline/package.zsh'
[0.920s] Level 1:colcon.colcon_core.environment:create_file_with_runtime_dependencies(/home/ollie/ros2_ws/install/recovery_pipeline/share/colcon-core/packages/recovery_pipeline)
[0.936s] Level 1:colcon.colcon_core.environment:checking '/home/ollie/ros2_ws/install/behavior_trees' for CMake module files
[0.937s] DEBUG:colcon.colcon_core.event_handler.log_command:Invoked command in '/home/ollie/ros2_ws/src/behavior_trees' returned '0': PYTHONPATH=/home/ollie/ros2_ws/build/behavior_trees/prefix_override:/usr/lib/python3/dist-packages/colcon_core/task/python/colcon_distutils_commands:/home/ollie/ros2_ws/install/behavior_trees/lib/python3.10/site-packages: /usr/bin/python3 -W ignore:setup.py install is deprecated setup.py egg_info --egg-base ../../build/behavior_trees build --build-base /home/ollie/ros2_ws/build/behavior_trees/build install --record /home/ollie/ros2_ws/build/behavior_trees/install.log --single-version-externally-managed install_data
[0.937s] Level 1:colcon.colcon_core.environment:checking '/home/ollie/ros2_ws/install/behavior_trees' for CMake config files
[0.938s] Level 1:colcon.colcon_core.environment:checking '/home/ollie/ros2_ws/install/behavior_trees/lib'
[0.938s] Level 1:colcon.colcon_core.environment:checking '/home/ollie/ros2_ws/install/behavior_trees/bin'
[0.938s] Level 1:colcon.colcon_core.environment:checking '/home/ollie/ros2_ws/install/behavior_trees/lib/pkgconfig/behavior_trees.pc'
[0.938s] Level 1:colcon.colcon_core.environment:checking '/home/ollie/ros2_ws/install/behavior_trees/lib/python3.10/site-packages'
[0.938s] Level 1:colcon.colcon_core.shell:create_environment_hook('behavior_trees', 'pythonpath')
[0.939s] INFO:colcon.colcon_core.shell:Creating environment hook '/home/ollie/ros2_ws/install/behavior_trees/share/behavior_trees/hook/pythonpath.ps1'
[0.939s] INFO:colcon.colcon_core.shell:Creating environment descriptor '/home/ollie/ros2_ws/install/behavior_trees/share/behavior_trees/hook/pythonpath.dsv'
[0.940s] INFO:colcon.colcon_core.shell:Creating environment hook '/home/ollie/ros2_ws/install/behavior_trees/share/behavior_trees/hook/pythonpath.sh'
[0.940s] Level 1:colcon.colcon_core.environment:checking '/home/ollie/ros2_ws/install/behavior_trees/bin'
[0.940s] Level 1:colcon.colcon_core.environment:create_environment_scripts_only(behavior_trees)
[0.941s] INFO:colcon.colcon_core.shell:Creating package script '/home/ollie/ros2_ws/install/behavior_trees/share/behavior_trees/package.ps1'
[0.941s] INFO:colcon.colcon_core.shell:Creating package descriptor '/home/ollie/ros2_ws/install/behavior_trees/share/behavior_trees/package.dsv'
[0.942s] INFO:colcon.colcon_core.shell:Creating package script '/home/ollie/ros2_ws/install/behavior_trees/share/behavior_trees/package.sh'
[0.942s] INFO:colcon.colcon_core.shell:Creating package script '/home/ollie/ros2_ws/install/behavior_trees/share/behavior_trees/package.bash'
[0.942s] INFO:colcon.colcon_core.shell:Creating package script '/home/ollie/ros2_ws/install/behavior_trees/share/behavior_trees/package.zsh'
[0.943s] Level 1:colcon.colcon_core.environment:create_file_with_runtime_dependencies(/home/ollie/ros2_ws/install/behavior_trees/share/colcon-core/packages/behavior_trees)
[0.943s] DEBUG:colcon.colcon_parallel_executor.executor.parallel:closing loop
[0.943s] DEBUG:colcon.colcon_parallel_executor.executor.parallel:loop closed
[0.943s] DEBUG:colcon.colcon_parallel_executor.executor.parallel:run_until_complete finished with '0'
[0.943s] DEBUG:colcon.colcon_core.event_reactor:joining thread
[0.947s] INFO:colcon.colcon_core.plugin_system:Skipping extension 'colcon_notification.desktop_notification.terminal_notifier': Not used on non-Darwin systems
[0.947s] INFO:colcon.colcon_core.plugin_system:Skipping extension 'colcon_notification.desktop_notification.win32': Not used on non-Windows systems
[0.947s] INFO:colcon.colcon_notification.desktop_notification:Sending desktop notification using 'notify2'
[0.949s] DEBUG:colcon.colcon_notification.desktop_notification.notify2:Failed to initialize notify2: org.freedesktop.DBus.Error.Spawn.ExecFailed: /usr/bin/dbus-launch terminated abnormally without any error message
[0.950s] DEBUG:colcon.colcon_core.event_reactor:joined thread
[0.950s] INFO:colcon.colcon_core.shell:Creating prefix script '/home/ollie/ros2_ws/install/local_setup.ps1'
[0.951s] INFO:colcon.colcon_core.shell:Creating prefix util module '/home/ollie/ros2_ws/install/_local_setup_util_ps1.py'
[0.952s] INFO:colcon.colcon_core.shell:Creating prefix chain script '/home/ollie/ros2_ws/install/setup.ps1'
[0.952s] INFO:colcon.colcon_core.shell:Creating prefix script '/home/ollie/ros2_ws/install/local_setup.sh'
[0.953s] INFO:colcon.colcon_core.shell:Creating prefix util module '/home/ollie/ros2_ws/install/_local_setup_util_sh.py'
[0.953s] INFO:colcon.colcon_core.shell:Creating prefix chain script '/home/ollie/ros2_ws/install/setup.sh'
[0.954s] INFO:colcon.colcon_core.shell:Creating prefix script '/home/ollie/ros2_ws/install/local_setup.bash'
[0.955s] INFO:colcon.colcon_core.shell:Creating prefix chain script '/home/ollie/ros2_ws/install/setup.bash'
[0.956s] INFO:colcon.colcon_core.shell:Creating prefix script '/home/ollie/ros2_ws/install/local_setup.zsh'
[0.956s] INFO:colcon.colcon_core.shell:Creating prefix chain script '/home/ollie/ros2_ws/install/setup.zsh'
