[0.011s] Invoking command in '/home/ollie/ros2_ws/build/action_interfaces': /usr/bin/cmake --build /home/ollie/ros2_ws/build/action_interfaces -- -j16 -l16
[0.773s] [  3%] Built target action_interfaces__cpp
[0.773s] [ 12%] Built target action_interfaces__rosidl_generator_c
[0.773s] [ 12%] Built target ament_cmake_python_copy_action_interfaces
[0.773s] [ 32%] Built target action_interfaces__rosidl_typesupport_fastrtps_cpp
[0.773s] [ 32%] Built target action_interfaces__rosidl_typesupport_cpp
[0.773s] [ 41%] Built target action_interfaces__rosidl_typesupport_introspection_c
[0.773s] [ 51%] Built target action_interfaces__rosidl_typesupport_introspection_cpp
[0.773s] [ 70%] Built target action_interfaces__rosidl_typesupport_c
[0.773s] [ 70%] Built target action_interfaces__rosidl_typesupport_fastrtps_c
[0.773s] [ 70%] Built target action_interfaces
[0.773s] [ 74%] Built target action_interfaces__py
[0.774s] [ 80%] Built target action_interfaces__rosidl_generator_py
[0.774s] [ 93%] Built target action_interfaces__rosidl_typesupport_introspection_c__pyext
[0.774s] [ 93%] Built target action_interfaces__rosidl_typesupport_fastrtps_c__pyext
[0.774s] [100%] Built target action_interfaces__rosidl_typesupport_c__pyext
[0.774s] running egg_info
[0.774s] writing action_interfaces.egg-info/PKG-INFO
[0.774s] writing dependency_links to action_interfaces.egg-info/dependency_links.txt
[0.774s] writing top-level names to action_interfaces.egg-info/top_level.txt
[0.774s] reading manifest file 'action_interfaces.egg-info/SOURCES.txt'
[0.774s] writing manifest file 'action_interfaces.egg-info/SOURCES.txt'
[0.774s] [100%] Built target ament_cmake_python_build_action_interfaces_egg
[0.913s] Invoked command in '/home/ollie/ros2_ws/build/action_interfaces' returned '0': /usr/bin/cmake --build /home/ollie/ros2_ws/build/action_interfaces -- -j16 -l16
[1.126s] Invoking command in '/home/ollie/ros2_ws/build/action_interfaces': /usr/bin/cmake --install /home/ollie/ros2_ws/build/action_interfaces
[1.143s] -- Install configuration: ""
[1.144s] -- Up-to-date: /home/ollie/ros2_ws/install/action_interfaces/share/ament_index/resource_index/rosidl_interfaces/action_interfaces
[1.144s] -- Up-to-date: /home/ollie/ros2_ws/install/action_interfaces/include/action_interfaces/action_interfaces
[1.144s] -- Up-to-date: /home/ollie/ros2_ws/install/action_interfaces/include/action_interfaces/action_interfaces/action
[1.145s] -- Up-to-date: /home/ollie/ros2_ws/install/action_interfaces/include/action_interfaces/action_interfaces/action/detail
[1.145s] -- Up-to-date: /home/ollie/ros2_ws/install/action_interfaces/include/action_interfaces/action_interfaces/action/detail/execute_recovery_tree__type_support.h
[1.146s] -- Up-to-date: /home/ollie/ros2_ws/install/action_interfaces/include/action_interfaces/action_interfaces/action/detail/execute_recovery_tree__struct.h
[1.146s] -- Up-to-date: /home/ollie/ros2_ws/install/action_interfaces/include/action_interfaces/action_interfaces/action/detail/execute_recovery_tree__functions.h
[1.146s] -- Up-to-date: /home/ollie/ros2_ws/install/action_interfaces/include/action_interfaces/action_interfaces/action/detail/execute_recovery_tree__functions.c
[1.148s] -- Up-to-date: /home/ollie/ros2_ws/install/action_interfaces/include/action_interfaces/action_interfaces/action/execute_recovery_tree.h
[1.148s] -- Up-to-date: /home/ollie/ros2_ws/install/action_interfaces/include/action_interfaces/action_interfaces/msg
[1.148s] -- Up-to-date: /home/ollie/ros2_ws/install/action_interfaces/include/action_interfaces/action_interfaces/msg/rosidl_generator_c__visibility_control.h
[1.148s] -- Up-to-date: /home/ollie/ros2_ws/install/action_interfaces/share/action_interfaces/environment/library_path.sh
[1.149s] -- Up-to-date: /home/ollie/ros2_ws/install/action_interfaces/share/action_interfaces/environment/library_path.dsv
[1.149s] -- Up-to-date: /home/ollie/ros2_ws/install/action_interfaces/lib/libaction_interfaces__rosidl_generator_c.so
[1.150s] -- Up-to-date: /home/ollie/ros2_ws/install/action_interfaces/include/action_interfaces/action_interfaces
[1.151s] -- Up-to-date: /home/ollie/ros2_ws/install/action_interfaces/include/action_interfaces/action_interfaces/action
[1.151s] -- Up-to-date: /home/ollie/ros2_ws/install/action_interfaces/include/action_interfaces/action_interfaces/action/detail
[1.151s] -- Up-to-date: /home/ollie/ros2_ws/install/action_interfaces/include/action_interfaces/action_interfaces/action/detail/execute_recovery_tree__rosidl_typesupport_fastrtps_c.h
[1.151s] -- Up-to-date: /home/ollie/ros2_ws/install/action_interfaces/include/action_interfaces/action_interfaces/msg
[1.151s] -- Up-to-date: /home/ollie/ros2_ws/install/action_interfaces/include/action_interfaces/action_interfaces/msg/rosidl_typesupport_fastrtps_c__visibility_control.h
[1.153s] -- Up-to-date: /home/ollie/ros2_ws/install/action_interfaces/lib/libaction_interfaces__rosidl_typesupport_fastrtps_c.so
[1.154s] -- Up-to-date: /home/ollie/ros2_ws/install/action_interfaces/include/action_interfaces/action_interfaces
[1.154s] -- Up-to-date: /home/ollie/ros2_ws/install/action_interfaces/include/action_interfaces/action_interfaces/action
[1.154s] -- Up-to-date: /home/ollie/ros2_ws/install/action_interfaces/include/action_interfaces/action_interfaces/action/detail
[1.154s] -- Up-to-date: /home/ollie/ros2_ws/install/action_interfaces/include/action_interfaces/action_interfaces/action/detail/execute_recovery_tree__type_support.c
[1.155s] -- Up-to-date: /home/ollie/ros2_ws/install/action_interfaces/include/action_interfaces/action_interfaces/action/detail/execute_recovery_tree__rosidl_typesupport_introspection_c.h
[1.155s] -- Up-to-date: /home/ollie/ros2_ws/install/action_interfaces/include/action_interfaces/action_interfaces/msg
[1.155s] -- Up-to-date: /home/ollie/ros2_ws/install/action_interfaces/include/action_interfaces/action_interfaces/msg/rosidl_typesupport_introspection_c__visibility_control.h
[1.155s] -- Up-to-date: /home/ollie/ros2_ws/install/action_interfaces/lib/libaction_interfaces__rosidl_typesupport_introspection_c.so
[1.156s] -- Up-to-date: /home/ollie/ros2_ws/install/action_interfaces/lib/libaction_interfaces__rosidl_typesupport_c.so
[1.156s] -- Up-to-date: /home/ollie/ros2_ws/install/action_interfaces/include/action_interfaces/action_interfaces
[1.156s] -- Up-to-date: /home/ollie/ros2_ws/install/action_interfaces/include/action_interfaces/action_interfaces/action
[1.156s] -- Up-to-date: /home/ollie/ros2_ws/install/action_interfaces/include/action_interfaces/action_interfaces/action/detail
[1.156s] -- Up-to-date: /home/ollie/ros2_ws/install/action_interfaces/include/action_interfaces/action_interfaces/action/detail/execute_recovery_tree__struct.hpp
[1.157s] -- Up-to-date: /home/ollie/ros2_ws/install/action_interfaces/include/action_interfaces/action_interfaces/action/detail/execute_recovery_tree__traits.hpp
[1.157s] -- Up-to-date: /home/ollie/ros2_ws/install/action_interfaces/include/action_interfaces/action_interfaces/action/detail/execute_recovery_tree__builder.hpp
[1.157s] -- Up-to-date: /home/ollie/ros2_ws/install/action_interfaces/include/action_interfaces/action_interfaces/action/execute_recovery_tree.hpp
[1.158s] -- Up-to-date: /home/ollie/ros2_ws/install/action_interfaces/include/action_interfaces/action_interfaces
[1.158s] -- Up-to-date: /home/ollie/ros2_ws/install/action_interfaces/include/action_interfaces/action_interfaces/action
[1.158s] -- Up-to-date: /home/ollie/ros2_ws/install/action_interfaces/include/action_interfaces/action_interfaces/action/detail
[1.158s] -- Up-to-date: /home/ollie/ros2_ws/install/action_interfaces/include/action_interfaces/action_interfaces/action/detail/execute_recovery_tree__rosidl_typesupport_fastrtps_cpp.hpp
[1.158s] -- Up-to-date: /home/ollie/ros2_ws/install/action_interfaces/include/action_interfaces/action_interfaces/action/detail/dds_fastrtps
[1.158s] -- Up-to-date: /home/ollie/ros2_ws/install/action_interfaces/include/action_interfaces/action_interfaces/msg
[1.158s] -- Up-to-date: /home/ollie/ros2_ws/install/action_interfaces/include/action_interfaces/action_interfaces/msg/rosidl_typesupport_fastrtps_cpp__visibility_control.h
[1.158s] -- Up-to-date: /home/ollie/ros2_ws/install/action_interfaces/lib/libaction_interfaces__rosidl_typesupport_fastrtps_cpp.so
[1.158s] -- Up-to-date: /home/ollie/ros2_ws/install/action_interfaces/include/action_interfaces/action_interfaces
[1.158s] -- Up-to-date: /home/ollie/ros2_ws/install/action_interfaces/include/action_interfaces/action_interfaces/action
[1.158s] -- Up-to-date: /home/ollie/ros2_ws/install/action_interfaces/include/action_interfaces/action_interfaces/action/detail
[1.158s] -- Up-to-date: /home/ollie/ros2_ws/install/action_interfaces/include/action_interfaces/action_interfaces/action/detail/execute_recovery_tree__type_support.cpp
[1.158s] -- Up-to-date: /home/ollie/ros2_ws/install/action_interfaces/include/action_interfaces/action_interfaces/action/detail/execute_recovery_tree__rosidl_typesupport_introspection_cpp.hpp
[1.158s] -- Up-to-date: /home/ollie/ros2_ws/install/action_interfaces/lib/libaction_interfaces__rosidl_typesupport_introspection_cpp.so
[1.159s] -- Up-to-date: /home/ollie/ros2_ws/install/action_interfaces/lib/libaction_interfaces__rosidl_typesupport_cpp.so
[1.159s] -- Up-to-date: /home/ollie/ros2_ws/install/action_interfaces/share/action_interfaces/environment/pythonpath.sh
[1.159s] -- Up-to-date: /home/ollie/ros2_ws/install/action_interfaces/share/action_interfaces/environment/pythonpath.dsv
[1.159s] -- Up-to-date: /home/ollie/ros2_ws/install/action_interfaces/local/lib/python3.10/dist-packages/action_interfaces-0.0.0-py3.10.egg-info
[1.159s] -- Installing: /home/ollie/ros2_ws/install/action_interfaces/local/lib/python3.10/dist-packages/action_interfaces-0.0.0-py3.10.egg-info/SOURCES.txt
[1.159s] -- Installing: /home/ollie/ros2_ws/install/action_interfaces/local/lib/python3.10/dist-packages/action_interfaces-0.0.0-py3.10.egg-info/PKG-INFO
[1.159s] -- Installing: /home/ollie/ros2_ws/install/action_interfaces/local/lib/python3.10/dist-packages/action_interfaces-0.0.0-py3.10.egg-info/dependency_links.txt
[1.159s] -- Installing: /home/ollie/ros2_ws/install/action_interfaces/local/lib/python3.10/dist-packages/action_interfaces-0.0.0-py3.10.egg-info/top_level.txt
[1.159s] -- Up-to-date: /home/ollie/ros2_ws/install/action_interfaces/local/lib/python3.10/dist-packages/action_interfaces
[1.159s] -- Up-to-date: /home/ollie/ros2_ws/install/action_interfaces/local/lib/python3.10/dist-packages/action_interfaces/__init__.py
[1.159s] -- Up-to-date: /home/ollie/ros2_ws/install/action_interfaces/local/lib/python3.10/dist-packages/action_interfaces/_action_interfaces_s.ep.rosidl_typesupport_c.c
[1.159s] -- Up-to-date: /home/ollie/ros2_ws/install/action_interfaces/local/lib/python3.10/dist-packages/action_interfaces/action_interfaces_s__rosidl_typesupport_introspection_c.cpython-310-x86_64-linux-gnu.so
[1.160s] -- Up-to-date: /home/ollie/ros2_ws/install/action_interfaces/local/lib/python3.10/dist-packages/action_interfaces/action_interfaces_s__rosidl_typesupport_c.cpython-310-x86_64-linux-gnu.so
[1.160s] -- Up-to-date: /home/ollie/ros2_ws/install/action_interfaces/local/lib/python3.10/dist-packages/action_interfaces/action
[1.160s] -- Up-to-date: /home/ollie/ros2_ws/install/action_interfaces/local/lib/python3.10/dist-packages/action_interfaces/action/__init__.py
[1.160s] -- Up-to-date: /home/ollie/ros2_ws/install/action_interfaces/local/lib/python3.10/dist-packages/action_interfaces/action/_execute_recovery_tree.py
[1.160s] -- Up-to-date: /home/ollie/ros2_ws/install/action_interfaces/local/lib/python3.10/dist-packages/action_interfaces/action/_execute_recovery_tree_s.c
[1.160s] -- Up-to-date: /home/ollie/ros2_ws/install/action_interfaces/local/lib/python3.10/dist-packages/action_interfaces/action_interfaces_s__rosidl_typesupport_fastrtps_c.cpython-310-x86_64-linux-gnu.so
[1.160s] -- Up-to-date: /home/ollie/ros2_ws/install/action_interfaces/local/lib/python3.10/dist-packages/action_interfaces/libaction_interfaces__rosidl_generator_py.so
[1.160s] -- Up-to-date: /home/ollie/ros2_ws/install/action_interfaces/local/lib/python3.10/dist-packages/action_interfaces/_action_interfaces_s.ep.rosidl_typesupport_introspection_c.c
[1.160s] -- Up-to-date: /home/ollie/ros2_ws/install/action_interfaces/local/lib/python3.10/dist-packages/action_interfaces/_action_interfaces_s.ep.rosidl_typesupport_fastrtps_c.c
[1.161s] Listing '/home/ollie/ros2_ws/install/action_interfaces/local/lib/python3.10/dist-packages/action_interfaces'...
[1.161s] Listing '/home/ollie/ros2_ws/install/action_interfaces/local/lib/python3.10/dist-packages/action_interfaces/action'...
[1.161s] -- Up-to-date: /home/ollie/ros2_ws/install/action_interfaces/local/lib/python3.10/dist-packages/action_interfaces/action_interfaces_s__rosidl_typesupport_fastrtps_c.cpython-310-x86_64-linux-gnu.so
[1.161s] -- Up-to-date: /home/ollie/ros2_ws/install/action_interfaces/local/lib/python3.10/dist-packages/action_interfaces/action_interfaces_s__rosidl_typesupport_introspection_c.cpython-310-x86_64-linux-gnu.so
[1.161s] -- Up-to-date: /home/ollie/ros2_ws/install/action_interfaces/local/lib/python3.10/dist-packages/action_interfaces/action_interfaces_s__rosidl_typesupport_c.cpython-310-x86_64-linux-gnu.so
[1.161s] -- Up-to-date: /home/ollie/ros2_ws/install/action_interfaces/lib/libaction_interfaces__rosidl_generator_py.so
[1.161s] -- Up-to-date: /home/ollie/ros2_ws/install/action_interfaces/share/action_interfaces/action/ExecuteRecoveryTree.idl
[1.162s] -- Up-to-date: /home/ollie/ros2_ws/install/action_interfaces/share/action_interfaces/action/ExecuteRecoveryTree.action
[1.162s] -- Up-to-date: /home/ollie/ros2_ws/install/action_interfaces/share/ament_index/resource_index/package_run_dependencies/action_interfaces
[1.162s] -- Up-to-date: /home/ollie/ros2_ws/install/action_interfaces/share/ament_index/resource_index/parent_prefix_path/action_interfaces
[1.162s] -- Up-to-date: /home/ollie/ros2_ws/install/action_interfaces/share/action_interfaces/environment/ament_prefix_path.sh
[1.162s] -- Up-to-date: /home/ollie/ros2_ws/install/action_interfaces/share/action_interfaces/environment/ament_prefix_path.dsv
[1.162s] -- Up-to-date: /home/ollie/ros2_ws/install/action_interfaces/share/action_interfaces/environment/path.sh
[1.162s] -- Up-to-date: /home/ollie/ros2_ws/install/action_interfaces/share/action_interfaces/environment/path.dsv
[1.162s] -- Up-to-date: /home/ollie/ros2_ws/install/action_interfaces/share/action_interfaces/local_setup.bash
[1.162s] -- Up-to-date: /home/ollie/ros2_ws/install/action_interfaces/share/action_interfaces/local_setup.sh
[1.162s] -- Up-to-date: /home/ollie/ros2_ws/install/action_interfaces/share/action_interfaces/local_setup.zsh
[1.162s] -- Up-to-date: /home/ollie/ros2_ws/install/action_interfaces/share/action_interfaces/local_setup.dsv
[1.163s] -- Installing: /home/ollie/ros2_ws/install/action_interfaces/share/action_interfaces/package.dsv
[1.163s] -- Up-to-date: /home/ollie/ros2_ws/install/action_interfaces/share/ament_index/resource_index/packages/action_interfaces
[1.163s] -- Up-to-date: /home/ollie/ros2_ws/install/action_interfaces/share/action_interfaces/cmake/export_action_interfaces__rosidl_generator_cExport.cmake
[1.163s] -- Up-to-date: /home/ollie/ros2_ws/install/action_interfaces/share/action_interfaces/cmake/export_action_interfaces__rosidl_generator_cExport-noconfig.cmake
[1.163s] -- Up-to-date: /home/ollie/ros2_ws/install/action_interfaces/share/action_interfaces/cmake/export_action_interfaces__rosidl_typesupport_fastrtps_cExport.cmake
[1.163s] -- Up-to-date: /home/ollie/ros2_ws/install/action_interfaces/share/action_interfaces/cmake/export_action_interfaces__rosidl_typesupport_fastrtps_cExport-noconfig.cmake
[1.163s] -- Up-to-date: /home/ollie/ros2_ws/install/action_interfaces/share/action_interfaces/cmake/action_interfaces__rosidl_typesupport_introspection_cExport.cmake
[1.164s] -- Up-to-date: /home/ollie/ros2_ws/install/action_interfaces/share/action_interfaces/cmake/action_interfaces__rosidl_typesupport_introspection_cExport-noconfig.cmake
[1.164s] -- Up-to-date: /home/ollie/ros2_ws/install/action_interfaces/share/action_interfaces/cmake/action_interfaces__rosidl_typesupport_cExport.cmake
[1.165s] -- Up-to-date: /home/ollie/ros2_ws/install/action_interfaces/share/action_interfaces/cmake/action_interfaces__rosidl_typesupport_cExport-noconfig.cmake
[1.165s] -- Up-to-date: /home/ollie/ros2_ws/install/action_interfaces/share/action_interfaces/cmake/export_action_interfaces__rosidl_generator_cppExport.cmake
[1.165s] -- Up-to-date: /home/ollie/ros2_ws/install/action_interfaces/share/action_interfaces/cmake/export_action_interfaces__rosidl_typesupport_fastrtps_cppExport.cmake
[1.165s] -- Up-to-date: /home/ollie/ros2_ws/install/action_interfaces/share/action_interfaces/cmake/export_action_interfaces__rosidl_typesupport_fastrtps_cppExport-noconfig.cmake
[1.165s] -- Up-to-date: /home/ollie/ros2_ws/install/action_interfaces/share/action_interfaces/cmake/action_interfaces__rosidl_typesupport_introspection_cppExport.cmake
[1.165s] -- Up-to-date: /home/ollie/ros2_ws/install/action_interfaces/share/action_interfaces/cmake/action_interfaces__rosidl_typesupport_introspection_cppExport-noconfig.cmake
[1.165s] -- Up-to-date: /home/ollie/ros2_ws/install/action_interfaces/share/action_interfaces/cmake/action_interfaces__rosidl_typesupport_cppExport.cmake
[1.166s] -- Up-to-date: /home/ollie/ros2_ws/install/action_interfaces/share/action_interfaces/cmake/action_interfaces__rosidl_typesupport_cppExport-noconfig.cmake
[1.166s] -- Up-to-date: /home/ollie/ros2_ws/install/action_interfaces/share/action_interfaces/cmake/export_action_interfaces__rosidl_generator_pyExport.cmake
[1.166s] -- Up-to-date: /home/ollie/ros2_ws/install/action_interfaces/share/action_interfaces/cmake/export_action_interfaces__rosidl_generator_pyExport-noconfig.cmake
[1.166s] -- Up-to-date: /home/ollie/ros2_ws/install/action_interfaces/share/action_interfaces/cmake/rosidl_cmake-extras.cmake
[1.166s] -- Up-to-date: /home/ollie/ros2_ws/install/action_interfaces/share/action_interfaces/cmake/ament_cmake_export_dependencies-extras.cmake
[1.166s] -- Up-to-date: /home/ollie/ros2_ws/install/action_interfaces/share/action_interfaces/cmake/ament_cmake_export_include_directories-extras.cmake
[1.166s] -- Up-to-date: /home/ollie/ros2_ws/install/action_interfaces/share/action_interfaces/cmake/ament_cmake_export_libraries-extras.cmake
[1.166s] -- Up-to-date: /home/ollie/ros2_ws/install/action_interfaces/share/action_interfaces/cmake/ament_cmake_export_targets-extras.cmake
[1.166s] -- Up-to-date: /home/ollie/ros2_ws/install/action_interfaces/share/action_interfaces/cmake/rosidl_cmake_export_typesupport_targets-extras.cmake
[1.166s] -- Up-to-date: /home/ollie/ros2_ws/install/action_interfaces/share/action_interfaces/cmake/rosidl_cmake_export_typesupport_libraries-extras.cmake
[1.167s] -- Up-to-date: /home/ollie/ros2_ws/install/action_interfaces/share/action_interfaces/cmake/action_interfacesConfig.cmake
[1.167s] -- Up-to-date: /home/ollie/ros2_ws/install/action_interfaces/share/action_interfaces/cmake/action_interfacesConfig-version.cmake
[1.167s] -- Up-to-date: /home/ollie/ros2_ws/install/action_interfaces/share/action_interfaces/package.xml
[1.167s] Invoked command in '/home/ollie/ros2_ws/build/action_interfaces' returned '0': /usr/bin/cmake --install /home/ollie/ros2_ws/build/action_interfaces
