[0.012s] Invoking command in '/home/ollie/ros2_ws/build/turtlebot4_ignition_gui_plugins': CMAKE_PREFIX_PATH=/opt/ros/humble /usr/bin/cmake /home/ollie/ros2_ws/src/turtlebot4_ignition_gui_plugins -DCMAKE_INSTALL_PREFIX=/home/ollie/ros2_ws/install/turtlebot4_ignition_gui_plugins
[0.084s] -- The C compiler identification is GNU 11.4.0
[0.137s] -- The CXX compiler identification is GNU 11.4.0
[0.144s] -- Detecting C compiler ABI info
[0.192s] -- Detecting C compiler ABI info - done
[0.196s] -- Check for working C compiler: /usr/bin/cc - skipped
[0.197s] -- Detecting C compile features
[0.197s] -- Detecting C compile features - done
[0.199s] -- Detecting CXX compiler ABI info
[0.255s] -- Detecting CXX compiler ABI info - done
[0.259s] -- Check for working CXX compiler: /usr/bin/c++ - skipped
[0.260s] -- Detecting CXX compile features
[0.260s] -- Detecting CXX compile features - done
[0.263s] -- Found ament_cmake: 1.3.9 (/opt/ros/humble/share/ament_cmake/cmake)
[0.362s] -- Found Python3: /usr/bin/python3 (found version "3.10.12") found components: Interpreter 
[0.428s] -- Found ament_lint_auto: 0.12.11 (/opt/ros/humble/share/ament_lint_auto/cmake)
[0.508s] -- Looking for ignition-gui6 -- found version 6.8.0
[0.515s] -- Searching for dependencies of ignition-gui6
[0.644s] -- Found Protobuf: /usr/lib/x86_64-linux-gnu/libprotobuf.so (found suitable version "3.12.4", minimum required is "3") 
[0.648s] -- Checking for module 'tinyxml2'
[0.658s] --   Found tinyxml2, version 9.0.0
[0.685s] -- Looking for ignition-math6 -- found version 6.15.1
[0.686s] -- Searching for dependencies of ignition-math6
[0.688s] -- Looking for ignition-common4 -- found version 4.7.0
[0.689s] -- Searching for dependencies of ignition-common4
[0.689s] -- Looking for dlfcn.h - found
[0.689s] -- Looking for libdl - found
[0.690s] -- Found DL: TRUE  
[0.694s] -- Checking for module 'uuid'
[0.704s] --   Found uuid, version 2.37.2
[0.731s] -- Found UUID: TRUE  
[0.731s] -- Searching for <ignition-common4> component [profiler]
[0.733s] -- Looking for ignition-common4-profiler -- found version 4.7.0
[0.733s] -- Searching for dependencies of ignition-common4-profiler
[0.736s] -- Looking for ignition-plugin1 -- found version 1.4.0
[0.736s] -- Searching for dependencies of ignition-plugin1
[0.737s] -- Searching for <ignition-plugin1> component [loader]
[0.738s] -- Looking for ignition-plugin1-loader -- found version 1.4.0
[0.739s] -- Searching for dependencies of ignition-plugin1-loader
[0.739s] -- Searching for <ignition-plugin1> component [register]
[0.741s] -- Looking for ignition-plugin1-register -- found version 1.4.0
[0.741s] -- Searching for dependencies of ignition-plugin1-register
[0.744s] -- Looking for ignition-transport11 -- found version 11.4.1
[0.744s] -- Searching for dependencies of ignition-transport11
[0.758s] -- Found Protobuf: /usr/lib/x86_64-linux-gnu/libprotobuf.so (found version "3.12.4") 
[0.768s] -- Config-file not installed for ZeroMQ -- checking for pkg-config
[0.772s] -- Checking for module 'libzmq >= 4'
[0.783s] --   Found libzmq , version 4.3.4
[0.813s] -- Found ZeroMQ: TRUE (Required is at least version "4") 
[0.823s] -- Looking for ignition-utils1 -- found version 1.5.1
[0.824s] -- Searching for dependencies of ignition-utils1
[0.824s] -- Searching for <ignition-utils1> component [cli]
[0.826s] -- Looking for ignition-utils1-cli -- found version 1.5.1
[0.826s] -- Searching for dependencies of ignition-utils1-cli
[0.829s] -- Looking for ignition-msgs8 -- found version 8.7.0
[0.829s] -- Searching for dependencies of ignition-msgs8
[0.843s] -- Found Protobuf: /usr/lib/x86_64-linux-gnu/libprotobuf.so (found suitable version "3.12.4", minimum required is "3") 
[0.844s] -- Looking for ignition-math6 -- found version 6.15.1
[0.852s] -- Looking for ignition-rendering6 -- found version 6.6.3
[0.852s] -- Searching for dependencies of ignition-rendering6
[0.852s] -- Looking for ignition-math6 -- found version 6.15.1
[0.853s] -- Searching for dependencies of ignition-math6
[0.853s] -- Searching for <ignition-math6> component [eigen3]
[0.854s] -- Looking for ignition-math6-eigen3 -- found version 6.15.1
[0.855s] -- Searching for dependencies of ignition-math6-eigen3
[0.861s] -- Looking for ignition-common4 -- found version 4.7.0
[0.862s] -- Searching for dependencies of ignition-common4
[0.862s] -- Looking for dlfcn.h - found
[0.862s] -- Looking for libdl - found
[0.868s] -- Searching for <ignition-common4> component [graphics]
[0.869s] -- Looking for ignition-common4-graphics -- found version 4.7.0
[0.870s] -- Searching for dependencies of ignition-common4-graphics
[0.870s] -- Looking for ignition-math6 -- found version 6.15.1
[0.870s] -- Looking for ignition-utils1 -- found version 1.5.1
[0.871s] -- Searching for <ignition-common4> component [events]
[0.873s] -- Looking for ignition-common4-events -- found version 4.7.0
[0.873s] -- Searching for dependencies of ignition-common4-events
[0.873s] -- Looking for ignition-math6 -- found version 6.15.1
[0.874s] -- Looking for ignition-plugin1 -- found version 1.4.0
[0.874s] -- Searching for dependencies of ignition-plugin1
[0.874s] -- Searching for <ignition-plugin1> component [all]
[0.876s] -- Looking for all libraries of ignition-plugin1 -- found version 1.4.0
[0.876s] -- Looking for ignition-plugin1 -- found version 1.4.0
[0.878s] -- Looking for ignition-msgs8 -- found version 8.7.0
[0.881s] -- Looking for ignition-common4 -- found version 4.7.0
[0.885s] -- Added test 'cppcheck' to perform static code analysis on C / C++ code
[0.885s] -- Configured cppcheck include dirs: 
[0.885s] -- Configured cppcheck exclude dirs and/or files: 
[0.886s] -- Added test 'cpplint' to check C / C++ code against the Google style
[0.886s] -- Configured cpplint exclude dirs and/or files: 
[0.887s] -- Added test 'lint_cmake' to check CMake code style
[0.887s] -- Added test 'xmllint' to check XML markup files
[0.888s] -- Configuring done
[0.901s] -- Generating done
[0.902s] -- Build files have been written to: /home/ollie/ros2_ws/build/turtlebot4_ignition_gui_plugins
[0.908s] Invoked command in '/home/ollie/ros2_ws/build/turtlebot4_ignition_gui_plugins' returned '0': CMAKE_PREFIX_PATH=/opt/ros/humble /usr/bin/cmake /home/ollie/ros2_ws/src/turtlebot4_ignition_gui_plugins -DCMAKE_INSTALL_PREFIX=/home/ollie/ros2_ws/install/turtlebot4_ignition_gui_plugins
[0.909s] Invoking command in '/home/ollie/ros2_ws/build/turtlebot4_ignition_gui_plugins': CMAKE_PREFIX_PATH=/opt/ros/humble /usr/bin/cmake --build /home/ollie/ros2_ws/build/turtlebot4_ignition_gui_plugins -- -j16 -l16
[0.943s] [ 16%] [34m[1mAutomatic MOC for target Turtlebot4Hmi[0m
[1.671s] [ 16%] Built target Turtlebot4Hmi_autogen
[1.679s] [ 33%] [34m[1mGenerating qrc_Turtlebot4Hmi.cpp[0m
[1.697s] [ 50%] [32mBuilding CXX object Turtlebot4Hmi/CMakeFiles/Turtlebot4Hmi.dir/Turtlebot4Hmi_autogen/mocs_compilation.cpp.o[0m
[1.697s] [ 66%] [32mBuilding CXX object Turtlebot4Hmi/CMakeFiles/Turtlebot4Hmi.dir/Turtlebot4Hmi.cc.o[0m
[1.697s] [ 83%] [32mBuilding CXX object Turtlebot4Hmi/CMakeFiles/Turtlebot4Hmi.dir/qrc_Turtlebot4Hmi.cpp.o[0m
[6.610s] [100%] [32m[1mLinking CXX shared library libTurtlebot4Hmi.so[0m
[6.848s] [100%] Built target Turtlebot4Hmi
[6.856s] Invoked command in '/home/ollie/ros2_ws/build/turtlebot4_ignition_gui_plugins' returned '0': CMAKE_PREFIX_PATH=/opt/ros/humble /usr/bin/cmake --build /home/ollie/ros2_ws/build/turtlebot4_ignition_gui_plugins -- -j16 -l16
[6.879s] Invoking command in '/home/ollie/ros2_ws/build/turtlebot4_ignition_gui_plugins': CMAKE_PREFIX_PATH=/opt/ros/humble /usr/bin/cmake --install /home/ollie/ros2_ws/build/turtlebot4_ignition_gui_plugins
[6.884s] -- Install configuration: ""
[6.884s] -- Installing: /home/ollie/ros2_ws/install/turtlebot4_ignition_gui_plugins/share/ament_index/resource_index/package_run_dependencies/turtlebot4_ignition_gui_plugins
[6.884s] -- Installing: /home/ollie/ros2_ws/install/turtlebot4_ignition_gui_plugins/share/ament_index/resource_index/parent_prefix_path/turtlebot4_ignition_gui_plugins
[6.884s] -- Installing: /home/ollie/ros2_ws/install/turtlebot4_ignition_gui_plugins/share/turtlebot4_ignition_gui_plugins/environment/ament_prefix_path.sh
[6.885s] -- Installing: /home/ollie/ros2_ws/install/turtlebot4_ignition_gui_plugins/share/turtlebot4_ignition_gui_plugins/environment/ament_prefix_path.dsv
[6.885s] -- Installing: /home/ollie/ros2_ws/install/turtlebot4_ignition_gui_plugins/share/turtlebot4_ignition_gui_plugins/environment/path.sh
[6.885s] -- Installing: /home/ollie/ros2_ws/install/turtlebot4_ignition_gui_plugins/share/turtlebot4_ignition_gui_plugins/environment/path.dsv
[6.885s] -- Installing: /home/ollie/ros2_ws/install/turtlebot4_ignition_gui_plugins/share/turtlebot4_ignition_gui_plugins/local_setup.bash
[6.885s] -- Installing: /home/ollie/ros2_ws/install/turtlebot4_ignition_gui_plugins/share/turtlebot4_ignition_gui_plugins/local_setup.sh
[6.885s] -- Installing: /home/ollie/ros2_ws/install/turtlebot4_ignition_gui_plugins/share/turtlebot4_ignition_gui_plugins/local_setup.zsh
[6.885s] -- Installing: /home/ollie/ros2_ws/install/turtlebot4_ignition_gui_plugins/share/turtlebot4_ignition_gui_plugins/local_setup.dsv
[6.885s] -- Installing: /home/ollie/ros2_ws/install/turtlebot4_ignition_gui_plugins/share/turtlebot4_ignition_gui_plugins/package.dsv
[6.886s] -- Installing: /home/ollie/ros2_ws/install/turtlebot4_ignition_gui_plugins/share/ament_index/resource_index/packages/turtlebot4_ignition_gui_plugins
[6.886s] -- Installing: /home/ollie/ros2_ws/install/turtlebot4_ignition_gui_plugins/share/turtlebot4_ignition_gui_plugins/cmake/turtlebot4_ignition_gui_pluginsConfig.cmake
[6.886s] -- Installing: /home/ollie/ros2_ws/install/turtlebot4_ignition_gui_plugins/share/turtlebot4_ignition_gui_plugins/cmake/turtlebot4_ignition_gui_pluginsConfig-version.cmake
[6.886s] -- Installing: /home/ollie/ros2_ws/install/turtlebot4_ignition_gui_plugins/share/turtlebot4_ignition_gui_plugins/package.xml
[6.886s] -- Installing: /home/ollie/ros2_ws/install/turtlebot4_ignition_gui_plugins/share/turtlebot4_ignition_gui_plugins/lib/libTurtlebot4Hmi.so
[6.889s] Invoked command in '/home/ollie/ros2_ws/build/turtlebot4_ignition_gui_plugins' returned '0': CMAKE_PREFIX_PATH=/opt/ros/humble /usr/bin/cmake --install /home/ollie/ros2_ws/build/turtlebot4_ignition_gui_plugins
