[0.012s] Invoking command in '/home/ollie/ros2_ws/build/action_interfaces': /usr/bin/cmake --build /home/ollie/ros2_ws/build/action_interfaces -- -j16 -l16
[0.177s] [  6%] Built target action_interfaces__cpp
[0.177s] [ 12%] Built target action_interfaces__rosidl_generator_c
[0.177s] [ 12%] Built target ament_cmake_python_copy_action_interfaces
[0.177s] [ 32%] Built target action_interfaces__rosidl_typesupport_introspection_cpp
[0.177s] [ 32%] Built target action_interfaces__rosidl_typesupport_fastrtps_cpp
[0.177s] [ 41%] Built target action_interfaces__rosidl_typesupport_c
[0.177s] [ 51%] Built target action_interfaces__rosidl_typesupport_fastrtps_c
[0.177s] [ 61%] Built target action_interfaces__rosidl_typesupport_introspection_c
[0.177s] [ 70%] Built target action_interfaces__rosidl_typesupport_cpp
[0.177s] [ 70%] Built target action_interfaces
[0.178s] [ 74%] Built target action_interfaces__py
[0.178s] [ 80%] Built target action_interfaces__rosidl_generator_py
[0.178s] [ 96%] Built target action_interfaces__rosidl_typesupport_introspection_c__pyext
[0.178s] [ 96%] Built target action_interfaces__rosidl_typesupport_c__pyext
[0.178s] [100%] Built target action_interfaces__rosidl_typesupport_fastrtps_c__pyext
[0.211s] running egg_info
[0.211s] writing action_interfaces.egg-info/PKG-INFO
[0.212s] writing dependency_links to action_interfaces.egg-info/dependency_links.txt
[0.212s] writing top-level names to action_interfaces.egg-info/top_level.txt
[0.213s] reading manifest file 'action_interfaces.egg-info/SOURCES.txt'
[0.214s] writing manifest file 'action_interfaces.egg-info/SOURCES.txt'
[0.234s] [100%] Built target ament_cmake_python_build_action_interfaces_egg
[0.355s] Invoked command in '/home/ollie/ros2_ws/build/action_interfaces' returned '0': /usr/bin/cmake --build /home/ollie/ros2_ws/build/action_interfaces -- -j16 -l16
[0.412s] Invoking command in '/home/ollie/ros2_ws/build/action_interfaces': /usr/bin/cmake --install /home/ollie/ros2_ws/build/action_interfaces
[0.412s] -- Install configuration: ""
[0.413s] -- Up-to-date: /home/ollie/ros2_ws/install/action_interfaces/share/ament_index/resource_index/rosidl_interfaces/action_interfaces
[0.413s] -- Up-to-date: /home/ollie/ros2_ws/install/action_interfaces/include/action_interfaces/action_interfaces
[0.414s] -- Up-to-date: /home/ollie/ros2_ws/install/action_interfaces/include/action_interfaces/action_interfaces/action
[0.414s] -- Up-to-date: /home/ollie/ros2_ws/install/action_interfaces/include/action_interfaces/action_interfaces/action/detail
[0.415s] -- Up-to-date: /home/ollie/ros2_ws/install/action_interfaces/include/action_interfaces/action_interfaces/action/detail/execute_recovery_tree__type_support.h
[0.415s] -- Up-to-date: /home/ollie/ros2_ws/install/action_interfaces/include/action_interfaces/action_interfaces/action/detail/execute_recovery_tree__struct.h
[0.415s] -- Up-to-date: /home/ollie/ros2_ws/install/action_interfaces/include/action_interfaces/action_interfaces/action/detail/execute_recovery_tree__functions.h
[0.415s] -- Up-to-date: /home/ollie/ros2_ws/install/action_interfaces/include/action_interfaces/action_interfaces/action/detail/execute_recovery_tree__functions.c
[0.416s] -- Up-to-date: /home/ollie/ros2_ws/install/action_interfaces/include/action_interfaces/action_interfaces/action/execute_recovery_tree.h
[0.416s] -- Up-to-date: /home/ollie/ros2_ws/install/action_interfaces/include/action_interfaces/action_interfaces/msg
[0.416s] -- Up-to-date: /home/ollie/ros2_ws/install/action_interfaces/include/action_interfaces/action_interfaces/msg/rosidl_generator_c__visibility_control.h
[0.416s] -- Up-to-date: /home/ollie/ros2_ws/install/action_interfaces/share/action_interfaces/environment/library_path.sh
[0.416s] -- Up-to-date: /home/ollie/ros2_ws/install/action_interfaces/share/action_interfaces/environment/library_path.dsv
[0.416s] -- Up-to-date: /home/ollie/ros2_ws/install/action_interfaces/lib/libaction_interfaces__rosidl_generator_c.so
[0.416s] -- Up-to-date: /home/ollie/ros2_ws/install/action_interfaces/include/action_interfaces/action_interfaces
[0.416s] -- Up-to-date: /home/ollie/ros2_ws/install/action_interfaces/include/action_interfaces/action_interfaces/action
[0.416s] -- Up-to-date: /home/ollie/ros2_ws/install/action_interfaces/include/action_interfaces/action_interfaces/action/detail
[0.416s] -- Up-to-date: /home/ollie/ros2_ws/install/action_interfaces/include/action_interfaces/action_interfaces/action/detail/execute_recovery_tree__rosidl_typesupport_fastrtps_c.h
[0.417s] -- Up-to-date: /home/ollie/ros2_ws/install/action_interfaces/include/action_interfaces/action_interfaces/msg
[0.417s] -- Up-to-date: /home/ollie/ros2_ws/install/action_interfaces/include/action_interfaces/action_interfaces/msg/rosidl_typesupport_fastrtps_c__visibility_control.h
[0.417s] -- Up-to-date: /home/ollie/ros2_ws/install/action_interfaces/lib/libaction_interfaces__rosidl_typesupport_fastrtps_c.so
[0.417s] -- Up-to-date: /home/ollie/ros2_ws/install/action_interfaces/include/action_interfaces/action_interfaces
[0.417s] -- Up-to-date: /home/ollie/ros2_ws/install/action_interfaces/include/action_interfaces/action_interfaces/action
[0.417s] -- Up-to-date: /home/ollie/ros2_ws/install/action_interfaces/include/action_interfaces/action_interfaces/action/detail
[0.417s] -- Up-to-date: /home/ollie/ros2_ws/install/action_interfaces/include/action_interfaces/action_interfaces/action/detail/execute_recovery_tree__type_support.c
[0.417s] -- Up-to-date: /home/ollie/ros2_ws/install/action_interfaces/include/action_interfaces/action_interfaces/action/detail/execute_recovery_tree__rosidl_typesupport_introspection_c.h
[0.417s] -- Up-to-date: /home/ollie/ros2_ws/install/action_interfaces/include/action_interfaces/action_interfaces/msg
[0.418s] -- Up-to-date: /home/ollie/ros2_ws/install/action_interfaces/include/action_interfaces/action_interfaces/msg/rosidl_typesupport_introspection_c__visibility_control.h
[0.418s] -- Up-to-date: /home/ollie/ros2_ws/install/action_interfaces/lib/libaction_interfaces__rosidl_typesupport_introspection_c.so
[0.418s] -- Up-to-date: /home/ollie/ros2_ws/install/action_interfaces/lib/libaction_interfaces__rosidl_typesupport_c.so
[0.418s] -- Up-to-date: /home/ollie/ros2_ws/install/action_interfaces/include/action_interfaces/action_interfaces
[0.418s] -- Up-to-date: /home/ollie/ros2_ws/install/action_interfaces/include/action_interfaces/action_interfaces/action
[0.418s] -- Up-to-date: /home/ollie/ros2_ws/install/action_interfaces/include/action_interfaces/action_interfaces/action/detail
[0.418s] -- Up-to-date: /home/ollie/ros2_ws/install/action_interfaces/include/action_interfaces/action_interfaces/action/detail/execute_recovery_tree__struct.hpp
[0.418s] -- Up-to-date: /home/ollie/ros2_ws/install/action_interfaces/include/action_interfaces/action_interfaces/action/detail/execute_recovery_tree__traits.hpp
[0.418s] -- Up-to-date: /home/ollie/ros2_ws/install/action_interfaces/include/action_interfaces/action_interfaces/action/detail/execute_recovery_tree__builder.hpp
[0.418s] -- Up-to-date: /home/ollie/ros2_ws/install/action_interfaces/include/action_interfaces/action_interfaces/action/execute_recovery_tree.hpp
[0.418s] -- Up-to-date: /home/ollie/ros2_ws/install/action_interfaces/include/action_interfaces/action_interfaces
[0.418s] -- Up-to-date: /home/ollie/ros2_ws/install/action_interfaces/include/action_interfaces/action_interfaces/action
[0.418s] -- Up-to-date: /home/ollie/ros2_ws/install/action_interfaces/include/action_interfaces/action_interfaces/action/detail
[0.419s] -- Up-to-date: /home/ollie/ros2_ws/install/action_interfaces/include/action_interfaces/action_interfaces/action/detail/execute_recovery_tree__rosidl_typesupport_fastrtps_cpp.hpp
[0.419s] -- Up-to-date: /home/ollie/ros2_ws/install/action_interfaces/include/action_interfaces/action_interfaces/action/detail/dds_fastrtps
[0.419s] -- Up-to-date: /home/ollie/ros2_ws/install/action_interfaces/include/action_interfaces/action_interfaces/msg
[0.419s] -- Up-to-date: /home/ollie/ros2_ws/install/action_interfaces/include/action_interfaces/action_interfaces/msg/rosidl_typesupport_fastrtps_cpp__visibility_control.h
[0.419s] -- Up-to-date: /home/ollie/ros2_ws/install/action_interfaces/lib/libaction_interfaces__rosidl_typesupport_fastrtps_cpp.so
[0.419s] -- Up-to-date: /home/ollie/ros2_ws/install/action_interfaces/include/action_interfaces/action_interfaces
[0.419s] -- Up-to-date: /home/ollie/ros2_ws/install/action_interfaces/include/action_interfaces/action_interfaces/action
[0.419s] -- Up-to-date: /home/ollie/ros2_ws/install/action_interfaces/include/action_interfaces/action_interfaces/action/detail
[0.419s] -- Up-to-date: /home/ollie/ros2_ws/install/action_interfaces/include/action_interfaces/action_interfaces/action/detail/execute_recovery_tree__type_support.cpp
[0.419s] -- Up-to-date: /home/ollie/ros2_ws/install/action_interfaces/include/action_interfaces/action_interfaces/action/detail/execute_recovery_tree__rosidl_typesupport_introspection_cpp.hpp
[0.419s] -- Up-to-date: /home/ollie/ros2_ws/install/action_interfaces/lib/libaction_interfaces__rosidl_typesupport_introspection_cpp.so
[0.419s] -- Up-to-date: /home/ollie/ros2_ws/install/action_interfaces/lib/libaction_interfaces__rosidl_typesupport_cpp.so
[0.420s] -- Up-to-date: /home/ollie/ros2_ws/install/action_interfaces/share/action_interfaces/environment/pythonpath.sh
[0.420s] -- Up-to-date: /home/ollie/ros2_ws/install/action_interfaces/share/action_interfaces/environment/pythonpath.dsv
[0.420s] -- Up-to-date: /home/ollie/ros2_ws/install/action_interfaces/local/lib/python3.10/dist-packages/action_interfaces-0.0.0-py3.10.egg-info
[0.420s] -- Installing: /home/ollie/ros2_ws/install/action_interfaces/local/lib/python3.10/dist-packages/action_interfaces-0.0.0-py3.10.egg-info/SOURCES.txt
[0.420s] -- Installing: /home/ollie/ros2_ws/install/action_interfaces/local/lib/python3.10/dist-packages/action_interfaces-0.0.0-py3.10.egg-info/PKG-INFO
[0.420s] -- Installing: /home/ollie/ros2_ws/install/action_interfaces/local/lib/python3.10/dist-packages/action_interfaces-0.0.0-py3.10.egg-info/dependency_links.txt
[0.420s] -- Installing: /home/ollie/ros2_ws/install/action_interfaces/local/lib/python3.10/dist-packages/action_interfaces-0.0.0-py3.10.egg-info/top_level.txt
[0.420s] -- Up-to-date: /home/ollie/ros2_ws/install/action_interfaces/local/lib/python3.10/dist-packages/action_interfaces
[0.420s] -- Up-to-date: /home/ollie/ros2_ws/install/action_interfaces/local/lib/python3.10/dist-packages/action_interfaces/__init__.py
[0.420s] -- Up-to-date: /home/ollie/ros2_ws/install/action_interfaces/local/lib/python3.10/dist-packages/action_interfaces/_action_interfaces_s.ep.rosidl_typesupport_c.c
[0.420s] -- Up-to-date: /home/ollie/ros2_ws/install/action_interfaces/local/lib/python3.10/dist-packages/action_interfaces/action_interfaces_s__rosidl_typesupport_introspection_c.cpython-310-x86_64-linux-gnu.so
[0.420s] -- Up-to-date: /home/ollie/ros2_ws/install/action_interfaces/local/lib/python3.10/dist-packages/action_interfaces/action_interfaces_s__rosidl_typesupport_c.cpython-310-x86_64-linux-gnu.so
[0.421s] -- Up-to-date: /home/ollie/ros2_ws/install/action_interfaces/local/lib/python3.10/dist-packages/action_interfaces/action
[0.421s] -- Up-to-date: /home/ollie/ros2_ws/install/action_interfaces/local/lib/python3.10/dist-packages/action_interfaces/action/__init__.py
[0.421s] -- Up-to-date: /home/ollie/ros2_ws/install/action_interfaces/local/lib/python3.10/dist-packages/action_interfaces/action/_execute_recovery_tree.py
[0.421s] -- Up-to-date: /home/ollie/ros2_ws/install/action_interfaces/local/lib/python3.10/dist-packages/action_interfaces/action/_execute_recovery_tree_s.c
[0.421s] -- Up-to-date: /home/ollie/ros2_ws/install/action_interfaces/local/lib/python3.10/dist-packages/action_interfaces/action_interfaces_s__rosidl_typesupport_fastrtps_c.cpython-310-x86_64-linux-gnu.so
[0.421s] -- Up-to-date: /home/ollie/ros2_ws/install/action_interfaces/local/lib/python3.10/dist-packages/action_interfaces/libaction_interfaces__rosidl_generator_py.so
[0.421s] -- Up-to-date: /home/ollie/ros2_ws/install/action_interfaces/local/lib/python3.10/dist-packages/action_interfaces/_action_interfaces_s.ep.rosidl_typesupport_introspection_c.c
[0.421s] -- Up-to-date: /home/ollie/ros2_ws/install/action_interfaces/local/lib/python3.10/dist-packages/action_interfaces/_action_interfaces_s.ep.rosidl_typesupport_fastrtps_c.c
[0.437s] Listing '/home/ollie/ros2_ws/install/action_interfaces/local/lib/python3.10/dist-packages/action_interfaces'...
[0.437s] Listing '/home/ollie/ros2_ws/install/action_interfaces/local/lib/python3.10/dist-packages/action_interfaces/action'...
[0.441s] -- Up-to-date: /home/ollie/ros2_ws/install/action_interfaces/local/lib/python3.10/dist-packages/action_interfaces/action_interfaces_s__rosidl_typesupport_fastrtps_c.cpython-310-x86_64-linux-gnu.so
[0.441s] -- Up-to-date: /home/ollie/ros2_ws/install/action_interfaces/local/lib/python3.10/dist-packages/action_interfaces/action_interfaces_s__rosidl_typesupport_introspection_c.cpython-310-x86_64-linux-gnu.so
[0.441s] -- Up-to-date: /home/ollie/ros2_ws/install/action_interfaces/local/lib/python3.10/dist-packages/action_interfaces/action_interfaces_s__rosidl_typesupport_c.cpython-310-x86_64-linux-gnu.so
[0.441s] -- Up-to-date: /home/ollie/ros2_ws/install/action_interfaces/lib/libaction_interfaces__rosidl_generator_py.so
[0.442s] -- Up-to-date: /home/ollie/ros2_ws/install/action_interfaces/share/action_interfaces/action/ExecuteRecoveryTree.idl
[0.442s] -- Up-to-date: /home/ollie/ros2_ws/install/action_interfaces/share/action_interfaces/action/ExecuteRecoveryTree.action
[0.442s] -- Up-to-date: /home/ollie/ros2_ws/install/action_interfaces/share/ament_index/resource_index/package_run_dependencies/action_interfaces
[0.443s] -- Up-to-date: /home/ollie/ros2_ws/install/action_interfaces/share/ament_index/resource_index/parent_prefix_path/action_interfaces
[0.443s] -- Up-to-date: /home/ollie/ros2_ws/install/action_interfaces/share/action_interfaces/environment/ament_prefix_path.sh
[0.443s] -- Up-to-date: /home/ollie/ros2_ws/install/action_interfaces/share/action_interfaces/environment/ament_prefix_path.dsv
[0.443s] -- Up-to-date: /home/ollie/ros2_ws/install/action_interfaces/share/action_interfaces/environment/path.sh
[0.443s] -- Up-to-date: /home/ollie/ros2_ws/install/action_interfaces/share/action_interfaces/environment/path.dsv
[0.444s] -- Up-to-date: /home/ollie/ros2_ws/install/action_interfaces/share/action_interfaces/local_setup.bash
[0.444s] -- Up-to-date: /home/ollie/ros2_ws/install/action_interfaces/share/action_interfaces/local_setup.sh
[0.444s] -- Up-to-date: /home/ollie/ros2_ws/install/action_interfaces/share/action_interfaces/local_setup.zsh
[0.445s] -- Up-to-date: /home/ollie/ros2_ws/install/action_interfaces/share/action_interfaces/local_setup.dsv
[0.445s] -- Installing: /home/ollie/ros2_ws/install/action_interfaces/share/action_interfaces/package.dsv
[0.445s] -- Up-to-date: /home/ollie/ros2_ws/install/action_interfaces/share/ament_index/resource_index/packages/action_interfaces
[0.445s] -- Up-to-date: /home/ollie/ros2_ws/install/action_interfaces/share/action_interfaces/cmake/export_action_interfaces__rosidl_generator_cExport.cmake
[0.446s] -- Up-to-date: /home/ollie/ros2_ws/install/action_interfaces/share/action_interfaces/cmake/export_action_interfaces__rosidl_generator_cExport-noconfig.cmake
[0.446s] -- Up-to-date: /home/ollie/ros2_ws/install/action_interfaces/share/action_interfaces/cmake/export_action_interfaces__rosidl_typesupport_fastrtps_cExport.cmake
[0.446s] -- Up-to-date: /home/ollie/ros2_ws/install/action_interfaces/share/action_interfaces/cmake/export_action_interfaces__rosidl_typesupport_fastrtps_cExport-noconfig.cmake
[0.446s] -- Up-to-date: /home/ollie/ros2_ws/install/action_interfaces/share/action_interfaces/cmake/action_interfaces__rosidl_typesupport_introspection_cExport.cmake
[0.446s] -- Up-to-date: /home/ollie/ros2_ws/install/action_interfaces/share/action_interfaces/cmake/action_interfaces__rosidl_typesupport_introspection_cExport-noconfig.cmake
[0.447s] -- Up-to-date: /home/ollie/ros2_ws/install/action_interfaces/share/action_interfaces/cmake/action_interfaces__rosidl_typesupport_cExport.cmake
[0.447s] -- Up-to-date: /home/ollie/ros2_ws/install/action_interfaces/share/action_interfaces/cmake/action_interfaces__rosidl_typesupport_cExport-noconfig.cmake
[0.447s] -- Up-to-date: /home/ollie/ros2_ws/install/action_interfaces/share/action_interfaces/cmake/export_action_interfaces__rosidl_generator_cppExport.cmake
[0.447s] -- Up-to-date: /home/ollie/ros2_ws/install/action_interfaces/share/action_interfaces/cmake/export_action_interfaces__rosidl_typesupport_fastrtps_cppExport.cmake
[0.447s] -- Up-to-date: /home/ollie/ros2_ws/install/action_interfaces/share/action_interfaces/cmake/export_action_interfaces__rosidl_typesupport_fastrtps_cppExport-noconfig.cmake
[0.447s] -- Up-to-date: /home/ollie/ros2_ws/install/action_interfaces/share/action_interfaces/cmake/action_interfaces__rosidl_typesupport_introspection_cppExport.cmake
[0.447s] -- Up-to-date: /home/ollie/ros2_ws/install/action_interfaces/share/action_interfaces/cmake/action_interfaces__rosidl_typesupport_introspection_cppExport-noconfig.cmake
[0.448s] -- Up-to-date: /home/ollie/ros2_ws/install/action_interfaces/share/action_interfaces/cmake/action_interfaces__rosidl_typesupport_cppExport.cmake
[0.448s] -- Up-to-date: /home/ollie/ros2_ws/install/action_interfaces/share/action_interfaces/cmake/action_interfaces__rosidl_typesupport_cppExport-noconfig.cmake
[0.448s] -- Up-to-date: /home/ollie/ros2_ws/install/action_interfaces/share/action_interfaces/cmake/export_action_interfaces__rosidl_generator_pyExport.cmake
[0.448s] -- Up-to-date: /home/ollie/ros2_ws/install/action_interfaces/share/action_interfaces/cmake/export_action_interfaces__rosidl_generator_pyExport-noconfig.cmake
[0.448s] -- Up-to-date: /home/ollie/ros2_ws/install/action_interfaces/share/action_interfaces/cmake/rosidl_cmake-extras.cmake
[0.448s] -- Up-to-date: /home/ollie/ros2_ws/install/action_interfaces/share/action_interfaces/cmake/ament_cmake_export_dependencies-extras.cmake
[0.448s] -- Up-to-date: /home/ollie/ros2_ws/install/action_interfaces/share/action_interfaces/cmake/ament_cmake_export_include_directories-extras.cmake
[0.448s] -- Up-to-date: /home/ollie/ros2_ws/install/action_interfaces/share/action_interfaces/cmake/ament_cmake_export_libraries-extras.cmake
[0.448s] -- Up-to-date: /home/ollie/ros2_ws/install/action_interfaces/share/action_interfaces/cmake/ament_cmake_export_targets-extras.cmake
[0.448s] -- Up-to-date: /home/ollie/ros2_ws/install/action_interfaces/share/action_interfaces/cmake/rosidl_cmake_export_typesupport_targets-extras.cmake
[0.448s] -- Up-to-date: /home/ollie/ros2_ws/install/action_interfaces/share/action_interfaces/cmake/rosidl_cmake_export_typesupport_libraries-extras.cmake
[0.448s] -- Up-to-date: /home/ollie/ros2_ws/install/action_interfaces/share/action_interfaces/cmake/action_interfacesConfig.cmake
[0.448s] -- Up-to-date: /home/ollie/ros2_ws/install/action_interfaces/share/action_interfaces/cmake/action_interfacesConfig-version.cmake
[0.449s] -- Up-to-date: /home/ollie/ros2_ws/install/action_interfaces/share/action_interfaces/package.xml
[0.452s] Invoked command in '/home/ollie/ros2_ws/build/action_interfaces' returned '0': /usr/bin/cmake --install /home/ollie/ros2_ws/build/action_interfaces
