[0.078s] DEBUG:colcon:Command line arguments: ['/usr/bin/colcon', 'build']
[0.078s] DEBUG:colcon:Parsed command line arguments: Namespace(log_base=None, log_level=None, verb_name='build', build_base='build', install_base='install', merge_install=False, symlink_install=False, test_result_base=None, continue_on_error=False, executor='parallel', parallel_workers=16, event_handlers=None, ignore_user_meta=False, metas=['./colcon.meta'], base_paths=['.'], packages_ignore=None, packages_ignore_regex=None, paths=None, packages_up_to=None, packages_up_to_regex=None, packages_above=None, packages_above_and_dependencies=None, packages_above_depth=None, packages_select_by_dep=None, packages_skip_by_dep=None, packages_skip_up_to=None, packages_select_build_failed=False, packages_skip_build_finished=False, packages_select_test_failures=False, packages_skip_test_passed=False, packages_select=None, packages_skip=None, packages_select_regex=None, packages_skip_regex=None, packages_start=None, packages_end=None, allow_overriding=[], cmake_args=None, cmake_target=None, cmake_target_skip_unavailable=False, cmake_clean_cache=False, cmake_clean_first=False, cmake_force_configure=False, ament_cmake_args=None, catkin_cmake_args=None, catkin_skip_building_tests=False, mixin_files=None, mixin=None, verb_parser=<colcon_mixin.mixin.mixin_argument.MixinArgumentDecorator object at 0x71b106820e20>, verb_extension=<colcon_core.verb.build.BuildVerb object at 0x71b106820880>, main=<bound method BuildVerb.main of <colcon_core.verb.build.BuildVerb object at 0x71b106820880>>, mixin_verb=('build',))
[0.371s] Level 1:colcon.colcon_core.package_discovery:discover_packages(colcon_meta) check parameters
[0.372s] Level 1:colcon.colcon_core.package_discovery:discover_packages(recursive) check parameters
[0.372s] Level 1:colcon.colcon_core.package_discovery:discover_packages(ignore) check parameters
[0.372s] Level 1:colcon.colcon_core.package_discovery:discover_packages(path) check parameters
[0.372s] Level 1:colcon.colcon_core.package_discovery:discover_packages(colcon_meta) discover
[0.372s] Level 1:colcon.colcon_core.package_discovery:discover_packages(recursive) discover
[0.372s] INFO:colcon.colcon_core.package_discovery:Crawling recursively for packages in '/home/ollie/ros2_ws'
[0.372s] Level 1:colcon.colcon_core.package_identification:_identify(.) by extensions ['ignore', 'ignore_ament_install']
[0.372s] Level 1:colcon.colcon_core.package_identification:_identify(.) by extension 'ignore'
[0.372s] Level 1:colcon.colcon_core.package_identification:_identify(.) by extension 'ignore_ament_install'
[0.372s] Level 1:colcon.colcon_core.package_identification:_identify(.) by extensions ['colcon_pkg']
[0.372s] Level 1:colcon.colcon_core.package_identification:_identify(.) by extension 'colcon_pkg'
[0.372s] Level 1:colcon.colcon_core.package_identification:_identify(.) by extensions ['colcon_meta']
[0.372s] Level 1:colcon.colcon_core.package_identification:_identify(.) by extension 'colcon_meta'
[0.372s] Level 1:colcon.colcon_core.package_identification:_identify(.) by extensions ['ros']
[0.372s] Level 1:colcon.colcon_core.package_identification:_identify(.) by extension 'ros'
[0.379s] Level 1:colcon.colcon_core.package_identification:_identify(.) by extensions ['cmake', 'python']
[0.379s] Level 1:colcon.colcon_core.package_identification:_identify(.) by extension 'cmake'
[0.380s] Level 1:colcon.colcon_core.package_identification:_identify(.) by extension 'python'
[0.380s] Level 1:colcon.colcon_core.package_identification:_identify(.) by extensions ['python_setup_py']
[0.380s] Level 1:colcon.colcon_core.package_identification:_identify(.) by extension 'python_setup_py'
[0.380s] Level 1:colcon.colcon_core.package_identification:_identify(build) by extensions ['ignore', 'ignore_ament_install']
[0.380s] Level 1:colcon.colcon_core.package_identification:_identify(build) by extension 'ignore'
[0.380s] Level 1:colcon.colcon_core.package_identification:_identify(build) ignored
[0.380s] Level 1:colcon.colcon_core.package_identification:_identify(install) by extensions ['ignore', 'ignore_ament_install']
[0.380s] Level 1:colcon.colcon_core.package_identification:_identify(install) by extension 'ignore'
[0.380s] Level 1:colcon.colcon_core.package_identification:_identify(install) ignored
[0.380s] Level 1:colcon.colcon_core.package_identification:_identify(log) by extensions ['ignore', 'ignore_ament_install']
[0.380s] Level 1:colcon.colcon_core.package_identification:_identify(log) by extension 'ignore'
[0.380s] Level 1:colcon.colcon_core.package_identification:_identify(log) ignored
[0.380s] Level 1:colcon.colcon_core.package_identification:_identify(src) by extensions ['ignore', 'ignore_ament_install']
[0.380s] Level 1:colcon.colcon_core.package_identification:_identify(src) by extension 'ignore'
[0.380s] Level 1:colcon.colcon_core.package_identification:_identify(src) by extension 'ignore_ament_install'
[0.380s] Level 1:colcon.colcon_core.package_identification:_identify(src) by extensions ['colcon_pkg']
[0.380s] Level 1:colcon.colcon_core.package_identification:_identify(src) by extension 'colcon_pkg'
[0.380s] Level 1:colcon.colcon_core.package_identification:_identify(src) by extensions ['colcon_meta']
[0.380s] Level 1:colcon.colcon_core.package_identification:_identify(src) by extension 'colcon_meta'
[0.380s] Level 1:colcon.colcon_core.package_identification:_identify(src) by extensions ['ros']
[0.381s] Level 1:colcon.colcon_core.package_identification:_identify(src) by extension 'ros'
[0.381s] Level 1:colcon.colcon_core.package_identification:_identify(src) by extensions ['cmake', 'python']
[0.381s] Level 1:colcon.colcon_core.package_identification:_identify(src) by extension 'cmake'
[0.381s] Level 1:colcon.colcon_core.package_identification:_identify(src) by extension 'python'
[0.381s] Level 1:colcon.colcon_core.package_identification:_identify(src) by extensions ['python_setup_py']
[0.381s] Level 1:colcon.colcon_core.package_identification:_identify(src) by extension 'python_setup_py'
[0.381s] Level 1:colcon.colcon_core.package_identification:_identify(src/action_interfaces) by extensions ['ignore', 'ignore_ament_install']
[0.381s] Level 1:colcon.colcon_core.package_identification:_identify(src/action_interfaces) by extension 'ignore'
[0.381s] Level 1:colcon.colcon_core.package_identification:_identify(src/action_interfaces) by extension 'ignore_ament_install'
[0.381s] Level 1:colcon.colcon_core.package_identification:_identify(src/action_interfaces) by extensions ['colcon_pkg']
[0.381s] Level 1:colcon.colcon_core.package_identification:_identify(src/action_interfaces) by extension 'colcon_pkg'
[0.381s] Level 1:colcon.colcon_core.package_identification:_identify(src/action_interfaces) by extensions ['colcon_meta']
[0.381s] Level 1:colcon.colcon_core.package_identification:_identify(src/action_interfaces) by extension 'colcon_meta'
[0.381s] Level 1:colcon.colcon_core.package_identification:_identify(src/action_interfaces) by extensions ['ros']
[0.381s] Level 1:colcon.colcon_core.package_identification:_identify(src/action_interfaces) by extension 'ros'
[0.398s] DEBUG:colcon.colcon_core.package_identification:Package 'src/action_interfaces' with type 'ros.ament_cmake' and name 'action_interfaces'
[0.398s] Level 1:colcon.colcon_core.package_identification:_identify(src/behavior_trees) by extensions ['ignore', 'ignore_ament_install']
[0.398s] Level 1:colcon.colcon_core.package_identification:_identify(src/behavior_trees) by extension 'ignore'
[0.398s] Level 1:colcon.colcon_core.package_identification:_identify(src/behavior_trees) by extension 'ignore_ament_install'
[0.398s] Level 1:colcon.colcon_core.package_identification:_identify(src/behavior_trees) by extensions ['colcon_pkg']
[0.398s] Level 1:colcon.colcon_core.package_identification:_identify(src/behavior_trees) by extension 'colcon_pkg'
[0.398s] Level 1:colcon.colcon_core.package_identification:_identify(src/behavior_trees) by extensions ['colcon_meta']
[0.398s] Level 1:colcon.colcon_core.package_identification:_identify(src/behavior_trees) by extension 'colcon_meta'
[0.398s] Level 1:colcon.colcon_core.package_identification:_identify(src/behavior_trees) by extensions ['ros']
[0.398s] Level 1:colcon.colcon_core.package_identification:_identify(src/behavior_trees) by extension 'ros'
[0.399s] DEBUG:colcon.colcon_core.package_identification:Package 'src/behavior_trees' with type 'ros.ament_python' and name 'behavior_trees'
[0.399s] Level 1:colcon.colcon_core.package_identification:_identify(src/recovery_pipeline) by extensions ['ignore', 'ignore_ament_install']
[0.399s] Level 1:colcon.colcon_core.package_identification:_identify(src/recovery_pipeline) by extension 'ignore'
[0.399s] Level 1:colcon.colcon_core.package_identification:_identify(src/recovery_pipeline) by extension 'ignore_ament_install'
[0.399s] Level 1:colcon.colcon_core.package_identification:_identify(src/recovery_pipeline) by extensions ['colcon_pkg']
[0.399s] Level 1:colcon.colcon_core.package_identification:_identify(src/recovery_pipeline) by extension 'colcon_pkg'
[0.399s] Level 1:colcon.colcon_core.package_identification:_identify(src/recovery_pipeline) by extensions ['colcon_meta']
[0.399s] Level 1:colcon.colcon_core.package_identification:_identify(src/recovery_pipeline) by extension 'colcon_meta'
[0.399s] Level 1:colcon.colcon_core.package_identification:_identify(src/recovery_pipeline) by extensions ['ros']
[0.399s] Level 1:colcon.colcon_core.package_identification:_identify(src/recovery_pipeline) by extension 'ros'
[0.400s] DEBUG:colcon.colcon_core.package_identification:Package 'src/recovery_pipeline' with type 'ros.ament_python' and name 'recovery_pipeline'
[0.400s] Level 1:colcon.colcon_core.package_identification:_identify(src/turtlebot3_simulations) by extensions ['ignore', 'ignore_ament_install']
[0.400s] Level 1:colcon.colcon_core.package_identification:_identify(src/turtlebot3_simulations) by extension 'ignore'
[0.400s] Level 1:colcon.colcon_core.package_identification:_identify(src/turtlebot3_simulations) by extension 'ignore_ament_install'
[0.400s] Level 1:colcon.colcon_core.package_identification:_identify(src/turtlebot3_simulations) by extensions ['colcon_pkg']
[0.400s] Level 1:colcon.colcon_core.package_identification:_identify(src/turtlebot3_simulations) by extension 'colcon_pkg'
[0.400s] Level 1:colcon.colcon_core.package_identification:_identify(src/turtlebot3_simulations) by extensions ['colcon_meta']
[0.400s] Level 1:colcon.colcon_core.package_identification:_identify(src/turtlebot3_simulations) by extension 'colcon_meta'
[0.400s] Level 1:colcon.colcon_core.package_identification:_identify(src/turtlebot3_simulations) by extensions ['ros']
[0.400s] Level 1:colcon.colcon_core.package_identification:_identify(src/turtlebot3_simulations) by extension 'ros'
[0.400s] Level 1:colcon.colcon_core.package_identification:_identify(src/turtlebot3_simulations) by extensions ['cmake', 'python']
[0.400s] Level 1:colcon.colcon_core.package_identification:_identify(src/turtlebot3_simulations) by extension 'cmake'
[0.400s] Level 1:colcon.colcon_core.package_identification:_identify(src/turtlebot3_simulations) by extension 'python'
[0.400s] Level 1:colcon.colcon_core.package_identification:_identify(src/turtlebot3_simulations) by extensions ['python_setup_py']
[0.400s] Level 1:colcon.colcon_core.package_identification:_identify(src/turtlebot3_simulations) by extension 'python_setup_py'
[0.400s] Level 1:colcon.colcon_core.package_identification:_identify(src/turtlebot3_simulations/turtlebot3_fake_node) by extensions ['ignore', 'ignore_ament_install']
[0.400s] Level 1:colcon.colcon_core.package_identification:_identify(src/turtlebot3_simulations/turtlebot3_fake_node) by extension 'ignore'
[0.400s] Level 1:colcon.colcon_core.package_identification:_identify(src/turtlebot3_simulations/turtlebot3_fake_node) by extension 'ignore_ament_install'
[0.401s] Level 1:colcon.colcon_core.package_identification:_identify(src/turtlebot3_simulations/turtlebot3_fake_node) by extensions ['colcon_pkg']
[0.401s] Level 1:colcon.colcon_core.package_identification:_identify(src/turtlebot3_simulations/turtlebot3_fake_node) by extension 'colcon_pkg'
[0.401s] Level 1:colcon.colcon_core.package_identification:_identify(src/turtlebot3_simulations/turtlebot3_fake_node) by extensions ['colcon_meta']
[0.401s] Level 1:colcon.colcon_core.package_identification:_identify(src/turtlebot3_simulations/turtlebot3_fake_node) by extension 'colcon_meta'
[0.401s] Level 1:colcon.colcon_core.package_identification:_identify(src/turtlebot3_simulations/turtlebot3_fake_node) by extensions ['ros']
[0.401s] Level 1:colcon.colcon_core.package_identification:_identify(src/turtlebot3_simulations/turtlebot3_fake_node) by extension 'ros'
[0.401s] DEBUG:colcon.colcon_core.package_identification:Package 'src/turtlebot3_simulations/turtlebot3_fake_node' with type 'ros.ament_cmake' and name 'turtlebot3_fake_node'
[0.402s] Level 1:colcon.colcon_core.package_identification:_identify(src/turtlebot3_simulations/turtlebot3_gazebo) by extensions ['ignore', 'ignore_ament_install']
[0.402s] Level 1:colcon.colcon_core.package_identification:_identify(src/turtlebot3_simulations/turtlebot3_gazebo) by extension 'ignore'
[0.402s] Level 1:colcon.colcon_core.package_identification:_identify(src/turtlebot3_simulations/turtlebot3_gazebo) by extension 'ignore_ament_install'
[0.402s] Level 1:colcon.colcon_core.package_identification:_identify(src/turtlebot3_simulations/turtlebot3_gazebo) by extensions ['colcon_pkg']
[0.402s] Level 1:colcon.colcon_core.package_identification:_identify(src/turtlebot3_simulations/turtlebot3_gazebo) by extension 'colcon_pkg'
[0.402s] Level 1:colcon.colcon_core.package_identification:_identify(src/turtlebot3_simulations/turtlebot3_gazebo) by extensions ['colcon_meta']
[0.402s] Level 1:colcon.colcon_core.package_identification:_identify(src/turtlebot3_simulations/turtlebot3_gazebo) by extension 'colcon_meta'
[0.402s] Level 1:colcon.colcon_core.package_identification:_identify(src/turtlebot3_simulations/turtlebot3_gazebo) by extensions ['ros']
[0.402s] Level 1:colcon.colcon_core.package_identification:_identify(src/turtlebot3_simulations/turtlebot3_gazebo) by extension 'ros'
[0.402s] DEBUG:colcon.colcon_core.package_identification:Package 'src/turtlebot3_simulations/turtlebot3_gazebo' with type 'ros.ament_cmake' and name 'turtlebot3_gazebo'
[0.403s] Level 1:colcon.colcon_core.package_identification:_identify(src/turtlebot3_simulations/turtlebot3_simulations) by extensions ['ignore', 'ignore_ament_install']
[0.403s] Level 1:colcon.colcon_core.package_identification:_identify(src/turtlebot3_simulations/turtlebot3_simulations) by extension 'ignore'
[0.403s] Level 1:colcon.colcon_core.package_identification:_identify(src/turtlebot3_simulations/turtlebot3_simulations) by extension 'ignore_ament_install'
[0.403s] Level 1:colcon.colcon_core.package_identification:_identify(src/turtlebot3_simulations/turtlebot3_simulations) by extensions ['colcon_pkg']
[0.403s] Level 1:colcon.colcon_core.package_identification:_identify(src/turtlebot3_simulations/turtlebot3_simulations) by extension 'colcon_pkg'
[0.403s] Level 1:colcon.colcon_core.package_identification:_identify(src/turtlebot3_simulations/turtlebot3_simulations) by extensions ['colcon_meta']
[0.403s] Level 1:colcon.colcon_core.package_identification:_identify(src/turtlebot3_simulations/turtlebot3_simulations) by extension 'colcon_meta'
[0.403s] Level 1:colcon.colcon_core.package_identification:_identify(src/turtlebot3_simulations/turtlebot3_simulations) by extensions ['ros']
[0.403s] Level 1:colcon.colcon_core.package_identification:_identify(src/turtlebot3_simulations/turtlebot3_simulations) by extension 'ros'
[0.403s] DEBUG:colcon.colcon_core.package_identification:Package 'src/turtlebot3_simulations/turtlebot3_simulations' with type 'ros.ament_cmake' and name 'turtlebot3_simulations'
[0.403s] Level 1:colcon.colcon_core.package_discovery:discover_packages(recursive) using defaults
[0.403s] Level 1:colcon.colcon_core.package_discovery:discover_packages(ignore) discover
[0.403s] Level 1:colcon.colcon_core.package_discovery:discover_packages(ignore) using defaults
[0.403s] Level 1:colcon.colcon_core.package_discovery:discover_packages(path) discover
[0.404s] Level 1:colcon.colcon_core.package_discovery:discover_packages(path) using defaults
[0.419s] Level 1:colcon.colcon_core.package_discovery:discover_packages(prefix_path) check parameters
[0.419s] Level 1:colcon.colcon_core.package_discovery:discover_packages(prefix_path) discover
[0.420s] Level 1:colcon.colcon_core.package_discovery:discover_packages(prefix_path) using defaults
[0.421s] Level 5:colcon.colcon_core.verb:set package 'action_interfaces' build argument 'cmake_args' from command line to 'None'
[0.421s] Level 5:colcon.colcon_core.verb:set package 'action_interfaces' build argument 'cmake_target' from command line to 'None'
[0.421s] Level 5:colcon.colcon_core.verb:set package 'action_interfaces' build argument 'cmake_target_skip_unavailable' from command line to 'False'
[0.421s] Level 5:colcon.colcon_core.verb:set package 'action_interfaces' build argument 'cmake_clean_cache' from command line to 'False'
[0.421s] Level 5:colcon.colcon_core.verb:set package 'action_interfaces' build argument 'cmake_clean_first' from command line to 'False'
[0.421s] Level 5:colcon.colcon_core.verb:set package 'action_interfaces' build argument 'cmake_force_configure' from command line to 'False'
[0.421s] Level 5:colcon.colcon_core.verb:set package 'action_interfaces' build argument 'ament_cmake_args' from command line to 'None'
[0.421s] Level 5:colcon.colcon_core.verb:set package 'action_interfaces' build argument 'catkin_cmake_args' from command line to 'None'
[0.421s] Level 5:colcon.colcon_core.verb:set package 'action_interfaces' build argument 'catkin_skip_building_tests' from command line to 'False'
[0.421s] DEBUG:colcon.colcon_core.verb:Building package 'action_interfaces' with the following arguments: {'ament_cmake_args': None, 'build_base': '/home/ollie/ros2_ws/build/action_interfaces', 'catkin_cmake_args': None, 'catkin_skip_building_tests': False, 'cmake_args': None, 'cmake_clean_cache': False, 'cmake_clean_first': False, 'cmake_force_configure': False, 'cmake_target': None, 'cmake_target_skip_unavailable': False, 'install_base': '/home/ollie/ros2_ws/install/action_interfaces', 'merge_install': False, 'path': '/home/ollie/ros2_ws/src/action_interfaces', 'symlink_install': False, 'test_result_base': None}
[0.421s] Level 5:colcon.colcon_core.verb:set package 'behavior_trees' build argument 'cmake_args' from command line to 'None'
[0.421s] Level 5:colcon.colcon_core.verb:set package 'behavior_trees' build argument 'cmake_target' from command line to 'None'
[0.421s] Level 5:colcon.colcon_core.verb:set package 'behavior_trees' build argument 'cmake_target_skip_unavailable' from command line to 'False'
[0.421s] Level 5:colcon.colcon_core.verb:set package 'behavior_trees' build argument 'cmake_clean_cache' from command line to 'False'
[0.421s] Level 5:colcon.colcon_core.verb:set package 'behavior_trees' build argument 'cmake_clean_first' from command line to 'False'
[0.421s] Level 5:colcon.colcon_core.verb:set package 'behavior_trees' build argument 'cmake_force_configure' from command line to 'False'
[0.421s] Level 5:colcon.colcon_core.verb:set package 'behavior_trees' build argument 'ament_cmake_args' from command line to 'None'
[0.421s] Level 5:colcon.colcon_core.verb:set package 'behavior_trees' build argument 'catkin_cmake_args' from command line to 'None'
[0.421s] Level 5:colcon.colcon_core.verb:set package 'behavior_trees' build argument 'catkin_skip_building_tests' from command line to 'False'
[0.421s] DEBUG:colcon.colcon_core.verb:Building package 'behavior_trees' with the following arguments: {'ament_cmake_args': None, 'build_base': '/home/ollie/ros2_ws/build/behavior_trees', 'catkin_cmake_args': None, 'catkin_skip_building_tests': False, 'cmake_args': None, 'cmake_clean_cache': False, 'cmake_clean_first': False, 'cmake_force_configure': False, 'cmake_target': None, 'cmake_target_skip_unavailable': False, 'install_base': '/home/ollie/ros2_ws/install/behavior_trees', 'merge_install': False, 'path': '/home/ollie/ros2_ws/src/behavior_trees', 'symlink_install': False, 'test_result_base': None}
[0.421s] Level 5:colcon.colcon_core.verb:set package 'recovery_pipeline' build argument 'cmake_args' from command line to 'None'
[0.421s] Level 5:colcon.colcon_core.verb:set package 'recovery_pipeline' build argument 'cmake_target' from command line to 'None'
[0.421s] Level 5:colcon.colcon_core.verb:set package 'recovery_pipeline' build argument 'cmake_target_skip_unavailable' from command line to 'False'
[0.421s] Level 5:colcon.colcon_core.verb:set package 'recovery_pipeline' build argument 'cmake_clean_cache' from command line to 'False'
[0.421s] Level 5:colcon.colcon_core.verb:set package 'recovery_pipeline' build argument 'cmake_clean_first' from command line to 'False'
[0.421s] Level 5:colcon.colcon_core.verb:set package 'recovery_pipeline' build argument 'cmake_force_configure' from command line to 'False'
[0.422s] Level 5:colcon.colcon_core.verb:set package 'recovery_pipeline' build argument 'ament_cmake_args' from command line to 'None'
[0.422s] Level 5:colcon.colcon_core.verb:set package 'recovery_pipeline' build argument 'catkin_cmake_args' from command line to 'None'
[0.422s] Level 5:colcon.colcon_core.verb:set package 'recovery_pipeline' build argument 'catkin_skip_building_tests' from command line to 'False'
[0.422s] DEBUG:colcon.colcon_core.verb:Building package 'recovery_pipeline' with the following arguments: {'ament_cmake_args': None, 'build_base': '/home/ollie/ros2_ws/build/recovery_pipeline', 'catkin_cmake_args': None, 'catkin_skip_building_tests': False, 'cmake_args': None, 'cmake_clean_cache': False, 'cmake_clean_first': False, 'cmake_force_configure': False, 'cmake_target': None, 'cmake_target_skip_unavailable': False, 'install_base': '/home/ollie/ros2_ws/install/recovery_pipeline', 'merge_install': False, 'path': '/home/ollie/ros2_ws/src/recovery_pipeline', 'symlink_install': False, 'test_result_base': None}
[0.422s] Level 5:colcon.colcon_core.verb:set package 'turtlebot3_fake_node' build argument 'cmake_args' from command line to 'None'
[0.422s] Level 5:colcon.colcon_core.verb:set package 'turtlebot3_fake_node' build argument 'cmake_target' from command line to 'None'
[0.422s] Level 5:colcon.colcon_core.verb:set package 'turtlebot3_fake_node' build argument 'cmake_target_skip_unavailable' from command line to 'False'
[0.422s] Level 5:colcon.colcon_core.verb:set package 'turtlebot3_fake_node' build argument 'cmake_clean_cache' from command line to 'False'
[0.422s] Level 5:colcon.colcon_core.verb:set package 'turtlebot3_fake_node' build argument 'cmake_clean_first' from command line to 'False'
[0.422s] Level 5:colcon.colcon_core.verb:set package 'turtlebot3_fake_node' build argument 'cmake_force_configure' from command line to 'False'
[0.422s] Level 5:colcon.colcon_core.verb:set package 'turtlebot3_fake_node' build argument 'ament_cmake_args' from command line to 'None'
[0.422s] Level 5:colcon.colcon_core.verb:set package 'turtlebot3_fake_node' build argument 'catkin_cmake_args' from command line to 'None'
[0.422s] Level 5:colcon.colcon_core.verb:set package 'turtlebot3_fake_node' build argument 'catkin_skip_building_tests' from command line to 'False'
[0.422s] DEBUG:colcon.colcon_core.verb:Building package 'turtlebot3_fake_node' with the following arguments: {'ament_cmake_args': None, 'build_base': '/home/ollie/ros2_ws/build/turtlebot3_fake_node', 'catkin_cmake_args': None, 'catkin_skip_building_tests': False, 'cmake_args': None, 'cmake_clean_cache': False, 'cmake_clean_first': False, 'cmake_force_configure': False, 'cmake_target': None, 'cmake_target_skip_unavailable': False, 'install_base': '/home/ollie/ros2_ws/install/turtlebot3_fake_node', 'merge_install': False, 'path': '/home/ollie/ros2_ws/src/turtlebot3_simulations/turtlebot3_fake_node', 'symlink_install': False, 'test_result_base': None}
[0.422s] Level 5:colcon.colcon_core.verb:set package 'turtlebot3_gazebo' build argument 'cmake_args' from command line to 'None'
[0.422s] Level 5:colcon.colcon_core.verb:set package 'turtlebot3_gazebo' build argument 'cmake_target' from command line to 'None'
[0.422s] Level 5:colcon.colcon_core.verb:set package 'turtlebot3_gazebo' build argument 'cmake_target_skip_unavailable' from command line to 'False'
[0.422s] Level 5:colcon.colcon_core.verb:set package 'turtlebot3_gazebo' build argument 'cmake_clean_cache' from command line to 'False'
[0.422s] Level 5:colcon.colcon_core.verb:set package 'turtlebot3_gazebo' build argument 'cmake_clean_first' from command line to 'False'
[0.422s] Level 5:colcon.colcon_core.verb:set package 'turtlebot3_gazebo' build argument 'cmake_force_configure' from command line to 'False'
[0.422s] Level 5:colcon.colcon_core.verb:set package 'turtlebot3_gazebo' build argument 'ament_cmake_args' from command line to 'None'
[0.422s] Level 5:colcon.colcon_core.verb:set package 'turtlebot3_gazebo' build argument 'catkin_cmake_args' from command line to 'None'
[0.422s] Level 5:colcon.colcon_core.verb:set package 'turtlebot3_gazebo' build argument 'catkin_skip_building_tests' from command line to 'False'
[0.422s] DEBUG:colcon.colcon_core.verb:Building package 'turtlebot3_gazebo' with the following arguments: {'ament_cmake_args': None, 'build_base': '/home/ollie/ros2_ws/build/turtlebot3_gazebo', 'catkin_cmake_args': None, 'catkin_skip_building_tests': False, 'cmake_args': None, 'cmake_clean_cache': False, 'cmake_clean_first': False, 'cmake_force_configure': False, 'cmake_target': None, 'cmake_target_skip_unavailable': False, 'install_base': '/home/ollie/ros2_ws/install/turtlebot3_gazebo', 'merge_install': False, 'path': '/home/ollie/ros2_ws/src/turtlebot3_simulations/turtlebot3_gazebo', 'symlink_install': False, 'test_result_base': None}
[0.422s] Level 5:colcon.colcon_core.verb:set package 'turtlebot3_simulations' build argument 'cmake_args' from command line to 'None'
[0.423s] Level 5:colcon.colcon_core.verb:set package 'turtlebot3_simulations' build argument 'cmake_target' from command line to 'None'
[0.423s] Level 5:colcon.colcon_core.verb:set package 'turtlebot3_simulations' build argument 'cmake_target_skip_unavailable' from command line to 'False'
[0.423s] Level 5:colcon.colcon_core.verb:set package 'turtlebot3_simulations' build argument 'cmake_clean_cache' from command line to 'False'
[0.423s] Level 5:colcon.colcon_core.verb:set package 'turtlebot3_simulations' build argument 'cmake_clean_first' from command line to 'False'
[0.423s] Level 5:colcon.colcon_core.verb:set package 'turtlebot3_simulations' build argument 'cmake_force_configure' from command line to 'False'
[0.423s] Level 5:colcon.colcon_core.verb:set package 'turtlebot3_simulations' build argument 'ament_cmake_args' from command line to 'None'
[0.423s] Level 5:colcon.colcon_core.verb:set package 'turtlebot3_simulations' build argument 'catkin_cmake_args' from command line to 'None'
[0.423s] Level 5:colcon.colcon_core.verb:set package 'turtlebot3_simulations' build argument 'catkin_skip_building_tests' from command line to 'False'
[0.423s] DEBUG:colcon.colcon_core.verb:Building package 'turtlebot3_simulations' with the following arguments: {'ament_cmake_args': None, 'build_base': '/home/ollie/ros2_ws/build/turtlebot3_simulations', 'catkin_cmake_args': None, 'catkin_skip_building_tests': False, 'cmake_args': None, 'cmake_clean_cache': False, 'cmake_clean_first': False, 'cmake_force_configure': False, 'cmake_target': None, 'cmake_target_skip_unavailable': False, 'install_base': '/home/ollie/ros2_ws/install/turtlebot3_simulations', 'merge_install': False, 'path': '/home/ollie/ros2_ws/src/turtlebot3_simulations/turtlebot3_simulations', 'symlink_install': False, 'test_result_base': None}
[0.423s] INFO:colcon.colcon_core.executor:Executing jobs using 'parallel' executor
[0.423s] DEBUG:colcon.colcon_parallel_executor.executor.parallel:run_until_complete
[0.424s] INFO:colcon.colcon_ros.task.ament_cmake.build:Building ROS package in '/home/ollie/ros2_ws/src/turtlebot3_simulations/turtlebot3_fake_node' with build type 'ament_cmake'
[0.424s] INFO:colcon.colcon_cmake.task.cmake.build:Building CMake package in '/home/ollie/ros2_ws/src/turtlebot3_simulations/turtlebot3_fake_node'
[0.426s] INFO:colcon.colcon_core.plugin_system:Skipping extension 'colcon_core.shell.bat': Not used on non-Windows systems
[0.426s] INFO:colcon.colcon_core.shell:Skip shell extension 'powershell' for command environment: Not usable outside of PowerShell
[0.426s] DEBUG:colcon.colcon_core.shell:Skip shell extension 'dsv' for command environment
[0.427s] INFO:colcon.colcon_ros.task.ament_cmake.build:Building ROS package in '/home/ollie/ros2_ws/src/turtlebot3_simulations/turtlebot3_gazebo' with build type 'ament_cmake'
[0.427s] INFO:colcon.colcon_cmake.task.cmake.build:Building CMake package in '/home/ollie/ros2_ws/src/turtlebot3_simulations/turtlebot3_gazebo'
[0.427s] INFO:colcon.colcon_core.shell:Skip shell extension 'powershell' for command environment: Not usable outside of PowerShell
[0.427s] DEBUG:colcon.colcon_core.shell:Skip shell extension 'dsv' for command environment
[0.428s] INFO:colcon.colcon_ros.task.ament_cmake.build:Building ROS package in '/home/ollie/ros2_ws/src/action_interfaces' with build type 'ament_cmake'
[0.428s] INFO:colcon.colcon_cmake.task.cmake.build:Building CMake package in '/home/ollie/ros2_ws/src/action_interfaces'
[0.428s] INFO:colcon.colcon_core.shell:Skip shell extension 'powershell' for command environment: Not usable outside of PowerShell
[0.428s] DEBUG:colcon.colcon_core.shell:Skip shell extension 'dsv' for command environment
[0.428s] INFO:colcon.colcon_ros.task.ament_python.build:Building ROS package in '/home/ollie/ros2_ws/src/behavior_trees' with build type 'ament_python'
[0.429s] Level 1:colcon.colcon_core.shell:create_environment_hook('behavior_trees', 'ament_prefix_path')
[0.429s] INFO:colcon.colcon_core.shell:Creating environment hook '/home/ollie/ros2_ws/install/behavior_trees/share/behavior_trees/hook/ament_prefix_path.ps1'
[0.429s] INFO:colcon.colcon_core.shell:Creating environment descriptor '/home/ollie/ros2_ws/install/behavior_trees/share/behavior_trees/hook/ament_prefix_path.dsv'
[0.429s] INFO:colcon.colcon_core.shell:Creating environment hook '/home/ollie/ros2_ws/install/behavior_trees/share/behavior_trees/hook/ament_prefix_path.sh'
[0.430s] INFO:colcon.colcon_core.shell:Skip shell extension 'powershell' for command environment: Not usable outside of PowerShell
[0.430s] DEBUG:colcon.colcon_core.shell:Skip shell extension 'dsv' for command environment
[0.431s] INFO:colcon.colcon_ros.task.ament_python.build:Building ROS package in '/home/ollie/ros2_ws/src/recovery_pipeline' with build type 'ament_python'
[0.431s] Level 1:colcon.colcon_core.shell:create_environment_hook('recovery_pipeline', 'ament_prefix_path')
[0.431s] INFO:colcon.colcon_core.shell:Creating environment hook '/home/ollie/ros2_ws/install/recovery_pipeline/share/recovery_pipeline/hook/ament_prefix_path.ps1'
[0.431s] INFO:colcon.colcon_core.shell:Creating environment descriptor '/home/ollie/ros2_ws/install/recovery_pipeline/share/recovery_pipeline/hook/ament_prefix_path.dsv'
[0.431s] INFO:colcon.colcon_core.shell:Creating environment hook '/home/ollie/ros2_ws/install/recovery_pipeline/share/recovery_pipeline/hook/ament_prefix_path.sh'
[0.432s] INFO:colcon.colcon_core.shell:Skip shell extension 'powershell' for command environment: Not usable outside of PowerShell
[0.432s] DEBUG:colcon.colcon_core.shell:Skip shell extension 'dsv' for command environment
[0.442s] DEBUG:colcon.colcon_core.event_handler.log_command:Invoking command in '/home/ollie/ros2_ws/build/turtlebot3_fake_node': /usr/bin/cmake --build /home/ollie/ros2_ws/build/turtlebot3_fake_node -- -j16 -l16
[0.465s] DEBUG:colcon.colcon_core.event_handler.log_command:Invoking command in '/home/ollie/ros2_ws/build/turtlebot3_gazebo': /usr/bin/cmake --build /home/ollie/ros2_ws/build/turtlebot3_gazebo -- -j16 -l16
[0.499s] DEBUG:colcon.colcon_core.event_handler.log_command:Invoking command in '/home/ollie/ros2_ws/build/action_interfaces': /usr/bin/cmake --build /home/ollie/ros2_ws/build/action_interfaces -- -j16 -l16
[0.640s] INFO:colcon.colcon_core.task.python.build:Building Python package in '/home/ollie/ros2_ws/src/behavior_trees'
[0.640s] INFO:colcon.colcon_core.shell:Skip shell extension 'powershell' for command environment: Not usable outside of PowerShell
[0.640s] DEBUG:colcon.colcon_core.shell:Skip shell extension 'dsv' for command environment
[0.784s] INFO:colcon.colcon_core.task.python.build:Building Python package in '/home/ollie/ros2_ws/src/recovery_pipeline'
[0.784s] INFO:colcon.colcon_core.shell:Skip shell extension 'powershell' for command environment: Not usable outside of PowerShell
[0.784s] DEBUG:colcon.colcon_core.shell:Skip shell extension 'dsv' for command environment
[0.786s] DEBUG:colcon.colcon_core.event_handler.log_command:Invoked command in '/home/ollie/ros2_ws/build/turtlebot3_fake_node' returned '0': /usr/bin/cmake --build /home/ollie/ros2_ws/build/turtlebot3_fake_node -- -j16 -l16
[0.789s] DEBUG:colcon.colcon_core.event_handler.log_command:Invoked command in '/home/ollie/ros2_ws/build/turtlebot3_gazebo' returned '0': /usr/bin/cmake --build /home/ollie/ros2_ws/build/turtlebot3_gazebo -- -j16 -l16
[0.808s] DEBUG:colcon.colcon_core.event_handler.log_command:Invoking command in '/home/ollie/ros2_ws/build/turtlebot3_fake_node': /usr/bin/cmake --install /home/ollie/ros2_ws/build/turtlebot3_fake_node
[0.811s] DEBUG:colcon.colcon_core.event_handler.log_command:Invoking command in '/home/ollie/ros2_ws/build/turtlebot3_gazebo': /usr/bin/cmake --install /home/ollie/ros2_ws/build/turtlebot3_gazebo
[0.850s] Level 1:colcon.colcon_core.environment:create_environment_scripts_only(turtlebot3_fake_node)
[0.850s] DEBUG:colcon.colcon_core.event_handler.log_command:Invoked command in '/home/ollie/ros2_ws/build/turtlebot3_fake_node' returned '0': /usr/bin/cmake --install /home/ollie/ros2_ws/build/turtlebot3_fake_node
[0.852s] Level 1:colcon.colcon_core.environment:checking '/home/ollie/ros2_ws/install/turtlebot3_fake_node' for CMake module files
[0.853s] Level 1:colcon.colcon_core.environment:checking '/home/ollie/ros2_ws/install/turtlebot3_fake_node' for CMake config files
[0.853s] Level 1:colcon.colcon_core.shell:create_environment_hook('turtlebot3_fake_node', 'cmake_prefix_path')
[0.853s] INFO:colcon.colcon_core.shell:Creating environment hook '/home/ollie/ros2_ws/install/turtlebot3_fake_node/share/turtlebot3_fake_node/hook/cmake_prefix_path.ps1'
[0.853s] INFO:colcon.colcon_core.shell:Creating environment descriptor '/home/ollie/ros2_ws/install/turtlebot3_fake_node/share/turtlebot3_fake_node/hook/cmake_prefix_path.dsv'
[0.854s] INFO:colcon.colcon_core.shell:Creating environment hook '/home/ollie/ros2_ws/install/turtlebot3_fake_node/share/turtlebot3_fake_node/hook/cmake_prefix_path.sh'
[0.854s] Level 1:colcon.colcon_core.environment:checking '/home/ollie/ros2_ws/install/turtlebot3_fake_node/lib'
[0.854s] Level 1:colcon.colcon_core.environment:checking '/home/ollie/ros2_ws/install/turtlebot3_fake_node/bin'
[0.854s] Level 1:colcon.colcon_core.environment:checking '/home/ollie/ros2_ws/install/turtlebot3_fake_node/lib/pkgconfig/turtlebot3_fake_node.pc'
[0.854s] Level 1:colcon.colcon_core.environment:checking '/home/ollie/ros2_ws/install/turtlebot3_fake_node/lib/python3.10/site-packages'
[0.854s] Level 1:colcon.colcon_core.environment:checking '/home/ollie/ros2_ws/install/turtlebot3_fake_node/bin'
[0.855s] INFO:colcon.colcon_core.shell:Creating package script '/home/ollie/ros2_ws/install/turtlebot3_fake_node/share/turtlebot3_fake_node/package.ps1'
[0.855s] INFO:colcon.colcon_core.shell:Creating package descriptor '/home/ollie/ros2_ws/install/turtlebot3_fake_node/share/turtlebot3_fake_node/package.dsv'
[0.856s] INFO:colcon.colcon_core.shell:Creating package script '/home/ollie/ros2_ws/install/turtlebot3_fake_node/share/turtlebot3_fake_node/package.sh'
[0.856s] INFO:colcon.colcon_core.shell:Creating package script '/home/ollie/ros2_ws/install/turtlebot3_fake_node/share/turtlebot3_fake_node/package.bash'
[0.878s] INFO:colcon.colcon_core.shell:Creating package script '/home/ollie/ros2_ws/install/turtlebot3_fake_node/share/turtlebot3_fake_node/package.zsh'
[0.879s] Level 1:colcon.colcon_core.environment:create_file_with_runtime_dependencies(/home/ollie/ros2_ws/install/turtlebot3_fake_node/share/colcon-core/packages/turtlebot3_fake_node)
[0.896s] Level 1:colcon.colcon_core.environment:create_environment_scripts_only(turtlebot3_fake_node)
[0.896s] Level 1:colcon.colcon_core.environment:checking '/home/ollie/ros2_ws/install/turtlebot3_fake_node' for CMake module files
[0.896s] Level 1:colcon.colcon_core.environment:checking '/home/ollie/ros2_ws/install/turtlebot3_fake_node' for CMake config files
[0.897s] Level 1:colcon.colcon_core.shell:create_environment_hook('turtlebot3_fake_node', 'cmake_prefix_path')
[0.897s] INFO:colcon.colcon_core.shell:Creating environment hook '/home/ollie/ros2_ws/install/turtlebot3_fake_node/share/turtlebot3_fake_node/hook/cmake_prefix_path.ps1'
[0.897s] INFO:colcon.colcon_core.shell:Creating environment descriptor '/home/ollie/ros2_ws/install/turtlebot3_fake_node/share/turtlebot3_fake_node/hook/cmake_prefix_path.dsv'
[0.897s] INFO:colcon.colcon_core.shell:Creating environment hook '/home/ollie/ros2_ws/install/turtlebot3_fake_node/share/turtlebot3_fake_node/hook/cmake_prefix_path.sh'
[0.898s] Level 1:colcon.colcon_core.environment:checking '/home/ollie/ros2_ws/install/turtlebot3_fake_node/lib'
[0.898s] Level 1:colcon.colcon_core.environment:checking '/home/ollie/ros2_ws/install/turtlebot3_fake_node/bin'
[0.898s] Level 1:colcon.colcon_core.environment:checking '/home/ollie/ros2_ws/install/turtlebot3_fake_node/lib/pkgconfig/turtlebot3_fake_node.pc'
[0.898s] Level 1:colcon.colcon_core.environment:checking '/home/ollie/ros2_ws/install/turtlebot3_fake_node/lib/python3.10/site-packages'
[0.898s] Level 1:colcon.colcon_core.environment:checking '/home/ollie/ros2_ws/install/turtlebot3_fake_node/bin'
[0.898s] INFO:colcon.colcon_core.shell:Creating package script '/home/ollie/ros2_ws/install/turtlebot3_fake_node/share/turtlebot3_fake_node/package.ps1'
[0.898s] INFO:colcon.colcon_core.shell:Creating package descriptor '/home/ollie/ros2_ws/install/turtlebot3_fake_node/share/turtlebot3_fake_node/package.dsv'
[0.899s] INFO:colcon.colcon_core.shell:Creating package script '/home/ollie/ros2_ws/install/turtlebot3_fake_node/share/turtlebot3_fake_node/package.sh'
[0.899s] INFO:colcon.colcon_core.shell:Creating package script '/home/ollie/ros2_ws/install/turtlebot3_fake_node/share/turtlebot3_fake_node/package.bash'
[0.907s] INFO:colcon.colcon_core.shell:Creating package script '/home/ollie/ros2_ws/install/turtlebot3_fake_node/share/turtlebot3_fake_node/package.zsh'
[0.907s] Level 1:colcon.colcon_core.environment:create_file_with_runtime_dependencies(/home/ollie/ros2_ws/install/turtlebot3_fake_node/share/colcon-core/packages/turtlebot3_fake_node)
[0.914s] Level 1:colcon.colcon_core.environment:create_environment_scripts_only(turtlebot3_gazebo)
[0.914s] Level 1:colcon.colcon_core.environment:checking '/home/ollie/ros2_ws/install/turtlebot3_gazebo' for CMake module files
[0.915s] Level 1:colcon.colcon_core.environment:checking '/home/ollie/ros2_ws/install/turtlebot3_gazebo' for CMake config files
[0.916s] Level 1:colcon.colcon_core.shell:create_environment_hook('turtlebot3_gazebo', 'cmake_prefix_path')
[0.916s] INFO:colcon.colcon_core.shell:Creating environment hook '/home/ollie/ros2_ws/install/turtlebot3_gazebo/share/turtlebot3_gazebo/hook/cmake_prefix_path.ps1'
[0.916s] INFO:colcon.colcon_core.shell:Creating environment descriptor '/home/ollie/ros2_ws/install/turtlebot3_gazebo/share/turtlebot3_gazebo/hook/cmake_prefix_path.dsv'
[0.917s] INFO:colcon.colcon_core.shell:Creating environment hook '/home/ollie/ros2_ws/install/turtlebot3_gazebo/share/turtlebot3_gazebo/hook/cmake_prefix_path.sh'
[0.917s] Level 1:colcon.colcon_core.environment:checking '/home/ollie/ros2_ws/install/turtlebot3_gazebo/lib'
[0.918s] Level 1:colcon.colcon_core.environment:checking '/home/ollie/ros2_ws/install/turtlebot3_gazebo/bin'
[0.918s] Level 1:colcon.colcon_core.environment:checking '/home/ollie/ros2_ws/install/turtlebot3_gazebo/lib/pkgconfig/turtlebot3_gazebo.pc'
[0.918s] Level 1:colcon.colcon_core.environment:checking '/home/ollie/ros2_ws/install/turtlebot3_gazebo/lib/python3.10/site-packages'
[0.918s] Level 1:colcon.colcon_core.environment:checking '/home/ollie/ros2_ws/install/turtlebot3_gazebo/bin'
[0.918s] INFO:colcon.colcon_core.shell:Creating package script '/home/ollie/ros2_ws/install/turtlebot3_gazebo/share/turtlebot3_gazebo/package.ps1'
[0.919s] INFO:colcon.colcon_core.shell:Creating package descriptor '/home/ollie/ros2_ws/install/turtlebot3_gazebo/share/turtlebot3_gazebo/package.dsv'
[0.919s] INFO:colcon.colcon_core.shell:Creating package script '/home/ollie/ros2_ws/install/turtlebot3_gazebo/share/turtlebot3_gazebo/package.sh'
[0.920s] INFO:colcon.colcon_core.shell:Creating package script '/home/ollie/ros2_ws/install/turtlebot3_gazebo/share/turtlebot3_gazebo/package.bash'
[0.922s] DEBUG:colcon.colcon_core.event_handler.log_command:Invoked command in '/home/ollie/ros2_ws/build/turtlebot3_gazebo' returned '0': /usr/bin/cmake --install /home/ollie/ros2_ws/build/turtlebot3_gazebo
[0.928s] INFO:colcon.colcon_core.shell:Creating package script '/home/ollie/ros2_ws/install/turtlebot3_gazebo/share/turtlebot3_gazebo/package.zsh'
[0.928s] Level 1:colcon.colcon_core.environment:create_file_with_runtime_dependencies(/home/ollie/ros2_ws/install/turtlebot3_gazebo/share/colcon-core/packages/turtlebot3_gazebo)
[0.952s] Level 1:colcon.colcon_core.environment:create_environment_scripts_only(turtlebot3_gazebo)
[0.952s] Level 1:colcon.colcon_core.environment:checking '/home/ollie/ros2_ws/install/turtlebot3_gazebo' for CMake module files
[0.952s] Level 1:colcon.colcon_core.environment:checking '/home/ollie/ros2_ws/install/turtlebot3_gazebo' for CMake config files
[0.952s] Level 1:colcon.colcon_core.shell:create_environment_hook('turtlebot3_gazebo', 'cmake_prefix_path')
[0.952s] INFO:colcon.colcon_core.shell:Creating environment hook '/home/ollie/ros2_ws/install/turtlebot3_gazebo/share/turtlebot3_gazebo/hook/cmake_prefix_path.ps1'
[0.953s] INFO:colcon.colcon_core.shell:Creating environment descriptor '/home/ollie/ros2_ws/install/turtlebot3_gazebo/share/turtlebot3_gazebo/hook/cmake_prefix_path.dsv'
[0.953s] INFO:colcon.colcon_core.shell:Creating environment hook '/home/ollie/ros2_ws/install/turtlebot3_gazebo/share/turtlebot3_gazebo/hook/cmake_prefix_path.sh'
[0.953s] Level 1:colcon.colcon_core.environment:checking '/home/ollie/ros2_ws/install/turtlebot3_gazebo/lib'
[0.953s] Level 1:colcon.colcon_core.environment:checking '/home/ollie/ros2_ws/install/turtlebot3_gazebo/bin'
[0.953s] Level 1:colcon.colcon_core.environment:checking '/home/ollie/ros2_ws/install/turtlebot3_gazebo/lib/pkgconfig/turtlebot3_gazebo.pc'
[0.954s] Level 1:colcon.colcon_core.environment:checking '/home/ollie/ros2_ws/install/turtlebot3_gazebo/lib/python3.10/site-packages'
[0.954s] Level 1:colcon.colcon_core.environment:checking '/home/ollie/ros2_ws/install/turtlebot3_gazebo/bin'
[0.954s] INFO:colcon.colcon_core.shell:Creating package script '/home/ollie/ros2_ws/install/turtlebot3_gazebo/share/turtlebot3_gazebo/package.ps1'
[0.954s] INFO:colcon.colcon_core.shell:Creating package descriptor '/home/ollie/ros2_ws/install/turtlebot3_gazebo/share/turtlebot3_gazebo/package.dsv'
[0.955s] INFO:colcon.colcon_core.shell:Creating package script '/home/ollie/ros2_ws/install/turtlebot3_gazebo/share/turtlebot3_gazebo/package.sh'
[0.955s] INFO:colcon.colcon_core.shell:Creating package script '/home/ollie/ros2_ws/install/turtlebot3_gazebo/share/turtlebot3_gazebo/package.bash'
[0.955s] INFO:colcon.colcon_core.shell:Creating package script '/home/ollie/ros2_ws/install/turtlebot3_gazebo/share/turtlebot3_gazebo/package.zsh'
[0.955s] Level 1:colcon.colcon_core.environment:create_file_with_runtime_dependencies(/home/ollie/ros2_ws/install/turtlebot3_gazebo/share/colcon-core/packages/turtlebot3_gazebo)
[0.956s] INFO:colcon.colcon_ros.task.ament_cmake.build:Building ROS package in '/home/ollie/ros2_ws/src/turtlebot3_simulations/turtlebot3_simulations' with build type 'ament_cmake'
[0.956s] INFO:colcon.colcon_cmake.task.cmake.build:Building CMake package in '/home/ollie/ros2_ws/src/turtlebot3_simulations/turtlebot3_simulations'
[0.956s] INFO:colcon.colcon_core.shell:Skip shell extension 'powershell' for command environment: Not usable outside of PowerShell
[0.956s] DEBUG:colcon.colcon_core.shell:Skip shell extension 'dsv' for command environment
[1.012s] DEBUG:colcon.colcon_core.event_handler.log_command:Invoking command in '/home/ollie/ros2_ws/build/turtlebot3_simulations': AMENT_PREFIX_PATH=/home/ollie/ros2_ws/install/turtlebot3_gazebo:/home/ollie/ros2_ws/install/turtlebot3_fake_node CMAKE_PREFIX_PATH=/home/ollie/ros2_ws/install/turtlebot3_gazebo:/home/ollie/ros2_ws/install/turtlebot3_fake_node /usr/bin/cmake --build /home/ollie/ros2_ws/build/turtlebot3_simulations -- -j16 -l16
[1.040s] DEBUG:colcon.colcon_core.event_handler.log_command:Invoked command in '/home/ollie/ros2_ws/build/turtlebot3_simulations' returned '0': AMENT_PREFIX_PATH=/home/ollie/ros2_ws/install/turtlebot3_gazebo:/home/ollie/ros2_ws/install/turtlebot3_fake_node CMAKE_PREFIX_PATH=/home/ollie/ros2_ws/install/turtlebot3_gazebo:/home/ollie/ros2_ws/install/turtlebot3_fake_node /usr/bin/cmake --build /home/ollie/ros2_ws/build/turtlebot3_simulations -- -j16 -l16
[1.043s] DEBUG:colcon.colcon_core.event_handler.log_command:Invoked command in '/home/ollie/ros2_ws/build/action_interfaces' returned '0': /usr/bin/cmake --build /home/ollie/ros2_ws/build/action_interfaces -- -j16 -l16
[1.055s] DEBUG:colcon.colcon_core.event_handler.log_command:Invoking command in '/home/ollie/ros2_ws/build/turtlebot3_simulations': AMENT_PREFIX_PATH=/home/ollie/ros2_ws/install/turtlebot3_gazebo:/home/ollie/ros2_ws/install/turtlebot3_fake_node CMAKE_PREFIX_PATH=/home/ollie/ros2_ws/install/turtlebot3_gazebo:/home/ollie/ros2_ws/install/turtlebot3_fake_node /usr/bin/cmake --install /home/ollie/ros2_ws/build/turtlebot3_simulations
[1.063s] Level 1:colcon.colcon_core.environment:create_environment_scripts_only(turtlebot3_simulations)
[1.063s] Level 1:colcon.colcon_core.environment:checking '/home/ollie/ros2_ws/install/turtlebot3_simulations' for CMake module files
[1.064s] DEBUG:colcon.colcon_core.event_handler.log_command:Invoked command in '/home/ollie/ros2_ws/build/turtlebot3_simulations' returned '0': AMENT_PREFIX_PATH=/home/ollie/ros2_ws/install/turtlebot3_gazebo:/home/ollie/ros2_ws/install/turtlebot3_fake_node CMAKE_PREFIX_PATH=/home/ollie/ros2_ws/install/turtlebot3_gazebo:/home/ollie/ros2_ws/install/turtlebot3_fake_node /usr/bin/cmake --install /home/ollie/ros2_ws/build/turtlebot3_simulations
[1.064s] Level 1:colcon.colcon_core.environment:checking '/home/ollie/ros2_ws/install/turtlebot3_simulations' for CMake config files
[1.064s] Level 1:colcon.colcon_core.shell:create_environment_hook('turtlebot3_simulations', 'cmake_prefix_path')
[1.064s] INFO:colcon.colcon_core.shell:Creating environment hook '/home/ollie/ros2_ws/install/turtlebot3_simulations/share/turtlebot3_simulations/hook/cmake_prefix_path.ps1'
[1.065s] INFO:colcon.colcon_core.shell:Creating environment descriptor '/home/ollie/ros2_ws/install/turtlebot3_simulations/share/turtlebot3_simulations/hook/cmake_prefix_path.dsv'
[1.065s] INFO:colcon.colcon_core.shell:Creating environment hook '/home/ollie/ros2_ws/install/turtlebot3_simulations/share/turtlebot3_simulations/hook/cmake_prefix_path.sh'
[1.065s] Level 1:colcon.colcon_core.environment:checking '/home/ollie/ros2_ws/install/turtlebot3_simulations/bin'
[1.065s] Level 1:colcon.colcon_core.environment:checking '/home/ollie/ros2_ws/install/turtlebot3_simulations/lib/pkgconfig/turtlebot3_simulations.pc'
[1.065s] Level 1:colcon.colcon_core.environment:checking '/home/ollie/ros2_ws/install/turtlebot3_simulations/lib/python3.10/site-packages'
[1.066s] Level 1:colcon.colcon_core.environment:checking '/home/ollie/ros2_ws/install/turtlebot3_simulations/bin'
[1.066s] INFO:colcon.colcon_core.shell:Creating package script '/home/ollie/ros2_ws/install/turtlebot3_simulations/share/turtlebot3_simulations/package.ps1'
[1.066s] INFO:colcon.colcon_core.shell:Creating package descriptor '/home/ollie/ros2_ws/install/turtlebot3_simulations/share/turtlebot3_simulations/package.dsv'
[1.066s] INFO:colcon.colcon_core.shell:Creating package script '/home/ollie/ros2_ws/install/turtlebot3_simulations/share/turtlebot3_simulations/package.sh'
[1.067s] INFO:colcon.colcon_core.shell:Creating package script '/home/ollie/ros2_ws/install/turtlebot3_simulations/share/turtlebot3_simulations/package.bash'
[1.067s] INFO:colcon.colcon_core.shell:Creating package script '/home/ollie/ros2_ws/install/turtlebot3_simulations/share/turtlebot3_simulations/package.zsh'
[1.067s] Level 1:colcon.colcon_core.environment:create_file_with_runtime_dependencies(/home/ollie/ros2_ws/install/turtlebot3_simulations/share/colcon-core/packages/turtlebot3_simulations)
[1.075s] DEBUG:colcon.colcon_core.event_handler.log_command:Invoking command in '/home/ollie/ros2_ws/src/behavior_trees': PYTHONPATH=/home/ollie/ros2_ws/build/behavior_trees/prefix_override:/usr/lib/python3/dist-packages/colcon_core/task/python/colcon_distutils_commands:/home/ollie/ros2_ws/install/behavior_trees/lib/python3.10/site-packages: /usr/bin/python3 -W ignore:setup.py install is deprecated setup.py egg_info --egg-base ../../build/behavior_trees build --build-base /home/ollie/ros2_ws/build/behavior_trees/build install --record /home/ollie/ros2_ws/build/behavior_trees/install.log --single-version-externally-managed install_data
[1.077s] DEBUG:colcon.colcon_core.event_handler.log_command:Invoking command in '/home/ollie/ros2_ws/src/recovery_pipeline': PYTHONPATH=/home/ollie/ros2_ws/build/recovery_pipeline/prefix_override:/usr/lib/python3/dist-packages/colcon_core/task/python/colcon_distutils_commands:/home/ollie/ros2_ws/install/recovery_pipeline/lib/python3.10/site-packages: /usr/bin/python3 -W ignore:setup.py install is deprecated setup.py egg_info --egg-base ../../build/recovery_pipeline build --build-base /home/ollie/ros2_ws/build/recovery_pipeline/build install --record /home/ollie/ros2_ws/build/recovery_pipeline/install.log --single-version-externally-managed install_data
[1.080s] DEBUG:colcon.colcon_core.event_handler.log_command:Invoking command in '/home/ollie/ros2_ws/build/action_interfaces': /usr/bin/cmake --install /home/ollie/ros2_ws/build/action_interfaces
[1.082s] Level 1:colcon.colcon_core.environment:create_environment_scripts_only(turtlebot3_simulations)
[1.082s] Level 1:colcon.colcon_core.environment:checking '/home/ollie/ros2_ws/install/turtlebot3_simulations' for CMake module files
[1.082s] Level 1:colcon.colcon_core.environment:checking '/home/ollie/ros2_ws/install/turtlebot3_simulations' for CMake config files
[1.082s] Level 1:colcon.colcon_core.shell:create_environment_hook('turtlebot3_simulations', 'cmake_prefix_path')
[1.082s] INFO:colcon.colcon_core.shell:Creating environment hook '/home/ollie/ros2_ws/install/turtlebot3_simulations/share/turtlebot3_simulations/hook/cmake_prefix_path.ps1'
[1.083s] INFO:colcon.colcon_core.shell:Creating environment descriptor '/home/ollie/ros2_ws/install/turtlebot3_simulations/share/turtlebot3_simulations/hook/cmake_prefix_path.dsv'
[1.083s] INFO:colcon.colcon_core.shell:Creating environment hook '/home/ollie/ros2_ws/install/turtlebot3_simulations/share/turtlebot3_simulations/hook/cmake_prefix_path.sh'
[1.083s] Level 1:colcon.colcon_core.environment:checking '/home/ollie/ros2_ws/install/turtlebot3_simulations/bin'
[1.083s] Level 1:colcon.colcon_core.environment:checking '/home/ollie/ros2_ws/install/turtlebot3_simulations/lib/pkgconfig/turtlebot3_simulations.pc'
[1.083s] Level 1:colcon.colcon_core.environment:checking '/home/ollie/ros2_ws/install/turtlebot3_simulations/lib/python3.10/site-packages'
[1.084s] Level 1:colcon.colcon_core.environment:checking '/home/ollie/ros2_ws/install/turtlebot3_simulations/bin'
[1.084s] INFO:colcon.colcon_core.shell:Creating package script '/home/ollie/ros2_ws/install/turtlebot3_simulations/share/turtlebot3_simulations/package.ps1'
[1.084s] INFO:colcon.colcon_core.shell:Creating package descriptor '/home/ollie/ros2_ws/install/turtlebot3_simulations/share/turtlebot3_simulations/package.dsv'
[1.084s] INFO:colcon.colcon_core.shell:Creating package script '/home/ollie/ros2_ws/install/turtlebot3_simulations/share/turtlebot3_simulations/package.sh'
[1.085s] INFO:colcon.colcon_core.shell:Creating package script '/home/ollie/ros2_ws/install/turtlebot3_simulations/share/turtlebot3_simulations/package.bash'
[1.085s] INFO:colcon.colcon_core.shell:Creating package script '/home/ollie/ros2_ws/install/turtlebot3_simulations/share/turtlebot3_simulations/package.zsh'
[1.085s] Level 1:colcon.colcon_core.environment:create_file_with_runtime_dependencies(/home/ollie/ros2_ws/install/turtlebot3_simulations/share/colcon-core/packages/turtlebot3_simulations)
[1.151s] Level 1:colcon.colcon_core.environment:create_environment_scripts_only(action_interfaces)
[1.152s] Level 1:colcon.colcon_core.environment:checking '/home/ollie/ros2_ws/install/action_interfaces' for CMake module files
[1.152s] DEBUG:colcon.colcon_core.event_handler.log_command:Invoked command in '/home/ollie/ros2_ws/build/action_interfaces' returned '0': /usr/bin/cmake --install /home/ollie/ros2_ws/build/action_interfaces
[1.152s] Level 1:colcon.colcon_core.environment:checking '/home/ollie/ros2_ws/install/action_interfaces' for CMake config files
[1.152s] Level 1:colcon.colcon_core.shell:create_environment_hook('action_interfaces', 'cmake_prefix_path')
[1.153s] INFO:colcon.colcon_core.shell:Creating environment hook '/home/ollie/ros2_ws/install/action_interfaces/share/action_interfaces/hook/cmake_prefix_path.ps1'
[1.153s] INFO:colcon.colcon_core.shell:Creating environment descriptor '/home/ollie/ros2_ws/install/action_interfaces/share/action_interfaces/hook/cmake_prefix_path.dsv'
[1.153s] INFO:colcon.colcon_core.shell:Creating environment hook '/home/ollie/ros2_ws/install/action_interfaces/share/action_interfaces/hook/cmake_prefix_path.sh'
[1.153s] Level 1:colcon.colcon_core.environment:checking '/home/ollie/ros2_ws/install/action_interfaces/lib'
[1.154s] Level 1:colcon.colcon_core.shell:create_environment_hook('action_interfaces', 'ld_library_path_lib')
[1.154s] INFO:colcon.colcon_core.shell:Creating environment hook '/home/ollie/ros2_ws/install/action_interfaces/share/action_interfaces/hook/ld_library_path_lib.ps1'
[1.154s] INFO:colcon.colcon_core.shell:Creating environment descriptor '/home/ollie/ros2_ws/install/action_interfaces/share/action_interfaces/hook/ld_library_path_lib.dsv'
[1.154s] INFO:colcon.colcon_core.shell:Creating environment hook '/home/ollie/ros2_ws/install/action_interfaces/share/action_interfaces/hook/ld_library_path_lib.sh'
[1.154s] Level 1:colcon.colcon_core.environment:checking '/home/ollie/ros2_ws/install/action_interfaces/bin'
[1.154s] Level 1:colcon.colcon_core.environment:checking '/home/ollie/ros2_ws/install/action_interfaces/lib/pkgconfig/action_interfaces.pc'
[1.155s] Level 1:colcon.colcon_core.environment:checking '/home/ollie/ros2_ws/install/action_interfaces/lib/python3.10/site-packages'
[1.155s] Level 1:colcon.colcon_core.environment:checking '/home/ollie/ros2_ws/install/action_interfaces/bin'
[1.155s] INFO:colcon.colcon_core.shell:Creating package script '/home/ollie/ros2_ws/install/action_interfaces/share/action_interfaces/package.ps1'
[1.155s] INFO:colcon.colcon_core.shell:Creating package descriptor '/home/ollie/ros2_ws/install/action_interfaces/share/action_interfaces/package.dsv'
[1.155s] INFO:colcon.colcon_core.shell:Creating package script '/home/ollie/ros2_ws/install/action_interfaces/share/action_interfaces/package.sh'
[1.156s] INFO:colcon.colcon_core.shell:Creating package script '/home/ollie/ros2_ws/install/action_interfaces/share/action_interfaces/package.bash'
[1.156s] INFO:colcon.colcon_core.shell:Creating package script '/home/ollie/ros2_ws/install/action_interfaces/share/action_interfaces/package.zsh'
[1.156s] Level 1:colcon.colcon_core.environment:create_file_with_runtime_dependencies(/home/ollie/ros2_ws/install/action_interfaces/share/colcon-core/packages/action_interfaces)
[1.193s] Level 1:colcon.colcon_core.environment:create_environment_scripts_only(action_interfaces)
[1.194s] Level 1:colcon.colcon_core.environment:checking '/home/ollie/ros2_ws/install/action_interfaces' for CMake module files
[1.194s] Level 1:colcon.colcon_core.environment:checking '/home/ollie/ros2_ws/install/action_interfaces' for CMake config files
[1.194s] Level 1:colcon.colcon_core.shell:create_environment_hook('action_interfaces', 'cmake_prefix_path')
[1.194s] INFO:colcon.colcon_core.shell:Creating environment hook '/home/ollie/ros2_ws/install/action_interfaces/share/action_interfaces/hook/cmake_prefix_path.ps1'
[1.195s] INFO:colcon.colcon_core.shell:Creating environment descriptor '/home/ollie/ros2_ws/install/action_interfaces/share/action_interfaces/hook/cmake_prefix_path.dsv'
[1.195s] INFO:colcon.colcon_core.shell:Creating environment hook '/home/ollie/ros2_ws/install/action_interfaces/share/action_interfaces/hook/cmake_prefix_path.sh'
[1.195s] Level 1:colcon.colcon_core.environment:checking '/home/ollie/ros2_ws/install/action_interfaces/lib'
[1.195s] Level 1:colcon.colcon_core.shell:create_environment_hook('action_interfaces', 'ld_library_path_lib')
[1.196s] INFO:colcon.colcon_core.shell:Creating environment hook '/home/ollie/ros2_ws/install/action_interfaces/share/action_interfaces/hook/ld_library_path_lib.ps1'
[1.196s] INFO:colcon.colcon_core.shell:Creating environment descriptor '/home/ollie/ros2_ws/install/action_interfaces/share/action_interfaces/hook/ld_library_path_lib.dsv'
[1.196s] INFO:colcon.colcon_core.shell:Creating environment hook '/home/ollie/ros2_ws/install/action_interfaces/share/action_interfaces/hook/ld_library_path_lib.sh'
[1.196s] Level 1:colcon.colcon_core.environment:checking '/home/ollie/ros2_ws/install/action_interfaces/bin'
[1.196s] Level 1:colcon.colcon_core.environment:checking '/home/ollie/ros2_ws/install/action_interfaces/lib/pkgconfig/action_interfaces.pc'
[1.196s] Level 1:colcon.colcon_core.environment:checking '/home/ollie/ros2_ws/install/action_interfaces/lib/python3.10/site-packages'
[1.197s] Level 1:colcon.colcon_core.environment:checking '/home/ollie/ros2_ws/install/action_interfaces/bin'
[1.197s] INFO:colcon.colcon_core.shell:Creating package script '/home/ollie/ros2_ws/install/action_interfaces/share/action_interfaces/package.ps1'
[1.197s] INFO:colcon.colcon_core.shell:Creating package descriptor '/home/ollie/ros2_ws/install/action_interfaces/share/action_interfaces/package.dsv'
[1.197s] INFO:colcon.colcon_core.shell:Creating package script '/home/ollie/ros2_ws/install/action_interfaces/share/action_interfaces/package.sh'
[1.198s] INFO:colcon.colcon_core.shell:Creating package script '/home/ollie/ros2_ws/install/action_interfaces/share/action_interfaces/package.bash'
[1.198s] INFO:colcon.colcon_core.shell:Creating package script '/home/ollie/ros2_ws/install/action_interfaces/share/action_interfaces/package.zsh'
[1.198s] Level 1:colcon.colcon_core.environment:create_file_with_runtime_dependencies(/home/ollie/ros2_ws/install/action_interfaces/share/colcon-core/packages/action_interfaces)
[1.240s] Level 1:colcon.colcon_core.environment:checking '/home/ollie/ros2_ws/install/behavior_trees' for CMake module files
[1.240s] DEBUG:colcon.colcon_core.event_handler.log_command:Invoked command in '/home/ollie/ros2_ws/src/behavior_trees' returned '0': PYTHONPATH=/home/ollie/ros2_ws/build/behavior_trees/prefix_override:/usr/lib/python3/dist-packages/colcon_core/task/python/colcon_distutils_commands:/home/ollie/ros2_ws/install/behavior_trees/lib/python3.10/site-packages: /usr/bin/python3 -W ignore:setup.py install is deprecated setup.py egg_info --egg-base ../../build/behavior_trees build --build-base /home/ollie/ros2_ws/build/behavior_trees/build install --record /home/ollie/ros2_ws/build/behavior_trees/install.log --single-version-externally-managed install_data
[1.241s] Level 1:colcon.colcon_core.environment:checking '/home/ollie/ros2_ws/install/behavior_trees' for CMake config files
[1.241s] Level 1:colcon.colcon_core.environment:checking '/home/ollie/ros2_ws/install/behavior_trees/lib'
[1.241s] Level 1:colcon.colcon_core.environment:checking '/home/ollie/ros2_ws/install/behavior_trees/bin'
[1.241s] Level 1:colcon.colcon_core.environment:checking '/home/ollie/ros2_ws/install/behavior_trees/lib/pkgconfig/behavior_trees.pc'
[1.241s] Level 1:colcon.colcon_core.environment:checking '/home/ollie/ros2_ws/install/behavior_trees/lib/python3.10/site-packages'
[1.241s] Level 1:colcon.colcon_core.shell:create_environment_hook('behavior_trees', 'pythonpath')
[1.242s] INFO:colcon.colcon_core.shell:Creating environment hook '/home/ollie/ros2_ws/install/behavior_trees/share/behavior_trees/hook/pythonpath.ps1'
[1.242s] INFO:colcon.colcon_core.shell:Creating environment descriptor '/home/ollie/ros2_ws/install/behavior_trees/share/behavior_trees/hook/pythonpath.dsv'
[1.242s] INFO:colcon.colcon_core.shell:Creating environment hook '/home/ollie/ros2_ws/install/behavior_trees/share/behavior_trees/hook/pythonpath.sh'
[1.242s] Level 1:colcon.colcon_core.environment:checking '/home/ollie/ros2_ws/install/behavior_trees/bin'
[1.242s] Level 1:colcon.colcon_core.environment:create_environment_scripts_only(behavior_trees)
[1.243s] INFO:colcon.colcon_core.shell:Creating package script '/home/ollie/ros2_ws/install/behavior_trees/share/behavior_trees/package.ps1'
[1.243s] INFO:colcon.colcon_core.shell:Creating package descriptor '/home/ollie/ros2_ws/install/behavior_trees/share/behavior_trees/package.dsv'
[1.243s] INFO:colcon.colcon_core.shell:Creating package script '/home/ollie/ros2_ws/install/behavior_trees/share/behavior_trees/package.sh'
[1.243s] INFO:colcon.colcon_core.shell:Creating package script '/home/ollie/ros2_ws/install/behavior_trees/share/behavior_trees/package.bash'
[1.244s] INFO:colcon.colcon_core.shell:Creating package script '/home/ollie/ros2_ws/install/behavior_trees/share/behavior_trees/package.zsh'
[1.244s] Level 1:colcon.colcon_core.environment:create_file_with_runtime_dependencies(/home/ollie/ros2_ws/install/behavior_trees/share/colcon-core/packages/behavior_trees)
[1.279s] Level 1:colcon.colcon_core.environment:checking '/home/ollie/ros2_ws/install/recovery_pipeline' for CMake module files
[1.279s] DEBUG:colcon.colcon_core.event_handler.log_command:Invoked command in '/home/ollie/ros2_ws/src/recovery_pipeline' returned '0': PYTHONPATH=/home/ollie/ros2_ws/build/recovery_pipeline/prefix_override:/usr/lib/python3/dist-packages/colcon_core/task/python/colcon_distutils_commands:/home/ollie/ros2_ws/install/recovery_pipeline/lib/python3.10/site-packages: /usr/bin/python3 -W ignore:setup.py install is deprecated setup.py egg_info --egg-base ../../build/recovery_pipeline build --build-base /home/ollie/ros2_ws/build/recovery_pipeline/build install --record /home/ollie/ros2_ws/build/recovery_pipeline/install.log --single-version-externally-managed install_data
[1.279s] Level 1:colcon.colcon_core.environment:checking '/home/ollie/ros2_ws/install/recovery_pipeline' for CMake config files
[1.280s] Level 1:colcon.colcon_core.environment:checking '/home/ollie/ros2_ws/install/recovery_pipeline/lib'
[1.280s] Level 1:colcon.colcon_core.environment:checking '/home/ollie/ros2_ws/install/recovery_pipeline/bin'
[1.280s] Level 1:colcon.colcon_core.environment:checking '/home/ollie/ros2_ws/install/recovery_pipeline/lib/pkgconfig/recovery_pipeline.pc'
[1.280s] Level 1:colcon.colcon_core.environment:checking '/home/ollie/ros2_ws/install/recovery_pipeline/lib/python3.10/site-packages'
[1.280s] Level 1:colcon.colcon_core.shell:create_environment_hook('recovery_pipeline', 'pythonpath')
[1.280s] INFO:colcon.colcon_core.shell:Creating environment hook '/home/ollie/ros2_ws/install/recovery_pipeline/share/recovery_pipeline/hook/pythonpath.ps1'
[1.281s] INFO:colcon.colcon_core.shell:Creating environment descriptor '/home/ollie/ros2_ws/install/recovery_pipeline/share/recovery_pipeline/hook/pythonpath.dsv'
[1.281s] INFO:colcon.colcon_core.shell:Creating environment hook '/home/ollie/ros2_ws/install/recovery_pipeline/share/recovery_pipeline/hook/pythonpath.sh'
[1.281s] Level 1:colcon.colcon_core.environment:checking '/home/ollie/ros2_ws/install/recovery_pipeline/bin'
[1.281s] Level 1:colcon.colcon_core.environment:create_environment_scripts_only(recovery_pipeline)
[1.281s] INFO:colcon.colcon_core.shell:Creating package script '/home/ollie/ros2_ws/install/recovery_pipeline/share/recovery_pipeline/package.ps1'
[1.282s] INFO:colcon.colcon_core.shell:Creating package descriptor '/home/ollie/ros2_ws/install/recovery_pipeline/share/recovery_pipeline/package.dsv'
[1.282s] INFO:colcon.colcon_core.shell:Creating package script '/home/ollie/ros2_ws/install/recovery_pipeline/share/recovery_pipeline/package.sh'
[1.282s] INFO:colcon.colcon_core.shell:Creating package script '/home/ollie/ros2_ws/install/recovery_pipeline/share/recovery_pipeline/package.bash'
[1.282s] INFO:colcon.colcon_core.shell:Creating package script '/home/ollie/ros2_ws/install/recovery_pipeline/share/recovery_pipeline/package.zsh'
[1.283s] Level 1:colcon.colcon_core.environment:create_file_with_runtime_dependencies(/home/ollie/ros2_ws/install/recovery_pipeline/share/colcon-core/packages/recovery_pipeline)
[1.283s] DEBUG:colcon.colcon_parallel_executor.executor.parallel:closing loop
[1.283s] DEBUG:colcon.colcon_parallel_executor.executor.parallel:loop closed
[1.283s] DEBUG:colcon.colcon_parallel_executor.executor.parallel:run_until_complete finished with '0'
[1.283s] DEBUG:colcon.colcon_core.event_reactor:joining thread
[1.302s] INFO:colcon.colcon_core.plugin_system:Skipping extension 'colcon_notification.desktop_notification.terminal_notifier': Not used on non-Darwin systems
[1.302s] INFO:colcon.colcon_core.plugin_system:Skipping extension 'colcon_notification.desktop_notification.win32': Not used on non-Windows systems
[1.302s] INFO:colcon.colcon_notification.desktop_notification:Sending desktop notification using 'notify2'
[1.304s] DEBUG:colcon.colcon_notification.desktop_notification.notify2:Failed to initialize notify2: org.freedesktop.DBus.Error.Spawn.ExecFailed: /usr/bin/dbus-launch terminated abnormally without any error message
[1.305s] DEBUG:colcon.colcon_core.event_reactor:joined thread
[1.305s] INFO:colcon.colcon_core.shell:Creating prefix script '/home/ollie/ros2_ws/install/local_setup.ps1'
[1.306s] INFO:colcon.colcon_core.shell:Creating prefix util module '/home/ollie/ros2_ws/install/_local_setup_util_ps1.py'
[1.307s] INFO:colcon.colcon_core.shell:Creating prefix chain script '/home/ollie/ros2_ws/install/setup.ps1'
[1.308s] INFO:colcon.colcon_core.shell:Creating prefix script '/home/ollie/ros2_ws/install/local_setup.sh'
[1.308s] INFO:colcon.colcon_core.shell:Creating prefix util module '/home/ollie/ros2_ws/install/_local_setup_util_sh.py'
[1.308s] INFO:colcon.colcon_core.shell:Creating prefix chain script '/home/ollie/ros2_ws/install/setup.sh'
[1.309s] INFO:colcon.colcon_core.shell:Creating prefix script '/home/ollie/ros2_ws/install/local_setup.bash'
[1.318s] INFO:colcon.colcon_core.shell:Creating prefix chain script '/home/ollie/ros2_ws/install/setup.bash'
[1.318s] INFO:colcon.colcon_core.shell:Creating prefix script '/home/ollie/ros2_ws/install/local_setup.zsh'
[1.319s] INFO:colcon.colcon_core.shell:Creating prefix chain script '/home/ollie/ros2_ws/install/setup.zsh'
