[0.071s] DEBUG:colcon:Command line arguments: ['/usr/bin/colcon', 'build', '--symlink-install']
[0.071s] DEBUG:colcon:Parsed command line arguments: Namespace(log_base=None, log_level=None, verb_name='build', build_base='build', install_base='install', merge_install=False, symlink_install=True, test_result_base=None, continue_on_error=False, executor='parallel', parallel_workers=16, event_handlers=None, ignore_user_meta=False, metas=['./colcon.meta'], base_paths=['.'], packages_ignore=None, packages_ignore_regex=None, paths=None, packages_up_to=None, packages_up_to_regex=None, packages_above=None, packages_above_and_dependencies=None, packages_above_depth=None, packages_select_by_dep=None, packages_skip_by_dep=None, packages_skip_up_to=None, packages_select_build_failed=False, packages_skip_build_finished=False, packages_select_test_failures=False, packages_skip_test_passed=False, packages_select=None, packages_skip=None, packages_select_regex=None, packages_skip_regex=None, packages_start=None, packages_end=None, allow_overriding=[], cmake_args=None, cmake_target=None, cmake_target_skip_unavailable=False, cmake_clean_cache=False, cmake_clean_first=False, cmake_force_configure=False, ament_cmake_args=None, catkin_cmake_args=None, catkin_skip_building_tests=False, mixin_files=None, mixin=None, verb_parser=<colcon_mixin.mixin.mixin_argument.MixinArgumentDecorator object at 0x74b910cda080>, verb_extension=<colcon_core.verb.build.BuildVerb object at 0x74b910cd9ae0>, main=<bound method BuildVerb.main of <colcon_core.verb.build.BuildVerb object at 0x74b910cd9ae0>>, mixin_verb=('build',))
[0.186s] Level 1:colcon.colcon_core.package_discovery:discover_packages(colcon_meta) check parameters
[0.186s] Level 1:colcon.colcon_core.package_discovery:discover_packages(recursive) check parameters
[0.186s] Level 1:colcon.colcon_core.package_discovery:discover_packages(ignore) check parameters
[0.186s] Level 1:colcon.colcon_core.package_discovery:discover_packages(path) check parameters
[0.186s] Level 1:colcon.colcon_core.package_discovery:discover_packages(colcon_meta) discover
[0.186s] Level 1:colcon.colcon_core.package_discovery:discover_packages(recursive) discover
[0.186s] INFO:colcon.colcon_core.package_discovery:Crawling recursively for packages in '/home/ollie/ros2_ws'
[0.186s] Level 1:colcon.colcon_core.package_identification:_identify(.) by extensions ['ignore', 'ignore_ament_install']
[0.186s] Level 1:colcon.colcon_core.package_identification:_identify(.) by extension 'ignore'
[0.187s] Level 1:colcon.colcon_core.package_identification:_identify(.) by extension 'ignore_ament_install'
[0.187s] Level 1:colcon.colcon_core.package_identification:_identify(.) by extensions ['colcon_pkg']
[0.187s] Level 1:colcon.colcon_core.package_identification:_identify(.) by extension 'colcon_pkg'
[0.187s] Level 1:colcon.colcon_core.package_identification:_identify(.) by extensions ['colcon_meta']
[0.187s] Level 1:colcon.colcon_core.package_identification:_identify(.) by extension 'colcon_meta'
[0.187s] Level 1:colcon.colcon_core.package_identification:_identify(.) by extensions ['ros']
[0.187s] Level 1:colcon.colcon_core.package_identification:_identify(.) by extension 'ros'
[0.193s] Level 1:colcon.colcon_core.package_identification:_identify(.) by extensions ['cmake', 'python']
[0.193s] Level 1:colcon.colcon_core.package_identification:_identify(.) by extension 'cmake'
[0.193s] Level 1:colcon.colcon_core.package_identification:_identify(.) by extension 'python'
[0.193s] Level 1:colcon.colcon_core.package_identification:_identify(.) by extensions ['python_setup_py']
[0.194s] Level 1:colcon.colcon_core.package_identification:_identify(.) by extension 'python_setup_py'
[0.194s] Level 1:colcon.colcon_core.package_identification:_identify(build) by extensions ['ignore', 'ignore_ament_install']
[0.194s] Level 1:colcon.colcon_core.package_identification:_identify(build) by extension 'ignore'
[0.194s] Level 1:colcon.colcon_core.package_identification:_identify(build) ignored
[0.194s] Level 1:colcon.colcon_core.package_identification:_identify(install) by extensions ['ignore', 'ignore_ament_install']
[0.194s] Level 1:colcon.colcon_core.package_identification:_identify(install) by extension 'ignore'
[0.194s] Level 1:colcon.colcon_core.package_identification:_identify(install) ignored
[0.194s] Level 1:colcon.colcon_core.package_identification:_identify(log) by extensions ['ignore', 'ignore_ament_install']
[0.194s] Level 1:colcon.colcon_core.package_identification:_identify(log) by extension 'ignore'
[0.194s] Level 1:colcon.colcon_core.package_identification:_identify(log) ignored
[0.194s] Level 1:colcon.colcon_core.package_identification:_identify(src) by extensions ['ignore', 'ignore_ament_install']
[0.194s] Level 1:colcon.colcon_core.package_identification:_identify(src) by extension 'ignore'
[0.194s] Level 1:colcon.colcon_core.package_identification:_identify(src) by extension 'ignore_ament_install'
[0.194s] Level 1:colcon.colcon_core.package_identification:_identify(src) by extensions ['colcon_pkg']
[0.195s] Level 1:colcon.colcon_core.package_identification:_identify(src) by extension 'colcon_pkg'
[0.195s] Level 1:colcon.colcon_core.package_identification:_identify(src) by extensions ['colcon_meta']
[0.195s] Level 1:colcon.colcon_core.package_identification:_identify(src) by extension 'colcon_meta'
[0.195s] Level 1:colcon.colcon_core.package_identification:_identify(src) by extensions ['ros']
[0.195s] Level 1:colcon.colcon_core.package_identification:_identify(src) by extension 'ros'
[0.195s] Level 1:colcon.colcon_core.package_identification:_identify(src) by extensions ['cmake', 'python']
[0.195s] Level 1:colcon.colcon_core.package_identification:_identify(src) by extension 'cmake'
[0.195s] Level 1:colcon.colcon_core.package_identification:_identify(src) by extension 'python'
[0.195s] Level 1:colcon.colcon_core.package_identification:_identify(src) by extensions ['python_setup_py']
[0.195s] Level 1:colcon.colcon_core.package_identification:_identify(src) by extension 'python_setup_py'
[0.195s] Level 1:colcon.colcon_core.package_identification:_identify(src/robot_vacuum_auto_recovery) by extensions ['ignore', 'ignore_ament_install']
[0.195s] Level 1:colcon.colcon_core.package_identification:_identify(src/robot_vacuum_auto_recovery) by extension 'ignore'
[0.195s] Level 1:colcon.colcon_core.package_identification:_identify(src/robot_vacuum_auto_recovery) by extension 'ignore_ament_install'
[0.195s] Level 1:colcon.colcon_core.package_identification:_identify(src/robot_vacuum_auto_recovery) by extensions ['colcon_pkg']
[0.195s] Level 1:colcon.colcon_core.package_identification:_identify(src/robot_vacuum_auto_recovery) by extension 'colcon_pkg'
[0.195s] Level 1:colcon.colcon_core.package_identification:_identify(src/robot_vacuum_auto_recovery) by extensions ['colcon_meta']
[0.195s] Level 1:colcon.colcon_core.package_identification:_identify(src/robot_vacuum_auto_recovery) by extension 'colcon_meta'
[0.195s] Level 1:colcon.colcon_core.package_identification:_identify(src/robot_vacuum_auto_recovery) by extensions ['ros']
[0.195s] Level 1:colcon.colcon_core.package_identification:_identify(src/robot_vacuum_auto_recovery) by extension 'ros'
[0.197s] DEBUG:colcon.colcon_core.package_identification:Package 'src/robot_vacuum_auto_recovery' with type 'ros.ament_python' and name 'robot_vacuum_auto_recovery'
[0.197s] Level 1:colcon.colcon_core.package_identification:_identify(src/turtlebot4_ignition_bringup) by extensions ['ignore', 'ignore_ament_install']
[0.197s] Level 1:colcon.colcon_core.package_identification:_identify(src/turtlebot4_ignition_bringup) by extension 'ignore'
[0.197s] Level 1:colcon.colcon_core.package_identification:_identify(src/turtlebot4_ignition_bringup) by extension 'ignore_ament_install'
[0.197s] Level 1:colcon.colcon_core.package_identification:_identify(src/turtlebot4_ignition_bringup) by extensions ['colcon_pkg']
[0.197s] Level 1:colcon.colcon_core.package_identification:_identify(src/turtlebot4_ignition_bringup) by extension 'colcon_pkg'
[0.197s] Level 1:colcon.colcon_core.package_identification:_identify(src/turtlebot4_ignition_bringup) by extensions ['colcon_meta']
[0.197s] Level 1:colcon.colcon_core.package_identification:_identify(src/turtlebot4_ignition_bringup) by extension 'colcon_meta'
[0.197s] Level 1:colcon.colcon_core.package_identification:_identify(src/turtlebot4_ignition_bringup) by extensions ['ros']
[0.197s] Level 1:colcon.colcon_core.package_identification:_identify(src/turtlebot4_ignition_bringup) by extension 'ros'
[0.198s] DEBUG:colcon.colcon_core.package_identification:Package 'src/turtlebot4_ignition_bringup' with type 'ros.ament_cmake' and name 'turtlebot4_ignition_bringup'
[0.199s] Level 1:colcon.colcon_core.package_identification:_identify(src/turtlebot4_ignition_gui_plugins) by extensions ['ignore', 'ignore_ament_install']
[0.199s] Level 1:colcon.colcon_core.package_identification:_identify(src/turtlebot4_ignition_gui_plugins) by extension 'ignore'
[0.199s] Level 1:colcon.colcon_core.package_identification:_identify(src/turtlebot4_ignition_gui_plugins) by extension 'ignore_ament_install'
[0.199s] Level 1:colcon.colcon_core.package_identification:_identify(src/turtlebot4_ignition_gui_plugins) by extensions ['colcon_pkg']
[0.199s] Level 1:colcon.colcon_core.package_identification:_identify(src/turtlebot4_ignition_gui_plugins) by extension 'colcon_pkg'
[0.199s] Level 1:colcon.colcon_core.package_identification:_identify(src/turtlebot4_ignition_gui_plugins) by extensions ['colcon_meta']
[0.199s] Level 1:colcon.colcon_core.package_identification:_identify(src/turtlebot4_ignition_gui_plugins) by extension 'colcon_meta'
[0.199s] Level 1:colcon.colcon_core.package_identification:_identify(src/turtlebot4_ignition_gui_plugins) by extensions ['ros']
[0.199s] Level 1:colcon.colcon_core.package_identification:_identify(src/turtlebot4_ignition_gui_plugins) by extension 'ros'
[0.199s] DEBUG:colcon.colcon_core.package_identification:Package 'src/turtlebot4_ignition_gui_plugins' with type 'ros.ament_cmake' and name 'turtlebot4_ignition_gui_plugins'
[0.199s] Level 1:colcon.colcon_core.package_identification:_identify(src/turtlebot4_ignition_toolbox) by extensions ['ignore', 'ignore_ament_install']
[0.199s] Level 1:colcon.colcon_core.package_identification:_identify(src/turtlebot4_ignition_toolbox) by extension 'ignore'
[0.199s] Level 1:colcon.colcon_core.package_identification:_identify(src/turtlebot4_ignition_toolbox) by extension 'ignore_ament_install'
[0.199s] Level 1:colcon.colcon_core.package_identification:_identify(src/turtlebot4_ignition_toolbox) by extensions ['colcon_pkg']
[0.200s] Level 1:colcon.colcon_core.package_identification:_identify(src/turtlebot4_ignition_toolbox) by extension 'colcon_pkg'
[0.200s] Level 1:colcon.colcon_core.package_identification:_identify(src/turtlebot4_ignition_toolbox) by extensions ['colcon_meta']
[0.200s] Level 1:colcon.colcon_core.package_identification:_identify(src/turtlebot4_ignition_toolbox) by extension 'colcon_meta'
[0.200s] Level 1:colcon.colcon_core.package_identification:_identify(src/turtlebot4_ignition_toolbox) by extensions ['ros']
[0.200s] Level 1:colcon.colcon_core.package_identification:_identify(src/turtlebot4_ignition_toolbox) by extension 'ros'
[0.200s] DEBUG:colcon.colcon_core.package_identification:Package 'src/turtlebot4_ignition_toolbox' with type 'ros.ament_cmake' and name 'turtlebot4_ignition_toolbox'
[0.200s] Level 1:colcon.colcon_core.package_identification:_identify(src/turtlebot4_simulator) by extensions ['ignore', 'ignore_ament_install']
[0.200s] Level 1:colcon.colcon_core.package_identification:_identify(src/turtlebot4_simulator) by extension 'ignore'
[0.200s] Level 1:colcon.colcon_core.package_identification:_identify(src/turtlebot4_simulator) by extension 'ignore_ament_install'
[0.200s] Level 1:colcon.colcon_core.package_identification:_identify(src/turtlebot4_simulator) by extensions ['colcon_pkg']
[0.201s] Level 1:colcon.colcon_core.package_identification:_identify(src/turtlebot4_simulator) by extension 'colcon_pkg'
[0.201s] Level 1:colcon.colcon_core.package_identification:_identify(src/turtlebot4_simulator) by extensions ['colcon_meta']
[0.201s] Level 1:colcon.colcon_core.package_identification:_identify(src/turtlebot4_simulator) by extension 'colcon_meta'
[0.201s] Level 1:colcon.colcon_core.package_identification:_identify(src/turtlebot4_simulator) by extensions ['ros']
[0.201s] Level 1:colcon.colcon_core.package_identification:_identify(src/turtlebot4_simulator) by extension 'ros'
[0.201s] DEBUG:colcon.colcon_core.package_identification:Package 'src/turtlebot4_simulator' with type 'ros.ament_cmake' and name 'turtlebot4_simulator'
[0.201s] Level 1:colcon.colcon_core.package_discovery:discover_packages(recursive) using defaults
[0.201s] Level 1:colcon.colcon_core.package_discovery:discover_packages(ignore) discover
[0.201s] Level 1:colcon.colcon_core.package_discovery:discover_packages(ignore) using defaults
[0.201s] Level 1:colcon.colcon_core.package_discovery:discover_packages(path) discover
[0.201s] Level 1:colcon.colcon_core.package_discovery:discover_packages(path) using defaults
[0.220s] Level 1:colcon.colcon_core.package_discovery:discover_packages(prefix_path) check parameters
[0.220s] Level 1:colcon.colcon_core.package_discovery:discover_packages(prefix_path) discover
[0.222s] DEBUG:colcon.colcon_installed_package_information.package_discovery:Found 5 installed packages in /home/ollie/ros2_ws/install
[0.222s] DEBUG:colcon.colcon_installed_package_information.package_discovery:Found 5 installed packages in /home/ollie/install
[0.223s] DEBUG:colcon.colcon_installed_package_information.package_discovery:Found 378 installed packages in /opt/ros/humble
[0.225s] Level 1:colcon.colcon_core.package_discovery:discover_packages(prefix_path) using defaults
[0.255s] Level 5:colcon.colcon_core.verb:set package 'robot_vacuum_auto_recovery' build argument 'cmake_args' from command line to 'None'
[0.255s] Level 5:colcon.colcon_core.verb:set package 'robot_vacuum_auto_recovery' build argument 'cmake_target' from command line to 'None'
[0.255s] Level 5:colcon.colcon_core.verb:set package 'robot_vacuum_auto_recovery' build argument 'cmake_target_skip_unavailable' from command line to 'False'
[0.255s] Level 5:colcon.colcon_core.verb:set package 'robot_vacuum_auto_recovery' build argument 'cmake_clean_cache' from command line to 'False'
[0.255s] Level 5:colcon.colcon_core.verb:set package 'robot_vacuum_auto_recovery' build argument 'cmake_clean_first' from command line to 'False'
[0.255s] Level 5:colcon.colcon_core.verb:set package 'robot_vacuum_auto_recovery' build argument 'cmake_force_configure' from command line to 'False'
[0.255s] Level 5:colcon.colcon_core.verb:set package 'robot_vacuum_auto_recovery' build argument 'ament_cmake_args' from command line to 'None'
[0.255s] Level 5:colcon.colcon_core.verb:set package 'robot_vacuum_auto_recovery' build argument 'catkin_cmake_args' from command line to 'None'
[0.255s] Level 5:colcon.colcon_core.verb:set package 'robot_vacuum_auto_recovery' build argument 'catkin_skip_building_tests' from command line to 'False'
[0.255s] DEBUG:colcon.colcon_core.verb:Building package 'robot_vacuum_auto_recovery' with the following arguments: {'ament_cmake_args': None, 'build_base': '/home/ollie/ros2_ws/build/robot_vacuum_auto_recovery', 'catkin_cmake_args': None, 'catkin_skip_building_tests': False, 'cmake_args': None, 'cmake_clean_cache': False, 'cmake_clean_first': False, 'cmake_force_configure': False, 'cmake_target': None, 'cmake_target_skip_unavailable': False, 'install_base': '/home/ollie/ros2_ws/install/robot_vacuum_auto_recovery', 'merge_install': False, 'path': '/home/ollie/ros2_ws/src/robot_vacuum_auto_recovery', 'symlink_install': True, 'test_result_base': None}
[0.255s] Level 5:colcon.colcon_core.verb:set package 'turtlebot4_ignition_gui_plugins' build argument 'cmake_args' from command line to 'None'
[0.255s] Level 5:colcon.colcon_core.verb:set package 'turtlebot4_ignition_gui_plugins' build argument 'cmake_target' from command line to 'None'
[0.255s] Level 5:colcon.colcon_core.verb:set package 'turtlebot4_ignition_gui_plugins' build argument 'cmake_target_skip_unavailable' from command line to 'False'
[0.255s] Level 5:colcon.colcon_core.verb:set package 'turtlebot4_ignition_gui_plugins' build argument 'cmake_clean_cache' from command line to 'False'
[0.255s] Level 5:colcon.colcon_core.verb:set package 'turtlebot4_ignition_gui_plugins' build argument 'cmake_clean_first' from command line to 'False'
[0.255s] Level 5:colcon.colcon_core.verb:set package 'turtlebot4_ignition_gui_plugins' build argument 'cmake_force_configure' from command line to 'False'
[0.255s] Level 5:colcon.colcon_core.verb:set package 'turtlebot4_ignition_gui_plugins' build argument 'ament_cmake_args' from command line to 'None'
[0.255s] Level 5:colcon.colcon_core.verb:set package 'turtlebot4_ignition_gui_plugins' build argument 'catkin_cmake_args' from command line to 'None'
[0.255s] Level 5:colcon.colcon_core.verb:set package 'turtlebot4_ignition_gui_plugins' build argument 'catkin_skip_building_tests' from command line to 'False'
[0.255s] DEBUG:colcon.colcon_core.verb:Building package 'turtlebot4_ignition_gui_plugins' with the following arguments: {'ament_cmake_args': None, 'build_base': '/home/ollie/ros2_ws/build/turtlebot4_ignition_gui_plugins', 'catkin_cmake_args': None, 'catkin_skip_building_tests': False, 'cmake_args': None, 'cmake_clean_cache': False, 'cmake_clean_first': False, 'cmake_force_configure': False, 'cmake_target': None, 'cmake_target_skip_unavailable': False, 'install_base': '/home/ollie/ros2_ws/install/turtlebot4_ignition_gui_plugins', 'merge_install': False, 'path': '/home/ollie/ros2_ws/src/turtlebot4_ignition_gui_plugins', 'symlink_install': True, 'test_result_base': None}
[0.256s] Level 5:colcon.colcon_core.verb:set package 'turtlebot4_ignition_toolbox' build argument 'cmake_args' from command line to 'None'
[0.256s] Level 5:colcon.colcon_core.verb:set package 'turtlebot4_ignition_toolbox' build argument 'cmake_target' from command line to 'None'
[0.256s] Level 5:colcon.colcon_core.verb:set package 'turtlebot4_ignition_toolbox' build argument 'cmake_target_skip_unavailable' from command line to 'False'
[0.256s] Level 5:colcon.colcon_core.verb:set package 'turtlebot4_ignition_toolbox' build argument 'cmake_clean_cache' from command line to 'False'
[0.256s] Level 5:colcon.colcon_core.verb:set package 'turtlebot4_ignition_toolbox' build argument 'cmake_clean_first' from command line to 'False'
[0.256s] Level 5:colcon.colcon_core.verb:set package 'turtlebot4_ignition_toolbox' build argument 'cmake_force_configure' from command line to 'False'
[0.256s] Level 5:colcon.colcon_core.verb:set package 'turtlebot4_ignition_toolbox' build argument 'ament_cmake_args' from command line to 'None'
[0.256s] Level 5:colcon.colcon_core.verb:set package 'turtlebot4_ignition_toolbox' build argument 'catkin_cmake_args' from command line to 'None'
[0.256s] Level 5:colcon.colcon_core.verb:set package 'turtlebot4_ignition_toolbox' build argument 'catkin_skip_building_tests' from command line to 'False'
[0.256s] DEBUG:colcon.colcon_core.verb:Building package 'turtlebot4_ignition_toolbox' with the following arguments: {'ament_cmake_args': None, 'build_base': '/home/ollie/ros2_ws/build/turtlebot4_ignition_toolbox', 'catkin_cmake_args': None, 'catkin_skip_building_tests': False, 'cmake_args': None, 'cmake_clean_cache': False, 'cmake_clean_first': False, 'cmake_force_configure': False, 'cmake_target': None, 'cmake_target_skip_unavailable': False, 'install_base': '/home/ollie/ros2_ws/install/turtlebot4_ignition_toolbox', 'merge_install': False, 'path': '/home/ollie/ros2_ws/src/turtlebot4_ignition_toolbox', 'symlink_install': True, 'test_result_base': None}
[0.256s] Level 5:colcon.colcon_core.verb:set package 'turtlebot4_ignition_bringup' build argument 'cmake_args' from command line to 'None'
[0.256s] Level 5:colcon.colcon_core.verb:set package 'turtlebot4_ignition_bringup' build argument 'cmake_target' from command line to 'None'
[0.256s] Level 5:colcon.colcon_core.verb:set package 'turtlebot4_ignition_bringup' build argument 'cmake_target_skip_unavailable' from command line to 'False'
[0.256s] Level 5:colcon.colcon_core.verb:set package 'turtlebot4_ignition_bringup' build argument 'cmake_clean_cache' from command line to 'False'
[0.256s] Level 5:colcon.colcon_core.verb:set package 'turtlebot4_ignition_bringup' build argument 'cmake_clean_first' from command line to 'False'
[0.256s] Level 5:colcon.colcon_core.verb:set package 'turtlebot4_ignition_bringup' build argument 'cmake_force_configure' from command line to 'False'
[0.256s] Level 5:colcon.colcon_core.verb:set package 'turtlebot4_ignition_bringup' build argument 'ament_cmake_args' from command line to 'None'
[0.256s] Level 5:colcon.colcon_core.verb:set package 'turtlebot4_ignition_bringup' build argument 'catkin_cmake_args' from command line to 'None'
[0.256s] Level 5:colcon.colcon_core.verb:set package 'turtlebot4_ignition_bringup' build argument 'catkin_skip_building_tests' from command line to 'False'
[0.256s] DEBUG:colcon.colcon_core.verb:Building package 'turtlebot4_ignition_bringup' with the following arguments: {'ament_cmake_args': None, 'build_base': '/home/ollie/ros2_ws/build/turtlebot4_ignition_bringup', 'catkin_cmake_args': None, 'catkin_skip_building_tests': False, 'cmake_args': None, 'cmake_clean_cache': False, 'cmake_clean_first': False, 'cmake_force_configure': False, 'cmake_target': None, 'cmake_target_skip_unavailable': False, 'install_base': '/home/ollie/ros2_ws/install/turtlebot4_ignition_bringup', 'merge_install': False, 'path': '/home/ollie/ros2_ws/src/turtlebot4_ignition_bringup', 'symlink_install': True, 'test_result_base': None}
[0.257s] Level 5:colcon.colcon_core.verb:set package 'turtlebot4_simulator' build argument 'cmake_args' from command line to 'None'
[0.257s] Level 5:colcon.colcon_core.verb:set package 'turtlebot4_simulator' build argument 'cmake_target' from command line to 'None'
[0.257s] Level 5:colcon.colcon_core.verb:set package 'turtlebot4_simulator' build argument 'cmake_target_skip_unavailable' from command line to 'False'
[0.257s] Level 5:colcon.colcon_core.verb:set package 'turtlebot4_simulator' build argument 'cmake_clean_cache' from command line to 'False'
[0.257s] Level 5:colcon.colcon_core.verb:set package 'turtlebot4_simulator' build argument 'cmake_clean_first' from command line to 'False'
[0.257s] Level 5:colcon.colcon_core.verb:set package 'turtlebot4_simulator' build argument 'cmake_force_configure' from command line to 'False'
[0.257s] Level 5:colcon.colcon_core.verb:set package 'turtlebot4_simulator' build argument 'ament_cmake_args' from command line to 'None'
[0.257s] Level 5:colcon.colcon_core.verb:set package 'turtlebot4_simulator' build argument 'catkin_cmake_args' from command line to 'None'
[0.257s] Level 5:colcon.colcon_core.verb:set package 'turtlebot4_simulator' build argument 'catkin_skip_building_tests' from command line to 'False'
[0.257s] DEBUG:colcon.colcon_core.verb:Building package 'turtlebot4_simulator' with the following arguments: {'ament_cmake_args': None, 'build_base': '/home/ollie/ros2_ws/build/turtlebot4_simulator', 'catkin_cmake_args': None, 'catkin_skip_building_tests': False, 'cmake_args': None, 'cmake_clean_cache': False, 'cmake_clean_first': False, 'cmake_force_configure': False, 'cmake_target': None, 'cmake_target_skip_unavailable': False, 'install_base': '/home/ollie/ros2_ws/install/turtlebot4_simulator', 'merge_install': False, 'path': '/home/ollie/ros2_ws/src/turtlebot4_simulator', 'symlink_install': True, 'test_result_base': None}
[0.257s] INFO:colcon.colcon_core.executor:Executing jobs using 'parallel' executor
[0.257s] DEBUG:colcon.colcon_parallel_executor.executor.parallel:run_until_complete
[0.258s] INFO:colcon.colcon_ros.task.ament_cmake.build:Building ROS package in '/home/ollie/ros2_ws/src/turtlebot4_ignition_gui_plugins' with build type 'ament_cmake'
[0.258s] INFO:colcon.colcon_cmake.task.cmake.build:Building CMake package in '/home/ollie/ros2_ws/src/turtlebot4_ignition_gui_plugins'
[0.259s] INFO:colcon.colcon_core.plugin_system:Skipping extension 'colcon_core.shell.bat': Not used on non-Windows systems
[0.259s] INFO:colcon.colcon_core.shell:Skip shell extension 'powershell' for command environment: Not usable outside of PowerShell
[0.259s] DEBUG:colcon.colcon_core.shell:Skip shell extension 'dsv' for command environment
[0.263s] INFO:colcon.colcon_ros.task.ament_cmake.build:Building ROS package in '/home/ollie/ros2_ws/src/turtlebot4_ignition_toolbox' with build type 'ament_cmake'
[0.263s] INFO:colcon.colcon_cmake.task.cmake.build:Building CMake package in '/home/ollie/ros2_ws/src/turtlebot4_ignition_toolbox'
[0.263s] INFO:colcon.colcon_core.shell:Skip shell extension 'powershell' for command environment: Not usable outside of PowerShell
[0.263s] DEBUG:colcon.colcon_core.shell:Skip shell extension 'dsv' for command environment
[0.266s] INFO:colcon.colcon_ros.task.ament_python.build:Building ROS package in '/home/ollie/ros2_ws/src/robot_vacuum_auto_recovery' with build type 'ament_python'
[0.266s] Level 1:colcon.colcon_core.shell:create_environment_hook('robot_vacuum_auto_recovery', 'ament_prefix_path')
[0.266s] INFO:colcon.colcon_core.shell:Creating environment hook '/home/ollie/ros2_ws/install/robot_vacuum_auto_recovery/share/robot_vacuum_auto_recovery/hook/ament_prefix_path.ps1'
[0.266s] INFO:colcon.colcon_core.shell:Creating environment descriptor '/home/ollie/ros2_ws/install/robot_vacuum_auto_recovery/share/robot_vacuum_auto_recovery/hook/ament_prefix_path.dsv'
[0.267s] INFO:colcon.colcon_core.shell:Creating environment hook '/home/ollie/ros2_ws/install/robot_vacuum_auto_recovery/share/robot_vacuum_auto_recovery/hook/ament_prefix_path.sh'
[0.267s] INFO:colcon.colcon_core.shell:Skip shell extension 'powershell' for command environment: Not usable outside of PowerShell
[0.267s] DEBUG:colcon.colcon_core.shell:Skip shell extension 'dsv' for command environment
[0.274s] DEBUG:colcon.colcon_core.event_handler.log_command:Invoking command in '/home/ollie/ros2_ws/build/turtlebot4_ignition_gui_plugins': CMAKE_PREFIX_PATH=${CMAKE_PREFIX_PATH}:/home/ollie/ros2_ws/install/robot_vacuum_auto_recovery:/home/ollie/install/robot_vacuum_auto_recovery:/opt/ros/humble /usr/bin/cmake --build /home/ollie/ros2_ws/build/turtlebot4_ignition_gui_plugins -- -j16 -l16
[0.276s] DEBUG:colcon.colcon_core.event_handler.log_command:Invoking command in '/home/ollie/ros2_ws/build/turtlebot4_ignition_toolbox': CMAKE_PREFIX_PATH=${CMAKE_PREFIX_PATH}:/home/ollie/ros2_ws/install/robot_vacuum_auto_recovery:/home/ollie/install/robot_vacuum_auto_recovery:/opt/ros/humble /usr/bin/cmake --build /home/ollie/ros2_ws/build/turtlebot4_ignition_toolbox -- -j16 -l16
[0.446s] INFO:colcon.colcon_core.task.python.build:Building Python package in '/home/ollie/ros2_ws/src/robot_vacuum_auto_recovery'
[0.446s] INFO:colcon.colcon_core.shell:Skip shell extension 'powershell' for command environment: Not usable outside of PowerShell
[0.446s] DEBUG:colcon.colcon_core.shell:Skip shell extension 'dsv' for command environment
[0.450s] DEBUG:colcon.colcon_core.event_handler.log_command:Invoked command in '/home/ollie/ros2_ws/build/turtlebot4_ignition_toolbox' returned '0': CMAKE_PREFIX_PATH=${CMAKE_PREFIX_PATH}:/home/ollie/ros2_ws/install/robot_vacuum_auto_recovery:/home/ollie/install/robot_vacuum_auto_recovery:/opt/ros/humble /usr/bin/cmake --build /home/ollie/ros2_ws/build/turtlebot4_ignition_toolbox -- -j16 -l16
[0.451s] DEBUG:colcon.colcon_core.event_handler.log_command:Invoked command in '/home/ollie/ros2_ws/build/turtlebot4_ignition_gui_plugins' returned '0': CMAKE_PREFIX_PATH=${CMAKE_PREFIX_PATH}:/home/ollie/ros2_ws/install/robot_vacuum_auto_recovery:/home/ollie/install/robot_vacuum_auto_recovery:/opt/ros/humble /usr/bin/cmake --build /home/ollie/ros2_ws/build/turtlebot4_ignition_gui_plugins -- -j16 -l16
[0.474s] DEBUG:colcon.colcon_core.event_handler.log_command:Invoking command in '/home/ollie/ros2_ws/build/turtlebot4_ignition_gui_plugins': CMAKE_PREFIX_PATH=${CMAKE_PREFIX_PATH}:/home/ollie/ros2_ws/install/robot_vacuum_auto_recovery:/home/ollie/install/robot_vacuum_auto_recovery:/opt/ros/humble /usr/bin/cmake --install /home/ollie/ros2_ws/build/turtlebot4_ignition_gui_plugins
[0.475s] DEBUG:colcon.colcon_core.event_handler.log_command:Invoking command in '/home/ollie/ros2_ws/build/turtlebot4_ignition_toolbox': CMAKE_PREFIX_PATH=${CMAKE_PREFIX_PATH}:/home/ollie/ros2_ws/install/robot_vacuum_auto_recovery:/home/ollie/install/robot_vacuum_auto_recovery:/opt/ros/humble /usr/bin/cmake --install /home/ollie/ros2_ws/build/turtlebot4_ignition_toolbox
[0.489s] Level 1:colcon.colcon_core.environment:create_environment_scripts_only(turtlebot4_ignition_toolbox)
[0.490s] DEBUG:colcon.colcon_core.event_handler.log_command:Invoked command in '/home/ollie/ros2_ws/build/turtlebot4_ignition_toolbox' returned '0': CMAKE_PREFIX_PATH=${CMAKE_PREFIX_PATH}:/home/ollie/ros2_ws/install/robot_vacuum_auto_recovery:/home/ollie/install/robot_vacuum_auto_recovery:/opt/ros/humble /usr/bin/cmake --install /home/ollie/ros2_ws/build/turtlebot4_ignition_toolbox
[0.491s] Level 1:colcon.colcon_core.environment:checking '/home/ollie/ros2_ws/install/turtlebot4_ignition_toolbox' for CMake module files
[0.492s] Level 1:colcon.colcon_core.environment:checking '/home/ollie/ros2_ws/install/turtlebot4_ignition_toolbox' for CMake config files
[0.492s] Level 1:colcon.colcon_core.shell:create_environment_hook('turtlebot4_ignition_toolbox', 'cmake_prefix_path')
[0.492s] INFO:colcon.colcon_core.shell:Creating environment hook '/home/ollie/ros2_ws/install/turtlebot4_ignition_toolbox/share/turtlebot4_ignition_toolbox/hook/cmake_prefix_path.ps1'
[0.492s] INFO:colcon.colcon_core.shell:Creating environment descriptor '/home/ollie/ros2_ws/install/turtlebot4_ignition_toolbox/share/turtlebot4_ignition_toolbox/hook/cmake_prefix_path.dsv'
[0.492s] INFO:colcon.colcon_core.shell:Creating environment hook '/home/ollie/ros2_ws/install/turtlebot4_ignition_toolbox/share/turtlebot4_ignition_toolbox/hook/cmake_prefix_path.sh'
[0.493s] Level 1:colcon.colcon_core.environment:checking '/home/ollie/ros2_ws/install/turtlebot4_ignition_toolbox/lib'
[0.493s] Level 1:colcon.colcon_core.environment:checking '/home/ollie/ros2_ws/install/turtlebot4_ignition_toolbox/bin'
[0.493s] Level 1:colcon.colcon_core.environment:checking '/home/ollie/ros2_ws/install/turtlebot4_ignition_toolbox/lib/pkgconfig/turtlebot4_ignition_toolbox.pc'
[0.493s] Level 1:colcon.colcon_core.environment:checking '/home/ollie/ros2_ws/install/turtlebot4_ignition_toolbox/lib/python3.10/site-packages'
[0.493s] Level 1:colcon.colcon_core.environment:checking '/home/ollie/ros2_ws/install/turtlebot4_ignition_toolbox/bin'
[0.493s] INFO:colcon.colcon_core.shell:Creating package script '/home/ollie/ros2_ws/install/turtlebot4_ignition_toolbox/share/turtlebot4_ignition_toolbox/package.ps1'
[0.494s] INFO:colcon.colcon_core.shell:Creating package descriptor '/home/ollie/ros2_ws/install/turtlebot4_ignition_toolbox/share/turtlebot4_ignition_toolbox/package.dsv'
[0.494s] INFO:colcon.colcon_core.shell:Creating package script '/home/ollie/ros2_ws/install/turtlebot4_ignition_toolbox/share/turtlebot4_ignition_toolbox/package.sh'
[0.495s] INFO:colcon.colcon_core.shell:Creating package script '/home/ollie/ros2_ws/install/turtlebot4_ignition_toolbox/share/turtlebot4_ignition_toolbox/package.bash'
[0.495s] INFO:colcon.colcon_core.shell:Creating package script '/home/ollie/ros2_ws/install/turtlebot4_ignition_toolbox/share/turtlebot4_ignition_toolbox/package.zsh'
[0.496s] Level 1:colcon.colcon_core.environment:create_file_with_runtime_dependencies(/home/ollie/ros2_ws/install/turtlebot4_ignition_toolbox/share/colcon-core/packages/turtlebot4_ignition_toolbox)
[0.497s] Level 1:colcon.colcon_core.environment:create_environment_scripts_only(turtlebot4_ignition_gui_plugins)
[0.497s] Level 1:colcon.colcon_core.environment:checking '/home/ollie/ros2_ws/install/turtlebot4_ignition_gui_plugins' for CMake module files
[0.497s] DEBUG:colcon.colcon_core.event_handler.log_command:Invoked command in '/home/ollie/ros2_ws/build/turtlebot4_ignition_gui_plugins' returned '0': CMAKE_PREFIX_PATH=${CMAKE_PREFIX_PATH}:/home/ollie/ros2_ws/install/robot_vacuum_auto_recovery:/home/ollie/install/robot_vacuum_auto_recovery:/opt/ros/humble /usr/bin/cmake --install /home/ollie/ros2_ws/build/turtlebot4_ignition_gui_plugins
[0.497s] Level 1:colcon.colcon_core.environment:checking '/home/ollie/ros2_ws/install/turtlebot4_ignition_gui_plugins' for CMake config files
[0.497s] Level 1:colcon.colcon_core.shell:create_environment_hook('turtlebot4_ignition_gui_plugins', 'cmake_prefix_path')
[0.498s] INFO:colcon.colcon_core.shell:Creating environment hook '/home/ollie/ros2_ws/install/turtlebot4_ignition_gui_plugins/share/turtlebot4_ignition_gui_plugins/hook/cmake_prefix_path.ps1'
[0.498s] INFO:colcon.colcon_core.shell:Creating environment descriptor '/home/ollie/ros2_ws/install/turtlebot4_ignition_gui_plugins/share/turtlebot4_ignition_gui_plugins/hook/cmake_prefix_path.dsv'
[0.498s] INFO:colcon.colcon_core.shell:Creating environment hook '/home/ollie/ros2_ws/install/turtlebot4_ignition_gui_plugins/share/turtlebot4_ignition_gui_plugins/hook/cmake_prefix_path.sh'
[0.498s] Level 1:colcon.colcon_core.environment:checking '/home/ollie/ros2_ws/install/turtlebot4_ignition_gui_plugins/bin'
[0.498s] Level 1:colcon.colcon_core.environment:checking '/home/ollie/ros2_ws/install/turtlebot4_ignition_gui_plugins/lib/pkgconfig/turtlebot4_ignition_gui_plugins.pc'
[0.498s] Level 1:colcon.colcon_core.environment:checking '/home/ollie/ros2_ws/install/turtlebot4_ignition_gui_plugins/lib/python3.10/site-packages'
[0.499s] Level 1:colcon.colcon_core.environment:checking '/home/ollie/ros2_ws/install/turtlebot4_ignition_gui_plugins/bin'
[0.499s] INFO:colcon.colcon_core.shell:Creating package script '/home/ollie/ros2_ws/install/turtlebot4_ignition_gui_plugins/share/turtlebot4_ignition_gui_plugins/package.ps1'
[0.499s] INFO:colcon.colcon_core.shell:Creating package descriptor '/home/ollie/ros2_ws/install/turtlebot4_ignition_gui_plugins/share/turtlebot4_ignition_gui_plugins/package.dsv'
[0.499s] INFO:colcon.colcon_core.shell:Creating package script '/home/ollie/ros2_ws/install/turtlebot4_ignition_gui_plugins/share/turtlebot4_ignition_gui_plugins/package.sh'
[0.499s] INFO:colcon.colcon_core.shell:Creating package script '/home/ollie/ros2_ws/install/turtlebot4_ignition_gui_plugins/share/turtlebot4_ignition_gui_plugins/package.bash'
[0.500s] INFO:colcon.colcon_core.shell:Creating package script '/home/ollie/ros2_ws/install/turtlebot4_ignition_gui_plugins/share/turtlebot4_ignition_gui_plugins/package.zsh'
[0.500s] Level 1:colcon.colcon_core.environment:create_file_with_runtime_dependencies(/home/ollie/ros2_ws/install/turtlebot4_ignition_gui_plugins/share/colcon-core/packages/turtlebot4_ignition_gui_plugins)
[0.517s] Level 1:colcon.colcon_core.environment:create_environment_scripts_only(turtlebot4_ignition_toolbox)
[0.518s] Level 1:colcon.colcon_core.environment:checking '/home/ollie/ros2_ws/install/turtlebot4_ignition_toolbox' for CMake module files
[0.518s] Level 1:colcon.colcon_core.environment:checking '/home/ollie/ros2_ws/install/turtlebot4_ignition_toolbox' for CMake config files
[0.518s] Level 1:colcon.colcon_core.shell:create_environment_hook('turtlebot4_ignition_toolbox', 'cmake_prefix_path')
[0.519s] INFO:colcon.colcon_core.shell:Creating environment hook '/home/ollie/ros2_ws/install/turtlebot4_ignition_toolbox/share/turtlebot4_ignition_toolbox/hook/cmake_prefix_path.ps1'
[0.519s] INFO:colcon.colcon_core.shell:Creating environment descriptor '/home/ollie/ros2_ws/install/turtlebot4_ignition_toolbox/share/turtlebot4_ignition_toolbox/hook/cmake_prefix_path.dsv'
[0.519s] INFO:colcon.colcon_core.shell:Creating environment hook '/home/ollie/ros2_ws/install/turtlebot4_ignition_toolbox/share/turtlebot4_ignition_toolbox/hook/cmake_prefix_path.sh'
[0.520s] Level 1:colcon.colcon_core.environment:checking '/home/ollie/ros2_ws/install/turtlebot4_ignition_toolbox/lib'
[0.520s] Level 1:colcon.colcon_core.environment:checking '/home/ollie/ros2_ws/install/turtlebot4_ignition_toolbox/bin'
[0.520s] Level 1:colcon.colcon_core.environment:checking '/home/ollie/ros2_ws/install/turtlebot4_ignition_toolbox/lib/pkgconfig/turtlebot4_ignition_toolbox.pc'
[0.520s] Level 1:colcon.colcon_core.environment:checking '/home/ollie/ros2_ws/install/turtlebot4_ignition_toolbox/lib/python3.10/site-packages'
[0.520s] Level 1:colcon.colcon_core.environment:checking '/home/ollie/ros2_ws/install/turtlebot4_ignition_toolbox/bin'
[0.520s] INFO:colcon.colcon_core.shell:Creating package script '/home/ollie/ros2_ws/install/turtlebot4_ignition_toolbox/share/turtlebot4_ignition_toolbox/package.ps1'
[0.521s] INFO:colcon.colcon_core.shell:Creating package descriptor '/home/ollie/ros2_ws/install/turtlebot4_ignition_toolbox/share/turtlebot4_ignition_toolbox/package.dsv'
[0.521s] INFO:colcon.colcon_core.shell:Creating package script '/home/ollie/ros2_ws/install/turtlebot4_ignition_toolbox/share/turtlebot4_ignition_toolbox/package.sh'
[0.522s] INFO:colcon.colcon_core.shell:Creating package script '/home/ollie/ros2_ws/install/turtlebot4_ignition_toolbox/share/turtlebot4_ignition_toolbox/package.bash'
[0.522s] INFO:colcon.colcon_core.shell:Creating package script '/home/ollie/ros2_ws/install/turtlebot4_ignition_toolbox/share/turtlebot4_ignition_toolbox/package.zsh'
[0.522s] Level 1:colcon.colcon_core.environment:create_file_with_runtime_dependencies(/home/ollie/ros2_ws/install/turtlebot4_ignition_toolbox/share/colcon-core/packages/turtlebot4_ignition_toolbox)
[0.523s] Level 1:colcon.colcon_core.environment:create_environment_scripts_only(turtlebot4_ignition_gui_plugins)
[0.523s] Level 1:colcon.colcon_core.environment:checking '/home/ollie/ros2_ws/install/turtlebot4_ignition_gui_plugins' for CMake module files
[0.524s] Level 1:colcon.colcon_core.environment:checking '/home/ollie/ros2_ws/install/turtlebot4_ignition_gui_plugins' for CMake config files
[0.524s] Level 1:colcon.colcon_core.shell:create_environment_hook('turtlebot4_ignition_gui_plugins', 'cmake_prefix_path')
[0.524s] INFO:colcon.colcon_core.shell:Creating environment hook '/home/ollie/ros2_ws/install/turtlebot4_ignition_gui_plugins/share/turtlebot4_ignition_gui_plugins/hook/cmake_prefix_path.ps1'
[0.525s] INFO:colcon.colcon_core.shell:Creating environment descriptor '/home/ollie/ros2_ws/install/turtlebot4_ignition_gui_plugins/share/turtlebot4_ignition_gui_plugins/hook/cmake_prefix_path.dsv'
[0.525s] INFO:colcon.colcon_core.shell:Creating environment hook '/home/ollie/ros2_ws/install/turtlebot4_ignition_gui_plugins/share/turtlebot4_ignition_gui_plugins/hook/cmake_prefix_path.sh'
[0.525s] Level 1:colcon.colcon_core.environment:checking '/home/ollie/ros2_ws/install/turtlebot4_ignition_gui_plugins/bin'
[0.525s] Level 1:colcon.colcon_core.environment:checking '/home/ollie/ros2_ws/install/turtlebot4_ignition_gui_plugins/lib/pkgconfig/turtlebot4_ignition_gui_plugins.pc'
[0.526s] Level 1:colcon.colcon_core.environment:checking '/home/ollie/ros2_ws/install/turtlebot4_ignition_gui_plugins/lib/python3.10/site-packages'
[0.526s] Level 1:colcon.colcon_core.environment:checking '/home/ollie/ros2_ws/install/turtlebot4_ignition_gui_plugins/bin'
[0.526s] INFO:colcon.colcon_core.shell:Creating package script '/home/ollie/ros2_ws/install/turtlebot4_ignition_gui_plugins/share/turtlebot4_ignition_gui_plugins/package.ps1'
[0.526s] INFO:colcon.colcon_core.shell:Creating package descriptor '/home/ollie/ros2_ws/install/turtlebot4_ignition_gui_plugins/share/turtlebot4_ignition_gui_plugins/package.dsv'
[0.527s] INFO:colcon.colcon_core.shell:Creating package script '/home/ollie/ros2_ws/install/turtlebot4_ignition_gui_plugins/share/turtlebot4_ignition_gui_plugins/package.sh'
[0.527s] INFO:colcon.colcon_core.shell:Creating package script '/home/ollie/ros2_ws/install/turtlebot4_ignition_gui_plugins/share/turtlebot4_ignition_gui_plugins/package.bash'
[0.527s] INFO:colcon.colcon_core.shell:Creating package script '/home/ollie/ros2_ws/install/turtlebot4_ignition_gui_plugins/share/turtlebot4_ignition_gui_plugins/package.zsh'
[0.528s] Level 1:colcon.colcon_core.environment:create_file_with_runtime_dependencies(/home/ollie/ros2_ws/install/turtlebot4_ignition_gui_plugins/share/colcon-core/packages/turtlebot4_ignition_gui_plugins)
[0.528s] INFO:colcon.colcon_ros.task.ament_cmake.build:Building ROS package in '/home/ollie/ros2_ws/src/turtlebot4_ignition_bringup' with build type 'ament_cmake'
[0.528s] INFO:colcon.colcon_cmake.task.cmake.build:Building CMake package in '/home/ollie/ros2_ws/src/turtlebot4_ignition_bringup'
[0.528s] INFO:colcon.colcon_core.shell:Skip shell extension 'powershell' for command environment: Not usable outside of PowerShell
[0.528s] DEBUG:colcon.colcon_core.shell:Skip shell extension 'dsv' for command environment
[0.536s] DEBUG:colcon.colcon_core.event_handler.log_command:Invoking command in '/home/ollie/ros2_ws/build/turtlebot4_ignition_bringup': CMAKE_PREFIX_PATH=/home/ollie/ros2_ws/install/turtlebot4_ignition_toolbox:/home/ollie/ros2_ws/install/turtlebot4_ignition_gui_plugins:/home/ollie/ros2_ws/install/turtlebot4_simulator:/home/ollie/ros2_ws/install/turtlebot4_ignition_bringup:/home/ollie/install/turtlebot4_simulator:/home/ollie/install/turtlebot4_ignition_bringup:/home/ollie/install/turtlebot4_ignition_toolbox:/home/ollie/install/turtlebot4_ignition_gui_plugins:/home/ollie/ros2_ws/install/robot_vacuum_auto_recovery:/home/ollie/install/robot_vacuum_auto_recovery:/opt/ros/humble /usr/bin/cmake --build /home/ollie/ros2_ws/build/turtlebot4_ignition_bringup -- -j16 -l16
[0.563s] DEBUG:colcon.colcon_core.event_handler.log_command:Invoked command in '/home/ollie/ros2_ws/build/turtlebot4_ignition_bringup' returned '0': CMAKE_PREFIX_PATH=/home/ollie/ros2_ws/install/turtlebot4_ignition_toolbox:/home/ollie/ros2_ws/install/turtlebot4_ignition_gui_plugins:/home/ollie/ros2_ws/install/turtlebot4_simulator:/home/ollie/ros2_ws/install/turtlebot4_ignition_bringup:/home/ollie/install/turtlebot4_simulator:/home/ollie/install/turtlebot4_ignition_bringup:/home/ollie/install/turtlebot4_ignition_toolbox:/home/ollie/install/turtlebot4_ignition_gui_plugins:/home/ollie/ros2_ws/install/robot_vacuum_auto_recovery:/home/ollie/install/robot_vacuum_auto_recovery:/opt/ros/humble /usr/bin/cmake --build /home/ollie/ros2_ws/build/turtlebot4_ignition_bringup -- -j16 -l16
[0.581s] DEBUG:colcon.colcon_core.event_handler.log_command:Invoking command in '/home/ollie/ros2_ws/build/turtlebot4_ignition_bringup': CMAKE_PREFIX_PATH=/home/ollie/ros2_ws/install/turtlebot4_ignition_toolbox:/home/ollie/ros2_ws/install/turtlebot4_ignition_gui_plugins:/home/ollie/ros2_ws/install/turtlebot4_simulator:/home/ollie/ros2_ws/install/turtlebot4_ignition_bringup:/home/ollie/install/turtlebot4_simulator:/home/ollie/install/turtlebot4_ignition_bringup:/home/ollie/install/turtlebot4_ignition_toolbox:/home/ollie/install/turtlebot4_ignition_gui_plugins:/home/ollie/ros2_ws/install/robot_vacuum_auto_recovery:/home/ollie/install/robot_vacuum_auto_recovery:/opt/ros/humble /usr/bin/cmake --install /home/ollie/ros2_ws/build/turtlebot4_ignition_bringup
[0.596s] Level 1:colcon.colcon_core.environment:create_environment_scripts_only(turtlebot4_ignition_bringup)
[0.596s] Level 1:colcon.colcon_core.environment:checking '/home/ollie/ros2_ws/install/turtlebot4_ignition_bringup' for CMake module files
[0.596s] DEBUG:colcon.colcon_core.event_handler.log_command:Invoked command in '/home/ollie/ros2_ws/build/turtlebot4_ignition_bringup' returned '0': CMAKE_PREFIX_PATH=/home/ollie/ros2_ws/install/turtlebot4_ignition_toolbox:/home/ollie/ros2_ws/install/turtlebot4_ignition_gui_plugins:/home/ollie/ros2_ws/install/turtlebot4_simulator:/home/ollie/ros2_ws/install/turtlebot4_ignition_bringup:/home/ollie/install/turtlebot4_simulator:/home/ollie/install/turtlebot4_ignition_bringup:/home/ollie/install/turtlebot4_ignition_toolbox:/home/ollie/install/turtlebot4_ignition_gui_plugins:/home/ollie/ros2_ws/install/robot_vacuum_auto_recovery:/home/ollie/install/robot_vacuum_auto_recovery:/opt/ros/humble /usr/bin/cmake --install /home/ollie/ros2_ws/build/turtlebot4_ignition_bringup
[0.597s] Level 1:colcon.colcon_core.environment:checking '/home/ollie/ros2_ws/install/turtlebot4_ignition_bringup' for CMake config files
[0.597s] Level 1:colcon.colcon_core.shell:create_environment_hook('turtlebot4_ignition_bringup', 'cmake_prefix_path')
[0.597s] INFO:colcon.colcon_core.shell:Creating environment hook '/home/ollie/ros2_ws/install/turtlebot4_ignition_bringup/share/turtlebot4_ignition_bringup/hook/cmake_prefix_path.ps1'
[0.597s] INFO:colcon.colcon_core.shell:Creating environment descriptor '/home/ollie/ros2_ws/install/turtlebot4_ignition_bringup/share/turtlebot4_ignition_bringup/hook/cmake_prefix_path.dsv'
[0.598s] INFO:colcon.colcon_core.shell:Creating environment hook '/home/ollie/ros2_ws/install/turtlebot4_ignition_bringup/share/turtlebot4_ignition_bringup/hook/cmake_prefix_path.sh'
[0.598s] Level 1:colcon.colcon_core.environment:checking '/home/ollie/ros2_ws/install/turtlebot4_ignition_bringup/bin'
[0.598s] Level 1:colcon.colcon_core.environment:checking '/home/ollie/ros2_ws/install/turtlebot4_ignition_bringup/lib/pkgconfig/turtlebot4_ignition_bringup.pc'
[0.598s] Level 1:colcon.colcon_core.environment:checking '/home/ollie/ros2_ws/install/turtlebot4_ignition_bringup/lib/python3.10/site-packages'
[0.598s] Level 1:colcon.colcon_core.environment:checking '/home/ollie/ros2_ws/install/turtlebot4_ignition_bringup/bin'
[0.599s] INFO:colcon.colcon_core.shell:Creating package script '/home/ollie/ros2_ws/install/turtlebot4_ignition_bringup/share/turtlebot4_ignition_bringup/package.ps1'
[0.599s] INFO:colcon.colcon_core.shell:Creating package descriptor '/home/ollie/ros2_ws/install/turtlebot4_ignition_bringup/share/turtlebot4_ignition_bringup/package.dsv'
[0.599s] INFO:colcon.colcon_core.shell:Creating package script '/home/ollie/ros2_ws/install/turtlebot4_ignition_bringup/share/turtlebot4_ignition_bringup/package.sh'
[0.599s] INFO:colcon.colcon_core.shell:Creating package script '/home/ollie/ros2_ws/install/turtlebot4_ignition_bringup/share/turtlebot4_ignition_bringup/package.bash'
[0.600s] INFO:colcon.colcon_core.shell:Creating package script '/home/ollie/ros2_ws/install/turtlebot4_ignition_bringup/share/turtlebot4_ignition_bringup/package.zsh'
[0.600s] Level 1:colcon.colcon_core.environment:create_file_with_runtime_dependencies(/home/ollie/ros2_ws/install/turtlebot4_ignition_bringup/share/colcon-core/packages/turtlebot4_ignition_bringup)
[0.616s] Level 1:colcon.colcon_core.environment:create_environment_scripts_only(turtlebot4_ignition_bringup)
[0.616s] Level 1:colcon.colcon_core.environment:checking '/home/ollie/ros2_ws/install/turtlebot4_ignition_bringup' for CMake module files
[0.616s] Level 1:colcon.colcon_core.environment:checking '/home/ollie/ros2_ws/install/turtlebot4_ignition_bringup' for CMake config files
[0.616s] Level 1:colcon.colcon_core.shell:create_environment_hook('turtlebot4_ignition_bringup', 'cmake_prefix_path')
[0.617s] INFO:colcon.colcon_core.shell:Creating environment hook '/home/ollie/ros2_ws/install/turtlebot4_ignition_bringup/share/turtlebot4_ignition_bringup/hook/cmake_prefix_path.ps1'
[0.617s] INFO:colcon.colcon_core.shell:Creating environment descriptor '/home/ollie/ros2_ws/install/turtlebot4_ignition_bringup/share/turtlebot4_ignition_bringup/hook/cmake_prefix_path.dsv'
[0.617s] INFO:colcon.colcon_core.shell:Creating environment hook '/home/ollie/ros2_ws/install/turtlebot4_ignition_bringup/share/turtlebot4_ignition_bringup/hook/cmake_prefix_path.sh'
[0.617s] Level 1:colcon.colcon_core.environment:checking '/home/ollie/ros2_ws/install/turtlebot4_ignition_bringup/bin'
[0.617s] Level 1:colcon.colcon_core.environment:checking '/home/ollie/ros2_ws/install/turtlebot4_ignition_bringup/lib/pkgconfig/turtlebot4_ignition_bringup.pc'
[0.617s] Level 1:colcon.colcon_core.environment:checking '/home/ollie/ros2_ws/install/turtlebot4_ignition_bringup/lib/python3.10/site-packages'
[0.618s] Level 1:colcon.colcon_core.environment:checking '/home/ollie/ros2_ws/install/turtlebot4_ignition_bringup/bin'
[0.618s] INFO:colcon.colcon_core.shell:Creating package script '/home/ollie/ros2_ws/install/turtlebot4_ignition_bringup/share/turtlebot4_ignition_bringup/package.ps1'
[0.618s] INFO:colcon.colcon_core.shell:Creating package descriptor '/home/ollie/ros2_ws/install/turtlebot4_ignition_bringup/share/turtlebot4_ignition_bringup/package.dsv'
[0.618s] INFO:colcon.colcon_core.shell:Creating package script '/home/ollie/ros2_ws/install/turtlebot4_ignition_bringup/share/turtlebot4_ignition_bringup/package.sh'
[0.619s] INFO:colcon.colcon_core.shell:Creating package script '/home/ollie/ros2_ws/install/turtlebot4_ignition_bringup/share/turtlebot4_ignition_bringup/package.bash'
[0.619s] INFO:colcon.colcon_core.shell:Creating package script '/home/ollie/ros2_ws/install/turtlebot4_ignition_bringup/share/turtlebot4_ignition_bringup/package.zsh'
[0.619s] Level 1:colcon.colcon_core.environment:create_file_with_runtime_dependencies(/home/ollie/ros2_ws/install/turtlebot4_ignition_bringup/share/colcon-core/packages/turtlebot4_ignition_bringup)
[0.619s] INFO:colcon.colcon_ros.task.ament_cmake.build:Building ROS package in '/home/ollie/ros2_ws/src/turtlebot4_simulator' with build type 'ament_cmake'
[0.619s] INFO:colcon.colcon_cmake.task.cmake.build:Building CMake package in '/home/ollie/ros2_ws/src/turtlebot4_simulator'
[0.620s] INFO:colcon.colcon_core.shell:Skip shell extension 'powershell' for command environment: Not usable outside of PowerShell
[0.620s] DEBUG:colcon.colcon_core.shell:Skip shell extension 'dsv' for command environment
[0.627s] DEBUG:colcon.colcon_core.event_handler.log_command:Invoking command in '/home/ollie/ros2_ws/build/turtlebot4_simulator': CMAKE_PREFIX_PATH=/home/ollie/ros2_ws/install/turtlebot4_ignition_bringup:/home/ollie/ros2_ws/install/turtlebot4_ignition_toolbox:/home/ollie/ros2_ws/install/turtlebot4_ignition_gui_plugins:/home/ollie/ros2_ws/install/turtlebot4_simulator:/home/ollie/install/turtlebot4_simulator:/home/ollie/install/turtlebot4_ignition_bringup:/home/ollie/install/turtlebot4_ignition_toolbox:/home/ollie/install/turtlebot4_ignition_gui_plugins:/home/ollie/ros2_ws/install/robot_vacuum_auto_recovery:/home/ollie/install/robot_vacuum_auto_recovery:/opt/ros/humble /usr/bin/cmake --build /home/ollie/ros2_ws/build/turtlebot4_simulator -- -j16 -l16
[0.653s] DEBUG:colcon.colcon_core.event_handler.log_command:Invoked command in '/home/ollie/ros2_ws/build/turtlebot4_simulator' returned '0': CMAKE_PREFIX_PATH=/home/ollie/ros2_ws/install/turtlebot4_ignition_bringup:/home/ollie/ros2_ws/install/turtlebot4_ignition_toolbox:/home/ollie/ros2_ws/install/turtlebot4_ignition_gui_plugins:/home/ollie/ros2_ws/install/turtlebot4_simulator:/home/ollie/install/turtlebot4_simulator:/home/ollie/install/turtlebot4_ignition_bringup:/home/ollie/install/turtlebot4_ignition_toolbox:/home/ollie/install/turtlebot4_ignition_gui_plugins:/home/ollie/ros2_ws/install/robot_vacuum_auto_recovery:/home/ollie/install/robot_vacuum_auto_recovery:/opt/ros/humble /usr/bin/cmake --build /home/ollie/ros2_ws/build/turtlebot4_simulator -- -j16 -l16
[0.669s] DEBUG:colcon.colcon_core.event_handler.log_command:Invoking command in '/home/ollie/ros2_ws/build/turtlebot4_simulator': CMAKE_PREFIX_PATH=/home/ollie/ros2_ws/install/turtlebot4_ignition_bringup:/home/ollie/ros2_ws/install/turtlebot4_ignition_toolbox:/home/ollie/ros2_ws/install/turtlebot4_ignition_gui_plugins:/home/ollie/ros2_ws/install/turtlebot4_simulator:/home/ollie/install/turtlebot4_simulator:/home/ollie/install/turtlebot4_ignition_bringup:/home/ollie/install/turtlebot4_ignition_toolbox:/home/ollie/install/turtlebot4_ignition_gui_plugins:/home/ollie/ros2_ws/install/robot_vacuum_auto_recovery:/home/ollie/install/robot_vacuum_auto_recovery:/opt/ros/humble /usr/bin/cmake --install /home/ollie/ros2_ws/build/turtlebot4_simulator
[0.685s] Level 1:colcon.colcon_core.environment:create_environment_scripts_only(turtlebot4_simulator)
[0.685s] Level 1:colcon.colcon_core.environment:checking '/home/ollie/ros2_ws/install/turtlebot4_simulator' for CMake module files
[0.685s] DEBUG:colcon.colcon_core.event_handler.log_command:Invoked command in '/home/ollie/ros2_ws/build/turtlebot4_simulator' returned '0': CMAKE_PREFIX_PATH=/home/ollie/ros2_ws/install/turtlebot4_ignition_bringup:/home/ollie/ros2_ws/install/turtlebot4_ignition_toolbox:/home/ollie/ros2_ws/install/turtlebot4_ignition_gui_plugins:/home/ollie/ros2_ws/install/turtlebot4_simulator:/home/ollie/install/turtlebot4_simulator:/home/ollie/install/turtlebot4_ignition_bringup:/home/ollie/install/turtlebot4_ignition_toolbox:/home/ollie/install/turtlebot4_ignition_gui_plugins:/home/ollie/ros2_ws/install/robot_vacuum_auto_recovery:/home/ollie/install/robot_vacuum_auto_recovery:/opt/ros/humble /usr/bin/cmake --install /home/ollie/ros2_ws/build/turtlebot4_simulator
[0.686s] Level 1:colcon.colcon_core.environment:checking '/home/ollie/ros2_ws/install/turtlebot4_simulator' for CMake config files
[0.686s] Level 1:colcon.colcon_core.shell:create_environment_hook('turtlebot4_simulator', 'cmake_prefix_path')
[0.686s] INFO:colcon.colcon_core.shell:Creating environment hook '/home/ollie/ros2_ws/install/turtlebot4_simulator/share/turtlebot4_simulator/hook/cmake_prefix_path.ps1'
[0.686s] INFO:colcon.colcon_core.shell:Creating environment descriptor '/home/ollie/ros2_ws/install/turtlebot4_simulator/share/turtlebot4_simulator/hook/cmake_prefix_path.dsv'
[0.686s] INFO:colcon.colcon_core.shell:Creating environment hook '/home/ollie/ros2_ws/install/turtlebot4_simulator/share/turtlebot4_simulator/hook/cmake_prefix_path.sh'
[0.687s] Level 1:colcon.colcon_core.environment:checking '/home/ollie/ros2_ws/install/turtlebot4_simulator/bin'
[0.687s] Level 1:colcon.colcon_core.environment:checking '/home/ollie/ros2_ws/install/turtlebot4_simulator/lib/pkgconfig/turtlebot4_simulator.pc'
[0.687s] Level 1:colcon.colcon_core.environment:checking '/home/ollie/ros2_ws/install/turtlebot4_simulator/lib/python3.10/site-packages'
[0.687s] Level 1:colcon.colcon_core.environment:checking '/home/ollie/ros2_ws/install/turtlebot4_simulator/bin'
[0.687s] INFO:colcon.colcon_core.shell:Creating package script '/home/ollie/ros2_ws/install/turtlebot4_simulator/share/turtlebot4_simulator/package.ps1'
[0.687s] INFO:colcon.colcon_core.shell:Creating package descriptor '/home/ollie/ros2_ws/install/turtlebot4_simulator/share/turtlebot4_simulator/package.dsv'
[0.688s] INFO:colcon.colcon_core.shell:Creating package script '/home/ollie/ros2_ws/install/turtlebot4_simulator/share/turtlebot4_simulator/package.sh'
[0.688s] INFO:colcon.colcon_core.shell:Creating package script '/home/ollie/ros2_ws/install/turtlebot4_simulator/share/turtlebot4_simulator/package.bash'
[0.688s] INFO:colcon.colcon_core.shell:Creating package script '/home/ollie/ros2_ws/install/turtlebot4_simulator/share/turtlebot4_simulator/package.zsh'
[0.688s] Level 1:colcon.colcon_core.environment:create_file_with_runtime_dependencies(/home/ollie/ros2_ws/install/turtlebot4_simulator/share/colcon-core/packages/turtlebot4_simulator)
[0.690s] DEBUG:colcon.colcon_core.task.python.build:While undoing a previous installation files outside the Python library path are being ignored: /home/ollie/ros2_ws/install/robot_vacuum_auto_recovery/share/ament_index/resource_index/packages/robot_vacuum_auto_recovery
[0.690s] DEBUG:colcon.colcon_core.task.python.build:While undoing a previous installation files outside the Python library path are being ignored: /home/ollie/ros2_ws/install/robot_vacuum_auto_recovery/share/robot_vacuum_auto_recovery/package.xml
[0.690s] DEBUG:colcon.colcon_core.task.python.build:While undoing a previous installation files outside the Python library path are being ignored: /home/ollie/ros2_ws/install/robot_vacuum_auto_recovery/lib/robot_vacuum_auto_recovery/button_press
[0.691s] DEBUG:colcon.colcon_core.event_handler.log_command:Invoking command in '/home/ollie/ros2_ws/build/robot_vacuum_auto_recovery': PYTHONPATH=/home/ollie/ros2_ws/build/robot_vacuum_auto_recovery/prefix_override:/home/ollie/ros2_ws/install/robot_vacuum_auto_recovery/lib/python3.10/site-packages:${PYTHONPATH} /usr/bin/python3 -W ignore:setup.py install is deprecated setup.py develop --editable --build-directory /home/ollie/ros2_ws/build/robot_vacuum_auto_recovery/build --no-deps symlink_data --force
[0.705s] Level 1:colcon.colcon_core.environment:create_environment_scripts_only(turtlebot4_simulator)
[0.705s] Level 1:colcon.colcon_core.environment:checking '/home/ollie/ros2_ws/install/turtlebot4_simulator' for CMake module files
[0.705s] Level 1:colcon.colcon_core.environment:checking '/home/ollie/ros2_ws/install/turtlebot4_simulator' for CMake config files
[0.706s] Level 1:colcon.colcon_core.shell:create_environment_hook('turtlebot4_simulator', 'cmake_prefix_path')
[0.706s] INFO:colcon.colcon_core.shell:Creating environment hook '/home/ollie/ros2_ws/install/turtlebot4_simulator/share/turtlebot4_simulator/hook/cmake_prefix_path.ps1'
[0.706s] INFO:colcon.colcon_core.shell:Creating environment descriptor '/home/ollie/ros2_ws/install/turtlebot4_simulator/share/turtlebot4_simulator/hook/cmake_prefix_path.dsv'
[0.706s] INFO:colcon.colcon_core.shell:Creating environment hook '/home/ollie/ros2_ws/install/turtlebot4_simulator/share/turtlebot4_simulator/hook/cmake_prefix_path.sh'
[0.707s] Level 1:colcon.colcon_core.environment:checking '/home/ollie/ros2_ws/install/turtlebot4_simulator/bin'
[0.707s] Level 1:colcon.colcon_core.environment:checking '/home/ollie/ros2_ws/install/turtlebot4_simulator/lib/pkgconfig/turtlebot4_simulator.pc'
[0.707s] Level 1:colcon.colcon_core.environment:checking '/home/ollie/ros2_ws/install/turtlebot4_simulator/lib/python3.10/site-packages'
[0.707s] Level 1:colcon.colcon_core.environment:checking '/home/ollie/ros2_ws/install/turtlebot4_simulator/bin'
[0.707s] INFO:colcon.colcon_core.shell:Creating package script '/home/ollie/ros2_ws/install/turtlebot4_simulator/share/turtlebot4_simulator/package.ps1'
[0.707s] INFO:colcon.colcon_core.shell:Creating package descriptor '/home/ollie/ros2_ws/install/turtlebot4_simulator/share/turtlebot4_simulator/package.dsv'
[0.708s] INFO:colcon.colcon_core.shell:Creating package script '/home/ollie/ros2_ws/install/turtlebot4_simulator/share/turtlebot4_simulator/package.sh'
[0.708s] INFO:colcon.colcon_core.shell:Creating package script '/home/ollie/ros2_ws/install/turtlebot4_simulator/share/turtlebot4_simulator/package.bash'
[0.708s] INFO:colcon.colcon_core.shell:Creating package script '/home/ollie/ros2_ws/install/turtlebot4_simulator/share/turtlebot4_simulator/package.zsh'
[0.708s] Level 1:colcon.colcon_core.environment:create_file_with_runtime_dependencies(/home/ollie/ros2_ws/install/turtlebot4_simulator/share/colcon-core/packages/turtlebot4_simulator)
[1.019s] Level 1:colcon.colcon_core.shell:create_environment_hook('robot_vacuum_auto_recovery', 'pythonpath_develop')
[1.020s] INFO:colcon.colcon_core.shell:Creating environment hook '/home/ollie/ros2_ws/build/robot_vacuum_auto_recovery/share/robot_vacuum_auto_recovery/hook/pythonpath_develop.ps1'
[1.020s] DEBUG:colcon.colcon_core.event_handler.log_command:Invoked command in '/home/ollie/ros2_ws/build/robot_vacuum_auto_recovery' returned '0': PYTHONPATH=/home/ollie/ros2_ws/build/robot_vacuum_auto_recovery/prefix_override:/home/ollie/ros2_ws/install/robot_vacuum_auto_recovery/lib/python3.10/site-packages:${PYTHONPATH} /usr/bin/python3 -W ignore:setup.py install is deprecated setup.py develop --editable --build-directory /home/ollie/ros2_ws/build/robot_vacuum_auto_recovery/build --no-deps symlink_data --force
[1.020s] INFO:colcon.colcon_core.shell:Creating environment descriptor '/home/ollie/ros2_ws/build/robot_vacuum_auto_recovery/share/robot_vacuum_auto_recovery/hook/pythonpath_develop.dsv'
[1.020s] INFO:colcon.colcon_core.shell:Creating environment hook '/home/ollie/ros2_ws/build/robot_vacuum_auto_recovery/share/robot_vacuum_auto_recovery/hook/pythonpath_develop.sh'
[1.021s] Level 1:colcon.colcon_core.environment:checking '/home/ollie/ros2_ws/install/robot_vacuum_auto_recovery' for CMake module files
[1.021s] Level 1:colcon.colcon_core.environment:checking '/home/ollie/ros2_ws/install/robot_vacuum_auto_recovery' for CMake config files
[1.022s] Level 1:colcon.colcon_core.environment:checking '/home/ollie/ros2_ws/install/robot_vacuum_auto_recovery/lib'
[1.022s] Level 1:colcon.colcon_core.environment:checking '/home/ollie/ros2_ws/install/robot_vacuum_auto_recovery/bin'
[1.022s] Level 1:colcon.colcon_core.environment:checking '/home/ollie/ros2_ws/install/robot_vacuum_auto_recovery/lib/pkgconfig/robot_vacuum_auto_recovery.pc'
[1.022s] Level 1:colcon.colcon_core.environment:checking '/home/ollie/ros2_ws/install/robot_vacuum_auto_recovery/lib/python3.10/site-packages'
[1.022s] Level 1:colcon.colcon_core.shell:create_environment_hook('robot_vacuum_auto_recovery', 'pythonpath')
[1.022s] INFO:colcon.colcon_core.shell:Creating environment hook '/home/ollie/ros2_ws/install/robot_vacuum_auto_recovery/share/robot_vacuum_auto_recovery/hook/pythonpath.ps1'
[1.022s] INFO:colcon.colcon_core.shell:Creating environment descriptor '/home/ollie/ros2_ws/install/robot_vacuum_auto_recovery/share/robot_vacuum_auto_recovery/hook/pythonpath.dsv'
[1.023s] INFO:colcon.colcon_core.shell:Creating environment hook '/home/ollie/ros2_ws/install/robot_vacuum_auto_recovery/share/robot_vacuum_auto_recovery/hook/pythonpath.sh'
[1.023s] Level 1:colcon.colcon_core.environment:checking '/home/ollie/ros2_ws/install/robot_vacuum_auto_recovery/bin'
[1.023s] Level 1:colcon.colcon_core.environment:create_environment_scripts_only(robot_vacuum_auto_recovery)
[1.023s] INFO:colcon.colcon_core.shell:Creating package script '/home/ollie/ros2_ws/install/robot_vacuum_auto_recovery/share/robot_vacuum_auto_recovery/package.ps1'
[1.024s] INFO:colcon.colcon_core.shell:Creating package descriptor '/home/ollie/ros2_ws/install/robot_vacuum_auto_recovery/share/robot_vacuum_auto_recovery/package.dsv'
[1.024s] INFO:colcon.colcon_core.shell:Creating package script '/home/ollie/ros2_ws/install/robot_vacuum_auto_recovery/share/robot_vacuum_auto_recovery/package.sh'
[1.024s] INFO:colcon.colcon_core.shell:Creating package script '/home/ollie/ros2_ws/install/robot_vacuum_auto_recovery/share/robot_vacuum_auto_recovery/package.bash'
[1.025s] INFO:colcon.colcon_core.shell:Creating package script '/home/ollie/ros2_ws/install/robot_vacuum_auto_recovery/share/robot_vacuum_auto_recovery/package.zsh'
[1.025s] Level 1:colcon.colcon_core.environment:create_file_with_runtime_dependencies(/home/ollie/ros2_ws/install/robot_vacuum_auto_recovery/share/colcon-core/packages/robot_vacuum_auto_recovery)
[1.025s] DEBUG:colcon.colcon_parallel_executor.executor.parallel:closing loop
[1.025s] DEBUG:colcon.colcon_parallel_executor.executor.parallel:loop closed
[1.025s] DEBUG:colcon.colcon_parallel_executor.executor.parallel:run_until_complete finished with '0'
[1.026s] DEBUG:colcon.colcon_core.event_reactor:joining thread
[1.029s] INFO:colcon.colcon_core.plugin_system:Skipping extension 'colcon_notification.desktop_notification.terminal_notifier': Not used on non-Darwin systems
[1.029s] INFO:colcon.colcon_core.plugin_system:Skipping extension 'colcon_notification.desktop_notification.win32': Not used on non-Windows systems
[1.029s] INFO:colcon.colcon_notification.desktop_notification:Sending desktop notification using 'notify2'
[1.038s] DEBUG:colcon.colcon_core.event_reactor:joined thread
[1.038s] INFO:colcon.colcon_core.shell:Creating prefix script '/home/ollie/ros2_ws/install/local_setup.ps1'
[1.039s] INFO:colcon.colcon_core.shell:Creating prefix util module '/home/ollie/ros2_ws/install/_local_setup_util_ps1.py'
[1.039s] INFO:colcon.colcon_core.shell:Creating prefix chain script '/home/ollie/ros2_ws/install/setup.ps1'
[1.040s] INFO:colcon.colcon_core.shell:Creating prefix script '/home/ollie/ros2_ws/install/local_setup.sh'
[1.041s] INFO:colcon.colcon_core.shell:Creating prefix util module '/home/ollie/ros2_ws/install/_local_setup_util_sh.py'
[1.041s] INFO:colcon.colcon_core.shell:Creating prefix chain script '/home/ollie/ros2_ws/install/setup.sh'
[1.042s] INFO:colcon.colcon_core.shell:Creating prefix script '/home/ollie/ros2_ws/install/local_setup.bash'
[1.042s] INFO:colcon.colcon_core.shell:Creating prefix chain script '/home/ollie/ros2_ws/install/setup.bash'
[1.043s] INFO:colcon.colcon_core.shell:Creating prefix script '/home/ollie/ros2_ws/install/local_setup.zsh'
[1.043s] INFO:colcon.colcon_core.shell:Creating prefix chain script '/home/ollie/ros2_ws/install/setup.zsh'
