[0.069s] DEBUG:colcon:Command line arguments: ['/usr/bin/colcon', 'build']
[0.069s] DEBUG:colcon:Parsed command line arguments: Namespace(log_base=None, log_level=None, verb_name='build', build_base='build', install_base='install', merge_install=False, symlink_install=False, test_result_base=None, continue_on_error=False, executor='parallel', parallel_workers=16, event_handlers=None, ignore_user_meta=False, metas=['./colcon.meta'], base_paths=['.'], packages_ignore=None, packages_ignore_regex=None, paths=None, packages_up_to=None, packages_up_to_regex=None, packages_above=None, packages_above_and_dependencies=None, packages_above_depth=None, packages_select_by_dep=None, packages_skip_by_dep=None, packages_skip_up_to=None, packages_select_build_failed=False, packages_skip_build_finished=False, packages_select_test_failures=False, packages_skip_test_passed=False, packages_select=None, packages_skip=None, packages_select_regex=None, packages_skip_regex=None, packages_start=None, packages_end=None, allow_overriding=[], cmake_args=None, cmake_target=None, cmake_target_skip_unavailable=False, cmake_clean_cache=False, cmake_clean_first=False, cmake_force_configure=False, ament_cmake_args=None, catkin_cmake_args=None, catkin_skip_building_tests=False, mixin_files=None, mixin=None, verb_parser=<colcon_mixin.mixin.mixin_argument.MixinArgumentDecorator object at 0x76232fe4f040>, verb_extension=<colcon_core.verb.build.BuildVerb object at 0x76232fe4eaa0>, main=<bound method BuildVerb.main of <colcon_core.verb.build.BuildVerb object at 0x76232fe4eaa0>>, mixin_verb=('build',))
[0.184s] Level 1:colcon.colcon_core.package_discovery:discover_packages(colcon_meta) check parameters
[0.184s] Level 1:colcon.colcon_core.package_discovery:discover_packages(recursive) check parameters
[0.184s] Level 1:colcon.colcon_core.package_discovery:discover_packages(ignore) check parameters
[0.184s] Level 1:colcon.colcon_core.package_discovery:discover_packages(path) check parameters
[0.184s] Level 1:colcon.colcon_core.package_discovery:discover_packages(colcon_meta) discover
[0.184s] Level 1:colcon.colcon_core.package_discovery:discover_packages(recursive) discover
[0.184s] INFO:colcon.colcon_core.package_discovery:Crawling recursively for packages in '/home/ollie/ros2_ws_2/src/behavior_trees'
[0.184s] Level 1:colcon.colcon_core.package_identification:_identify(.) by extensions ['ignore', 'ignore_ament_install']
[0.184s] Level 1:colcon.colcon_core.package_identification:_identify(.) by extension 'ignore'
[0.184s] Level 1:colcon.colcon_core.package_identification:_identify(.) by extension 'ignore_ament_install'
[0.184s] Level 1:colcon.colcon_core.package_identification:_identify(.) by extensions ['colcon_pkg']
[0.184s] Level 1:colcon.colcon_core.package_identification:_identify(.) by extension 'colcon_pkg'
[0.184s] Level 1:colcon.colcon_core.package_identification:_identify(.) by extensions ['colcon_meta']
[0.184s] Level 1:colcon.colcon_core.package_identification:_identify(.) by extension 'colcon_meta'
[0.184s] Level 1:colcon.colcon_core.package_identification:_identify(.) by extensions ['ros']
[0.184s] Level 1:colcon.colcon_core.package_identification:_identify(.) by extension 'ros'
[0.192s] DEBUG:colcon.colcon_core.package_identification:Package '.' with type 'ros.ament_python' and name 'behavior_trees'
[0.192s] Level 1:colcon.colcon_core.package_discovery:discover_packages(recursive) using defaults
[0.192s] Level 1:colcon.colcon_core.package_discovery:discover_packages(ignore) discover
[0.192s] Level 1:colcon.colcon_core.package_discovery:discover_packages(ignore) using defaults
[0.192s] Level 1:colcon.colcon_core.package_discovery:discover_packages(path) discover
[0.192s] Level 1:colcon.colcon_core.package_discovery:discover_packages(path) using defaults
[0.208s] Level 1:colcon.colcon_core.package_discovery:discover_packages(prefix_path) check parameters
[0.208s] Level 1:colcon.colcon_core.package_discovery:discover_packages(prefix_path) discover
[0.209s] DEBUG:colcon.colcon_installed_package_information.package_discovery:Found 1 installed packages in /home/ollie/ros2_ws_2/src/behavior_trees/install
[0.210s] DEBUG:colcon.colcon_installed_package_information.package_discovery:Found 416 installed packages in /opt/ros/humble
[0.212s] Level 1:colcon.colcon_core.package_discovery:discover_packages(prefix_path) using defaults
[0.243s] Level 5:colcon.colcon_core.verb:set package 'behavior_trees' build argument 'cmake_args' from command line to 'None'
[0.243s] Level 5:colcon.colcon_core.verb:set package 'behavior_trees' build argument 'cmake_target' from command line to 'None'
[0.243s] Level 5:colcon.colcon_core.verb:set package 'behavior_trees' build argument 'cmake_target_skip_unavailable' from command line to 'False'
[0.243s] Level 5:colcon.colcon_core.verb:set package 'behavior_trees' build argument 'cmake_clean_cache' from command line to 'False'
[0.243s] Level 5:colcon.colcon_core.verb:set package 'behavior_trees' build argument 'cmake_clean_first' from command line to 'False'
[0.243s] Level 5:colcon.colcon_core.verb:set package 'behavior_trees' build argument 'cmake_force_configure' from command line to 'False'
[0.243s] Level 5:colcon.colcon_core.verb:set package 'behavior_trees' build argument 'ament_cmake_args' from command line to 'None'
[0.243s] Level 5:colcon.colcon_core.verb:set package 'behavior_trees' build argument 'catkin_cmake_args' from command line to 'None'
[0.243s] Level 5:colcon.colcon_core.verb:set package 'behavior_trees' build argument 'catkin_skip_building_tests' from command line to 'False'
[0.243s] DEBUG:colcon.colcon_core.verb:Building package 'behavior_trees' with the following arguments: {'ament_cmake_args': None, 'build_base': '/home/ollie/ros2_ws_2/src/behavior_trees/build/behavior_trees', 'catkin_cmake_args': None, 'catkin_skip_building_tests': False, 'cmake_args': None, 'cmake_clean_cache': False, 'cmake_clean_first': False, 'cmake_force_configure': False, 'cmake_target': None, 'cmake_target_skip_unavailable': False, 'install_base': '/home/ollie/ros2_ws_2/src/behavior_trees/install/behavior_trees', 'merge_install': False, 'path': '/home/ollie/ros2_ws_2/src/behavior_trees', 'symlink_install': False, 'test_result_base': None}
[0.243s] INFO:colcon.colcon_core.executor:Executing jobs using 'parallel' executor
[0.243s] DEBUG:colcon.colcon_parallel_executor.executor.parallel:run_until_complete
[0.244s] INFO:colcon.colcon_ros.task.ament_python.build:Building ROS package in '/home/ollie/ros2_ws_2/src/behavior_trees' with build type 'ament_python'
[0.244s] Level 1:colcon.colcon_core.shell:create_environment_hook('behavior_trees', 'ament_prefix_path')
[0.245s] INFO:colcon.colcon_core.plugin_system:Skipping extension 'colcon_core.shell.bat': Not used on non-Windows systems
[0.245s] INFO:colcon.colcon_core.shell:Creating environment hook '/home/ollie/ros2_ws_2/src/behavior_trees/install/behavior_trees/share/behavior_trees/hook/ament_prefix_path.ps1'
[0.245s] INFO:colcon.colcon_core.shell:Creating environment descriptor '/home/ollie/ros2_ws_2/src/behavior_trees/install/behavior_trees/share/behavior_trees/hook/ament_prefix_path.dsv'
[0.246s] INFO:colcon.colcon_core.shell:Creating environment hook '/home/ollie/ros2_ws_2/src/behavior_trees/install/behavior_trees/share/behavior_trees/hook/ament_prefix_path.sh'
[0.246s] INFO:colcon.colcon_core.shell:Skip shell extension 'powershell' for command environment: Not usable outside of PowerShell
[0.246s] DEBUG:colcon.colcon_core.shell:Skip shell extension 'dsv' for command environment
[0.418s] INFO:colcon.colcon_core.task.python.build:Building Python package in '/home/ollie/ros2_ws_2/src/behavior_trees'
[0.418s] INFO:colcon.colcon_core.shell:Skip shell extension 'powershell' for command environment: Not usable outside of PowerShell
[0.418s] DEBUG:colcon.colcon_core.shell:Skip shell extension 'dsv' for command environment
[0.647s] DEBUG:colcon.colcon_core.event_handler.log_command:Invoking command in '/home/ollie/ros2_ws_2/src/behavior_trees': PYTHONPATH=/home/ollie/ros2_ws_2/src/behavior_trees/build/behavior_trees/prefix_override:/home/ollie/ros2_ws_2/src/behavior_trees/install/behavior_trees/lib/python3.10/site-packages:${PYTHONPATH} /usr/bin/python3 -W ignore:setup.py install is deprecated setup.py egg_info --egg-base build/behavior_trees build --build-base /home/ollie/ros2_ws_2/src/behavior_trees/build/behavior_trees/build install --record /home/ollie/ros2_ws_2/src/behavior_trees/build/behavior_trees/install.log --single-version-externally-managed install_data
[0.836s] DEBUG:colcon.colcon_core.event_handler.log_command:Invoked command in '/home/ollie/ros2_ws_2/src/behavior_trees' returned '0': PYTHONPATH=/home/ollie/ros2_ws_2/src/behavior_trees/build/behavior_trees/prefix_override:/home/ollie/ros2_ws_2/src/behavior_trees/install/behavior_trees/lib/python3.10/site-packages:${PYTHONPATH} /usr/bin/python3 -W ignore:setup.py install is deprecated setup.py egg_info --egg-base build/behavior_trees build --build-base /home/ollie/ros2_ws_2/src/behavior_trees/build/behavior_trees/build install --record /home/ollie/ros2_ws_2/src/behavior_trees/build/behavior_trees/install.log --single-version-externally-managed install_data
[0.838s] Level 1:colcon.colcon_core.environment:checking '/home/ollie/ros2_ws_2/src/behavior_trees/install/behavior_trees' for CMake module files
[0.838s] Level 1:colcon.colcon_core.environment:checking '/home/ollie/ros2_ws_2/src/behavior_trees/install/behavior_trees' for CMake config files
[0.839s] Level 1:colcon.colcon_core.environment:checking '/home/ollie/ros2_ws_2/src/behavior_trees/install/behavior_trees/lib'
[0.839s] Level 1:colcon.colcon_core.environment:checking '/home/ollie/ros2_ws_2/src/behavior_trees/install/behavior_trees/bin'
[0.839s] Level 1:colcon.colcon_core.environment:checking '/home/ollie/ros2_ws_2/src/behavior_trees/install/behavior_trees/lib/pkgconfig/behavior_trees.pc'
[0.839s] Level 1:colcon.colcon_core.environment:checking '/home/ollie/ros2_ws_2/src/behavior_trees/install/behavior_trees/lib/python3.10/site-packages'
[0.839s] Level 1:colcon.colcon_core.shell:create_environment_hook('behavior_trees', 'pythonpath')
[0.839s] INFO:colcon.colcon_core.shell:Creating environment hook '/home/ollie/ros2_ws_2/src/behavior_trees/install/behavior_trees/share/behavior_trees/hook/pythonpath.ps1'
[0.839s] INFO:colcon.colcon_core.shell:Creating environment descriptor '/home/ollie/ros2_ws_2/src/behavior_trees/install/behavior_trees/share/behavior_trees/hook/pythonpath.dsv'
[0.840s] INFO:colcon.colcon_core.shell:Creating environment hook '/home/ollie/ros2_ws_2/src/behavior_trees/install/behavior_trees/share/behavior_trees/hook/pythonpath.sh'
[0.840s] Level 1:colcon.colcon_core.environment:checking '/home/ollie/ros2_ws_2/src/behavior_trees/install/behavior_trees/bin'
[0.840s] Level 1:colcon.colcon_core.environment:create_environment_scripts_only(behavior_trees)
[0.840s] INFO:colcon.colcon_core.shell:Creating package script '/home/ollie/ros2_ws_2/src/behavior_trees/install/behavior_trees/share/behavior_trees/package.ps1'
[0.840s] INFO:colcon.colcon_core.shell:Creating package descriptor '/home/ollie/ros2_ws_2/src/behavior_trees/install/behavior_trees/share/behavior_trees/package.dsv'
[0.841s] INFO:colcon.colcon_core.shell:Creating package script '/home/ollie/ros2_ws_2/src/behavior_trees/install/behavior_trees/share/behavior_trees/package.sh'
[0.841s] INFO:colcon.colcon_core.shell:Creating package script '/home/ollie/ros2_ws_2/src/behavior_trees/install/behavior_trees/share/behavior_trees/package.bash'
[0.842s] INFO:colcon.colcon_core.shell:Creating package script '/home/ollie/ros2_ws_2/src/behavior_trees/install/behavior_trees/share/behavior_trees/package.zsh'
[0.842s] Level 1:colcon.colcon_core.environment:create_file_with_runtime_dependencies(/home/ollie/ros2_ws_2/src/behavior_trees/install/behavior_trees/share/colcon-core/packages/behavior_trees)
[0.842s] DEBUG:colcon.colcon_parallel_executor.executor.parallel:closing loop
[0.842s] DEBUG:colcon.colcon_parallel_executor.executor.parallel:loop closed
[0.842s] DEBUG:colcon.colcon_parallel_executor.executor.parallel:run_until_complete finished with '0'
[0.842s] DEBUG:colcon.colcon_core.event_reactor:joining thread
[0.847s] INFO:colcon.colcon_core.plugin_system:Skipping extension 'colcon_notification.desktop_notification.terminal_notifier': Not used on non-Darwin systems
[0.847s] INFO:colcon.colcon_core.plugin_system:Skipping extension 'colcon_notification.desktop_notification.win32': Not used on non-Windows systems
[0.847s] INFO:colcon.colcon_notification.desktop_notification:Sending desktop notification using 'notify2'
[0.855s] DEBUG:colcon.colcon_core.event_reactor:joined thread
[0.855s] INFO:colcon.colcon_core.shell:Creating prefix script '/home/ollie/ros2_ws_2/src/behavior_trees/install/local_setup.ps1'
[0.856s] INFO:colcon.colcon_core.shell:Creating prefix util module '/home/ollie/ros2_ws_2/src/behavior_trees/install/_local_setup_util_ps1.py'
[0.857s] INFO:colcon.colcon_core.shell:Creating prefix chain script '/home/ollie/ros2_ws_2/src/behavior_trees/install/setup.ps1'
[0.857s] INFO:colcon.colcon_core.shell:Creating prefix script '/home/ollie/ros2_ws_2/src/behavior_trees/install/local_setup.sh'
[0.857s] INFO:colcon.colcon_core.shell:Creating prefix util module '/home/ollie/ros2_ws_2/src/behavior_trees/install/_local_setup_util_sh.py'
[0.858s] INFO:colcon.colcon_core.shell:Creating prefix chain script '/home/ollie/ros2_ws_2/src/behavior_trees/install/setup.sh'
[0.858s] INFO:colcon.colcon_core.shell:Creating prefix script '/home/ollie/ros2_ws_2/src/behavior_trees/install/local_setup.bash'
[0.858s] INFO:colcon.colcon_core.shell:Creating prefix chain script '/home/ollie/ros2_ws_2/src/behavior_trees/install/setup.bash'
[0.859s] INFO:colcon.colcon_core.shell:Creating prefix script '/home/ollie/ros2_ws_2/src/behavior_trees/install/local_setup.zsh'
[0.859s] INFO:colcon.colcon_core.shell:Creating prefix chain script '/home/ollie/ros2_ws_2/src/behavior_trees/install/setup.zsh'
