[0.018s] Invoking command in '/home/ollie/ros2_ws/build/turtlebot4_simulator': AMENT_PREFIX_PATH=/home/ollie/ros2_ws/install/turtlebot4_ignition_bringup:/home/ollie/ros2_ws/install/turtlebot4_ignition_toolbox:/home/ollie/ros2_ws/install/turtlebot4_ignition_gui_plugins:${AMENT_PREFIX_PATH} CMAKE_PREFIX_PATH=/home/ollie/ros2_ws/install/turtlebot4_ignition_bringup:/home/ollie/ros2_ws/install/turtlebot4_ignition_toolbox:/home/ollie/ros2_ws/install/turtlebot4_ignition_gui_plugins:/opt/ros/humble /usr/bin/cmake /home/ollie/ros2_ws/src/turtlebot4_simulator -DCMAKE_INSTALL_PREFIX=/home/ollie/ros2_ws/install/turtlebot4_simulator
[0.027s] -- Found ament_cmake: 1.3.9 (/opt/ros/humble/share/ament_cmake/cmake)
[0.102s] -- Override CMake install command with custom implementation using symlinks instead of copying resources
[0.150s] -- Configuring done
[0.155s] -- Generating done
[0.155s] -- Build files have been written to: /home/ollie/ros2_ws/build/turtlebot4_simulator
[0.158s] Invoked command in '/home/ollie/ros2_ws/build/turtlebot4_simulator' returned '0': AMENT_PREFIX_PATH=/home/ollie/ros2_ws/install/turtlebot4_ignition_bringup:/home/ollie/ros2_ws/install/turtlebot4_ignition_toolbox:/home/ollie/ros2_ws/install/turtlebot4_ignition_gui_plugins:${AMENT_PREFIX_PATH} CMAKE_PREFIX_PATH=/home/ollie/ros2_ws/install/turtlebot4_ignition_bringup:/home/ollie/ros2_ws/install/turtlebot4_ignition_toolbox:/home/ollie/ros2_ws/install/turtlebot4_ignition_gui_plugins:/opt/ros/humble /usr/bin/cmake /home/ollie/ros2_ws/src/turtlebot4_simulator -DCMAKE_INSTALL_PREFIX=/home/ollie/ros2_ws/install/turtlebot4_simulator
[0.159s] Invoking command in '/home/ollie/ros2_ws/build/turtlebot4_simulator': AMENT_PREFIX_PATH=/home/ollie/ros2_ws/install/turtlebot4_ignition_bringup:/home/ollie/ros2_ws/install/turtlebot4_ignition_toolbox:/home/ollie/ros2_ws/install/turtlebot4_ignition_gui_plugins:${AMENT_PREFIX_PATH} CMAKE_PREFIX_PATH=/home/ollie/ros2_ws/install/turtlebot4_ignition_bringup:/home/ollie/ros2_ws/install/turtlebot4_ignition_toolbox:/home/ollie/ros2_ws/install/turtlebot4_ignition_gui_plugins:/opt/ros/humble /usr/bin/cmake --build /home/ollie/ros2_ws/build/turtlebot4_simulator -- -j16 -l16
[0.187s] Invoked command in '/home/ollie/ros2_ws/build/turtlebot4_simulator' returned '0': AMENT_PREFIX_PATH=/home/ollie/ros2_ws/install/turtlebot4_ignition_bringup:/home/ollie/ros2_ws/install/turtlebot4_ignition_toolbox:/home/ollie/ros2_ws/install/turtlebot4_ignition_gui_plugins:${AMENT_PREFIX_PATH} CMAKE_PREFIX_PATH=/home/ollie/ros2_ws/install/turtlebot4_ignition_bringup:/home/ollie/ros2_ws/install/turtlebot4_ignition_toolbox:/home/ollie/ros2_ws/install/turtlebot4_ignition_gui_plugins:/opt/ros/humble /usr/bin/cmake --build /home/ollie/ros2_ws/build/turtlebot4_simulator -- -j16 -l16
[0.204s] Invoking command in '/home/ollie/ros2_ws/build/turtlebot4_simulator': AMENT_PREFIX_PATH=/home/ollie/ros2_ws/install/turtlebot4_ignition_bringup:/home/ollie/ros2_ws/install/turtlebot4_ignition_toolbox:/home/ollie/ros2_ws/install/turtlebot4_ignition_gui_plugins:${AMENT_PREFIX_PATH} CMAKE_PREFIX_PATH=/home/ollie/ros2_ws/install/turtlebot4_ignition_bringup:/home/ollie/ros2_ws/install/turtlebot4_ignition_toolbox:/home/ollie/ros2_ws/install/turtlebot4_ignition_gui_plugins:/opt/ros/humble /usr/bin/cmake --install /home/ollie/ros2_ws/build/turtlebot4_simulator
[0.208s] -- Install configuration: ""
[0.209s] -- Execute custom install script
[0.298s] -- Up-to-date symlink: /home/ollie/ros2_ws/install/turtlebot4_simulator/share/ament_index/resource_index/package_run_dependencies/turtlebot4_simulator
[0.299s] -- Up-to-date symlink: /home/ollie/ros2_ws/install/turtlebot4_simulator/share/ament_index/resource_index/parent_prefix_path/turtlebot4_simulator
[0.300s] -- Up-to-date symlink: /home/ollie/ros2_ws/install/turtlebot4_simulator/share/turtlebot4_simulator/environment/ament_prefix_path.sh
[0.300s] -- Up-to-date symlink: /home/ollie/ros2_ws/install/turtlebot4_simulator/share/turtlebot4_simulator/environment/ament_prefix_path.dsv
[0.300s] -- Up-to-date symlink: /home/ollie/ros2_ws/install/turtlebot4_simulator/share/turtlebot4_simulator/environment/path.sh
[0.301s] -- Up-to-date symlink: /home/ollie/ros2_ws/install/turtlebot4_simulator/share/turtlebot4_simulator/environment/path.dsv
[0.301s] -- Up-to-date symlink: /home/ollie/ros2_ws/install/turtlebot4_simulator/share/turtlebot4_simulator/local_setup.bash
[0.302s] -- Up-to-date symlink: /home/ollie/ros2_ws/install/turtlebot4_simulator/share/turtlebot4_simulator/local_setup.sh
[0.302s] -- Up-to-date symlink: /home/ollie/ros2_ws/install/turtlebot4_simulator/share/turtlebot4_simulator/local_setup.zsh
[0.302s] -- Up-to-date symlink: /home/ollie/ros2_ws/install/turtlebot4_simulator/share/turtlebot4_simulator/local_setup.dsv
[0.302s] -- Symlinking: /home/ollie/ros2_ws/install/turtlebot4_simulator/share/turtlebot4_simulator/package.dsv
[0.309s] -- Up-to-date symlink: /home/ollie/ros2_ws/install/turtlebot4_simulator/share/ament_index/resource_index/packages/turtlebot4_simulator
[0.310s] -- Up-to-date symlink: /home/ollie/ros2_ws/install/turtlebot4_simulator/share/turtlebot4_simulator/cmake/turtlebot4_simulatorConfig.cmake
[0.310s] -- Up-to-date symlink: /home/ollie/ros2_ws/install/turtlebot4_simulator/share/turtlebot4_simulator/cmake/turtlebot4_simulatorConfig-version.cmake
[0.310s] -- Up-to-date symlink: /home/ollie/ros2_ws/install/turtlebot4_simulator/share/turtlebot4_simulator/package.xml
[0.312s] Invoked command in '/home/ollie/ros2_ws/build/turtlebot4_simulator' returned '0': AMENT_PREFIX_PATH=/home/ollie/ros2_ws/install/turtlebot4_ignition_bringup:/home/ollie/ros2_ws/install/turtlebot4_ignition_toolbox:/home/ollie/ros2_ws/install/turtlebot4_ignition_gui_plugins:${AMENT_PREFIX_PATH} CMAKE_PREFIX_PATH=/home/ollie/ros2_ws/install/turtlebot4_ignition_bringup:/home/ollie/ros2_ws/install/turtlebot4_ignition_toolbox:/home/ollie/ros2_ws/install/turtlebot4_ignition_gui_plugins:/opt/ros/humble /usr/bin/cmake --install /home/ollie/ros2_ws/build/turtlebot4_simulator
