[0.116s] Invoking command in '/home/ollie/ros2_ws/build/turtlebot4_ignition_toolbox': CMAKE_PREFIX_PATH=/opt/ros/humble /usr/bin/cmake /home/ollie/ros2_ws/src/turtlebot4_ignition_toolbox -DCMAKE_INSTALL_PREFIX=/home/ollie/ros2_ws/install/turtlebot4_ignition_toolbox
[0.134s] -- Found ament_cmake: 1.3.9 (/opt/ros/humble/share/ament_cmake/cmake)
[0.216s] -- Override CMake install command with custom implementation using symlinks instead of copying resources
[0.269s] -- Found rclcpp: 16.0.9 (/opt/ros/humble/share/rclcpp/cmake)
[0.299s] -- Found rosidl_generator_c: 3.1.5 (/opt/ros/humble/share/rosidl_generator_c/cmake)
[0.302s] -- Found rosidl_adapter: 3.1.5 (/opt/ros/humble/share/rosidl_adapter/cmake)
[0.308s] -- Found rosidl_generator_cpp: 3.1.5 (/opt/ros/humble/share/rosidl_generator_cpp/cmake)
[0.319s] -- Using all available rosidl_typesupport_c: rosidl_typesupport_fastrtps_c;rosidl_typesupport_introspection_c
[0.332s] -- Using all available rosidl_typesupport_cpp: rosidl_typesupport_fastrtps_cpp;rosidl_typesupport_introspection_cpp
[0.379s] -- Found rmw_implementation_cmake: 6.1.2 (/opt/ros/humble/share/rmw_implementation_cmake/cmake)
[0.381s] -- Found rmw_fastrtps_cpp: 6.2.6 (/opt/ros/humble/share/rmw_fastrtps_cpp/cmake)
[0.483s] -- Using RMW implementation 'rmw_fastrtps_cpp' as default
[0.596s] -- Found rclcpp_action: 16.0.9 (/opt/ros/humble/share/rclcpp_action/cmake)
[0.661s] -- Found sensor_msgs: 4.2.4 (/opt/ros/humble/share/sensor_msgs/cmake)
[0.747s] -- Found turtlebot4_msgs: 1.0.4 (/opt/ros/humble/share/turtlebot4_msgs/cmake)
[0.761s] -- Found ament_lint_auto: 0.12.11 (/opt/ros/humble/share/ament_lint_auto/cmake)
[0.809s] -- Added test 'cppcheck' to perform static code analysis on C / C++ code
[0.809s] -- Configured cppcheck include dirs: /home/ollie/ros2_ws/src/turtlebot4_ignition_toolbox/include
[0.809s] -- Configured cppcheck exclude dirs and/or files: 
[0.810s] -- Added test 'cpplint' to check C / C++ code against the Google style
[0.810s] -- Configured cpplint exclude dirs and/or files: 
[0.810s] -- Added test 'lint_cmake' to check CMake code style
[0.811s] -- Added test 'uncrustify' to check C / C++ code style
[0.811s] -- Configured uncrustify additional arguments: 
[0.811s] -- Added test 'xmllint' to check XML markup files
[0.813s] -- Configuring done
[0.846s] -- Generating done
[0.847s] -- Build files have been written to: /home/ollie/ros2_ws/build/turtlebot4_ignition_toolbox
[0.854s] Invoked command in '/home/ollie/ros2_ws/build/turtlebot4_ignition_toolbox' returned '0': CMAKE_PREFIX_PATH=/opt/ros/humble /usr/bin/cmake /home/ollie/ros2_ws/src/turtlebot4_ignition_toolbox -DCMAKE_INSTALL_PREFIX=/home/ollie/ros2_ws/install/turtlebot4_ignition_toolbox
[0.856s] Invoking command in '/home/ollie/ros2_ws/build/turtlebot4_ignition_toolbox': CMAKE_PREFIX_PATH=/opt/ros/humble /usr/bin/cmake --build /home/ollie/ros2_ws/build/turtlebot4_ignition_toolbox -- -j16 -l16
[0.897s] [35m[1mConsolidate compiler generated dependencies of target turtlebot4_ignition_toolbox_lib[0m
[0.921s] [ 40%] [32mBuilding CXX object CMakeFiles/turtlebot4_ignition_toolbox_lib.dir/src/hmi_node.cpp.o[0m
[0.921s] [ 40%] [32mBuilding CXX object CMakeFiles/turtlebot4_ignition_toolbox_lib.dir/src/hmi_main.cpp.o[0m
[8.475s] [ 60%] [32m[1mLinking CXX static library libturtlebot4_ignition_toolbox_lib.a[0m
[8.766s] [ 60%] Built target turtlebot4_ignition_toolbox_lib
[8.806s] [35m[1mConsolidate compiler generated dependencies of target turtlebot4_ignition_hmi_node[0m
[8.820s] [ 80%] [32mBuilding CXX object CMakeFiles/turtlebot4_ignition_hmi_node.dir/src/hmi_main.cpp.o[0m
[10.557s] [100%] [32m[1mLinking CXX executable turtlebot4_ignition_hmi_node[0m
[10.903s] [100%] Built target turtlebot4_ignition_hmi_node
[10.911s] Invoked command in '/home/ollie/ros2_ws/build/turtlebot4_ignition_toolbox' returned '0': CMAKE_PREFIX_PATH=/opt/ros/humble /usr/bin/cmake --build /home/ollie/ros2_ws/build/turtlebot4_ignition_toolbox -- -j16 -l16
[10.934s] Invoking command in '/home/ollie/ros2_ws/build/turtlebot4_ignition_toolbox': CMAKE_PREFIX_PATH=/opt/ros/humble /usr/bin/cmake --install /home/ollie/ros2_ws/build/turtlebot4_ignition_toolbox
[10.939s] -- Install configuration: ""
[10.939s] -- Execute custom install script
[10.940s] -- Up-to-date symlink: /home/ollie/ros2_ws/install/turtlebot4_ignition_toolbox/lib/turtlebot4_ignition_toolbox/turtlebot4_ignition_hmi_node
[10.940s] -- Up-to-date symlink: /home/ollie/ros2_ws/install/turtlebot4_ignition_toolbox/share/ament_index/resource_index/package_run_dependencies/turtlebot4_ignition_toolbox
[10.940s] -- Up-to-date symlink: /home/ollie/ros2_ws/install/turtlebot4_ignition_toolbox/share/ament_index/resource_index/parent_prefix_path/turtlebot4_ignition_toolbox
[10.941s] -- Up-to-date symlink: /home/ollie/ros2_ws/install/turtlebot4_ignition_toolbox/share/turtlebot4_ignition_toolbox/environment/ament_prefix_path.sh
[10.941s] -- Up-to-date symlink: /home/ollie/ros2_ws/install/turtlebot4_ignition_toolbox/share/turtlebot4_ignition_toolbox/environment/ament_prefix_path.dsv
[10.942s] -- Up-to-date symlink: /home/ollie/ros2_ws/install/turtlebot4_ignition_toolbox/share/turtlebot4_ignition_toolbox/environment/path.sh
[10.942s] -- Up-to-date symlink: /home/ollie/ros2_ws/install/turtlebot4_ignition_toolbox/share/turtlebot4_ignition_toolbox/environment/path.dsv
[10.942s] -- Up-to-date symlink: /home/ollie/ros2_ws/install/turtlebot4_ignition_toolbox/share/turtlebot4_ignition_toolbox/local_setup.bash
[10.942s] -- Up-to-date symlink: /home/ollie/ros2_ws/install/turtlebot4_ignition_toolbox/share/turtlebot4_ignition_toolbox/local_setup.sh
[10.943s] -- Up-to-date symlink: /home/ollie/ros2_ws/install/turtlebot4_ignition_toolbox/share/turtlebot4_ignition_toolbox/local_setup.zsh
[10.943s] -- Up-to-date symlink: /home/ollie/ros2_ws/install/turtlebot4_ignition_toolbox/share/turtlebot4_ignition_toolbox/local_setup.dsv
[10.943s] -- Symlinking: /home/ollie/ros2_ws/install/turtlebot4_ignition_toolbox/share/turtlebot4_ignition_toolbox/package.dsv
[10.949s] -- Up-to-date symlink: /home/ollie/ros2_ws/install/turtlebot4_ignition_toolbox/share/ament_index/resource_index/packages/turtlebot4_ignition_toolbox
[10.950s] -- Up-to-date symlink: /home/ollie/ros2_ws/install/turtlebot4_ignition_toolbox/share/turtlebot4_ignition_toolbox/cmake/ament_cmake_export_include_directories-extras.cmake
[10.950s] -- Up-to-date symlink: /home/ollie/ros2_ws/install/turtlebot4_ignition_toolbox/share/turtlebot4_ignition_toolbox/cmake/turtlebot4_ignition_toolboxConfig.cmake
[10.973s] -- Up-to-date symlink: /home/ollie/ros2_ws/install/turtlebot4_ignition_toolbox/share/turtlebot4_ignition_toolbox/cmake/turtlebot4_ignition_toolboxConfig-version.cmake
[10.973s] -- Up-to-date symlink: /home/ollie/ros2_ws/install/turtlebot4_ignition_toolbox/share/turtlebot4_ignition_toolbox/package.xml
[10.975s] Invoked command in '/home/ollie/ros2_ws/build/turtlebot4_ignition_toolbox' returned '0': CMAKE_PREFIX_PATH=/opt/ros/humble /usr/bin/cmake --install /home/ollie/ros2_ws/build/turtlebot4_ignition_toolbox
